968
385
43
462
319
249
66
528
0
33
0
433
198
159
126
385
360
22
33
55
341
792
66
317
38
363
79
286
303
297
121
167
242
263
231
44
121
66
132
165
297
16
638
76
176
121
209
792
77
11
44
286
55
88
275
132
55
66
308
526
165
262
429
660
45
253
627
311
1023
605
66
99
44
363
11
11
17
55
66
374
594
264
957
165
55
297
432
0
932
236
66
209
330
484
132
781
616
87
891
22
0
165
484
12
407
95
243
11
96
22
76
715
99
516
0
275
176
572
770
154
11
154
385
154
297
209
33
55
1078
451
99
176
176
143
319
175
649
110
252
198
748
187
545
76
58
19
44
22
46
316
66
11
814
297
946
33
605
210
154
759
33
495
528
363
132
329
517
451
0
121
792
319
324
425
902
891
33
275
788
176
15
0
44
782
110
825
77
198
22
91
237
165
671
44
517
796
451
792
726
407
5
99
242
1001
11
429
99
759
847
293
0
11
704
66
308
55
198
286
33
110
110
338
11
44
1023
275
44
396
132
176
0
0
473
22
34
53
462
33
715
44
14
165
143
44
770
682
759
825
550
55
1045
352
286
539
16
418
462
187
49
50
286
583
429
110
273
530
803
286
286
583
11
154
77
308
396
127
594
1045
209
66
264
80
550
319
224
66
341
495
132
86
363
209
693
88
55
671
121
143
385
605
1056
436
110
22
803
306
204
330
11
55
198
267
128
198
0
341
363
154
539
11
44
209
341
88
172
11
22
484
814
433
220
363
264
77
319
33
407
112
440
22
28
54
220
643
66
374
33
66
231
683
242
231
0
330
107
242
341
11
451
66
0
34
9
264
165
24
168
55
539
660
166
33
176
0
220
0
888
33
825
11
187
165
99
407
261
176
99
363
792
143
397
198
289
363
33
242
429
21
132
165
452
198
99
553
465
350
110
660
319
33
299
22
4
495
143
11
33
363
110
572
880
770
165
352
693
286
99
22
474
341
143
528
308
44
110
330
341
44
308
286
682
55
143
322
165
143
132
143
470
337
176
77
11
693
143
80
44
220
11
308
0
22
22
11
314
66
52
693
22
261
968
242
77
218
814
704
282
41
253
33
55
726
176
121
165
450
451
11
132
319
55
374
11
22
88
83
246
825
11
87
55
132
242
132
231
429
374
110
187
242
385
671
275
506
660
770
154
132
22
605
236
22
66
154
44
66
55
759
99
341
77
55
462
110
693
22
484
121
66
11
833
44
11
550
176
128
33
55
113
11
506
407
198
110
0
627
11
55
11
374
198
721
275
99
321
394
444
231
600
176
528
407
660
352
165
55
682
391
187
275
58
154
154
473
198
428
11
22
292
407
359
90
396
539
259
33
891
242
154
182
341
187
99
20
0
253
704
160
407
49
385
22
319
726
121
660
517
286
66
132
66
264
15
561
165
605
297
330
33
664
495
418
363
407
561
88
638
112
77
418
352
7
44
110
99
66
869
792
132
660
147
913
88
348
457
583
440
17
11
22
44
363
913
11
110
451
22
396
321
495
88
140
143
451
99
572
22
253
341
187
264
127
143
473
836
55
66
28
0
1012
33
330
653
165
750
229
747
0
88
407
66
11
66
63
742
638
121
187
374
4
286
330
352
946
655
466
220
605
63
55
11
737
33
809
44
77
538
297
22
12
550
726
110
657
44
316
54
44
308
99
145
350
726
77
259
232
726
869
392
8
572
99
11
99
385
253
297
462
253
275
77
77
22
198
187
814
204
372
0
308
198
11
143
132
772
685
462
341
11
869
33
638
44
0
121
605
11
25
385
55
53
26
20
143
132
209
88
44
176
915
341
143
11
539
429
935
396
440
726
209
55
220
572
66
255
1023
209
281
99
677
187
682
132
803
77
88
167
298
1031
9
259
66
517
143
165
154
709
212
11
286
539
440
429
187
682
60
759
66
319
11
66
748
435
231
198
231
220
466
44
429
10
649
66
66
319
132
671
176
704
33
330
55
517
178
297
11
77
319
22
11
759
193
489
869
737
352
132
936
187
99
242
66
66
187
495
198
583
143
660
396
424
33
221
44
281
48
425
110
231
292
264
286
0
176
404
363
44
231
126
242
121
440
319
0
198
22
722
13
66
2
165
38
33
11
550
143
869
77
0
308
176
275
121
121
143
55
385
884
176
11
11
55
120
33
66
77
240
209
407
209
33
55
363
528
44
957
21
253
715
55
209
407
110
140
220
242
66
191
58
56
572
0
176
227
572
396
605
308
55
264
286
55
11
77
88
22
18
77
110
495
330
407
528
11
44
176
198
44
121
341
80
22
198
209
550
341
64
561
33
517
143
759
237
396
506
902
77
555
726
99
385
484
53
231
330
580
132
9
132
37
10
231
209
44
440
220
11
407
341
638
858
22
22
143
990
0
352
17
9
429
363
286
110
473
11
11
11
147
0
539
379
55
231
374
18
176
187
44
198
132
0
606
418
88
178
583
572
572
726
363
668
759
473
781
308
33
226
473
11
55
55
638
77
293
308
649
0
11
165
649
462
572
154
275
132
187
330
594
230
213
165
132
341
236
539
812
97
473
275
305
231
44
55
403
33
121
880
73
209
344
121
11
121
121
517
142
99
641
111
286
55
489
33
92
11
33
572
553
566
231
341
144
462
297
847
118
63
242
605
15
385
511
792
82
462
286
649
165
220
198
363
33
561
140
44
11
187
44
55
143
62
638
55
309
154
11
473
397
907
44
275
55
198
412
154
561
836
363
264
803
517
462
150
121
418
195
132
352
572
880
11
396
792
13
319
209
264
182
451
128
75
605
99
86
88
165
33
220
825
132
154
310
346
451
352
165
387
123
567
99
143
341
66
66
14
220
440
308
359
178
4
594
22
66
0
407
132
165
101
22
66
308
297
77
110
22
373
49
163
70
617
359
528
352
530
374
66
220
66
220
286
139
484
6
66
88
869
264
539
242
154
209
121
66
297
440
385
127
121
440
671
143
220
878
0
121
129
264
429
682
308
147
374
858
22
44
231
0
0
55
88
0
242
121
33
121
143
246
77
30
543
605
462
373
132
330
187
176
572
660
198
99
143
253
33
220
143
639
55
0
110
99
207
11
394
297
5
66
22
66
616
44
88
531
583
616
220
308
33
84
473
81
11
55
121
28
55
270
341
88
11
396
180
649
332
55
330
0
55
385
66
341
660
275
143
0
253
88
77
154
88
880
483
143
220
363
198
33
616
201
110
22
275
330
429
4
66
363
770
94
638
33
99
260
66
251
187
647
176
506
440
88
231
77
781
110
33
253
209
297
242
363
25
330
165
891
165
253
55
660
473
286
330
143
242
660
198
682
12
275
134
209
44
564
66
55
11
4
138
356
385
527
0
176
51
407
781
187
449
22
660
460
440
198
616
693
33
682
11
11
462
264
374
1012
220
242
88
627
682
24
275
352
17
22
660
176
110
407
110
484
242
55
275
131
22
561
66
177
506
715
374
176
33
33
55
33
99
55
33
308
99
360
146
0
286
15
291
990
99
781
88
616
220
374
231
462
341
182
11
407
374
121
220
539
121
322
44
0
374
407
33
11
66
105
652
100
176
66
682
231
165
55
209
253
275
66
847
65
187
0
383
154
473
275
718
77
70
275
31
22
792
690
121
22
66
96
242
627
328
187
396
484
550
67
352
3
121
228
308
55
220
304
44
11
231
385
968
271
143
132
220
121
366
0
110
499
506
55
22
176
330
677
330
451
55
0
33
957
176
116
55
209
495
66
20
349
0
287
407
319
253
66
66
55
762
374
275
110
88
467
286
44
450
33
165
308
825
594
99
33
22
77
154
44
253
176
517
22
242
121
330
99
14
152
154
39
539
451
154
462
67
143
44
33
154
385
35
77
55
88
154
722
286
176
77
86
539
550
457
317
33
22
231
137
14
143
11
374
66
319
99
11
506
286
418
44
836
188
11
11
319
310
242
167
344
110
517
539
253
286
39
26
389
539
99
117
99
451
748
88
297
0
145
44
352
275
462
0
132
55
605
99
376
319
22
44
379
407
99
484
616
296
748
671
198
381
154
438
693
209
77
33
473
44
33
88
77
528
187
572
242
869
352
33
605
76
220
0
264
33
198
407
146
132
275
379
253
363
22
512
187
770
836
33
22
220
561
198
305
209
121
44
33
88
537
44
220
66
605
0
154
11
44
165
462
517
99
120
508
803
803
11
0
99
363
33
33
429
550
418
22
203
110
88
22
55
825
11
330
374
517
335
928
836
111
220
198
836
132
528
88
550
15
15
692
231
110
231
102
132
583
311
451
363
132
77
66
22
154
396
33
660
66
143
187
121
231
41
143
143
55
308
99
407
12
133
66
374
22
143
869
209
484
847
660
55
11
44
99
858
363
693
275
462
341
176
308
44
264
407
198
539
149
253
198
11
205
286
0
7
259
825
88
253
6
561
77
308
257
518
242
242
107
110
253
286
407
231
77
165
324
154
811
550
271
286
565
583
407
55
524
616
99
242
330
228
242
385
506
22
31
55
95
696
341
36
440
231
352
605
506
297
55
11
111
77
300
429
88
264
91
451
385
33
539
77
176
69
55
209
44
242
11
44
638
44
176
385
150
341
693
880
599
352
330
22
44
99
88
165
330
803
11
11
44
253
253
407
638
132
66
22
704
294
199
77
240
30
11
385
121
594
33
451
346
33
957
208
235
180
299
153
710
88
88
55
55
77
86
11
484
39
100
11
22
98
407
528
407
374
165
242
11
275
176
506
165
11
165
132
0
352
33
11
20
121
550
560
40
176
693
707
55
99
130
154
539
704
253
84
99
66
285
253
55
132
99
143
88
88
385
198
396
66
298
33
176
139
165
165
440
257
91
616
110
121
11
55
198
442
649
341
715
220
374
825
132
187
154
88
231
319
198
330
495
132
55
361
143
191
308
121
264
385
616
352
77
638
363
341
66
605
485
413
209
88
11
564
110
704
80
66
44
550
22
627
348
253
143
242
308
59
209
66
358
88
66
33
242
613
319
517
324
781
57
220
660
268
231
170
319
638
66
22
165
782
0
77
234
264
869
396
319
297
451
22
583
803
132
572
187
594
605
440
88
429
770
242
319
121
616
157
143
765
308
0
737
583
660
660
187
77
272
77
66
660
902
352
352
69
154
11
17
66
77
473
638
17
297
495
11
61
66
616
528
166
770
794
561
55
55
330
627
220
680
178
336
396
946
286
264
363
143
370
0
407
121
132
11
638
242
44
375
319
308
682
22
314
11
413
506
517
66
638
143
352
165
231
319
110
484
385
1056
11
23
33
429
495
154
363
784
102
164
352
429
451
22
148
88
88
154
462
492
613
474
11
22
561
55
49
286
737
495
605
627
33
132
627
748
44
110
0
132
462
645
406
11
1018
484
17
22
50
242
410
154
297
330
286
66
319
605
209
660
242
550
66
121
11
1056
66
11
13
255
539
209
55
77
979
583
41
121
198
154
66
13
351
99
77
187
253
33
11
803
407
308
11
0
42
341
398
77
529
220
99
15
53
440
132
240
363
286
726
209
297
348
264
737
737
318
121
605
44
110
20
409
572
257
22
187
605
110
99
845
242
550
352
333
550
110
473
319
121
135
440
0
154
363
242
143
220
99
209
132
102
360
33
118
187
33
33
132
287
305
473
33
44
330
77
99
121
231
55
451
352
55
598
0
451
308
608
561
66
352
0
99
0
28
44
462
11
55
99
33
44
256
77
66
870
396
22
825
165
77
231
0
440
1
44
22
11
242
9
374
671
680
88
245
44
77
363
583
286
88
103
429
198
24
121
451
110
22
440
495
594
308
211
220
176
286
32
539
33
462
979
660
803
143
44
374
407
44
209
113
44
693
44
231
695
110
528
143
407
352
66
165
275
11
627
230
165
44
327
335
726
187
11
110
94
132
11
202
693
253
391
11
580
0
99
121
594
539
66
220
154
22
110
484
44
77
220
33
220
418
737
55
11
209
429
154
407
11
528
253
2
187
125
198
363
649
506
55
341
55
57
108
209
605
223
275
231
77
22
33
990
22
143
49
22
473
77
374
55
33
27
47
440
431
539
924
451
495
159
253
55
143
583
627
693
11
88
440
781
275
66
308
198
462
110
88
143
396
6
143
32
11
418
132
393
11
33
143
374
154
11
286
477
418
44
264
44
187
389
25
7
88
407
825
275
594
11
55
68
418
44
836
187
68
22
110
63
4
297
43
0
132
187
220
220
264
660
11
968
250
286
220
429
77
103
49
858
968
66
11
11
88
572
220
473
242
11
297
87
721
29
176
253
99
726
63
418
389
275
44
33
330
748
44
35
319
264
22
28
730
44
605
198
50
336
143
330
242
396
55
66
143
132
66
770
352
209
88
164
605
286
44
110
363
341
187
84
429
110
121
415
418
891
693
209
418
924
26
572
157
671
55
0
176
814
198
22
66
236
143
198
154
198
216
0
40
187
308
44
11
363
242
77
220
616
154
176
187
22
671
297
462
110
374
187
646
396
429
284
33
44
286
22
304
752
286
449
253
209
66
407
218
286
11
220
68
473
231
639
33
12
869
112
165
660
33
968
484
284
121
578
473
220
143
20
297
165
517
704
451
660
33
297
11
506
154
660
187
99
22
74
121
506
215
11
22
319
539
407
385
55
357
374
66
253
136
209
308
22
11
22
176
110
693
55
671
77
154
462
209
40
649
297
11
297
363
132
759
11
176
132
726
33
792
176
330
495
319
286
121
209
143
47
154
22
759
121
88
0
188
220
11
481
286
209
770
11
96
209
88
418
407
99
55
781
264
88
330
48
770
66
295
96
22
154
473
539
88
330
264
814
517
187
165
77
187
1
297
139
11
396
561
143
121
979
14
594
103
429
616
200
176
132
110
11
286
494
440
220
88
77
198
264
500
33
385
143
11
231
143
120
198
11
352
110
286
0
209
33
143
33
418
418
429
465
77
231
264
847
0
86
275
22
121
825
447
506
176
363
0
429
88
55
99
44
121
308
0
715
132
242
8
583
66
165
0
209
242
326
33
415
792
121
66
572
209
33
11
385
297
400
165
88
88
418
264
110
99
64
0
732
341
379
605
32
649
825
413
165
110
55
22
44
0
11
430
99
825
814
0
792
178
968
825
99
33
660
220
405
418
11
0
638
99
550
638
55
253
176
341
77
33
557
242
66
11
66
438
72
154
66
814
11
88
275
638
11
231
715
660
319
979
11
715
319
88
747
176
110
154
759
935
671
836
704
341
208
330
200
55
198
187
167
121
396
209
97
1020
154
374
93
510
748
0
66
484
33
77
605
462
176
99
0
693
66
473
209
11
198
561
649
165
519
77
22
143
106
451
77
121
242
421
286
154
55
187
121
88
176
526
374
55
248
42
418
204
98
627
44
429
957
38
77
22
154
242
209
198
187
121
0
99
594
11
77
371
176
473
687
0
11
948
341
361
297
484
22
121
242
836
143
264
341
22
143
641
253
487
376
198
11
148
55
385
153
132
264
127
132
616
77
256
330
0
403
539
935
451
154
55
33
319
11
99
924
209
37
323
22
594
187
594
66
308
165
363
528
217
396
374
269
11
363
319
220
209
286
275
935
22
24
165
33
143
88
671
330
418
275
154
286
187
146
88
726
297
220
275
44
2
99
297
440
66
88
7
385
22
135
176
246
268
451
286
330
55
352
341
220
6
17
753
11
83
792
33
110
11
363
220
781
814
33
297
11
132
418
99
44
616
352
433
187
22
133
826
451
176
55
77
132
253
385
374
11
682
0
363
185
128
144
220
528
673
253
121
99
847
77
267
22
93
462
128
0
484
187
317
66
264
803
11
121
154
66
781
67
22
12
4
13
77
121
267
0
528
671
252
163
352
363
319
594
396
132
220
121
0
759
67
704
385
220
154
352
55
429
583
594
132
121
143
11
704
0
363
726
0
213
524
622
297
18
121
18
715
220
132
33
72
66
176
429
363
49
275
857
231
473
11
726
77
33
175
902
44
506
66
444
550
77
792
44
0
671
187
429
22
132
43
66
0
638
143
121
638
258
968
44
211
22
187
66
55
22
106
66
33
638
132
237
363
77
473
594
297
341
55
396
11
916
418
353
539
110
11
0
418
649
132
1001
76
704
25
121
638
55
110
408
242
176
22
95
484
39
242
22
107
856
106
209
275
77
33
165
322
396
209
418
605
82
396
66
24
242
385
110
0
286
264
66
52
385
88
22
56
559
220
1023
33
132
352
0
119
11
22
110
66
374
55
528
473
352
66
9
154
66
33
231
726
110
451
132
377
429
22
88
374
53
528
539
536
165
88
319
285
22
99
814
605
44
369
209
414
200
55
220
0
792
64
121
11
550
583
66
924
88
374
158
209
696
77
440
112
253
597
77
11
451
220
55
626
275
223
0
758
503
143
385
77
308
331
11
69
708
110
517
440
121
374
132
22
231
22
99
407
209
77
66
0
187
11
583
211
154
33
363
105
264
99
99
701
0
451
88
363
22
277
561
264
506
508
0
220
352
165
66
517
517
77
779
33
492
143
55
352
22
11
330
43
407
22
167
165
451
137
704
88
165
33
566
675
174
902
165
396
152
649
0
22
440
244
88
330
165
693
308
748
231
22
231
265
154
132
264
93
22
299
528
33
66
528
424
840
77
41
66
99
264
9
737
233
869
55
726
33
583
242
373
55
352
0
318
22
110
99
814
66
98
22
264
22
911
847
260
35
44
99
374
15
689
506
363
44
129
704
33
208
396
400
473
275
135
330
418
781
368
44
660
44
78
142
88
63
506
11
429
66
690
55
280
385
299
411
132
44
38
869
561
495
11
235
3
143
187
11
187
132
319
242
693
319
618
150
231
187
154
121
374
352
561
0
44
33
374
429
594
275
88
53
363
121
473
99
33
176
506
11
264
11
550
195
87
42
0
143
112
11
154
242
847
165
132
187
77
22
33
176
110
251
57
22
68
547
792
539
132
22
792
82
0
73
165
44
286
137
242
154
122
605
77
330
77
506
572
11
462
604
891
418
132
275
352
682
330
209
198
396
55
231
192
825
769
198
253
374
11
154
213
209
495
5
847
451
56
847
143
1
0
143
231
33
22
352
0
265
440
67
22
297
330
142
110
484
67
110
121
403
99
396
347
154
33
44
66
722
99
121
66
382
0
473
77
33
1
11
28
682
3
462
165
484
22
451
58
528
77
605
55
363
440
253
836
132
95
572
875
242
33
473
11
256
11
495
187
935
759
0
814
0
616
429
33
1056
220
231
407
143
341
308
374
385
737
51
231
493
679
143
33
715
319
605
825
18
297
198
77
11
96
814
396
55
407
586
605
121
0
297
528
110
352
418
473
583
836
66
275
89
66
198
367
605
242
262
4
363
165
462
572
506
308
443
176
517
165
363
330
345
22
77
11
55
33
11
385
132
176
407
44
330
227
35
143
110
187
363
543
66
275
22
847
213
77
44
341
11
539
308
224
429
693
22
216
0
362
121
198
242
627
110
671
22
583
297
781
165
55
11
99
363
418
1012
451
99
0
242
308
0
0
308
275
957
121
297
385
209
264
308
22
132
44
297
165
286
0
638
902
459
671
256
385
50
71
110
374
11
550
11
249
275
121
11
275
495
583
649
165
517
298
98
429
429
154
77
88
33
308
572
264
341
114
39
44
319
23
22
486
550
352
759
90
275
550
649
242
88
1004
23
374
11
891
63
66
407
638
539
242
187
130
360
294
561
88
330
99
825
132
187
869
572
334
495
286
22
205
11
363
1034
11
199
99
154
539
15
490
187
209
77
591
313
22
11
37
13
957
93
220
33
253
385
143
979
621
440
176
418
77
116
165
295
0
440
154
165
352
154
66
902
671
0
297
33
77
77
49
198
407
264
682
673
176
847
165
198
110
176
162
275
14
77
451
0
11
231
407
408
660
120
154
275
484
253
44
0
132
209
0
377
276
382
411
0
61
704
275
33
979
462
165
618
220
66
792
429
242
427
330
626
517
99
66
110
495
33
2
33
638
85
33
143
495
341
334
979
142
297
286
759
176
352
594
253
77
510
715
770
231
319
711
539
143
382
276
112
418
44
198
924
330
66
99
110
220
660
363
341
469
340
44
77
528
583
440
182
187
33
165
297
231
121
377
0
693
47
77
334
44
900
99
132
327
561
605
572
192
220
67
121
462
737
143
407
726
330
66
78
297
55
385
209
66
594
198
198
77
22
22
165
213
0
510
110
627
176
12
165
539
737
50
187
55
748
11
289
11
256
649
55
110
770
539
121
136
517
33
22
198
121
66
163
825
319
219
781
418
33
352
473
62
33
881
121
308
33
231
451
77
154
110
55
737
319
680
132
132
143
176
90
11
605
275
99
759
836
517
533
102
231
275
506
693
715
242
55
265
198
542
495
341
605
22
110
209
154
121
649
340
561
88
132
253
825
242
110
484
89
407
275
11
275
374
275
110
33
187
429
22
187
330
275
550
785
847
1045
130
88
31
231
264
66
181
77
99
55
297
561
737
550
154
154
517
165
99
220
594
605
957
176
77
110
731
253
429
770
605
55
22
868
67
946
539
99
88
99
440
495
190
55
634
545
165
0
121
99
136
44
187
22
22
726
165
257
88
110
209
88
122
528
198
286
220
99
121
387
396
33
88
132
374
99
627
132
264
77
33
564
11
407
121
187
174
242
66
44
847
253
638
22
418
110
495
253
781
740
33
1023
308
33
337
143
33
451
33
352
517
198
253
133
176
119
187
198
44
132
428
110
517
82
616
143
253
319
29
99
171
33
48
0
11
198
451
110
51
605
121
11
572
66
561
594
594
267
25
99
11
275
94
121
88
242
66
210
209
78
198
308
385
660
418
231
396
693
286
187
616
146
539
649
297
418
242
66
341
275
76
561
0
77
110
372
484
132
33
11
11
165
429
132
308
55
319
572
44
1
55
165
187
0
473
726
253
979
110
880
605
229
2
77
11
0
187
319
44
20
209
407
11
517
275
143
704
297
73
44
572
33
55
128
198
22
22
363
530
143
66
176
77
275
506
330
33
143
396
319
759
561
825
55
110
517
308
22
52
332
275
748
271
242
129
33
264
704
164
781
253
11
781
363
627
143
3
165
968
385
11
538
406
858
44
18
341
594
143
88
932
88
194
33
550
277
594
374
11
55
55
297
143
968
654
33
231
178
616
143
297
2
275
858
11
0
22
231
660
66
1
44
748
188
638
652
121
825
143
572
220
308
447
514
419
312
11
517
770
605
22
506
231
605
275
267
99
429
913
0
99
319
286
671
363
121
44
33
77
298
1023
704
672
44
176
209
117
231
671
77
638
221
10
110
359
572
374
759
286
39
342
121
935
264
198
682
649
377
297
275
165
167
87
143
297
772
71
136
154
44
66
352
121
77
352
374
99
77
121
0
264
121
55
451
363
286
198
96
306
770
404
319
165
132
88
385
473
0
220
176
22
22
22
0
445
253
26
77
11
209
77
33
99
495
704
22
199
286
297
121
264
0
0
187
165
748
902
418
693
451
44
77
209
33
286
605
418
275
22
31
330
457
77
197
319
165
275
908
528
825
44
44
54
57
495
55
418
231
176
660
350
99
66
649
77
650
110
107
88
323
330
88
176
22
396
308
830
77
438
330
75
77
561
517
132
286
33
132
66
190
11
22
77
550
253
154
396
814
110
11
209
275
48
308
167
0
539
55
352
539
286
330
291
88
41
55
44
605
381
363
924
715
352
88
11
539
183
187
187
66
704
77
583
440
55
471
75
341
92
462
451
527
143
112
451
583
638
287
495
92
275
660
715
594
77
99
740
528
528
638
230
88
11
341
881
88
231
499
547
473
88
165
121
220
352
178
550
209
550
11
10
404
1045
11
143
154
176
319
185
429
495
737
201
19
132
187
773
198
259
176
385
29
396
260
187
473
154
59
825
440
671
330
77
11
11
319
352
385
209
209
198
429
33
572
847
77
759
561
275
827
407
11
554
77
44
528
55
374
17
999
22
143
11
374
209
33
88
836
11
132
11
88
682
11
72
589
711
638
550
385
132
356
957
316
55
946
605
429
88
242
11
0
594
286
352
308
33
44
605
55
132
198
836
132
11
473
521
275
244
44
869
176
550
308
0
396
0
11
198
110
77
572
496
99
302
759
374
275
22
888
415
143
55
550
22
594
99
77
110
165
389
33
134
154
495
154
22
594
410
11
572
528
22
6
462
198
594
781
440
99
33
275
143
11
825
33
506
346
616
385
264
110
675
389
0
118
99
726
605
154
847
836
209
385
88
154
464
165
38
825
306
75
275
165
550
143
506
0
110
396
55
66
231
336
803
187
715
11
297
231
55
88
308
187
132
363
517
451
546
253
22
176
77
671
418
75
22
704
0
178
418
22
132
11
66
132
341
88
88
0
198
220
132
660
346
550
363
33
66
198
737
231
88
253
678
407
11
187
66
44
99
285
671
726
245
121
44
11
253
673
330
77
638
44
385
143
284
297
11
308
319
209
34
88
682
33
363
75
99
110
429
385
121
20
44
154
77
22
110
28
485
528
660
164
55
319
319
484
11
121
49
396
44
242
99
121
627
231
770
76
264
55
55
88
132
33
891
11
330
396
33
33
451
11
710
594
407
165
352
407
375
99
66
255
308
873
676
121
539
278
187
22
462
363
55
646
386
198
11
547
374
11
429
156
1023
624
55
803
561
471
33
22
198
473
968
286
165
679
11
755
319
506
165
308
162
242
15
11
121
44
77
11
99
88
682
473
132
0
473
286
220
55
77
220
57
825
946
44
504
858
594
528
385
187
44
341
253
0
198
363
250
330
132
4
0
176
638
399
165
90
11
214
137
165
33
275
44
649
143
55
66
22
224
198
16
44
33
264
48
616
429
440
143
110
136
220
451
196
110
77
110
803
367
264
202
132
957
66
121
138
71
516
110
401
198
418
363
77
748
33
88
261
198
308
572
352
512
66
0
33
99
308
286
555
58
594
33
89
880
99
23
55
297
88
55
11
77
429
154
418
110
418
121
187
594
196
154
627
22
176
33
88
99
141
340
330
330
10
484
132
660
176
198
11
0
583
693
88
60
66
99
551
550
385
968
34
22
231
88
11
0
324
693
341
66
506
165
305
11
583
418
33
22
275
484
33
880
253
275
11
287
22
209
143
132
55
11
29
110
44
231
462
333
121
23
286
121
374
374
165
187
407
110
275
121
605
68
803
11
55
487
242
539
565
99
594
143
297
308
33
182
451
561
264
198
275
319
198
231
231
33
165
110
578
11
99
165
407
649
110
891
1012
277
55
197
10
88
913
715
297
143
176
46
410
242
22
88
0
132
99
176
228
297
176
15
22
55
550
66
33
0
572
66
649
526
880
0
416
506
121
642
15
22
55
572
132
0
319
627
66
484
132
117
132
22
517
253
297
66
297
297
286
946
154
132
99
551
957
66
462
277
253
242
297
539
517
418
0
110
385
660
77
836
385
143
22
44
341
209
242
506
103
374
96
847
132
77
44
308
430
38
55
55
109
769
616
242
88
275
727
0
571
88
385
121
99
66
11
154
66
55
264
66
132
110
202
286
264
99
484
852
88
116
363
92
123
77
341
297
396
28
299
187
521
99
198
176
132
891
1
22
11
165
242
0
364
150
561
132
44
353
517
165
69
176
742
341
88
132
453
264
561
121
187
448
407
418
334
159
88
627
374
187
132
319
118
891
346
55
10
220
22
176
103
759
0
99
110
143
108
15
110
660
176
275
77
55
671
344
759
484
66
8
66
77
77
438
330
957
44
82
517
770
55
44
143
484
506
253
264
121
572
869
110
425
220
330
266
242
473
20
90
37
407
473
11
231
187
22
275
22
671
33
66
199
0
132
33
224
110
495
55
704
627
242
69
330
22
38
11
374
275
615
0
341
363
792
462
253
341
22
369
144
154
24
242
66
44
165
316
231
132
88
77
215
517
55
797
737
418
40
396
231
176
154
132
528
0
465
231
132
231
0
88
451
330
286
88
33
11
99
536
634
55
33
319
495
935
88
385
407
370
979
154
33
396
418
187
187
424
55
297
119
88
308
121
550
110
176
396
561
121
579
484
264
242
715
88
9
231
209
1007
737
275
99
242
539
143
418
121
383
418
887
209
77
66
77
308
473
126
40
517
141
363
869
0
572
209
33
660
22
352
671
55
44
143
382
44
247
88
594
242
374
55
891
242
990
286
15
759
316
110
484
55
574
132
22
197
352
946
77
309
228
483
51
396
726
374
272
313
0
220
55
564
935
88
424
333
429
55
1045
115
518
176
462
319
539
121
704
110
638
11
308
556
220
341
165
88
550
11
561
9
33
11
352
44
528
93
66
22
49
33
242
45
374
811
1005
44
583
363
220
220
409
61
682
44
143
37
495
143
507
462
220
209
35
1032
132
92
33
0
220
165
242
594
715
473
143
146
154
121
396
550
110
349
803
924
363
506
33
38
66
297
374
418
273
242
13
33
187
594
231
231
0
330
11
286
0
746
634
605
253
123
381
99
209
44
440
308
528
539
517
157
11
314
358
187
55
534
16
271
77
154
495
149
225
352
0
738
77
520
165
418
297
440
187
737
99
364
363
11
385
297
248
418
6
33
616
561
114
407
11
165
572
362
99
143
11
251
242
473
704
99
374
292
242
55
77
209
379
77
363
550
220
253
44
99
188
55
124
737
55
209
99
187
187
682
451
121
11
44
627
286
210
297
836
66
33
55
1067
227
121
396
374
11
484
576
253
46
374
283
462
319
143
11
11
44
55
142
253
253
33
671
77
176
319
582
341
588
51
121
88
640
231
462
66
44
374
198
33
748
92
539
77
88
363
286
66
363
0
22
627
132
99
33
253
11
305
55
484
198
44
869
11
22
253
286
37
737
11
55
121
220
451
55
88
308
55
110
231
396
165
214
198
154
224
220
22
55
605
0
66
286
319
44
484
121
99
330
759
537
11
198
935
33
22
704
331
847
0
451
121
209
110
253
66
66
0
132
194
572
55
264
253
55
561
77
176
308
242
121
176
308
748
231
143
231
913
253
93
418
130
341
308
713
330
55
770
412
196
22
407
187
132
33
998
55
132
121
33
88
352
176
176
407
12
429
77
312
11
829
121
165
11
108
77
22
165
11
70
33
460
231
82
44
418
220
275
132
573
183
62
275
33
220
0
88
528
119
56
99
890
231
44
506
563
517
143
55
253
689
121
220
528
231
0
176
209
363
220
132
419
319
209
341
1
77
77
165
576
0
572
0
11
55
33
121
154
88
88
792
462
242
110
275
66
0
759
198
184
220
11
605
626
176
638
33
99
0
968
616
33
165
22
66
729
616
319
407
550
27
121
99
33
814
323
44
11
33
253
77
143
341
33
198
99
121
77
88
88
330
77
75
297
165
255
385
524
44
440
11
583
495
330
22
231
198
616
209
22
803
968
33
418
539
147
473
385
165
187
495
55
253
363
114
44
704
22
264
11
614
112
627
55
336
110
11
121
880
110
44
770
335
44
11
682
396
308
66
990
110
396
176
264
143
334
187
132
0
242
132
77
242
438
55
737
836
88
33
242
198
44
77
374
297
407
253
55
121
319
22
341
363
220
452
498
44
22
22
33
231
132
220
489
66
33
286
33
847
132
286
11
275
361
110
44
385
29
476
0
550
374
605
363
242
121
671
275
451
836
275
33
308
223
231
440
154
319
99
22
176
150
163
99
205
77
396
77
792
484
77
572
858
341
396
60
62
385
275
98
98
480
11
561
473
30
66
196
343
176
30
352
539
165
561
143
275
242
492
451
748
44
11
55
165
341
0
132
97
198
386
55
516
110
44
33
44
1045
203
246
638
80
843
670
231
330
62
0
473
66
248
473
431
13
150
185
594
152
188
297
429
1
253
50
33
70
16
660
77
44
825
22
110
82
66
77
198
88
187
33
44
326
46
77
22
47
242
286
22
176
33
80
495
462
264
168
198
11
88
484
81
55
352
550
484
187
200
253
352
748
121
517
11
1021
484
22
8
3
237
105
86
748
11
11
11
250
935
495
55
506
451
416
55
319
74
77
202
154
154
11
0
0
407
803
17
132
143
88
11
605
517
349
517
50
253
517
429
242
44
11
33
11
41
275
44
220
77
704
462
924
407
363
176
187
451
45
99
165
33
119
121
11
792
11
515
238
682
198
51
85
242
517
132
33
594
145
209
88
187
529
858
825
121
429
66
120
55
341
132
77
110
44
638
770
132
935
66
495
374
902
33
154
671
79
286
89
517
197
110
55
869
33
407
286
803
616
506
495
154
748
363
429
110
52
286
154
308
275
22
165
143
77
308
209
0
209
11
110
473
11
682
462
11
50
385
540
858
22
99
110
143
99
339
88
55
22
105
99
165
302
167
143
265
458
0
143
99
26
33
286
572
451
66
231
66
275
17
341
264
209
814
22
32
11
165
77
55
539
33
198
55
1078
152
143
594
12
429
319
440
418
462
275
11
33
264
451
121
64
220
44
792
209
33
198
803
145
286
693
352
330
44
231
418
638
198
0
11
265
220
704
347
977
924
286
22
319
88
573
737
583
643
495
300
649
132
143
495
154
528
209
22
451
565
44
539
968
242
429
136
132
275
132
512
99
37
264
154
11
440
418
77
476
302
99
198
143
627
66
198
264
264
143
99
44
253
66
33
176
44
286
341
286
231
539
478
330
308
572
0
33
77
11
286
671
110
77
0
265
187
33
297
308
187
690
198
11
320
605
198
880
127
121
56
143
330
418
660
99
404
0
451
539
47
44
612
121
550
297
297
143
11
297
66
110
55
913
220
231
341
103
504
1012
264
495
154
803
143
319
539
264
55
429
46
187
264
605
33
11
176
23
121
330
121
165
605
143
286
638
167
275
61
22
132
902
22
451
1023
232
528
154
231
440
43
673
528
50
132
96
231
301
55
231
341
121
781
275
209
33
660
66
143
132
11
407
38
209
11
77
143
528
11
11
176
187
176
914
242
334
0
132
473
44
154
88
99
758
528
706
0
220
132
506
22
121
227
605
53
275
22
297
231
396
649
251
374
66
22
0
66
209
407
185
583
869
242
77
572
66
396
77
157
363
315
616
11
770
880
341
55
0
0
77
55
33
55
209
443
22
88
143
539
187
55
992
395
121
421
197
561
454
418
407
539
418
352
66
927
554
242
187
520
11
38
660
11
621
803
583
270
88
612
550
99
319
539
550
22
249
55
45
297
855
242
95
386
520
0
125
352
264
154
825
97
275
253
297
143
11
60
242
132
561
231
187
660
11
220
88
22
407
33
132
187
231
77
66
9
176
72
18
176
55
286
33
236
225
11
385
583
429
462
220
33
352
759
165
4
66
528
99
132
55
605
264
286
33
0
319
99
33
66
679
572
11
374
673
638
341
22
264
242
187
121
605
570
407
89
41
21
176
102
11
187
160
539
165
253
715
154
932
99
99
256
748
187
66
484
770
78
638
143
143
44
11
198
169
77
693
572
77
88
33
286
0
33
77
99
33
287
88
440
714
594
51
275
121
167
825
283
539
88
726
17
0
779
165
528
77
418
187
275
385
561
0
198
418
65
521
638
440
264
367
352
396
287
641
594
792
759
99
220
539
55
309
110
748
79
55
396
114
154
264
77
22
517
319
231
583
924
335
440
66
11
39
165
440
143
218
154
22
33
22
231
110
413
253
44
143
41
75
224
99
187
484
47
561
682
77
213
22
55
165
660
220
99
484
660
127
47
22
44
66
66
55
33
143
341
330
429
286
10
593
429
297
242
506
231
275
517
319
242
396
154
275
220
451
264
208
55
44
561
264
803
649
462
11
198
242
308
165
89
616
64
44
594
132
44
330
308
66
33
277
759
110
234
209
748
429
11
286
495
1012
11
154
11
66
605
231
100
319
297
244
176
143
121
571
330
429
13
147
33
88
49
121
114
0
319
209
143
176
264
54
33
0
22
88
693
539
99
594
176
154
517
22
363
704
330
374
781
363
209
414
99
660
319
0
117
687
396
11
59
178
132
528
453
737
869
44
33
120
242
132
320
22
495
605
55
834
242
220
33
282
242
209
935
11
22
583
286
495
880
407
484
400
328
0
616
176
902
66
176
264
143
143
297
583
528
616
671
532
44
539
363
0
187
130
231
99
825
241
55
594
0
55
110
814
440
8
649
220
209
121
47
33
341
822
70
33
88
154
298
484
438
41
693
506
88
33
0
396
459
22
518
363
121
484
22
330
187
220
99
341
341
198
99
44
275
66
22
187
616
132
11
869
5
88
44
209
174
423
110
165
506
242
44
77
803
363
154
418
165
3
561
286
88
209
902
605
154
44
0
583
319
506
737
121
385
338
70
605
33
577
220
759
594
198
58
176
325
209
43
418
6
121
604
939
129
704
924
247
451
22
466
33
231
22
352
418
11
618
71
59
621
3
775
44
55
88
418
198
388
77
495
396
9
814
572
132
341
132
11
429
33
94
153
66
55
121
56
429
352
573
297
253
517
792
451
418
187
76
682
484
282
627
578
198
638
66
638
88
308
11
627
52
616
638
187
99
337
176
341
627
352
140
514
264
33
0
341
275
33
583
374
209
473
33
902
495
55
44
77
231
259
528
84
122
44
44
814
6
400
297
231
0
528
473
220
297
671
308
165
99
308
143
55
88
11
132
341
44
121
154
319
506
211
539
660
187
412
1069
236
77
551
44
407
506
1007
297
66
781
165
154
420
363
264
308
176
166
374
121
572
29
594
352
110
331
341
407
517
124
162
143
940
308
95
506
451
836
143
182
55
121
143
165
110
507
742
506
132
594
99
326
319
903
319
748
33
132
418
704
110
33
396
176
33
165
605
445
120
319
55
407
64
6
473
572
181
308
539
165
22
66
77
858
605
407
297
11
220
132
220
264
74
154
158
22
22
22
693
231
572
967
418
198
59
319
924
275
517
803
88
792
11
231
847
594
162
44
132
275
242
24
158
473
407
22
396
22
242
22
138
220
605
154
66
385
286
595
572
836
517
88
176
176
143
473
88
369
88
44
300
55
66
5
11
40
207
52
319
385
132
99
599
55
63
187
231
99
11
605
308
880
616
462
1023
55
748
132
495
121
59
65
88
33
198
307
253
56
363
40
649
0
66
132
792
575
258
33
11
9
33
785
682
419
99
33
954
44
543
803
671
451
539
836
55
0
385
55
858
22
308
11
55
44
429
682
0
198
275
44
880
77
297
70
55
81
143
242
264
66
561
11
209
11
231
319
22
352
143
80
0
495
209
132
77
319
737
44
22
132
544
506
77
374
198
33
286
98
11
99
440
275
363
176
22
572
440
212
220
495
415
399
110
99
0
176
22
385
209
11
880
220
429
462
286
418
44
506
154
682
176
275
44
0
134
264
55
693
165
770
132
198
44
154
44
380
352
669
517
341
165
44
297
88
495
946
880
297
209
198
44
407
330
352
253
14
174
583
330
66
550
231
546
286
341
88
77
330
78
22
12
77
33
308
242
649
946
550
374
374
209
176
77
297
253
33
176
220
209
0
33
297
77
110
77
109
0
165
55
341
253
22
253
264
0
196
176
242
11
614
198
11
143
44
47
88
99
484
22
407
429
385
308
594
11
42
231
341
207
220
902
688
231
11
121
330
286
363
143
484
319
583
0
429
11
374
458
33
605
614
286
286
11
704
16
132
539
660
11
110
33
95
143
594
21
110
36
374
114
99
198
176
88
561
286
715
77
165
605
777
55
187
264
473
11
154
242
330
627
329
396
0
44
33
22
11
103
318
162
45
209
55
627
660
297
842
44
341
572
653
858
33
473
66
176
831
680
124
77
11
105
275
22
484
308
341
11
583
902
319
99
247
495
484
539
396
22
77
242
660
440
198
363
22
5
275
506
11
397
346
121
594
110
41
11
286
429
121
891
99
77
33
198
231
671
11
11
517
22
22
11
144
110
11
13
176
396
132
0
528
143
55
440
77
319
187
319
386
242
671
363
374
1
135
858
682
539
620
396
528
121
242
429
682
88
517
275
44
44
209
33
759
81
187
990
11
638
737
1045
33
495
33
264
407
143
99
88
22
649
231
198
88
132
539
252
407
168
121
577
693
847
44
781
748
572
399
550
44
17
429
165
550
418
0
319
33
440
220
396
308
66
286
88
275
110
132
0
159
726
22
121
847
115
22
517
16
22
132
264
484
22
370
363
66
0
28
242
77
11
165
319
24
297
374
40
66
33
4
187
49
0
55
913
374
110
22
99
616
792
0
352
33
451
935
308
264
627
121
418
16
22
253
622
9
132
198
319
77
352
33
440
13
132
418
88
286
176
0
154
154
11
253
187
44
528
231
182
762
209
220
528
99
11
462
33
77
286
715
726
297
121
286
231
132
220
410
242
87
264
638
154
363
495
220
220
121
0
79
33
319
198
99
715
77
143
817
22
55
110
71
407
737
231
442
154
484
704
385
21
485
14
594
11
264
594
88
181
264
561
66
475
473
319
172
132
671
583
176
605
176
407
55
330
359
319
241
231
319
264
539
363
71
682
187
473
539
209
75
128
528
319
77
0
307
55
264
396
33
0
132
165
341
22
220
638
88
473
66
264
774
198
407
363
242
704
297
473
527
550
564
715
429
187
337
19
31
157
374
44
154
77
198
88
440
451
121
66
517
33
53
44
0
440
20
11
539
33
77
22
84
165
66
56
341
16
429
11
22
66
22
627
253
374
773
396
803
46
451
133
715
55
286
231
990
539
165
231
462
143
715
154
814
66
55
88
0
307
693
440
22
968
88
44
160
66
695
0
88
594
7
473
77
0
165
187
33
209
374
543
53
11
704
0
543
28
99
11
226
484
253
143
132
132
363
187
11
286
20
154
132
22
543
286
66
726
132
228
359
209
638
55
704
206
55
11
5
187
54
182
297
121
110
297
594
77
484
319
33
385
858
517
528
132
22
110
33
627
77
110
286
484
385
451
715
251
11
968
49
231
242
55
143
770
98
220
826
825
165
11
22
418
55
66
583
473
220
160
165
88
330
385
286
242
47
803
218
11
116
220
6
231
352
825
33
781
770
23
77
187
264
444
110
418
11
154
125
82
708
22
99
243
154
66
78
286
418
330
132
781
473
374
154
253
22
341
154
0
307
55
264
851
220
588
253
231
352
296
374
203
132
44
253
0
429
121
418
526
55
44
385
99
55
22
44
121
163
605
286
319
683
55
138
99
319
308
484
260
290
892
187
99
693
407
188
33
330
154
330
517
66
264
396
363
539
869
66
539
398
649
330
44
66
198
814
946
75
66
348
66
0
247
605
168
77
363
22
484
297
462
0
22
55
484
132
537
40
154
22
308
21
748
143
220
925
33
335
154
759
737
396
418
231
0
253
143
121
462
11
374
330
140
55
198
33
693
198
583
22
101
418
525
220
121
110
16
154
627
627
313
66
363
201
141
755
264
11
836
33
88
143
616
33
226
0
297
858
11
869
561
44
660
583
605
550
33
132
253
154
572
374
649
140
1067
729
209
132
275
253
480
220
979
208
321
132
858
44
22
308
143
77
22
308
77
132
198
187
275
93
222
231
407
121
44
11
22
275
202
11
550
209
797
550
253
264
588
385
99
253
55
22
11
187
110
19
402
682
264
88
77
176
135
2
22
440
33
297
88
231
198
275
539
264
506
396
440
77
451
176
11
391
869
550
297
11
297
231
154
406
0
77
458
231
396
242
242
361
143
231
0
16
638
142
198
41
77
583
132
230
110
143
881
132
154
198
121
275
726
572
78
264
737
539
22
583
250
99
112
349
55
347
648
0
308
319
22
649
22
55
33
22
671
234
948
165
22
319
33
30
77
69
154
154
22
407
154
803
81
550
33
198
710
0
88
143
451
110
165
374
66
253
55
58
198
0
407
249
77
594
902
330
451
433
21
132
55
218
132
649
11
208
352
47
253
276
171
22
121
341
19
473
44
330
264
308
220
33
374
282
187
397
1001
29
121
22
198
71
143
110
484
29
264
77
11
33
55
29
22
308
165
264
455
22
539
435
517
97
231
583
572
66
132
792
176
66
385
0
165
55
330
66
77
594
407
176
33
572
77
1067
462
187
44
22
979
22
12
0
99
264
275
176
0
418
99
110
671
198
429
451
10
326
132
462
8
418
301
0
402
374
629
110
561
74
187
11
264
33
11
506
725
330
161
209
128
242
36
407
442
418
330
330
704
194
307
330
330
22
88
88
88
55
309
506
275
303
814
528
77
374
374
11
110
627
418
55
99
9
297
156
319
605
33
121
33
143
77
352
253
244
22
330
53
429
704
322
0
297
55
825
451
55
528
473
478
77
385
429
132
374
121
287
522
246
429
143
404
192
715
297
631
77
820
220
88
99
924
220
528
66
308
616
0
55
616
431
44
785
11
418
308
121
495
561
121
88
330
698
605
358
726
44
198
143
11
88
0
132
910
407
44
418
44
902
110
55
605
154
165
44
858
143
429
242
176
85
66
0
66
165
308
275
22
110
418
87
88
198
506
495
253
220
297
11
88
33
66
187
385
693
187
638
99
319
242
66
649
277
722
572
0
231
33
561
341
957
99
386
792
66
253
23
20
341
77
418
418
440
308
660
242
22
22
55
352
352
418
263
408
66
77
11
209
781
121
531
