946
803
748
242
1001
1001
297
396
319
821
242
627
484
605
572
495
187
932
913
990
579
495
825
183
671
715
517
218
462
902
572
737
334
479
594
605
418
925
877
781
242
11
473
451
781
308
902
77
110
1010
572
792
891
902
957
264
11
297
633
957
825
814
803
869
793
176
1039
550
275
29
187
319
198
671
572
275
186
116
55
407
242
528
869
968
438
154
948
792
561
583
418
242
935
835
561
77
22
132
286
77
1045
818
968
1056
1012
253
891
660
847
704
552
924
630
220
196
110
56
726
165
220
766
550
121
814
891
550
55
22
275
715
660
869
298
275
352
330
22
1039
805
946
897
929
792
946
429
160
242
1001
572
253
748
209
660
277
317
572
330
495
425
825
850
44
649
476
913
990
506
286
429
1012
253
880
363
462
990
398
330
396
891
297
33
462
517
462
880
187
693
533
605
748
687
953
770
506
990
110
660
550
429
625
576
780
792
792
821
735
198
928
1045
176
857
209
952
33
132
242
154
693
976
671
1023
495
627
11
561
627
614
656
66
484
407
913
176
473
495
847
836
231
968
176
565
852
297
374
539
979
231
924
374
187
704
951
187
627
341
866
176
759
253
803
254
260
363
801
825
440
121
869
517
176
677
847
319
33
952
704
902
935
176
265
591
165
528
836
594
673
968
891
927
923
227
99
132
319
374
328
396
952
1056
143
704
88
539
692
638
990
936
275
935
484
682
1001
693
440
295
495
374
638
363
792
979
242
1078
462
638
44
957
1001
737
671
816
781
484
473
1045
880
220
253
825
385
781
539
814
1034
33
836
550
352
759
869
396
146
352
99
32
143
685
913
968
418
699
275
726
814
66
121
980
231
0
572
143
935
856
8
847
836
825
462
979
625
913
176
726
176
429
1001
759
681
143
495
924
1009
614
794
143
506
429
935
264
418
880
847
896
343
440
220
121
946
11
363
165
869
748
44
224
462
440
33
693
236
525
858
597
78
503
396
935
1012
1001
627
998
22
198
620
729
1023
429
407
679
1034
264
198
753
353
319
715
242
99
220
638
968
55
396
715
220
880
231
979
435
957
1001
473
352
1034
506
626
110
715
946
858
1054
1023
374
147
481
671
737
158
680
781
640
55
49
462
517
242
572
1056
737
880
859
22
396
423
352
275
638
847
781
781
363
286
506
869
1012
24
869
869
77
772
209
633
451
176
440
594
572
231
132
814
561
550
11
176
2
880
1012
539
407
22
305
594
1056
660
627
528
154
847
528
253
1036
1045
957
550
121
99
682
594
592
407
143
132
594
549
536
308
693
974
857
638
561
297
264
1031
143
594
376
563
374
836
175
809
165
627
316
726
11
22
479
88
231
187
495
352
737
704
165
233
396
415
627
968
924
33
542
594
167
507
946
308
897
66
9
130
704
286
308
957
968
402
957
561
517
278
209
649
723
1034
649
352
330
1045
231
726
22
781
737
187
308
1012
202
781
770
293
979
55
308
594
748
748
64
605
649
857
638
693
275
110
726
110
44
242
528
524
451
473
143
345
374
671
991
616
715
330
924
869
22
428
649
605
165
88
143
308
66
429
880
33
990
563
721
319
217
781
814
154
803
363
77
33
869
253
1045
561
330
506
264
384
913
196
305
649
924
81
861
330
253
845
297
1034
396
66
429
177
481
110
381
440
167
374
781
1012
927
310
704
935
407
528
645
94
726
957
591
320
165
121
77
484
253
682
517
957
352
423
594
1085
539
1067
110
187
738
396
693
209
352
990
727
627
220
594
308
732
165
44
396
985
429
88
627
973
880
66
869
286
671
990
440
678
176
660
885
808
792
407
229
143
304
902
935
418
770
198
266
440
605
493
61
198
897
1056
308
994
1056
858
605
770
110
374
209
286
495
484
99
108
957
132
110
330
424
294
858
618
484
1012
22
638
660
418
143
572
1012
935
22
935
968
924
407
660
451
308
110
748
867
836
728
330
131
490
341
594
946
92
407
102
297
110
314
1023
902
552
407
1034
484
363
990
88
187
880
605
176
781
649
132
67
561
374
165
627
784
297
234
742
171
748
814
774
363
748
841
738
341
891
440
154
715
737
550
698
319
143
969
407
792
0
126
440
891
209
638
932
403
592
627
209
759
197
733
12
302
407
407
261
924
816
528
44
407
607
242
924
561
677
209
278
418
693
132
259
88
902
440
660
935
220
1033
572
726
121
792
275
913
11
440
891
188
165
495
429
935
440
517
165
187
407
616
682
748
220
608
737
693
428
261
704
880
545
605
803
286
1011
176
484
990
330
726
660
160
334
1001
528
539
811
264
1032
924
110
924
726
456
462
957
704
638
627
407
416
946
443
374
726
953
1025
814
33
539
517
108
242
583
473
318
462
517
363
841
940
341
913
814
253
825
429
539
924
341
665
201
748
924
22
110
503
781
715
671
566
935
459
396
86
814
803
55
627
66
58
99
363
253
869
671
927
726
979
561
34
407
140
66
682
781
766
737
143
176
335
286
55
715
1056
264
242
946
11
85
660
66
22
583
330
143
583
88
506
121
187
960
341
297
803
238
619
275
154
297
594
759
517
420
154
220
11
307
286
352
77
517
704
165
352
693
463
1056
253
275
979
968
1001
407
1004
957
33
550
176
539
484
667
583
968
605
528
521
77
66
26
880
77
66
330
451
803
990
462
745
385
572
374
418
869
943
33
110
802
447
939
77
550
594
77
143
935
429
858
682
154
121
427
814
660
187
484
583
55
308
374
798
143
814
836
110
632
649
44
316
935
286
374
924
935
319
594
858
22
323
880
902
396
462
752
891
869
891
473
358
225
470
924
671
1023
891
385
814
495
440
671
154
891
917
869
176
583
418
781
715
286
472
373
1034
813
550
869
121
902
990
1078
682
407
451
88
506
374
187
616
536
473
137
352
66
275
139
98
997
1001
440
891
223
297
110
1012
220
232
902
858
946
88
995
22
987
649
506
110
880
165
667
440
166
220
242
440
583
242
737
398
264
363
99
660
957
649
275
187
781
209
660
148
858
620
781
302
385
737
176
187
704
220
649
77
187
902
550
99
946
385
429
253
462
473
55
979
786
418
440
539
825
99
605
902
836
352
878
915
880
638
165
627
946
198
99
283
374
110
163
1067
583
473
836
297
132
637
112
372
44
693
132
55
748
781
33
22
715
633
671
836
990
924
22
484
847
1045
649
341
495
1089
968
165
253
143
859
374
979
363
594
440
638
517
22
253
209
407
198
374
0
660
396
118
484
198
286
418
520
1064
374
924
548
374
715
885
792
838
660
957
852
726
748
643
22
867
484
1065
231
517
715
253
154
341
428
319
44
121
968
66
324
253
957
825
869
649
378
781
11
121
1034
479
899
935
814
1056
110
352
332
286
539
979
352
187
583
748
132
957
979
462
528
647
440
330
716
506
88
704
360
550
926
781
49
108
649
396
858
424
627
275
407
66
517
341
945
814
697
759
88
352
1045
935
858
341
1013
462
367
506
250
275
267
253
275
352
726
583
196
253
660
924
539
11
208
143
682
693
176
411
190
748
1012
154
692
495
209
143
891
176
132
462
264
561
37
66
539
520
50
528
440
935
770
792
22
461
539
817
597
478
921
363
154
579
638
308
704
418
704
979
713
972
495
242
220
264
220
517
418
946
374
526
396
836
682
428
495
583
572
451
264
550
87
726
11
1012
605
990
660
50
275
781
378
638
340
935
204
605
330
464
55
880
143
781
132
836
77
335
616
11
770
385
572
197
484
506
835
77
399
341
908
66
99
748
737
781
286
649
374
715
561
517
495
682
16
473
693
308
429
900
891
171
262
220
352
858
55
1012
924
616
106
979
242
1034
253
807
396
869
253
77
658
693
154
671
781
77
748
220
759
440
1023
275
264
429
216
341
605
352
682
960
506
583
825
231
55
264
506
463
121
88
638
842
209
726
88
1001
125
99
770
409
902
567
319
693
77
373
592
429
957
869
748
814
737
7
132
594
231
957
1012
693
880
275
44
486
176
753
228
946
286
759
1045
639
748
979
799
410
220
1012
677
990
957
693
55
935
286
66
275
957
132
11
616
967
638
206
253
482
132
858
693
742
616
858
111
671
710
902
891
385
484
726
990
803
1012
660
605
242
627
746
165
198
935
198
484
693
763
392
752
858
902
484
11
616
371
231
266
44
1010
484
110
836
700
704
781
990
847
858
902
924
231
297
968
836
858
528
189
479
407
110
11
979
297
0
350
330
440
495
924
506
396
693
1012
594
649
22
1030
638
253
257
539
924
341
340
957
539
198
363
1001
288
572
495
913
363
847
617
88
462
627
990
77
374
803
682
891
209
451
1034
617
718
99
72
0
407
869
813
880
495
165
209
363
333
77
649
528
0
1060
374
242
55
880
352
979
90
616
374
660
528
759
143
1045
110
726
209
836
44
737
605
473
621
502
268
22
451
316
198
52
956
385
781
198
539
583
165
374
187
814
198
880
110
671
319
862
944
77
22
330
220
682
924
627
594
321
649
473
452
1012
0
1034
67
704
924
220
270
693
990
253
583
154
330
171
869
754
649
638
334
297
605
165
759
473
726
1034
483
572
968
539
267
99
1078
319
275
979
528
574
308
42
220
572
121
1012
88
884
693
687
396
605
473
139
803
1073
836
561
649
561
110
880
660
715
968
451
473
792
319
411
220
418
231
363
1001
385
627
14
0
0
33
564
528
968
242
974
946
737
528
363
847
891
110
517
639
231
396
289
286
682
891
869
847
913
88
495
395
605
983
506
319
616
473
836
677
880
836
638
11
671
110
759
176
440
44
444
565
360
297
495
770
594
187
231
1056
231
906
792
418
300
55
930
686
77
623
704
594
665
319
374
748
869
138
198
891
614
256
64
979
605
1034
198
528
187
473
759
968
418
715
814
143
416
825
473
108
946
484
121
935
308
319
590
814
902
55
421
44
864
476
374
583
184
594
396
572
88
968
954
55
473
847
902
693
858
209
176
704
438
542
701
834
477
517
1001
297
365
935
154
206
209
148
385
495
517
946
550
1012
547
319
11
550
748
55
781
594
484
385
781
499
539
495
385
748
891
858
1002
341
88
704
473
649
682
833
893
143
264
308
264
332
66
605
792
44
902
128
253
209
847
796
440
759
209
990
613
792
649
484
671
704
396
167
1023
1067
670
385
0
531
308
847
484
990
638
31
332
550
363
176
440
693
665
176
341
770
567
264
550
781
121
858
682
671
517
407
187
550
869
726
392
561
342
339
431
753
538
363
660
847
880
396
660
902
638
660
297
275
814
110
187
594
782
177
591
638
644
737
380
352
1067
440
495
88
1012
1007
308
221
209
264
729
1089
133
77
429
814
11
308
590
341
825
781
647
990
232
88
55
693
99
77
374
770
653
550
585
1034
165
546
806
895
781
759
517
1078
891
286
716
1012
583
198
77
22
553
715
968
330
473
990
682
108
644
286
946
121
858
550
957
858
110
363
845
1067
248
781
889
528
55
968
899
759
0
242
627
701
814
194
396
176
150
341
979
75
745
385
286
924
979
110
286
451
671
352
472
57
286
286
373
346
913
594
421
693
979
220
389
753
88
822
448
836
977
539
242
59
858
231
11
165
44
198
352
528
440
308
275
814
869
660
594
957
594
506
88
209
583
1001
33
242
7
891
242
1034
363
22
264
44
341
836
660
836
715
308
220
55
44
33
179
814
682
792
88
154
286
693
444
341
374
74
242
429
986
143
253
693
726
913
561
66
594
44
693
1001
959
418
647
630
737
451
715
693
773
77
264
891
561
528
110
539
847
396
649
154
748
859
528
792
880
363
962
413
44
55
759
605
308
968
143
704
407
218
495
220
814
351
968
187
484
264
572
638
759
110
99
154
363
385
836
605
88
781
385
165
231
77
792
165
1013
451
594
187
240
935
1034
77
402
814
407
1012
803
682
242
143
440
418
591
737
506
633
374
374
143
275
728
110
880
121
407
88
269
99
132
858
913
132
634
704
704
705
380
619
935
187
715
825
706
698
33
231
594
242
176
319
814
1026
844
622
759
594
902
869
509
242
616
88
715
231
166
242
704
727
198
418
187
440
341
506
737
517
1012
451
11
847
22
374
605
88
407
616
968
286
803
638
539
781
228
674
451
121
77
484
11
99
627
341
648
1023
176
197
682
902
594
224
66
341
242
451
869
671
413
44
363
308
440
66
111
473
616
968
66
99
924
539
461
986
880
446
616
539
748
1034
1012
671
694
682
1041
561
440
242
418
660
242
924
946
409
26
941
1023
231
506
616
869
209
927
297
308
440
568
660
176
429
880
33
968
935
803
913
253
11
341
814
165
22
198
605
385
726
421
763
308
594
363
319
715
11
415
253
338
209
440
44
825
990
803
407
0
891
209
616
869
550
58
869
297
264
682
770
715
1012
814
319
583
979
66
77
11
726
297
682
154
979
396
165
99
957
495
1001
847
385
957
829
924
847
143
827
189
112
561
869
484
638
239
308
2
638
198
880
704
671
11
792
341
198
242
209
352
825
748
484
396
362
704
902
759
418
726
462
185
674
880
520
544
209
1015
297
781
319
1002
858
110
726
55
451
515
363
462
616
275
99
616
407
990
220
438
198
561
779
275
655
229
461
11
253
517
748
539
620
913
517
637
495
88
1013
477
660
1046
792
715
341
682
1012
242
803
119
660
990
539
583
952
231
781
814
693
638
230
473
341
396
1098
374
1023
704
891
891
671
341
55
242
957
539
670
561
290
374
335
825
393
11
429
176
638
728
520
209
266
352
14
605
396
369
1012
283
253
297
814
913
66
374
198
418
121
22
286
182
605
891
858
418
319
515
583
781
748
537
1012
33
616
297
517
182
374
682
121
99
522
99
88
611
726
649
968
990
746
308
880
484
88
220
737
1064
902
616
330
583
934
121
803
517
693
991
275
671
649
822
660
506
187
803
462
532
572
451
939
418
308
693
726
924
731
407
484
704
198
913
847
242
583
363
187
269
330
605
231
913
561
275
462
968
165
946
275
811
187
616
55
297
924
451
814
725
53
671
99
693
961
880
900
616
1001
22
257
143
209
858
66
330
39
760
154
572
891
286
847
33
539
693
960
924
242
231
176
693
352
418
308
462
22
308
330
979
979
636
880
220
880
143
669
726
880
495
957
671
275
187
88
538
228
770
193
704
429
748
463
660
286
374
78
1006
99
286
44
993
363
979
528
99
299
121
473
396
528
242
957
88
671
198
248
696
913
330
121
396
275
715
616
407
506
187
539
841
901
1067
420
976
77
539
726
968
605
977
792
574
462
550
88
308
616
469
759
45
748
968
803
407
517
946
957
418
583
869
396
396
330
539
645
198
132
242
990
33
66
187
539
528
759
528
31
330
801
979
980
682
891
583
836
43
363
567
845
165
869
550
748
748
352
143
308
449
836
231
93
660
121
275
209
110
792
1056
638
737
990
851
924
319
495
825
858
990
578
715
735
132
512
275
165
770
517
396
915
418
803
907
737
649
638
88
132
484
143
407
781
946
517
110
383
33
671
231
418
726
707
715
935
935
510
495
1080
286
154
275
605
847
506
44
451
649
308
385
616
1023
187
858
6
121
715
836
1001
850
341
66
275
495
682
910
328
648
704
440
825
220
715
360
485
701
902
1045
441
913
946
924
286
297
165
385
1001
649
781
748
726
679
187
880
616
429
693
605
286
647
902
935
30
440
836
571
946
496
1067
1034
275
528
352
1028
798
143
165
990
134
627
506
77
715
704
825
935
583
353
473
347
33
846
990
209
342
47
1045
869
473
297
220
44
979
891
1034
89
935
759
154
880
473
847
418
165
99
451
0
352
386
623
11
814
833
341
308
649
1056
858
451
640
693
319
11
386
792
572
308
341
440
638
704
470
980
209
979
726
92
561
484
847
451
968
44
539
638
286
605
1001
539
777
627
242
319
1069
495
473
717
902
462
121
880
96
726
649
880
385
220
792
988
715
968
946
638
741
99
382
836
121
286
374
440
352
165
616
572
726
880
869
517
792
594
363
561
649
616
506
528
451
473
858
242
558
11
660
140
803
1001
880
935
858
891
704
573
770
231
264
594
627
682
942
473
319
325
275
594
467
242
172
1045
165
704
990
451
924
121
506
715
275
450
792
364
790
319
660
979
583
521
212
715
726
858
858
726
341
451
341
176
605
480
275
513
418
605
260
979
1089
110
759
880
462
11
935
649
209
407
506
154
580
440
143
363
495
275
561
462
913
165
0
781
133
638
781
528
990
99
0
341
605
655
92
715
792
924
11
207
737
770
781
990
308
418
990
15
231
154
176
299
375
165
77
561
1093
517
33
571
352
88
451
165
352
55
174
935
220
895
294
638
792
428
275
429
935
3
606
942
231
1023
660
1001
660
891
770
781
979
55
605
539
231
341
968
836
891
594
330
737
539
489
40
550
968
11
715
44
176
547
957
340
297
815
55
880
869
880
363
352
114
704
59
418
286
967
440
869
759
449
641
133
451
242
66
418
679
770
1001
214
682
968
110
365
762
555
616
627
473
330
759
660
407
517
121
297
186
770
373
176
359
583
330
374
319
726
253
264
1045
996
220
914
693
517
165
858
748
99
638
891
924
946
402
121
1023
407
770
253
154
132
40
924
1012
968
792
726
1012
269
341
22
715
121
891
286
935
275
759
638
649
693
876
572
242
198
913
319
121
583
568
751
814
334
88
264
715
110
926
291
979
110
64
713
1001
209
704
561
781
572
539
88
957
66
407
286
715
444
440
550
165
946
220
462
825
484
242
385
827
16
605
879
660
385
946
992
858
451
836
682
759
175
1045
1012
693
469
935
979
264
825
152
671
132
935
82
396
165
506
792
176
22
803
436
1034
77
726
649
888
449
990
121
187
672
946
418
15
561
297
979
11
55
660
996
174
429
550
451
374
814
22
605
627
53
825
660
132
253
484
437
55
55
1007
982
500
275
328
449
308
913
902
1012
583
617
539
110
195
704
517
823
35
253
99
814
979
506
528
924
935
495
714
504
57
638
374
440
1056
385
506
368
451
979
55
568
429
286
828
946
858
130
836
1001
311
858
990
765
264
385
902
396
814
752
385
154
649
11
187
517
682
286
913
946
187
832
770
187
473
154
836
572
198
396
66
440
286
935
858
286
671
884
861
968
88
847
253
528
231
110
352
737
660
220
341
1012
572
770
880
814
395
110
52
253
956
737
275
748
614
352
242
407
319
337
1002
176
737
133
1023
616
726
220
333
451
121
912
792
209
499
770
407
242
15
440
561
979
561
591
330
330
286
660
792
902
704
968
495
396
957
95
811
77
660
184
77
253
231
1056
825
891
1083
671
924
528
612
1023
473
572
33
528
451
814
253
825
968
455
759
20
891
715
176
635
22
220
704
473
363
649
957
154
494
523
847
110
902
616
231
847
858
110
966
331
873
154
264
308
319
473
220
674
693
858
649
300
1001
319
814
407
286
528
495
594
55
418
638
511
938
858
424
374
187
846
242
792
726
88
330
367
70
869
594
187
154
360
866
376
169
140
572
891
596
931
407
803
1046
1018
99
715
902
550
715
1001
286
572
110
858
407
1067
803
22
330
209
429
847
429
979
99
627
385
55
484
297
429
44
726
320
44
389
869
354
55
946
893
546
321
594
451
429
336
682
55
985
581
262
682
407
286
891
253
176
121
187
363
396
347
209
385
143
396
539
239
176
913
627
572
962
132
946
392
660
968
7
726
77
880
847
242
352
869
242
226
489
220
869
264
99
924
817
988
843
429
891
374
220
117
264
323
682
825
638
407
759
121
605
869
990
110
869
528
825
55
154
770
234
165
154
206
176
396
385
352
534
780
407
165
231
649
401
594
242
1056
275
11
121
836
572
297
891
913
44
196
231
132
79
935
462
627
280
671
396
759
566
330
154
22
223
22
968
429
814
561
957
231
814
308
1012
275
968
737
517
869
594
671
515
407
297
594
935
77
836
55
385
506
710
187
701
693
572
594
55
297
99
369
418
407
275
253
836
429
99
143
944
488
11
440
231
605
1
143
407
22
398
318
759
935
275
1023
968
649
429
1023
363
757
864
715
781
902
770
781
632
297
418
984
701
429
836
517
605
792
682
823
979
253
348
561
11
924
363
176
330
1045
550
517
187
572
429
572
330
912
81
869
77
838
297
440
495
341
586
66
261
275
308
789
583
77
652
220
671
605
418
561
550
231
396
902
627
121
506
738
913
198
693
869
343
34
528
913
769
608
737
737
979
583
253
1035
633
253
958
748
704
11
352
363
749
220
55
550
77
792
363
55
111
517
44
588
880
363
88
462
891
0
594
638
957
704
627
275
671
396
913
528
264
580
749
318
968
472
453
770
33
0
462
385
616
903
946
132
682
953
909
902
64
979
33
693
598
671
11
869
979
374
88
517
858
396
176
503
673
583
517
25
132
869
121
198
143
880
396
751
946
341
781
473
99
558
521
953
966
165
880
638
429
924
231
1067
770
154
836
517
605
407
66
792
825
88
238
22
297
308
573
449
715
887
385
396
682
704
254
187
308
506
495
145
44
825
946
165
704
319
843
931
253
407
143
585
649
462
616
803
484
451
132
407
407
53
803
770
542
557
693
319
704
330
198
473
30
341
572
165
561
264
880
484
951
869
396
792
77
132
671
100
990
616
253
524
267
429
384
396
528
627
216
550
990
1067
770
165
517
605
671
506
638
858
781
858
1078
312
821
891
350
968
704
241
99
715
176
847
418
715
385
368
286
778
1023
506
121
671
733
55
257
44
187
992
825
253
734
612
1023
363
875
114
506
264
528
132
538
88
22
209
572
208
528
264
166
759
66
759
583
197
748
638
0
396
209
154
319
1031
231
220
829
44
902
583
11
22
150
319
847
242
484
33
77
286
495
561
218
407
484
935
869
693
298
198
847
175
178
562
886
28
550
231
286
671
946
715
88
657
503
82
51
312
264
792
436
383
770
494
429
220
583
858
561
330
132
682
979
28
902
935
132
946
297
451
528
583
352
902
737
330
678
75
563
649
913
803
682
484
1034
825
748
187
561
341
572
55
737
88
880
341
297
1034
957
221
693
924
638
242
508
330
737
242
902
132
693
946
781
979
1012
902
787
852
66
0
506
759
935
664
847
891
616
660
689
143
143
451
671
55
414
506
132
550
825
904
60
484
1045
836
407
575
848
545
165
484
638
319
880
748
781
726
88
319
895
803
693
979
396
770
374
330
473
495
0
143
484
220
968
715
858
836
182
132
590
347
596
429
77
518
657
770
528
77
931
979
880
88
415
132
764
583
110
341
462
105
440
253
66
847
220
132
99
737
823
335
18
847
847
748
77
216
924
44
407
935
594
968
122
396
677
649
755
748
627
617
352
767
647
88
616
924
129
1012
704
11
167
44
44
506
248
715
528
1012
605
319
550
869
682
715
836
994
451
671
212
274
143
572
583
77
803
627
814
495
141
908
253
217
737
759
462
253
704
220
836
77
1065
869
0
627
736
216
990
968
946
752
869
132
865
396
792
847
539
165
594
66
737
363
528
286
699
0
31
209
737
671
539
407
407
1001
385
561
957
638
352
968
608
969
198
938
45
990
492
869
616
675
984
176
693
966
418
572
737
55
242
286
539
242
913
726
517
55
745
418
748
312
23
594
1012
319
374
561
495
44
693
847
132
319
748
462
517
429
418
847
176
11
737
1023
837
1067
484
77
22
55
1034
452
319
396
550
528
385
737
671
506
143
847
330
323
311
385
380
773
869
770
781
506
440
726
121
561
968
143
989
0
26
605
748
308
682
671
880
535
462
693
396
327
902
408
946
539
231
528
630
345
748
572
682
924
88
22
946
451
451
539
286
495
308
957
726
352
561
605
429
550
407
836
605
436
968
187
715
467
1066
176
550
340
935
770
680
660
132
308
549
385
1001
770
924
649
825
385
649
638
737
341
66
606
803
803
693
616
451
451
286
814
506
682
825
770
388
22
957
770
495
902
451
1084
627
242
8
924
357
484
482
242
989
363
853
363
44
396
121
462
440
935
286
803
649
198
330
279
358
968
686
416
165
19
78
484
539
187
187
572
385
330
231
429
66
66
990
275
792
48
561
649
704
880
638
484
95
979
726
209
176
198
1001
616
209
1034
352
825
11
770
968
175
572
494
330
55
66
924
924
327
374
935
963
726
539
297
880
341
781
775
630
517
627
759
341
418
1012
693
160
771
241
1067
55
264
594
32
990
770
1
418
385
769
81
638
385
594
187
869
407
946
957
1045
616
286
550
594
396
665
110
583
308
825
297
550
627
385
407
275
88
589
825
836
286
1056
77
1026
660
418
968
76
763
2
687
779
495
693
33
352
561
235
649
110
561
902
941
781
1012
814
132
407
649
726
693
946
341
0
407
1014
462
792
99
605
110
154
242
979
407
385
913
209
605
220
550
1034
1045
154
253
44
33
473
66
275
242
0
682
385
627
44
540
627
198
836
528
792
385
946
165
385
880
616
344
924
374
275
913
407
37
52
968
825
11
682
913
826
968
836
671
407
231
957
352
363
361
814
803
737
517
935
583
825
462
495
495
451
176
143
308
924
275
132
330
55
11
341
924
176
913
816
693
748
22
528
845
1067
627
473
143
294
33
77
660
869
638
582
506
814
11
726
561
583
473
1001
407
902
0
132
1056
662
847
374
154
803
671
803
297
902
253
506
870
330
8
803
682
605
209
1056
671
22
930
657
121
1045
154
330
121
869
1001
176
154
847
968
473
495
407
770
829
11
1044
649
253
701
517
198
825
484
704
990
165
143
121
737
539
770
143
242
622
418
803
561
1056
220
825
561
455
989
869
737
547
363
275
924
297
946
726
561
484
88
223
363
935
748
539
330
1003
957
946
786
949
198
1067
77
484
363
264
264
261
210
473
99
682
897
11
748
533
1030
836
848
651
125
594
660
853
869
187
895
402
217
0
379
154
121
264
715
825
176
792
525
88
781
143
993
817
132
187
732
506
993
704
715
583
858
726
641
88
220
143
176
792
1023
539
825
627
286
715
638
756
935
814
495
275
165
583
26
484
913
80
825
803
638
275
814
1056
664
11
572
22
825
484
517
522
462
550
209
363
913
847
66
418
154
693
418
415
836
176
527
341
110
550
660
440
165
443
495
803
814
418
275
588
594
626
242
429
1041
847
458
347
682
957
876
836
661
1045
693
649
847
581
564
159
363
220
69
705
939
440
99
407
22
165
759
339
242
253
33
873
537
979
349
825
473
335
187
363
627
143
330
77
77
319
22
143
209
209
561
1045
44
699
660
284
484
662
275
1023
146
66
576
693
215
913
154
1023
605
921
407
330
99
55
1023
316
154
682
748
154
671
671
110
77
814
209
310
649
264
344
308
660
176
453
95
748
1045
528
484
341
836
605
539
253
627
753
198
330
891
484
495
418
650
506
382
301
657
407
737
638
748
62
902
187
858
827
704
990
836
979
946
726
675
1067
803
1001
198
154
396
770
528
440
550
880
77
440
330
583
825
407
341
638
605
187
616
209
913
874
924
484
506
198
121
495
814
22
517
407
231
462
462
266
539
240
319
308
405
957
121
165
946
902
0
957
527
858
264
11
825
154
99
110
220
110
913
451
77
242
748
381
253
110
737
627
55
968
814
77
748
638
968
705
693
770
121
88
924
550
660
198
385
726
638
110
605
737
638
891
17
143
847
11
781
886
179
605
55
678
187
825
594
209
715
495
1034
803
627
572
14
550
121
572
407
418
267
110
792
121
253
847
418
649
220
957
330
825
616
68
363
664
528
506
741
165
102
415
374
550
31
616
99
1039
253
385
856
318
303
286
561
759
858
429
973
583
484
242
616
462
825
198
506
660
209
539
822
737
451
550
319
539
307
902
441
682
22
198
198
1056
484
794
64
682
195
440
858
385
859
627
748
913
770
924
154
473
640
154
374
654
880
524
22
550
528
792
1037
572
696
506
319
638
1001
55
682
513
473
418
77
792
1023
22
660
1045
385
77
33
396
451
836
440
165
874
33
275
902
704
770
418
451
92
682
480
385
99
318
397
616
1012
22
847
231
132
473
561
660
616
187
792
979
1078
810
946
1089
638
836
176
616
418
583
352
363
820
55
572
517
55
370
22
220
583
286
594
1034
660
858
768
462
935
528
396
492
495
913
649
801
66
751
671
341
946
638
429
649
121
451
748
440
781
198
653
712
990
88
429
156
539
55
704
887
473
55
407
451
456
605
495
1001
121
539
121
297
110
770
781
737
729
198
946
173
55
737
604
253
915
635
289
928
846
154
660
770
538
165
822
913
495
737
462
792
88
242
957
572
704
164
881
14
946
451
957
836
209
968
759
548
1056
297
374
891
561
748
429
506
77
121
605
806
1067
385
594
869
516
979
1084
638
417
264
242
88
517
66
814
147
1079
561
435
177
682
704
176
654
748
385
626
99
773
1012
308
649
121
517
649
836
25
906
110
0
22
33
968
1001
968
819
374
132
418
482
627
440
44
660
165
33
426
913
267
440
957
935
176
638
299
180
286
180
11
583
440
297
583
941
926
673
605
825
539
1023
550
748
11
88
341
154
706
253
682
440
407
303
506
374
614
88
176
429
616
160
18
329
990
748
1034
770
253
858
704
528
297
341
131
762
638
451
242
880
924
1056
852
814
913
998
287
319
880
385
671
396
803
374
341
947
440
814
915
209
341
737
44
121
704
370
649
792
0
568
880
770
253
844
913
363
1067
132
627
1012
726
132
319
605
935
143
275
968
297
737
583
172
913
1001
265
671
902
737
682
796
66
1084
704
539
550
891
88
539
275
1012
979
164
88
506
77
880
209
121
652
704
99
143
242
583
143
44
682
539
583
121
231
396
858
880
165
759
1023
1023
275
132
737
787
187
925
88
88
979
11
88
682
748
990
264
77
990
704
946
198
154
1023
671
1042
1028
55
29
748
704
638
220
286
66
572
616
539
187
869
902
935
957
11
540
462
583
1045
517
495
123
1067
682
572
574
1034
604
319
948
103
928
682
495
908
407
792
405
781
792
957
693
422
621
597
957
512
572
1001
121
44
91
385
220
308
352
846
99
852
649
913
33
352
726
704
770
737
198
817
275
638
55
495
108
143
616
99
374
462
561
582
880
979
202
275
341
550
506
286
946
343
335
498
605
484
957
242
286
297
117
704
10
605
231
319
198
308
429
605
869
946
176
518
308
627
704
737
671
341
1067
957
353
729
228
627
517
176
616
539
451
154
715
867
264
606
374
198
22
805
803
550
44
308
187
528
660
143
990
385
814
33
528
77
220
668
385
968
631
237
539
417
506
286
539
330
154
1055
473
484
528
726
286
429
836
649
11
600
418
1001
528
22
748
0
33
187
539
793
352
297
781
484
88
88
594
495
528
54
682
209
332
814
150
44
198
458
66
687
803
286
638
319
22
440
396
275
979
1001
681
103
902
77
767
143
132
957
363
1012
902
671
1021
572
550
286
913
924
693
9
96
165
995
176
319
99
275
550
913
924
77
609
517
99
56
579
503
224
528
836
935
935
66
902
451
417
187
610
704
990
44
539
814
407
374
970
451
1001
165
1056
24
374
88
445
462
902
220
924
102
523
396
59
374
231
946
126
264
451
523
495
242
517
275
37
979
737
209
869
209
319
858
209
231
781
187
99
363
616
84
99
429
286
902
352
66
539
957
1037
330
946
473
1012
847
297
559
825
479
1023
829
390
465
297
220
1034
781
807
518
990
392
868
121
874
627
847
1012
1012
616
671
88
33
119
528
143
749
528
891
913
484
484
769
957
627
121
649
43
55
880
319
286
891
319
341
99
772
261
448
561
726
330
946
451
290
231
401
22
407
452
99
594
517
539
55
653
979
517
253
793
33
861
728
101
242
385
429
990
1020
572
288
825
242
159
825
220
219
561
25
737
770
600
407
286
550
990
748
242
484
770
1055
484
374
32
33
396
143
159
976
451
965
957
825
561
638
385
616
220
792
781
264
176
924
272
351
306
550
968
616
341
836
451
737
264
154
507
671
836
550
918
678
143
836
726
957
796
715
484
231
649
341
913
110
259
308
429
176
902
693
242
506
649
231
979
1011
930
737
330
55
704
440
231
924
583
231
462
192
992
231
220
524
869
264
187
550
990
748
1034
99
308
517
946
264
451
66
154
957
77
891
935
649
989
902
275
374
649
44
781
814
979
76
693
352
649
330
309
682
308
550
98
203
297
730
781
220
407
671
515
396
418
781
25
418
627
359
814
290
572
841
187
451
77
1056
495
283
275
528
22
839
418
979
231
796
968
759
311
374
429
880
979
11
660
1012
440
363
415
836
220
407
1034
341
866
660
836
77
1071
649
165
451
20
407
419
639
275
88
597
329
792
22
319
847
992
616
957
297
429
616
187
33
594
682
188
814
1045
165
550
484
308
894
231
432
143
429
726
165
638
671
552
88
198
517
736
484
462
517
649
367
550
377
264
924
484
223
44
924
99
495
902
154
308
154
504
990
594
721
726
638
319
121
264
53
264
77
814
350
110
594
132
132
891
990
220
99
77
532
561
165
175
836
492
1045
976
407
330
416
319
550
308
1051
572
1038
558
495
946
792
517
330
521
0
853
627
517
759
759
748
517
309
352
671
341
891
277
253
660
506
550
979
858
308
869
847
297
363
349
759
165
484
858
297
154
572
451
595
638
924
594
748
484
659
458
660
130
30
1001
877
641
77
947
1023
22
725
462
693
518
286
473
404
440
583
649
176
935
715
671
856
381
143
139
594
764
682
649
968
759
825
1037
627
726
580
957
484
187
638
594
1034
143
626
869
418
671
198
99
264
484
187
836
165
196
187
561
407
354
946
644
990
770
1012
277
1056
396
594
748
792
44
835
781
803
660
858
878
704
22
671
294
462
551
561
792
803
393
198
770
308
671
924
654
286
220
561
88
91
902
44
66
877
561
308
308
902
352
990
931
330
1056
18
726
88
495
253
691
561
193
429
902
957
1012
242
768
671
242
737
352
264
418
55
209
781
132
484
744
594
698
935
352
814
231
491
1078
968
319
44
792
1001
946
184
154
990
220
451
883
501
473
1012
363
792
341
770
33
677
374
869
99
407
796
528
719
784
803
319
968
143
616
715
913
924
572
904
165
990
434
803
924
265
96
836
216
231
748
164
187
979
275
440
77
473
187
891
935
297
517
1012
88
517
880
88
209
440
737
583
847
363
131
99
198
506
319
321
187
836
627
176
968
407
770
814
836
825
946
407
11
726
979
902
275
110
484
649
968
836
792
242
88
880
55
638
649
44
754
1034
1045
396
286
110
811
198
605
880
528
176
979
11
294
880
825
132
143
308
605
407
264
248
627
473
418
880
187
831
440
253
154
231
990
697
55
935
847
187
968
506
561
950
379
869
693
682
231
924
55
176
418
693
594
363
341
286
66
55
462
110
638
308
748
418
561
374
613
363
594
362
319
940
374
270
440
737
99
899
506
924
259
165
209
352
506
836
517
669
297
308
946
407
947
506
594
407
231
341
800
88
154
143
407
140
561
539
594
275
143
561
11
935
693
836
693
363
792
862
483
0
935
770
231
44
715
629
165
704
209
803
318
550
77
979
1012
231
99
586
693
737
638
704
308
693
814
740
803
209
198
275
79
143
305
165
383
693
451
440
825
847
748
781
552
704
48
363
363
880
517
561
924
235
1012
88
297
52
803
594
187
296
88
246
407
595
554
616
913
473
781
770
869
440
132
528
407
0
33
930
462
561
286
814
263
77
144
605
267
869
462
264
759
242
385
154
484
385
264
678
726
286
748
319
44
374
407
891
814
990
0
264
11
561
968
682
12
902
55
792
1067
33
616
682
44
803
66
605
110
927
616
671
979
924
363
265
649
638
836
572
66
770
682
539
176
935
341
349
957
858
803
419
176
517
495
583
264
686
297
891
803
132
180
961
827
693
716
880
748
242
297
792
553
605
1069
326
99
1002
286
748
561
165
242
946
143
165
451
165
781
22
605
748
418
682
440
550
437
792
803
11
209
440
627
660
530
605
1067
965
11
1001
352
1001
44
232
889
891
682
363
814
660
154
968
616
198
880
935
256
847
1023
286
1001
308
572
110
154
770
33
493
418
656
1045
253
98
363
605
550
748
665
792
198
330
825
176
913
275
715
825
847
825
946
605
44
912
209
715
1034
759
169
522
1023
708
242
371
330
363
99
44
352
341
132
638
319
748
374
550
316
192
781
1023
660
473
132
946
681
418
44
858
245
319
726
682
451
473
55
187
209
484
451
781
616
660
242
11
178
44
319
704
297
319
583
891
330
671
55
55
605
187
121
209
352
99
429
308
178
385
781
363
1001
942
990
902
275
418
154
330
880
586
759
1061
803
330
242
22
814
616
209
66
1012
1034
286
1056
704
29
748
341
407
888
1056
913
363
825
924
539
561
209
1022
847
725
539
418
484
137
231
479
792
132
275
539
957
11
924
209
913
11
814
495
946
803
473
481
231
286
165
726
789
297
11
242
990
682
374
231
704
913
422
143
165
1001
825
792
946
901
154
561
132
572
799
561
727
33
946
638
726
88
836
528
44
638
301
418
891
385
737
352
429
902
726
275
77
289
583
195
143
495
990
1023
670
88
855
814
385
225
761
264
66
913
260
143
1056
220
704
22
517
319
231
95
264
110
308
1001
11
1034
990
369
660
715
1011
572
242
880
792
616
671
363
869
1089
528
341
902
517
308
583
1067
462
979
418
22
792
630
804
66
440
803
979
22
572
48
451
188
77
231
761
209
722
913
715
781
913
143
451
0
616
814
671
396
1035
649
1067
539
363
132
599
1045
990
990
352
264
924
99
605
418
759
319
308
528
0
1012
1012
161
1012
254
429
110
198
778
456
462
572
781
792
770
55
215
371
198
55
704
297
616
957
902
495
550
715
964
152
77
935
549
787
1067
847
99
231
528
363
92
880
165
594
545
11
935
957
253
451
614
429
646
891
473
517
935
902
759
66
242
682
143
748
935
770
847
297
583
165
792
231
165
462
66
650
616
682
869
363
638
825
198
979
858
796
286
495
473
741
836
1034
1012
1034
231
22
554
649
707
462
891
583
957
869
781
374
957
847
413
55
880
627
807
352
301
88
385
341
264
740
913
220
253
1078
649
1012
979
616
957
440
87
321
946
649
374
121
605
1012
22
726
430
429
704
440
275
19
1067
325
290
676
175
231
363
935
561
352
341
924
341
352
539
495
112
861
396
957
902
434
946
286
572
352
869
902
385
748
637
176
715
935
933
484
528
352
803
132
880
473
1023
1028
345
253
803
246
1056
539
662
341
902
918
858
759
726
473
363
704
0
195
407
198
352
352
440
462
407
847
407
22
583
894
99
418
715
429
715
209
924
33
356
34
1012
866
88
440
385
275
462
134
231
209
1057
528
391
874
33
781
814
770
803
850
107
165
517
572
771
143
572
924
638
77
957
1012
924
99
803
935
693
505
605
458
594
770
308
1034
618
572
715
737
473
83
792
858
957
429
748
374
515
824
539
473
253
583
319
737
1001
880
418
352
121
144
363
649
484
176
803
605
77
550
649
110
286
693
701
990
99
946
891
781
110
792
363
242
55
583
869
572
231
143
781
132
880
891
957
979
484
660
869
572
737
275
374
22
649
308
913
451
857
154
42
693
264
395
374
803
429
891
990
341
748
627
594
286
660
539
319
98
902
979
792
220
154
487
485
880
88
209
550
396
55
528
858
539
925
545
297
616
770
616
209
572
748
990
779
396
429
693
43
275
687
1012
430
605
341
143
117
363
539
914
374
693
264
814
682
308
44
902
877
176
495
605
110
854
660
946
1056
187
792
207
429
605
440
814
946
1023
517
350
770
979
737
1012
231
228
29
44
16
22
117
385
1045
1045
209
693
589
627
979
286
759
627
385
880
748
363
572
352
649
297
589
605
946
709
594
957
517
781
484
704
440
88
709
309
715
990
594
245
165
484
308
649
792
231
264
972
979
638
792
330
264
121
154
495
968
979
1001
385
297
319
825
451
484
957
330
176
374
495
462
682
198
931
1045
660
697
495
297
858
583
722
341
440
572
949
198
649
737
194
209
517
652
561
792
220
506
946
800
55
940
920
154
737
831
209
659
231
55
214
946
616
781
748
693
944
781
539
220
561
858
1071
143
297
506
319
594
550
968
396
55
726
847
1034
669
616
781
384
242
286
242
583
517
275
1012
851
703
869
722
320
176
12
759
690
330
649
726
693
792
484
885
297
297
466
330
660
153
869
825
484
77
715
682
635
251
940
1045
561
319
44
719
781
825
902
638
154
682
297
529
77
55
748
759
0
396
88
406
708
462
330
1012
814
341
550
230
1045
231
693
693
363
913
913
264
297
671
539
308
528
759
968
583
948
1089
116
385
825
129
374
858
825
506
770
1029
616
176
297
651
660
737
638
154
231
253
15
693
581
402
308
176
187
957
913
77
924
176
704
297
1056
663
1000
1032
682
671
1061
473
638
88
583
248
1001
671
396
506
48
495
242
704
396
737
594
670
946
869
407
792
803
770
682
33
671
540
403
467
352
572
5
759
693
77
539
319
748
48
693
297
770
220
264
121
494
55
693
275
638
605
704
374
825
198
847
1001
308
737
451
869
91
121
176
968
572
517
528
77
728
671
587
715
1040
77
28
814
1001
924
374
814
177
594
418
319
671
495
231
880
748
354
787
349
1023
55
374
77
829
315
506
924
98
541
407
101
209
333
33
99
880
935
933
638
352
954
96
911
165
460
792
913
253
231
214
226
858
867
935
396
33
385
22
154
616
879
902
231
792
257
308
429
979
615
990
792
607
7
473
990
396
803
748
319
457
363
187
253
264
358
959
518
440
220
286
737
301
704
99
638
979
455
997
869
538
686
53
814
88
352
242
308
429
74
770
616
385
514
627
308
554
792
198
902
638
66
583
594
1075
869
77
275
11
492
418
1045
341
217
374
616
759
11
770
979
407
682
957
1045
770
187
77
121
902
660
3
77
330
616
891
327
589
979
396
847
484
187
693
446
154
363
88
770
660
616
187
165
451
858
99
792
1067
781
924
363
440
572
375
583
781
670
143
121
86
297
1012
132
616
638
550
385
1077
249
55
792
473
847
341
814
902
1001
509
1002
583
693
149
209
726
942
418
872
814
667
410
231
506
363
165
935
869
593
924
847
110
924
198
814
121
649
132
209
990
936
451
365
737
506
104
275
594
418
289
132
912
1056
418
220
187
807
90
352
187
319
814
407
769
44
671
63
946
1012
1034
726
561
649
187
561
737
616
748
561
66
977
990
957
381
88
587
1001
869
770
525
880
526
374
583
759
1012
616
506
638
33
825
887
187
990
589
869
704
715
781
99
836
55
770
403
121
550
781
352
363
847
814
913
890
81
737
231
916
73
968
378
349
22
726
968
297
850
352
1001
44
913
449
484
176
286
992
341
120
603
270
66
638
408
546
385
803
726
847
968
858
638
990
473
759
935
588
572
330
209
940
1067
330
846
484
42
231
440
473
506
110
198
623
110
913
499
627
132
264
847
55
913
5
484
924
352
121
140
605
822
222
550
110
969
341
286
261
1078
660
14
352
715
308
132
935
869
814
62
605
231
286
543
528
880
352
341
528
451
165
871
803
371
179
66
385
862
88
88
495
535
1067
110
1034
495
0
627
341
209
385
407
435
759
792
132
528
693
877
704
363
82
11
638
88
506
385
363
121
440
231
77
836
275
1034
92
132
760
330
231
913
935
242
242
583
825
979
1045
913
825
164
462
825
735
913
297
396
198
847
495
66
715
198
77
627
33
209
671
837
32
99
220
123
583
572
44
154
286
407
627
121
572
627
968
418
979
979
825
616
737
704
760
704
88
660
110
583
682
583
472
792
495
968
220
44
264
891
664
192
891
308
19
605
77
1028
132
506
99
341
33
165
1001
552
539
858
385
748
209
407
536
88
560
616
396
88
1012
451
473
253
946
11
682
132
688
154
322
891
902
121
836
913
231
759
495
226
264
594
242
407
165
627
539
923
675
759
275
177
693
44
314
858
859
33
325
506
781
638
781
165
638
847
682
594
495
517
341
488
77
616
683
682
99
506
99
264
549
1009
594
220
633
660
385
847
258
88
341
880
975
902
886
352
178
286
319
495
814
187
1045
165
902
594
595
649
660
44
11
759
858
726
913
1033
770
462
146
913
348
741
121
792
1078
819
759
654
924
407
77
990
154
572
763
232
550
33
836
330
594
990
605
967
77
116
132
26
682
36
209
352
216
429
1034
55
693
770
352
891
308
748
1034
451
605
264
902
176
704
418
1045
396
156
341
894
161
589
11
1054
110
1013
737
893
1000
429
363
132
440
759
986
407
704
726
715
418
22
352
649
143
209
550
264
946
187
891
858
748
253
913
737
0
559
242
1023
209
198
649
99
792
561
561
154
814
594
605
935
22
968
341
242
121
909
1078
644
667
218
783
803
671
704
319
737
330
77
928
319
44
792
1019
33
429
965
803
22
924
792
83
198
803
957
627
737
440
297
509
706
704
583
358
154
825
88
33
836
165
165
407
385
869
187
638
220
196
836
308
726
506
737
682
97
726
209
264
418
1060
979
649
685
924
869
983
709
784
99
935
881
451
484
165
1089
748
66
168
704
572
363
243
1034
253
288
1089
99
330
220
1089
165
355
242
110
803
682
803
308
451
748
910
770
198
971
143
403
902
759
396
479
297
486
22
44
495
484
308
286
726
550
627
924
843
759
418
583
704
935
110
242
631
891
385
928
990
0
220
374
888
880
803
55
253
899
33
902
891
979
363
528
396
407
682
484
690
297
528
241
440
700
660
853
836
33
803
148
99
373
930
682
429
946
55
857
539
506
242
1034
671
685
682
352
517
55
649
242
33
275
1012
918
44
22
936
814
678
737
242
932
440
512
1067
154
154
868
352
308
974
319
680
1001
121
319
77
418
1034
1001
375
946
461
525
66
172
462
799
506
253
495
792
231
972
847
462
813
22
769
363
67
990
407
187
48
453
924
858
275
319
319
264
715
539
825
935
787
