579
2
567
0
1100
407
792
171
932
934
209
66
583
707
242
677
132
913
312
264
767
48
891
308
352
682
363
363
1067
627
363
572
968
902
1056
847
768
935
308
946
484
759
980
495
781
595
1045
242
979
88
605
461
957
484
55
572
44
594
704
583
660
319
505
330
880
627
440
451
1012
770
31
88
308
792
248
600
253
385
495
726
649
785
1045
484
596
462
484
396
176
473
750
594
926
968
627
220
880
231
198
726
33
165
396
55
627
704
308
1012
275
53
792
1012
143
829
891
407
341
792
847
209
600
836
770
946
968
114
11
594
319
275
1067
330
726
319
484
77
635
5
374
495
352
561
781
106
121
550
913
605
343
297
1045
583
1001
22
374
33
627
436
162
902
906
858
260
539
275
77
22
76
803
737
737
624
771
528
583
428
954
572
77
99
781
792
11
792
638
979
407
176
77
220
957
605
0
462
847
628
110
506
726
737
693
616
286
69
869
803
198
770
913
366
165
66
66
715
341
715
462
693
693
967
917
1086
550
715
847
671
891
484
520
99
286
955
895
220
220
506
792
572
33
429
385
616
286
693
1034
1089
880
957
484
268
968
605
132
275
637
220
495
33
121
825
436
726
627
198
267
429
429
330
891
605
847
1010
234
484
374
583
319
473
693
178
88
693
726
22
330
627
723
605
803
935
924
809
77
642
341
176
935
803
297
495
444
373
1001
410
286
110
495
618
237
517
11
836
182
198
649
528
748
753
143
220
1067
330
803
1012
504
880
22
836
759
490
308
374
191
935
802
165
935
792
858
1045
66
561
319
451
1074
196
968
990
891
891
44
946
1001
913
715
121
725
682
44
693
979
132
726
737
11
858
789
87
418
847
968
385
656
238
566
110
781
176
802
671
583
66
34
682
292
33
187
660
880
671
649
616
1078
704
773
247
429
561
209
1001
160
407
748
904
957
726
781
255
176
143
110
770
77
286
187
539
946
341
1034
44
902
795
495
22
979
1001
671
814
231
440
176
979
275
910
594
110
616
770
55
704
649
792
594
330
701
495
22
860
55
814
341
374
685
737
714
440
418
528
99
541
934
638
451
366
792
272
781
847
836
660
814
891
418
88
66
803
622
803
154
679
671
275
374
231
154
267
691
982
253
726
495
649
1012
571
473
209
61
682
715
561
880
407
671
132
385
330
781
242
11
473
924
550
682
638
550
1034
968
561
143
341
286
825
11
957
88
727
198
495
715
110
253
495
737
196
319
671
847
77
1007
44
737
825
187
264
704
418
891
561
352
278
957
726
253
1034
385
220
979
690
1023
418
275
157
693
781
726
330
732
539
473
726
99
407
155
378
869
572
517
814
550
737
341
792
770
935
473
187
913
946
0
231
836
770
528
31
99
209
88
638
107
148
55
473
374
830
671
33
539
184
869
990
495
726
495
660
143
594
957
737
825
253
264
451
319
429
550
44
231
594
902
88
1001
369
803
343
297
990
440
671
649
791
473
455
531
638
440
44
11
1012
593
825
539
649
396
22
792
792
341
319
77
979
990
693
110
155
363
913
847
794
704
273
286
324
202
726
539
1067
407
275
198
902
220
528
341
1012
297
924
627
791
704
154
198
616
121
748
429
1078
418
660
814
308
547
906
924
171
286
283
968
748
275
836
143
1024
319
160
693
1067
979
385
408
286
517
220
833
946
572
836
759
1018
792
704
592
77
748
605
748
968
572
968
1012
673
66
990
187
812
0
792
407
550
1027
778
561
99
88
847
812
594
968
88
759
278
803
968
616
924
999
707
792
693
176
174
286
451
518
99
968
528
110
462
748
418
1012
968
962
176
352
110
704
686
957
792
561
1060
259
913
374
570
190
847
132
924
248
425
88
1045
869
1023
374
979
614
230
726
836
143
781
429
506
506
616
220
737
187
235
275
220
693
1020
737
77
834
682
858
176
968
616
616
990
418
1023
264
649
990
913
20
577
440
121
649
55
134
493
946
418
814
792
499
891
176
583
323
121
836
792
671
627
224
672
176
154
803
308
517
297
88
682
253
814
550
980
121
660
214
1034
1012
155
737
308
726
583
55
264
308
220
935
0
880
132
946
836
635
1012
11
165
66
968
561
363
143
418
462
733
435
997
616
924
572
297
121
825
924
968
968
286
77
385
209
539
858
649
660
319
704
605
440
396
748
286
979
363
726
715
869
175
550
518
72
748
396
781
484
374
406
220
408
176
297
704
131
575
495
341
737
693
286
851
737
374
88
880
473
861
792
572
913
389
418
800
253
935
594
957
44
539
583
583
968
719
550
671
440
780
1001
80
55
264
918
22
836
858
814
132
78
110
187
636
997
638
583
99
649
869
110
53
88
722
198
33
671
979
466
440
209
630
22
217
110
737
33
88
525
418
639
682
583
715
154
88
231
506
759
231
528
759
728
730
433
946
990
726
913
448
737
803
539
671
968
605
429
869
957
913
704
1034
648
550
0
540
440
202
173
858
286
935
935
638
121
407
396
660
903
187
825
843
883
561
237
396
187
913
110
449
660
682
352
242
881
484
458
341
1023
836
715
231
191
461
638
627
275
163
11
693
550
814
471
110
506
451
836
605
22
176
418
119
737
247
710
555
275
693
550
561
803
200
143
132
572
242
275
253
913
418
319
1023
627
11
616
858
649
297
957
319
924
305
165
187
660
1001
162
583
771
231
1032
814
198
1012
770
275
473
829
473
891
495
165
88
121
969
546
385
852
924
506
110
671
605
253
495
671
341
369
44
506
84
704
68
324
803
396
352
407
902
627
33
1034
440
33
660
72
488
484
649
825
187
209
473
770
836
990
396
704
585
209
704
33
979
121
0
902
737
154
880
495
495
616
891
367
583
1052
616
979
419
451
781
484
792
55
517
55
616
242
1067
231
238
814
1023
902
45
950
517
142
59
1045
253
458
550
330
869
407
811
440
979
136
275
759
1045
836
748
132
242
176
847
781
632
198
81
946
407
737
33
374
649
121
1001
55
781
528
374
33
484
924
859
305
517
670
791
517
880
704
594
675
803
956
286
172
1023
396
565
682
494
517
567
330
968
792
836
1001
968
407
869
155
297
803
924
550
495
335
760
88
363
775
462
484
187
761
429
231
451
407
858
11
737
363
308
966
187
143
671
913
899
363
614
231
704
154
836
704
352
484
451
545
935
946
1012
253
771
825
902
33
484
869
363
33
913
99
801
847
528
583
297
705
979
719
726
781
11
781
704
935
187
726
836
198
792
616
649
495
389
242
924
138
979
704
55
363
407
154
22
352
847
473
0
88
748
396
528
66
220
352
858
28
376
841
743
33
880
184
913
27
682
946
33
638
275
715
220
726
341
176
968
374
792
347
0
297
792
352
990
803
352
1001
44
715
704
693
253
726
209
539
550
770
561
87
539
726
946
561
165
979
121
704
418
473
902
737
649
971
231
176
1023
981
937
473
198
165
803
1012
625
433
88
770
616
814
913
517
264
121
11
891
330
825
703
486
737
429
154
223
792
957
561
77
825
957
781
1023
512
132
591
599
363
869
462
814
638
948
638
88
231
187
198
693
957
208
1027
880
655
352
88
693
220
330
425
429
484
726
660
869
3
77
581
506
742
506
660
814
792
11
880
57
1013
616
693
638
1045
110
792
198
451
352
176
704
176
308
1023
495
1034
385
308
458
749
317
946
539
438
44
858
770
897
484
550
913
484
352
363
341
275
33
440
220
286
209
649
726
484
990
613
462
660
333
542
1020
715
209
352
322
242
418
523
495
671
891
746
665
792
891
418
617
407
803
605
286
176
792
726
451
143
1012
366
649
396
625
626
44
946
451
181
506
190
363
462
583
539
275
352
377
495
836
176
418
524
759
231
682
1023
429
22
760
330
361
770
896
176
473
297
506
110
154
528
1045
220
22
154
406
572
814
781
88
858
516
198
957
77
33
176
77
1023
847
251
77
462
594
567
414
506
761
418
253
814
275
132
891
1088
35
110
755
667
759
220
704
984
836
22
660
528
671
143
715
682
714
734
997
748
154
154
33
787
55
11
19
220
22
597
693
1023
990
352
902
803
429
66
649
88
44
477
99
66
726
781
1078
718
869
1023
341
194
935
77
209
990
671
495
264
550
110
891
187
457
99
1045
407
627
55
637
22
770
733
198
231
352
176
506
242
202
418
891
286
275
689
687
359
418
165
1001
902
429
880
286
924
242
1001
104
473
264
264
528
319
764
462
858
935
319
31
44
363
531
385
968
880
725
924
682
858
132
169
462
231
352
561
847
187
187
132
44
286
759
143
55
198
825
0
759
682
770
572
110
616
1012
286
308
770
961
605
824
242
264
807
407
539
491
517
932
803
266
62
836
1001
979
665
817
198
176
592
501
357
933
583
554
341
672
341
627
616
330
55
77
229
253
814
1001
748
44
264
946
132
88
286
946
11
968
110
22
264
649
946
803
341
22
825
451
924
429
11
407
660
242
605
308
539
583
352
792
847
988
352
781
176
506
385
726
198
562
55
869
355
11
176
627
77
203
550
242
1001
407
364
407
264
682
1056
396
256
262
660
935
429
957
418
22
87
737
143
307
352
825
572
644
869
22
696
957
803
682
671
220
748
990
825
792
902
242
539
231
726
495
924
187
297
515
484
811
242
715
363
807
407
161
73
494
429
891
869
187
1078
308
242
110
649
605
1059
550
931
33
254
44
143
341
392
165
55
528
1023
352
22
935
649
785
770
509
1089
22
715
715
374
143
440
759
451
935
660
496
748
385
642
308
33
715
1045
88
209
638
627
319
319
1067
88
121
605
209
1001
158
220
858
407
432
213
803
1001
419
935
946
2
539
583
988
138
571
165
17
132
528
957
396
110
242
525
550
242
572
836
891
8
798
396
803
257
231
682
990
121
209
847
544
519
723
605
44
583
275
1023
549
104
341
55
407
616
825
814
935
242
88
935
55
407
11
22
396
451
1056
506
431
649
132
517
832
308
484
176
858
627
724
583
572
737
803
869
187
352
968
77
330
990
961
660
814
231
0
532
682
407
236
154
121
165
968
396
792
1034
132
311
409
99
363
1034
429
748
902
132
319
979
110
869
440
286
462
924
220
662
990
363
469
99
1001
671
308
822
451
462
693
220
595
411
154
330
242
176
837
677
524
1023
258
407
198
484
77
44
638
924
792
858
374
957
200
374
781
880
143
99
165
363
88
461
209
616
176
550
862
187
781
1001
319
990
22
495
99
418
880
836
803
231
803
407
911
616
649
1001
803
616
525
121
294
583
297
1089
759
681
913
308
242
594
143
1071
165
957
506
68
299
572
957
814
260
528
88
143
451
924
594
56
187
364
792
869
605
952
495
583
451
473
385
429
354
616
737
605
880
594
627
594
489
891
1067
792
1061
471
429
44
418
99
1001
66
812
235
407
946
143
162
110
995
484
508
715
407
858
4
605
869
253
187
891
838
627
581
264
165
457
337
396
550
132
909
627
385
231
528
561
658
396
737
605
825
715
55
660
154
913
581
814
341
154
979
176
330
770
704
506
110
341
517
495
605
209
991
231
27
1009
7
407
418
1034
507
638
847
363
649
1012
583
715
770
748
1012
192
902
869
264
71
1056
539
858
814
891
759
381
880
11
242
705
363
616
660
467
792
308
495
583
781
165
11
110
880
451
121
77
121
704
66
121
737
198
715
561
88
979
583
561
726
264
66
1001
495
744
946
1001
686
647
891
953
875
40
660
308
475
770
814
297
781
561
286
375
913
1023
583
1001
429
682
506
309
473
627
762
935
33
198
22
12
121
1056
11
384
171
473
77
374
539
341
561
814
363
308
253
880
1045
854
385
375
651
737
44
902
100
815
88
77
341
803
792
649
495
990
572
66
737
858
957
11
605
242
187
792
198
1056
528
572
726
660
1001
139
1023
77
594
242
27
427
429
352
77
682
968
44
869
937
169
990
868
110
803
176
561
1056
231
330
649
605
1012
253
154
253
1045
759
220
22
847
554
869
836
99
682
385
770
396
495
880
528
649
744
561
770
385
187
176
742
605
747
1018
803
385
572
810
957
187
94
341
77
1067
187
935
462
297
693
891
781
550
603
297
671
308
242
671
968
220
407
319
99
440
143
708
594
319
744
286
155
44
902
440
587
594
957
110
539
11
297
594
385
748
836
121
33
143
539
319
43
539
935
737
352
136
99
957
957
759
33
957
858
946
1020
706
869
319
418
528
506
77
88
484
286
902
506
550
745
913
319
594
704
440
211
55
704
990
154
253
847
275
601
671
473
297
1023
363
209
759
935
726
572
319
345
55
387
297
273
121
681
462
891
396
220
286
429
726
1045
343
781
836
1023
715
66
957
836
129
503
44
22
242
1009
110
172
397
374
401
292
255
440
99
456
407
792
1034
550
957
77
418
440
198
792
726
990
319
74
515
517
737
198
583
77
1078
55
748
440
761
374
0
748
974
429
968
440
913
363
825
44
121
979
55
869
913
253
320
154
838
385
803
583
627
99
132
935
873
1001
385
417
781
979
616
510
865
880
759
286
118
737
520
627
605
121
451
891
137
231
286
660
336
627
55
649
132
440
572
353
154
783
825
561
517
594
827
979
561
438
946
341
110
363
453
968
748
880
363
88
308
220
121
77
748
656
792
803
891
759
590
231
715
770
179
990
803
880
187
462
946
209
264
363
924
360
55
407
616
924
22
655
868
294
924
143
627
946
44
1042
77
550
869
440
76
581
297
948
627
836
330
22
363
586
585
363
704
737
114
539
121
539
693
1001
968
924
935
950
572
99
682
959
44
214
599
726
528
506
47
418
682
969
935
693
913
352
924
693
770
440
121
88
924
77
429
946
275
187
638
275
1067
836
924
246
553
1023
638
968
726
935
627
711
124
44
836
924
209
814
539
968
660
264
770
669
792
759
671
297
957
49
77
22
220
528
871
649
580
294
143
803
1012
484
363
880
561
132
737
484
550
302
745
22
781
957
341
87
858
891
110
858
957
748
220
220
957
330
1059
297
704
539
101
847
718
231
968
701
979
759
88
880
11
605
1071
703
110
803
990
811
22
902
22
99
781
748
286
792
66
363
220
682
528
968
869
770
77
209
836
803
242
937
924
726
1012
44
429
425
649
660
88
319
220
198
759
143
702
1023
242
434
232
660
737
880
275
356
55
858
429
803
66
847
902
880
869
231
902
286
297
319
1057
275
825
297
935
856
682
374
902
418
462
979
598
110
968
554
374
891
33
571
737
484
55
506
308
22
825
763
352
528
151
77
528
691
220
121
495
435
682
165
209
902
528
191
264
44
836
121
996
836
506
676
1011
341
209
242
825
88
514
693
421
55
968
990
561
473
1023
77
407
690
0
737
501
297
924
671
880
253
297
313
715
385
759
151
308
352
462
488
66
550
67
748
726
847
561
543
176
264
990
154
766
165
231
539
633
616
473
528
1078
803
869
704
517
660
330
627
924
33
352
341
932
154
319
176
473
583
902
44
503
253
11
308
605
891
66
581
664
385
946
187
407
968
83
198
516
319
979
687
72
3
484
239
704
651
759
803
550
44
242
671
856
308
264
792
99
704
1045
253
396
143
748
950
270
176
676
928
341
297
286
133
11
44
979
198
143
363
66
286
473
253
577
953
11
913
616
792
132
227
159
143
121
451
715
682
517
198
396
912
107
948
66
985
506
418
330
187
495
99
42
693
803
693
242
948
792
55
539
627
904
738
770
280
880
638
363
528
638
330
330
60
286
429
352
572
439
616
616
572
550
1078
880
1045
0
836
275
440
308
1045
308
242
738
253
935
451
935
308
671
594
154
88
847
803
553
102
110
308
439
12
528
165
242
858
506
407
814
418
1056
80
341
275
660
319
759
396
121
594
539
154
220
264
935
539
396
341
726
380
539
944
863
825
110
264
187
242
891
836
550
342
1063
231
638
963
275
396
363
264
33
33
495
374
913
913
352
198
968
715
407
627
748
695
484
495
902
11
352
484
264
473
527
758
1089
75
376
55
1012
539
781
869
55
649
1045
374
242
804
193
898
330
143
825
627
506
689
484
165
66
305
550
341
916
462
946
715
979
275
418
563
62
781
451
57
11
286
957
313
352
957
462
198
693
121
693
1044
946
935
781
682
847
308
484
165
154
451
539
297
473
583
275
877
649
462
935
396
594
55
1056
1089
275
902
933
693
88
814
44
541
77
231
583
283
737
396
902
638
506
836
231
66
968
77
649
55
451
726
876
234
132
704
33
330
935
231
99
449
187
385
990
671
990
990
374
594
165
198
957
849
400
946
924
491
29
198
528
451
946
66
737
1012
979
946
924
242
583
88
748
990
11
33
825
726
528
480
88
154
561
154
638
341
979
429
781
176
1067
429
862
297
693
869
429
144
495
572
297
473
814
495
746
222
846
528
1001
1012
154
968
979
737
605
946
44
33
176
51
979
566
880
160
671
1067
209
231
979
418
85
627
308
981
946
385
209
968
66
93
968
121
11
770
638
902
33
935
825
765
484
495
715
197
776
33
649
913
714
748
330
396
957
682
960
309
1056
748
451
600
253
957
627
110
297
154
869
108
330
913
407
792
759
561
671
913
913
261
1001
773
792
594
660
440
495
99
583
66
275
473
495
286
264
134
539
517
495
1001
436
979
825
66
1045
396
66
242
825
264
957
77
456
735
88
627
166
506
352
55
594
165
803
638
605
198
198
968
597
494
330
407
418
693
686
990
408
593
22
144
821
473
139
627
875
110
440
726
451
748
198
858
807
1001
121
803
198
902
0
367
572
946
484
528
902
935
880
836
451
593
368
912
473
154
946
616
752
483
1045
27
275
143
550
792
561
847
759
297
352
273
726
715
440
385
179
286
330
579
858
935
427
880
299
341
847
418
220
1005
759
704
220
363
33
847
1001
154
275
333
822
319
889
715
583
484
792
341
858
242
528
209
495
935
614
418
352
963
395
847
781
385
589
572
462
759
495
659
954
836
220
648
33
352
770
143
363
956
737
649
588
792
682
20
948
639
671
739
891
385
770
517
44
114
660
952
165
418
209
11
484
33
187
737
398
33
539
1029
836
330
836
814
407
583
660
186
253
1001
968
753
396
702
121
854
154
99
1034
781
781
627
624
242
31
396
1034
649
488
1056
858
154
264
33
726
847
836
385
649
451
231
631
411
814
583
55
132
858
198
1056
957
220
132
66
757
378
154
770
209
165
352
682
55
110
275
979
297
143
1045
385
473
737
187
605
946
440
1023
605
814
484
638
176
418
977
374
341
781
538
803
803
55
29
781
374
693
659
726
836
352
44
385
352
891
198
148
374
330
638
902
935
176
176
385
253
638
875
704
594
407
528
561
209
352
600
308
0
517
1001
838
1012
979
99
297
407
22
715
143
858
440
198
671
85
946
539
979
33
704
812
264
484
180
275
330
737
440
462
242
649
77
133
435
55
22
110
253
198
257
198
154
858
517
451
802
858
195
476
693
990
803
539
704
242
932
440
374
803
154
825
528
407
352
176
748
704
803
803
627
737
825
944
660
517
847
594
825
759
487
187
814
693
572
616
638
418
734
187
847
1001
814
165
253
739
66
88
495
990
969
110
712
913
0
11
242
946
924
693
581
627
33
726
836
22
385
11
847
769
649
440
72
1012
538
924
719
176
198
968
154
770
583
154
869
581
0
341
396
979
264
935
352
77
363
330
759
748
462
223
998
16
1034
858
55
76
539
450
44
88
594
556
649
330
506
242
1034
528
935
858
353
594
209
506
418
253
1001
836
231
286
627
1064
913
1034
539
33
242
99
55
770
891
1034
594
1012
352
220
781
605
215
583
869
143
682
451
231
748
77
605
836
605
759
264
226
759
656
99
748
484
615
319
814
363
264
506
550
473
904
462
198
1056
517
308
495
737
781
539
812
220
198
231
99
286
704
627
506
940
385
484
22
539
88
616
187
541
539
121
495
154
573
253
902
66
352
154
242
990
308
541
418
906
128
11
220
264
718
792
322
1066
957
99
935
275
55
528
494
22
110
535
297
220
396
847
352
297
847
1067
77
506
858
1001
847
121
726
203
693
627
780
231
66
850
0
374
814
311
880
146
462
803
847
495
363
308
902
132
440
396
759
428
385
352
495
165
99
649
495
726
426
190
594
924
1056
847
583
660
660
781
187
198
869
275
143
913
22
574
253
484
88
242
440
979
552
539
641
792
491
99
330
396
593
297
869
374
187
457
143
1023
924
275
947
132
495
591
55
814
22
792
710
275
313
506
72
935
1056
616
473
858
418
429
627
583
946
528
154
431
858
88
286
154
616
935
99
374
704
902
728
352
440
616
924
253
143
429
11
329
1001
231
825
385
660
528
121
209
22
1045
132
693
858
1034
451
41
671
209
594
110
660
561
968
1034
352
121
594
880
968
847
225
971
759
946
308
77
83
853
682
399
1034
110
33
671
1057
121
759
979
187
1012
942
284
176
132
957
913
990
319
253
814
638
145
693
847
396
308
154
264
594
693
6
858
165
396
825
1012
990
539
165
341
935
883
649
582
594
203
308
605
646
968
836
66
143
594
836
509
286
99
352
865
274
157
671
154
33
858
121
1023
528
44
154
961
484
253
88
825
627
638
657
176
968
143
671
385
836
165
14
1012
308
9
374
98
968
363
143
770
671
165
288
935
676
858
506
11
297
479
495
110
1023
418
495
77
55
1033
917
198
242
275
418
506
957
418
880
561
803
88
605
869
242
660
649
517
594
99
801
436
418
671
176
44
847
858
444
11
737
693
561
495
583
330
715
429
913
990
297
880
124
589
99
924
869
759
968
11
297
103
1001
66
462
35
682
0
638
362
957
957
583
109
682
902
770
451
616
429
968
429
810
737
121
924
715
957
957
953
869
181
66
693
6
325
231
660
957
759
231
286
374
957
88
385
825
357
264
543
429
814
605
803
247
748
144
656
121
11
234
66
396
341
957
726
440
777
275
792
351
561
220
44
869
492
431
699
27
435
77
616
671
869
77
990
495
759
979
924
55
949
176
231
660
154
198
781
209
165
563
641
643
297
869
352
660
594
737
880
341
55
935
616
253
693
704
132
556
99
264
329
33
638
187
407
616
264
649
308
0
132
858
319
1028
374
957
979
28
434
220
275
274
737
937
1023
902
836
418
253
374
99
561
484
308
870
606
330
495
858
33
934
99
726
253
638
235
418
682
385
1025
942
760
550
836
741
383
660
44
154
561
572
330
110
176
682
176
143
682
616
528
121
946
682
957
99
957
341
286
891
462
22
891
495
120
14
451
198
330
836
319
715
814
462
570
792
99
363
729
440
748
220
187
22
11
561
603
869
517
693
649
34
253
473
605
198
1001
462
965
412
957
891
495
619
451
847
440
436
869
649
484
902
1047
808
137
473
596
78
22
253
935
583
484
286
914
176
462
816
418
341
737
275
66
514
517
935
583
363
99
352
1089
319
757
809
316
880
737
191
847
66
176
242
539
297
848
0
1072
891
55
781
484
652
533
541
350
55
253
55
660
891
748
718
666
275
689
418
253
803
143
781
715
165
814
671
209
550
814
165
1067
594
154
22
886
438
748
418
22
154
759
506
429
638
1045
888
539
154
726
627
737
885
166
176
968
374
880
197
638
748
726
605
88
948
737
1056
55
451
386
836
484
933
396
33
132
418
462
253
253
760
638
119
187
308
363
935
572
330
999
231
726
253
396
869
418
407
330
286
891
848
979
937
104
693
198
880
352
460
198
550
77
181
139
869
782
321
770
934
484
143
935
396
1001
129
715
847
55
941
638
666
286
622
209
563
594
352
990
880
253
121
748
869
869
264
231
770
389
671
297
682
756
143
385
462
1001
99
928
814
253
858
957
946
0
484
77
979
197
319
660
1012
88
275
44
363
110
154
748
842
139
869
1001
1089
1067
957
906
297
374
568
836
33
704
242
137
501
264
313
902
946
330
407
1001
242
759
446
288
528
924
253
913
693
314
638
605
154
682
550
957
308
649
495
550
374
33
297
253
341
253
546
198
77
155
844
220
1012
209
961
286
660
114
176
396
748
847
941
528
473
561
781
605
308
936
121
177
1056
517
561
352
110
1012
319
1067
550
88
253
880
885
121
33
264
176
605
462
939
825
1008
183
836
34
836
649
276
880
77
963
990
429
506
396
625
66
825
715
733
649
561
231
44
616
154
528
176
242
528
253
264
95
254
385
902
759
11
979
660
176
226
759
55
627
539
704
836
103
552
495
484
847
924
528
242
33
418
741
145
44
880
44
55
251
176
891
832
236
88
660
660
319
693
528
814
737
823
253
638
813
1023
153
359
66
440
902
329
792
1024
1021
936
308
88
143
308
781
844
788
880
506
13
979
354
671
671
440
995
574
66
264
861
132
605
957
638
363
726
650
242
970
95
583
1
990
264
308
924
737
825
484
328
352
143
957
583
836
671
78
1001
374
429
1012
462
440
396
531
54
1056
154
1023
825
7
484
187
1023
11
77
561
77
550
935
1056
482
165
121
198
968
979
946
264
363
286
385
418
174
220
572
669
445
484
869
528
198
628
1057
231
688
418
517
880
88
308
946
209
572
583
627
506
90
264
286
55
55
968
537
869
578
297
176
714
1045
401
693
726
957
154
660
484
594
867
983
51
407
110
693
847
825
352
165
1056
440
197
259
660
605
1001
538
22
22
1078
292
198
187
660
308
253
363
605
286
506
979
132
583
250
418
638
894
502
396
352
946
418
979
968
352
440
572
1001
759
475
145
748
770
759
935
330
269
44
525
374
418
704
407
528
11
444
803
374
363
979
407
737
187
11
205
297
572
842
792
253
185
935
681
198
297
99
1001
847
968
952
682
11
902
517
873
774
957
814
55
858
505
957
979
231
407
755
704
770
550
891
374
110
550
968
586
253
814
913
220
1001
638
22
275
902
605
396
176
150
693
671
606
451
671
198
561
393
352
330
704
715
187
209
979
396
374
110
649
704
771
814
418
143
508
891
968
762
957
528
407
935
319
223
682
165
264
446
440
836
616
687
1023
462
570
517
572
154
517
462
77
319
495
297
704
792
759
968
88
352
550
385
530
389
102
110
0
803
604
319
836
968
1034
891
126
715
847
1001
1012
209
561
528
165
795
638
66
572
858
33
935
341
429
495
356
767
594
253
627
418
685
572
605
913
913
451
699
561
891
99
825
451
180
964
319
264
132
484
902
330
561
319
759
814
674
270
319
506
198
748
918
792
308
737
836
638
286
55
704
469
253
748
70
672
462
165
143
11
781
110
429
968
715
858
858
165
539
858
330
440
869
836
423
748
440
935
836
913
1034
620
1034
495
79
573
693
264
1012
22
748
88
390
660
792
1012
990
781
143
924
308
1045
841
539
484
913
792
392
979
550
495
660
803
154
671
926
739
474
253
627
792
935
125
682
715
550
143
827
597
628
484
242
429
110
836
891
874
0
1045
297
242
462
11
742
374
132
561
484
836
275
497
187
286
352
121
671
506
503
902
116
231
726
451
248
572
869
550
418
1034
132
891
946
990
330
275
397
517
682
22
0
919
616
550
33
858
66
821
363
319
99
319
374
264
194
275
748
869
209
451
308
935
748
253
550
209
22
451
766
660
110
697
297
703
451
143
1001
693
550
203
715
1051
1001
176
715
979
132
374
1056
413
583
594
605
99
110
143
814
978
75
110
0
198
198
766
606
968
137
957
979
286
506
321
550
583
396
56
531
553
109
462
176
858
305
605
242
155
44
759
330
374
99
1003
898
473
473
825
528
165
143
286
451
264
814
75
957
396
132
550
396
946
880
135
341
343
836
77
785
933
396
759
242
638
418
319
781
880
44
319
220
154
803
572
181
794
275
638
1001
858
451
418
561
241
385
831
154
616
979
891
924
93
1012
121
726
33
339
83
550
704
880
341
121
286
66
220
825
825
220
253
253
55
412
396
902
242
671
880
913
773
858
409
385
374
418
319
33
242
605
385
341
484
682
371
407
924
440
451
682
352
409
273
220
33
242
671
110
1034
747
407
660
539
1045
1023
121
341
253
473
198
297
946
154
682
286
1067
737
559
631
4
407
495
594
572
979
847
432
671
341
913
462
451
319
759
847
748
253
770
206
484
695
572
111
88
165
275
1
451
693
66
407
275
914
451
517
880
792
583
649
198
732
957
495
935
517
319
968
429
308
495
66
583
523
943
220
297
682
330
990
55
536
212
748
237
450
187
1034
198
583
467
484
132
462
528
300
957
1045
1067
209
73
644
737
869
605
825
321
874
759
614
715
594
647
242
374
836
792
836
622
647
495
88
429
891
389
910
539
291
407
845
715
173
495
407
770
682
22
517
176
440
416
838
638
352
965
453
561
528
979
484
187
990
902
847
715
847
97
106
968
66
869
286
451
110
572
275
649
833
905
974
682
517
517
935
654
77
924
901
275
627
880
418
121
169
633
517
451
847
11
665
858
198
726
748
264
99
836
880
671
572
66
121
11
187
385
440
671
901
962
957
330
957
209
594
781
396
770
434
1089
909
924
737
748
627
994
682
330
330
11
649
146
748
55
649
205
968
77
385
63
913
915
990
143
77
44
605
539
583
825
638
165
801
5
683
473
847
759
363
704
957
135
176
634
231
55
760
605
561
781
648
660
396
330
517
484
1012
385
627
748
189
418
1079
395
44
528
539
143
462
220
242
99
484
407
811
1045
55
367
946
891
891
660
484
326
154
1009
396
880
781
198
549
1021
770
886
13
880
803
854
561
264
616
253
374
803
1012
990
341
583
88
825
385
440
621
242
592
693
110
33
990
946
990
832
957
546
88
957
957
710
627
979
715
811
655
154
617
638
418
517
341
0
143
1067
275
513
451
627
704
802
396
671
132
418
516
1078
352
517
11
473
297
66
484
66
280
880
187
411
297
251
693
712
363
176
143
418
825
341
198
1001
110
22
704
737
682
814
968
1023
806
473
649
342
165
737
891
374
664
924
781
748
165
2
185
139
582
330
253
990
913
739
693
1015
188
275
528
44
66
715
484
330
913
143
286
55
341
715
495
913
165
844
44
671
198
803
638
572
484
527
154
275
110
275
330
495
517
859
616
220
66
275
110
594
163
245
210
253
902
940
176
332
830
55
660
693
715
704
451
561
176
694
116
221
648
121
121
242
924
324
736
143
169
242
793
517
154
253
399
792
228
836
393
759
902
185
11
187
55
231
143
275
572
351
847
770
253
329
814
11
1012
363
715
539
825
419
187
1045
275
110
363
495
209
649
776
173
659
922
1089
825
934
473
770
968
660
572
33
1001
330
517
924
407
935
121
737
223
484
891
231
937
814
697
539
913
77
99
543
935
66
966
880
362
671
154
337
187
121
657
286
385
90
451
660
847
638
462
44
121
33
396
407
297
55
726
636
308
638
407
252
924
1034
652
1033
374
209
132
968
84
748
1067
649
0
495
616
55
660
286
1088
473
814
66
880
627
984
847
165
308
275
319
627
704
165
99
638
319
1045
902
1074
939
1034
484
432
341
372
462
539
4
121
1001
66
297
129
561
495
869
539
889
220
1078
539
308
154
407
297
231
968
1001
77
594
33
385
429
616
528
683
854
216
176
212
44
495
869
748
407
396
824
682
242
704
781
594
0
682
253
496
623
528
319
121
854
561
396
55
418
517
622
501
440
957
517
55
1067
429
676
814
1038
484
396
308
121
715
925
990
946
387
198
198
1012
407
374
24
244
605
66
495
726
22
198
594
724
821
891
869
440
935
66
924
247
528
385
33
55
253
858
539
403
440
231
693
418
880
495
374
189
121
729
682
749
950
962
473
902
77
770
671
138
363
801
836
286
66
627
66
731
506
22
352
33
608
836
351
627
33
737
55
143
572
759
722
209
957
561
308
121
576
407
165
297
935
550
979
330
726
407
143
157
314
671
96
792
814
11
198
682
462
143
682
44
1056
583
506
242
572
308
154
825
466
44
143
286
477
550
517
826
1032
110
990
266
429
451
891
957
429
645
44
640
886
176
209
813
209
88
563
954
457
275
704
544
363
715
957
198
957
649
1001
264
726
495
297
935
418
935
748
77
132
44
528
373
979
605
44
605
726
947
341
110
209
451
0
957
523
803
741
374
253
814
572
199
197
388
693
1034
347
550
539
605
462
946
275
616
385
317
44
378
53
231
525
510
561
963
616
11
330
814
704
11
77
429
790
627
385
726
550
55
737
957
280
251
605
81
1056
484
253
88
781
99
528
902
1001
318
704
957
1067
836
44
649
902
979
781
462
387
121
915
1078
242
759
820
77
814
308
847
88
605
418
575
815
913
880
616
484
897
737
869
561
616
517
473
660
157
638
22
770
550
781
715
143
165
77
407
198
627
1037
198
655
66
22
869
99
341
572
198
88
594
605
308
671
693
649
660
880
232
187
350
165
553
891
693
891
1038
23
836
737
56
781
154
236
286
352
836
1012
539
627
99
869
187
737
924
772
902
385
638
517
76
1074
781
750
847
82
506
781
242
440
946
231
649
429
462
395
847
1023
121
517
880
407
682
470
891
517
781
627
671
143
935
267
55
1001
847
517
407
748
165
781
231
451
561
396
264
935
957
756
495
523
96
341
308
128
836
143
648
627
754
605
121
33
957
759
935
506
990
55
484
44
652
44
540
451
440
165
660
429
561
199
781
978
535
966
187
165
495
99
594
594
165
132
11
143
836
341
1067
1013
583
572
264
440
484
825
836
319
782
979
1045
352
440
770
187
275
308
231
979
968
421
264
288
99
462
891
286
990
627
429
275
860
187
924
1012
658
659
561
89
627
319
572
44
682
528
561
198
166
341
154
814
759
244
363
154
484
198
660
77
77
572
404
792
44
209
649
572
682
792
654
209
605
605
682
209
729
1032
935
924
792
22
407
803
242
242
836
594
858
836
143
706
81
329
286
748
341
613
566
748
440
275
10
418
297
451
935
110
429
354
253
682
209
176
873
220
385
770
1012
781
979
699
77
141
927
397
423
913
286
649
726
16
726
11
422
462
583
231
935
869
495
803
99
858
1078
550
984
792
858
847
506
449
517
737
880
55
1086
550
352
242
88
352
517
217
561
847
770
330
457
58
154
209
550
187
693
121
374
572
616
374
992
693
253
660
286
231
347
787
605
198
637
198
616
539
88
495
418
336
993
1067
968
1045
649
44
946
902
265
132
0
462
770
506
1023
928
946
624
110
605
341
495
341
724
341
165
704
1001
836
583
495
11
396
814
594
891
253
847
803
297
55
880
55
165
902
649
1001
825
213
99
660
1023
759
748
649
539
660
1001
539
514
748
935
759
55
462
913
330
880
176
539
759
814
330
187
583
990
616
231
198
726
319
672
924
66
319
682
66
677
517
1056
440
407
1001
730
561
605
902
484
445
286
858
902
814
407
44
836
77
682
187
418
957
791
1001
766
611
253
671
407
99
920
979
638
787
1001
501
612
1023
385
605
935
176
935
528
506
396
594
495
77
112
297
857
970
847
682
979
759
968
1023
44
632
461
495
605
11
759
770
154
715
658
528
567
528
781
594
1012
66
900
1033
1007
440
838
520
880
550
407
550
638
198
33
528
253
616
858
55
473
594
583
275
696
759
198
267
880
770
298
748
308
759
176
275
156
330
891
990
1044
924
220
536
847
979
724
391
891
143
594
135
973
374
255
93
175
535
953
407
0
484
228
880
220
495
627
88
583
122
495
220
6
748
708
858
902
968
737
484
935
353
550
803
209
847
22
601
352
99
121
440
616
990
858
395
1012
286
1078
924
1045
0
561
407
957
770
165
264
473
781
792
11
231
803
11
770
847
803
902
814
539
473
1045
121
748
572
363
264
880
44
1012
154
231
682
321
452
198
660
187
396
759
935
781
870
550
836
77
108
143
979
264
902
649
374
88
484
682
693
781
385
594
891
177
308
553
969
110
517
935
899
682
517
39
88
583
781
781
968
884
858
536
55
176
517
176
770
924
363
919
44
495
440
869
166
176
846
583
253
748
781
770
977
517
382
998
506
99
44
128
253
198
858
55
44
99
946
517
165
110
484
583
495
319
341
121
66
746
455
968
595
836
187
969
66
363
121
66
108
781
77
957
880
385
616
374
616
429
29
671
603
638
946
253
770
319
902
451
1001
683
572
572
1023
847
583
858
707
77
935
549
902
261
209
606
767
825
1012
209
330
99
65
211
957
902
303
396
484
847
726
902
990
880
781
1004
517
330
571
119
418
638
969
286
638
44
957
627
704
979
851
429
582
122
187
748
1001
539
121
264
11
121
792
176
847
814
66
154
1036
572
165
814
974
737
825
649
715
446
913
451
737
759
550
209
1023
473
792
352
946
143
594
44
84
713
71
902
660
956
781
143
605
561
275
682
528
330
1056
858
957
385
935
935
231
341
286
1012
30
132
231
869
439
671
154
385
55
605
759
452
451
605
187
583
52
1025
583
381
165
176
736
1004
286
660
792
303
610
309
365
935
396
986
110
572
330
385
667
990
44
704
174
924
374
338
704
209
66
374
77
693
231
660
869
836
1045
1016
22
55
880
11
638
33
1012
77
80
165
803
363
62
891
990
121
165
831
495
462
90
176
847
473
88
220
832
1067
676
638
2
319
407
33
561
407
561
253
495
176
363
748
792
853
462
891
594
253
690
291
330
253
790
473
473
385
154
187
605
308
761
759
990
649
110
451
489
44
803
902
33
646
264
682
1045
220
374
803
330
594
677
902
869
418
759
693
396
494
957
231
737
748
573
429
414
66
561
22
462
484
778
1007
649
286
299
473
723
237
539
517
528
853
682
1089
561
220
161
187
1078
407
968
660
880
649
385
88
484
352
473
728
669
11
913
968
22
572
1039
441
430
252
770
154
847
539
11
1012
572
407
22
649
759
792
737
396
759
528
979
561
553
132
1023
1045
99
836
880
913
429
66
594
319
832
795
66
44
550
451
445
158
176
131
495
517
935
370
1001
198
814
495
869
727
154
253
44
22
550
583
198
352
935
977
809
253
913
803
803
0
462
187
473
110
528
682
1004
194
363
99
1001
187
330
44
649
810
66
462
748
979
726
671
396
957
957
77
1068
759
561
319
220
527
1001
286
902
803
341
88
1007
165
902
62
329
660
804
55
913
427
154
682
372
151
319
99
583
495
242
429
1023
139
308
319
583
451
326
671
176
0
396
429
737
847
682
561
630
33
101
902
375
495
220
297
286
924
44
880
22
770
913
709
935
880
297
506
759
275
946
176
1085
671
506
1079
495
44
957
517
154
484
847
363
627
384
869
321
205
594
143
209
1034
648
971
627
66
33
495
968
396
924
231
146
940
517
1056
253
911
847
506
660
242
440
990
11
671
979
55
33
385
858
520
616
693
0
1034
396
703
390
891
396
913
605
880
572
836
416
176
352
143
605
737
792
176
561
704
471
1012
66
913
99
33
220
777
1023
289
110
803
66
311
176
957
880
836
902
506
748
11
451
330
941
473
539
429
319
726
517
440
6
618
682
583
429
671
213
528
426
332
154
737
742
693
55
55
66
715
600
492
1034
660
374
407
913
935
539
286
616
495
693
396
451
31
55
891
198
793
440
982
220
1045
946
660
451
944
803
437
748
605
44
660
803
707
692
882
704
1045
517
330
605
748
671
121
462
198
891
0
418
22
990
990
407
737
893
484
891
11
759
847
858
649
275
649
803
418
275
1078
154
189
418
99
70
726
198
110
538
803
539
422
77
715
803
157
33
429
474
11
473
881
533
722
132
583
242
66
858
1012
110
874
517
385
462
242
649
825
704
529
781
495
1034
571
649
253
467
924
1001
847
867
231
429
44
680
77
968
909
385
165
517
11
968
99
536
749
550
22
616
13
227
22
1020
220
616
121
814
693
627
136
418
517
726
737
1008
583
957
935
394
110
297
55
723
264
946
176
975
176
209
825
517
99
297
0
944
938
121
55
176
1034
363
836
484
770
583
187
901
110
407
517
902
228
242
209
759
616
1063
291
99
720
33
651
990
539
17
429
177
99
442
890
968
429
121
352
550
913
979
286
143
671
891
247
33
781
253
627
715
787
154
913
297
66
737
554
825
660
901
110
803
187
407
209
154
770
902
847
242
641
539
758
154
715
275
495
693
490
958
1044
583
989
209
1067
159
275
231
264
693
77
660
671
429
188
66
176
264
88
352
66
715
876
99
517
792
44
968
66
781
429
143
308
430
44
943
1012
462
165
561
1056
242
121
1009
143
275
429
274
341
143
99
264
671
847
607
154
736
143
473
792
938
671
242
418
197
396
1001
880
979
165
341
473
704
847
451
220
814
990
737
902
132
154
979
462
237
847
704
286
352
638
583
770
262
1023
341
99
454
198
297
770
517
550
1035
985
407
352
514
726
858
55
957
649
484
847
286
341
396
363
803
385
222
44
605
665
330
209
726
968
380
704
992
203
374
814
924
484
319
759
913
154
275
572
506
216
154
110
121
432
110
176
880
275
396
957
264
594
1040
209
143
330
649
165
355
231
22
627
550
581
252
242
1001
891
165
363
22
499
891
187
693
892
888
253
155
594
594
109
858
616
737
729
891
572
77
290
732
645
374
935
1001
924
792
912
572
462
253
902
147
592
352
297
781
77
732
1060
154
839
55
1001
198
451
957
554
176
308
260
869
599
88
725
473
231
308
648
561
913
946
374
902
273
165
187
132
319
946
440
627
110
616
976
781
624
0
527
836
429
517
825
209
286
528
433
77
611
689
946
143
495
165
421
979
649
385
946
646
165
99
913
532
66
66
396
891
847
77
682
646
572
242
746
968
913
539
1034
1045
935
418
583
913
121
176
759
91
594
868
517
803
341
650
935
913
385
759
968
277
341
462
77
1065
715
605
559
370
484
273
396
176
880
297
182
308
242
517
55
648
491
432
308
646
999
539
1005
418
228
440
572
169
154
1056
363
682
471
693
869
770
0
1016
1045
935
462
209
154
1001
132
33
517
715
457
344
302
828
481
440
682
319
22
671
880
686
484
770
319
1023
842
341
1067
327
550
770
1
357
836
363
121
517
66
913
737
310
924
715
1001
726
990
110
44
847
253
429
733
198
396
297
682
583
704
737
352
22
187
227
880
418
726
55
308
979
242
704
902
638
77
198
495
935
935
671
627
756
649
869
209
395
770
330
348
561
924
99
990
845
341
847
473
344
737
451
396
473
847
341
473
649
708
682
316
1012
957
649
938
322
814
770
45
451
253
197
786
748
594
33
539
831
550
66
715
807
737
935
1034
1056
99
132
968
385
21
396
12
242
803
616
33
1045
913
242
33
18
871
946
146
374
374
825
1042
946
418
561
77
33
200
209
187
886
143
517
632
484
165
494
132
286
825
990
242
396
451
539
209
704
99
858
715
935
482
858
704
560
968
286
199
572
891
22
616
671
225
658
913
544
550
886
110
770
244
803
258
1016
341
869
134
902
154
484
33
968
649
517
264
517
615
704
319
759
728
187
737
913
851
319
594
591
539
605
319
572
165
264
682
88
550
935
242
836
528
319
92
297
220
891
402
132
88
55
22
66
77
176
668
429
660
1056
165
418
154
737
924
891
66
88
996
418
363
627
848
804
429
363
869
571
462
330
608
411
825
231
814
946
644
600
418
979
858
33
495
495
578
770
143
418
979
737
352
405
429
33
946
836
110
165
418
572
518
968
726
502
770
880
913
341
803
438
869
1012
704
374
560
558
88
80
88
605
176
891
286
22
143
715
451
691
473
495
550
583
616
152
616
1012
968
187
330
209
649
198
407
462
484
745
1001
165
88
902
616
231
902
418
171
561
660
935
676
858
6
942
946
440
44
594
605
297
396
275
275
869
308
440
247
946
1067
1034
317
489
33
892
165
209
776
759
319
550
187
165
715
33
528
231
1056
319
341
66
572
312
404
788
847
1045
451
693
209
265
99
374
33
44
528
406
979
143
495
253
121
165
935
165
830
1067
924
253
181
704
275
264
316
275
143
880
583
682
682
654
946
968
242
69
1089
396
814
528
253
517
825
638
117
546
293
946
462
363
260
418
319
440
165
693
870
622
330
94
186
198
88
730
341
418
957
968
418
122
605
759
506
44
960
902
891
671
726
176
220
538
11
1045
518
369
66
935
935
231
180
627
627
132
220
638
407
1034
594
847
165
430
990
61
748
979
792
727
462
979
930
66
462
176
880
33
164
590
451
407
803
385
965
440
189
66
44
583
424
11
946
231
385
165
858
759
704
275
33
924
22
198
429
649
770
418
528
33
913
781
429
605
407
880
770
803
759
1034
340
176
176
154
737
451
209
726
100
825
330
187
319
770
319
357
869
528
418
715
781
631
242
979
187
860
330
33
374
275
231
890
11
165
145
110
605
11
473
726
891
616
774
968
803
627
1045
776
242
915
66
932
330
671
308
737
847
451
67
547
253
715
707
77
87
11
671
627
198
154
730
990
330
827
704
660
660
176
319
858
44
579
241
286
638
825
539
711
440
561
302
1012
132
891
445
946
660
179
847
198
920
825
198
761
759
178
198
154
0
517
99
649
143
935
165
704
792
231
88
484
984
517
633
760
253
1023
407
220
484
726
998
424
477
528
132
11
275
638
1001
22
451
374
649
319
924
990
649
275
341
33
693
330
187
583
396
363
484
979
982
847
825
440
209
308
759
385
451
858
337
671
242
198
948
87
957
963
55
594
650
748
786
187
946
154
88
121
88
458
154
693
528
1067
126
33
649
627
55
445
22
1001
714
88
506
781
231
242
198
890
297
979
869
918
792
106
458
594
121
275
330
627
176
726
594
111
495
539
363
957
99
99
121
264
385
77
491
682
550
431
979
264
33
363
847
1034
66
531
951
726
265
77
583
803
308
284
682
792
352
627
990
330
60
627
1023
417
704
482
396
451
236
550
913
330
399
71
231
440
616
81
759
66
198
462
1034
836
1045
968
231
440
264
704
374
638
528
862
326
968
550
737
715
894
220
165
308
572
759
297
616
638
638
946
484
682
143
66
781
869
55
792
652
704
891
781
918
924
715
957
132
715
242
242
561
594
814
550
913
341
110
407
682
561
187
660
269
770
594
660
385
968
825
28
583
363
132
462
11
