-115705453
-26766688
1233751794
17853213
-4370941
-295696228
29490988
251174946
1732268491
-40694909
-205827442
103016391
908659979
4859014718
-124552685
-79676276
-82345843
-31632
175112547
1168797165
-515677334
39894669
37403851
1017364688
3708503
256689175
-143522713
809574311
303320818
-15499974
3439912870
-590328747
1444220786
-511948898
120933380
4681525608
-1055310
42463500
426366212
170045320
1113303453
49087631
326416443
383441061
1678951301
1185125876
-254639178
2312064206
3571857653
918883341
648611375
-118888734
630291090
-15275322
-18498001
2456735527
-128215668
440306245
4028456497
-6274664
620484
-1261258
963940620
-378014446
1016159022
17184358
122432952
60243906
218676571
758822834
-119277885
2028781698
-110600471
912886460
-199666391
351404339
197858284
266725564