-539045531
-14087806208
-448857569
-287794104
-4882679833
-7276600043
-660918690
-3601327426
-347326114
-34831988
-106137983
72554
948904520
1586974
-6653368171
-223014590
-752152190
-11847970255
-3624746432
-1445466778
-356114732
-1211609564
-6902203267
42346573
-1642382197
388577989
1780293348
444585131
9875537
-9919056542
-7062361572
-5109326850
-11608241
-1214122440
-304457256
-98550274
34522131
-10997579775
-97124277
457400092
-643579758
-4282423226
394709486
-2655420908
783070442
-48179579
-4542111204
-34272139
7684338
-2843013888
-299855236
-417586619
-385423523
598401504
318935997
422538086
-14928875500
-9199096528
-92515817
-400965306
-731224255
788093386
-3846000047
-5565849182
103604772
-19816
-7842173974
-809413399
-7564213596
-147141431
117088088
207049973
584035340
-8717452801
-42435399
-236484065
69545012
-58641933
220287703
-147894255
-3032709231
-9142000738
398256902
144684363
-926750
-6126287878
77760104
56617390
608644373
1281876
-6563616166