-8983069909
-111162
-118246567
-292570765
-3281140421
-682858789
15228344
-7180250116
-451820282
-1998598890
-26586165377
-7418070433
-2990734630
-933962012
-4614116441
-4691209492
-5074795885
-44473028
-101452
-746694713
-84627
-3437476837
-2951308
-5005892381
-1465675576
-928148374
-1041036787
-14033822989
-3246627601
-59123436
-4715507524
-77274125110
-41065580501
-61483883960
513534397
-50076613
-1328748783
-13071896
-3604441785
-25955882
-31623528238
-4300089
-87676560723
-8431566464
-196112625
105612673
-38325456579
13543244
-36605943655
-1708172560
-5761037920
-18894445368
-9710965418
-30710246025
-30576856
-3816821655
-28188848545
-7862630181
-2298713644
-39177502383
13665520
-4345056876
-49130525064
-14492891605
-4727213740
-5549396775
-1153606961
67081365
-9422351788
-19239175532
-93940470
100555361
-1827412057
-31801520158
174386328
-2687118095
-2343916791
-31582306186
-9745490081
-24192531988
-22942629
-119632046
24915296
-8052240008
-1901261456
-7539893
-3075577843
-7286337749
-3040410932
-3138698254
-11680583543
-160463988
-40497361254
-837799536
-5009206917
-3768131679
514530373
238927214
-159157580
-5718609505
2471423
-11616994662
-1291840609
-5796204699
-3630972071
-14073259062
-707197928
580485787
-17969197717
-21115337788
-4724049245
-1363329127
-6361928855
77614387
-200037080
-47505958263
-2259019593
-15170545960
-239020598
-443363470
-12606778710
-5884106972
1274071
-27061836
-87980697343
-5635560500
-130770055
-42901845060
-11298097301
-928916916
-27108886098
-598736574
-6058122303
-169457451
-34695242649
-870409261
-86613137270
-19111849
-10502604501
-808642156
-10530385659
-1116870772
-6862167012
-388363764
-6685835582
-19327291
-49415367777
-11479817718
-27466058164
-286152681
-67625924
-57566135020
-1121184923
-34946976100
-379351957
-213850080
1081519031
-74524547858
-3900553962
43317975
-2076554
-7132789942
-32623590618
-42766488
-9914577687
19335936
-1490467171
-96432750684
-38663614390
-1359693855
-136262459
5833396
-3191532894
-4880274192
-1140946330
-13018186965
-7210360083