-5189060
-26494944
951309455
-1162076075
-39063692
24079044
-1032055380
121335
112573797
39260014
-186526
7906660
2224069
-1748156439
953572159
22933
236705477
29980861
-621790
-1045917362
-32919561
4085085
-1449844082
2309851
42108381
-1315070579
113102402
-335584951
-282081510
7759358
844034384
-530960537
-24287362
18439050
52736221
214511307
75735888
-472560855
-179793030
-48094218
-5506250
138446121
-123715753
-336619827
11410716
-432968635
1282589859
117171894
-272218552
140747911
268771933
3069553
1232983167
-285320271
-244044394
-59923564
-1497354340
-300956725
155483937
-243370859
-272308482
-109656691
-637234679
195158013
74967010
-132418767
-50701529
105630169
235213251
1184223
50238041
172361882
44823922
3188635
-57633783
4219904
-854798648
63620053
-523523
-338788116
-196929482
-30047825
5617345
28003590
1194581617
-135396600
-66398615
-804803259
-439608553
259426419
150681884
-4496633
1037990511
1484868946
-508857011
92308548
-1054275021
90041454
-480382713
7169345
24507380
776607778
15322092
47002071