-351624871
-1098554509
-2974088570
-1087574872
5392730
-2273178433
-1242275
-143924574
-595593576
304956059
-1464432894
40741339
23380
-113327151
-30098322
-220856481
252895014
-3362501598
-714447470
-1269288927
-63884094
-3458514
-108220745
-18041002
-1521503066
-241403556
-552487765
-125825886
23766722
-2676765262
-19233611
-29849377
-113141834
108991473
-404211103
-52051546
-507630051
-2076290856
-295378022
-407177682
-159141699
-1026972933
-26235767
-12049042
-2178806688
-2229522792
-257864834
-72627266
-100798819
-48224589
-612948
11213591
64617864
-48022925
271423082
202370822
9379163
-4187433431
-236542710
-1564896229
3342673
34660577
109375168
-635092927
-317051353
-24721112
-1313548475
-84321571
9938548
-318457012
163154520
-1126093696
-2422650794
-1395103416
-9831076
-110466655
-74277636
-56080084
-8452922
-74870273
-1339132289
-138072707
-617817795
-2197571733
-383537
-6771791
-850630957
-356138819
-3468438
2202515
-697774738
19606098
-458438185
25907791
-68683268
-266952
-515840123
275159538
74239486
-4552132
62871
-11641105
-104957692
-567374244
-2395184950
4193970
8792
-3904848
34689510
-1070515284
-2075249513
-18280488
-41025
60831514
-2356137828
-51270587
2056019
-6364788
-1180708570
-968560
-1150440901
-462386
-909413175