438124927
452978402
868811849
970506700
559090775
785837195
250895498
559090775
545022449
490955591
457845680
582844167
571163936
412230852
9739263
929685156
276818569
674641816
718336541
838815029
844156402
868489032
520413300
455685302
18469599
232692778
124198493
199871256
429076041
954204074
690058214
834827877
891184700
573355456
53502982
606890541
468779656
996130930
569177961
538487785
122355170
127218578
673513670
311868744
540158032
454597923
921450425
776314960
582203669
182402635
179116487
856686252
816699451
344540476
593769305
678935084
882031945
569177961
482746291
776899233
169807890
988415445
674835567
411147750
781355607
977770827
272707537
498699054
917357858
642842652
859560682
236942108
857585218
898703216
568055094
954970696
170385119
338813388
779325039
542173550
74124162
497749287
589840596
239613554
644798636
506581399
506671235
1088643
422584822
108727385
549162633
922197340
256932980
318456041
384247054
259096484
764683782
431131393
326008491
54935282
