294464327
727425012
245321089
334513978
787815510
497881148
250895498
776660706
618769604
711456169
138545913
907842207
566186573
868642723
818871109
255538292
383133705
872438138
743152759
928908605
251518399
18981173
520413300
849475674
174101649
217908382
978980327
400739486
941252986
165845101
268229303
646375460
818873863
972472943
91095375
618314393
949460179
413603335
200989503
803262777
780535707
133542993
760037818
956587632
664965100
957132000
921450425
284230369
725439495
727995798
179116487
946412003
816699451
377735169
556721414
59481007
553915314
200989503
392172839
296433915
169807890
422383070
244310145
411147750
241885782
677567125
741576783
660946668
170446898
994209150
121748345
232099948
301131446
777882362
568055094
954970696
67296214
237426613
144375774
137067633
627540484
610563948
568245140
263110388
225231098
506581399
125460180
926437816
539473069
108727385
438107843
75168399
655526465
318456041
384247054
117657018
100983796
524785044
975538882
727904685
509819133
627625388
128955789
373163884
175756337
190238757
655670310
88133878
857381346
913467715
827951510
339423996
328668218
409919745
708813072
603391487
504315361
553080054
109329019
585240412
982834075
960787802
307907584
133133334
689663355
282064198
843258426
36640391
270026913
867563471
574197686
610045848
453195864
78904355
487961688
790823703
508642952
257030539
5276465
730707533
463930986
790890648
895247792
728349750
720993820
487810908
217424121
667484514
875297244
932899123
144204903
767680735
466126250
619543958
38006439
452623809
664608954
475541496
961880309
488021534
377289854
737702570
98179667
278795056
441390887
311740171
771315051
134479112
540420096
705247859
958925391
428984729
352709493
997879775
730855794
823610900
107079201
579395583
360451236
740361443
211421543
597196554
337179328
884729567
271067091
223753047
953881840
895875788
65111109
532796817
166502846
233164736
409983487
384369037
736776325
925530702
118735787
761635714
755127965
720136992
395007047
163684376
331714294
505066055
337036335
906787455
292101698
765556231
810777023
474519776
419384972
128751900
788796167
251503753
129008436
94876204
633717392
200150905
51074196
340814040
455182361
886345500
869685110
767645677
424861309
627467211
721294318
429241760
379776227
297828709
229095480
717053989
717959527
261115033
941856327
106398586
834705290
486139652
157494410
658621076
230328344
233164736
421263144
48868698
864280125
3634617
256476441
719923799
985695678
492556415
580304161
126438146
467961885
987155597
377779272
570284042
280721041
566917005
685685608
431714619
493122177
480961294
932986026
72772960
920984505
751419679
768022052
725592817
612370044
576945567
867563471
751187194
128638768
72744530
835456123
636514969
688230775
578229685
352598516
13928883
579317088
633713358
238457573
289247619
599896216
205720261
709143811
981695004
320087335
127071433
905490053
545960428
19193974
525307138
359777265
843147918
643668925
367482398
388756278
183916953
641921836
301722661
798442692
471471389
927994050
545324893
966709940
69109861
955381106
331781236
338448469
388215251
537804625
363616720
685649089
254488210
612891225
617942641
927675706
359196295
894679230
532504073
320295983
219885666
771306527
576517176
667265137
523285368
343160598
941462429
195034275
650154767
865650648
460634349
610406185
706952970
510392013
717784580
548041678
521840058
819352778
76636744
963410280
213008022
237224220
593074436
138206270
818815605
420523575
793724894
160266004
365195236
338874695
302799798
129575413
210131926
757107808
614722696
788796167
868565646
966122128
493702036
168301187
396044192
836317698
690163577
824301908
629226984
224238128
821451514
286230934
390270746
862182706
848388439
870747809
876631790
876716967
714236432
584194684
478479741
574915542
83134846
70574950
541914099
696055482
643367324
601418969
537789307
234737651
794059967
232449564
689709701
301265164
618961879
136202326
793724894
768291401
283158669
704546608
308375457
537521361
690511685
698943416
591921740
960787802
815736605
963157845
896207529
41961972
321354943
664608954
585965224
731448196
367558108
754534136
884729567
746609740
465295964
142863366
171038717
489550203
136574707
300399610
734014241
292549470
206373024
858091169
521850095
380289245
567370266
753706822
864432201
248295837
573892543
952547018
867563471
552713994
43875065
906473844
12032414
965312614
524951971
17464001
252534968
502546836
187634962
23764787
887807937
939111680
209559745
140239758
575487804
366785580
213718562
552293198
204060026
546269571
289967152
888938909
250971032
985708508
474792188
369430012
734155676
739959003
9953116
169755681
884529775
672430164
98110758
198077001
629915151
62504279
305094107
583867600
2755562
391866501
578501741
525413052
710485678
113325419
439660506
413146598
245637722
645554865
313628956
108772892
877529834
126742908
796327569
500534857
89670506
210863686
304854372
19436980
858597613
970051258
745646437
137232517
217225950
489016262
164620147
842991518
922189680
21
653437884
307025695
328203392
209841187
102477433
631800034
65960768
874916250
28654087
863678542
57743394
479071125
199104091
286434856
790348069
609899561
730883044
616208082
965375156
139580054
195083140
171287712
32834716
720407778
672852741
605564433
132870614
839570361
983163266
10656659
655352470
104556707
88998750
663172291
292597816
778520515
518602973
956126775
441333678
609754989
186717653
159282635
925821477
278657957
55778327
811889338
774210231
808940277
253725000
117025616
527833496
423355276
28654087
541252842
359530887
354861167
208435909
403177136
418296221
163180777
374761229
143788751
355984206
816041637
732255811
120955444
449191388
901806361
779918999
528553492
15170728
785436142
603971253
343837345
861403820
473508148
285716871
673612134
33945160
929750104
881500596
529706300
815311049
856080033
251697545
580214229
189073502
584719549
832598590
819394311
466526243
609253895
337179328
110213039
875669131
34279911
334718318
996851231
606948925
584254637
287529900
295697264
868307178
510643435
555897121
586656972
245444140
331690162
380691138
687611896
393269812
539473069
840437213
224188528
35960823
914391338
78585526
378403162
552224640
156740690
291620319
418017344
617839368
590529739
926549114
197331752
67760249
768741220
862235537
672829585
961412793
754096636
846605875
188979235
502004699
67053276
684993462
621486843
922695840
629058943
456106520
289393663
553464221
737393436
297828709
334579516
455298113
980305728
1009265
791185839
614012286
611035618
105340626
363040534
384518650
324824012
13266497
518589526
634672655
827719892
796220118
329818855
423776468
336481527
548301424
43865651
291620319
485378169
632331400
214619953
28823930
323819566
530466285
232559222
460894902
479071125
804087126
832542213
403177136
110842712
799844325
468862020
982748131
882310796
654897273
239852848
995356042
436759069
716481500
417479876
439044444
395734040
970506700
621475818
27345567
811629540
834238164
63302976
377159162
658119297
324319279
929871605
79914276
766328564
183286268
554796608
688230775
488456582
879521313
425189445
427949955
142532831
101580910
473145195
961184518
102129188
700266647
171038717
183555428
855343790
436980325
899545403
923165845
952784069
225041879
749077408
352627773
551839785
452849228
78669227
558792263
378506036
495334709
582740785
895875788
796951977
317136811
331532920
962357385
379748355
223885109
10262741
370455670
706691830
231173373
776325838
950712011
629503887
974155960
71973621
272500442
196138689
202934647
57743394
296693741
565173661
873246812
557597872
597147283
869004315
488854585
9737071
914420594
259837357
362811443
190810197
287024513
546380168
916271453
389830389
543543134
54131946
948291996
746343635
627625388
963410280
829386760
281547484
972308557
75635235
35395819
215621410
825459133
150028864
239013060
430114313
492900027
501912956
9953116
574197686
721531380
179174291
88998750
814825300
927994050
368217666
84892153
717140699
354708185
951774477
259342400
503698420
346367360
754473309
224042528
387700667
929891778
743797510
710114805
756767952
708461159
83491704
893196536
703201209
970368166
11785408
955044997
53181919
972308557
340742313
243614748
511536259
238513835
11263856
870861617
378506036
223699591
600947280
594338683
381045697
675104502
600135331
32526683
559090775
752695610
571863443
91351496
358806895
255330571
408655800
409953031
54527310
692549739
162371992
738642713
105539885
586964137
663648279
44289811
818068831
897709274
38593738
67989181
595136749
228626889
909415865
4690558
78411262
712647674
874719809
512985653
761812795
60013397
626278861
599164857
659732621
358240391
668489072
488683777
932986026
364960047
29628553
935669318
750514952
522285008
389199203
825972458
762183092
511701257
160439765
759267065
147396935
491927719
732652611
603391487
881977961
150207531
550182456
338869444
146290165
888854531
567370266
272221590
123506107
889401640
894061300
927636511
467788782
912320189
915900777
568157534
701997432
175084599
746725478
521792114
967751712
291598042
311500316
102321835
849521553
418449235
493116273
700351288
911821611
964247137
462611631
745323256
613521666
806006609
180042029
570455704
729648037
424664192
278310699
605914614
345269177
290149866
837546469
916158210
57962987
416754241
732255811
413341861
873734033
816986292
171038717
337997847
214189860
207604468
841894804
171613288
179125660
329787872
298740422
790181668
492091335
610289595
577449059
284090022
636145331
16107234
826247344
436019398
803714142
223885109
259635353
333440746
409519654
533107338
75168399
252219771
1557995
398257654
775232299
25036712
586964137
608101058
844474367
355786412
973234328
520552653
890585372
650975477
303344254
872177627
128312366
379203253
554915566
784351670
716443946
389191614
214811079
304279963
687037672
925972723
4759982
251868717
133542993
799475402
54392853
476809419
961958962
263566595
806481936
256392636
