162070425
516883442
306610056
52412910
474640327
407567159
520186452
776660706
618769604
934558739
138545913
905844249
946326760
416383466
560504802
993217273
787548602
247996844
788659802
631178061
606852795
376137621
916599629
759740352
745125211
526309035
887080818
227303576
290067699
50628923
564427922
402692701
990750224
126912174
241701145
323362435
549471417
148269162
841278859
974869731
747301734
802778725
535468905
427327373
504126345
763861470
202709516
390149912
407035828
58137003
748947218
946412003
542320696
377735169
556721414
558514467
448837997
752172850
21872989
770711828
318023867
251360875
773553586
927318557
789552286
3794569
75432183
859311496
586065811
537015776
530704226
55975009
437085352
717428668
882430867
111805698
981435289
313474769
144375774
265344436
818503780
410118435
225638836
419074119
858759967
506581399
635336654
335119602
23701051
734422006
653259091
250083156
896159729
955515680
102475502
390678737
365289041
470979680
935177803
786089819
198273357
925108741
736653511
849795939
556319364
373556068
637989253
88133878
35950412
913467715
491293870
7641787
735326577
995769539
52070534
723948943
689437146
582919672
54422206
125584764
428348098
686897471
198046962
364123445
741558123
756046075
377161673
525917999
202151477
981979253
931880973
610045848
218750853
8486724
145602726
341736179
368477968
257030539
443206196
530651731
463930986
790890648
954645811
221234753
154393269
915697235
489466255
230901450
535008404
157161505
573628194
206005315
481207355
987649471
724876233
319181859
495994371
729739471
961880309
382027789
346439039
206262573
543779134
516634160
212359993
311740171
858552428
127257045
698024822
520383267
568057812
977429245
902742510
840748256
936986718
346212566
508943214
816135920
360451236
740361443
922034470
617073175
732957117
23522057
587694910
301619458
821324390
994425788
873852957
395496777
159512875
689029402
64781926
692814486
99458398
149568380
433440765
560525919
755127965
487312223
295063054
998413120
983770471
985347652
582431458
837664873
909917951
861159614
671842792
889838491
226856797
128751900
719004878
104282234
923818409
136814894
810312324
319948752
277824806
491090311
328449921
886345500
396415170
824551053
317074738
710308350
641593091
352371556
485043366
913391781
110636370
717053989
717959527
628371243
549609047
81944972
13361027
339032589
157494410
934164985
687668821
689029402
613259613
534550383
751591839
864588957
454324737
625288917
361845377
156993310
708267376
40325638
371948341
73263194
214314913
741744110
436427701
566917005
401633502
201266380
774598105
118367818
729715317
325079954
297777989
338540834
396475393
58437815
157179942
770549358
981979253
80842674
14380065
142094866
221570144
433180557
688230775
332085630
699893269
757812495
621297104
165480851
856070881
994773463
787133793
404315773
594294274
403647662
961382897
36372846
247270192
717376890
360877242
409942792
445449488
118438186
292790143
560856641
694072014
183916953
806832743
301722661
726911222
744775401
587051561
809617172
505599932
794468039
955381106
355820951
564773863
418693053
397156218
144293282
232872552
416155178
921466528
302493538
442406949
129435882
76788479
833758597
320295983
446564359
256711576
246486017
509729062
278658859
343160598
556631022
195034275
483129360
298801791
943157600
901089827
589576976
605075958
817787007
54522515
460206443
161376701
268730835
118415017
263875244
504508452
6192548
405286174
926669015
759882028
661910563
297087429
225458663
365048156
501177804
807569576
648629567
402083035
176207959
848211068
751716746
629553225
696068106
464269152
579057310
346741968
234462498
787473563
35739158
867081599
933617607
824693366
390270746
76617379
157990066
622398747
39011291
756998992
443288504
488855265
580260286
549970315
105924360
70574950
243443738
852629902
643367324
821827853
360719033
330633293
325042385
421364601
229922651
938661481
584167187
136202326
125848405
593862167
660596419
286338301
169920180
686251775
690511685
338983861
214581091
686897471
714745755
121193780
149007839
710771438
517185281
344549097
906564873
2469394
321639687
942987229
23522057
746609740
168738193
962896323
635680154
127531761
605638445
531289882
409358886
788259920
803465844
308445657
521850095
602793740
524434647
813819569
620323516
841999093
423127716
942378106
629880262
407818804
43875065
120830825
31491220
822372144
288032851
81072147
942245802
515440409
15617313
20818610
659017952
957109354
661107780
167847915
454235473
474089144
764303548
722626076
269276030
124480488
594604379
835500836
499181486
379919133
697735107
18731350
512927931
1877775
445190988
246414109
587594876
656347605
598259139
198505052
462908609
74708463
433486416
736429264
606370061
191615466
703936145
525413052
242528178
363824225
367177728
413146598
199581131
414373145
369480244
859962033
877529834
731749310
346269512
539426767
530444985
210863686
623442179
940412768
231540554
282632453
745646437
857071179
111749765
426205644
192194423
418830882
922189680
758496400
398137739
708639640
328203392
407798137
798609794
31639454
480680637
237342994
313223598
748408938
332007072
278278243
4394598
41929909
790348069
609899561
526265599
260532013
965375156
69477252
150944924
268881091
100481496
501874983
692004547
716512150
700919507
847021598
712045335
957445418
655352470
181420026
689930054
264570835
292597816
556697426
675179549
691742244
789669751
297370054
348034264
159282635
206624333
595043626
200617863
2368419
770906957
978826657
328485716
755134563
821742292
942586615
28654087
571421144
917455237
905922680
539598357
273717471
418296221
375944926
323509183
832349758
948025212
48201964
559395287
460463763
645089129
502580586
779918999
124715027
15170728
29196514
814005083
847630007
383375950
625400977
879026139
769973087
577170517
707434715
920894191
187929294
450724623
39003885
813115770
609668430
267099773
813098535
620706354
197475965
949294434
609253895
337179328
84480053
598001009
650647882
530035410
175519294
379323518
131657344
607456795
285565799
620015758
85503722
579968598
892613688
941634605
158601318
807819906
216296290
393269812
849123128
544215949
466983486
391216144
750894619
792881619
775746559
32254425
149795344
293087203
584059838
730959524
897873495
389897964
271039761
64302590
371514176
569673213
973605467
302281010
592425216
504506684
263328627
502004699
619458125
723110465
370693315
922695840
413006897
263186806
236886884
784657209
825094382
866969141
831182621
146113072
76306298
681086458
844640891
517019611
688433761
334000080
262335558
528913822
861444220
107124535
12522476
200522025
126892607
785080124
899297145
423776468
277355510
164921181
361518436
392197134
855772496
662294469
144799740
436861749
323819566
460721564
512309280
680469766
119496257
181744697
345577154
666094409
110842712
155331466
408308403
819374433
882310796
488932288
83413294
298969869
459075859
817461988
420364321
381736624
140639057
970506700
571007364
999525587
331293294
196383987
967020178
329071317
284088189
324319279
173536010
452018032
83509006
183286268
554796608
688230775
82352373
834458348
415000714
212845269
817350648
388646250
670533159
226210169
225581322
154153872
731466364
295805550
208805035
801477522
383154597
923165845
294671452
41993123
910991799
352627773
2869407
478940011
157712746
558792263
957592156
495334709
582740785
994425788
544580584
544222805
72969791
655379917
523665379
266389257
876292431
144303145
706691830
206871153
646491913
588271537
320833335
879855984
821456773
974776898
528764652
605581427
87326189
776412666
203879344
460771144
30224370
709562397
368951029
319912506
923997151
752133753
504715265
329160530
190810197
537893674
463747149
878751130
850783256
953303089
786998907
67176215
746343635
925108741
799750099
608572376
616186356
832160438
209591876
961528911
215621410
970997227
677837740
938602054
725703934
985508910
355173049
290952470
574197686
681105515
499151418
456052219
543361695
133992192
368217666
878096390
584823696
354708185
903030608
135387480
723031080
952350056
234432488
78041829
762840361
491388092
743797510
962085206
434546298
298158920
63281055
372984337
254319326
970368166
437322153
463471495
772640525
389187764
792636068
464133463
679521515
438102891
11263856
633206724
518730297
527034309
392410128
738304227
158345199
972431988
187647746
699061380
899330833
752695610
827426142
91351496
804639409
413207992
950845416
628834112
936721767
64638728
162371992
795036471
921527655
875163785
517109873
323308496
841051471
573829272
952083897
867561493
595136749
181184632
250536269
853011196
270264804
573878864
488094882
987450485
543315768
3905449
966649363
160326035
285960084
821383648
734267290
319231431
932986026
815169559
617940697
244945672
317671137
599476216
503351551
650104680
446016374
106477047
632683133
759267065
381391289
998846151
391908288
28515909
402780350
125762105
70464379
60976596
146290165
477461302
202706535
616496975
906184331
9047954
884607268
245052098
73609764
133139453
908537958
29955826
412495430
155355611
952789877
677859177
406796728
965967540
837590428
20429569
493669950
596077441
786226539
700351288
538643462
512675514
627261912
682013937
832855068
802700661
900303080
487873439
921869247
424664192
167796186
704834398
158565814
583218424
207314525
825411236
628954502
876037171
961602081
691506012
60026836
150385131
306606053
346699305
213701450
241913354
105678948
650926167
312407725
688852861
298740422
564826224
79312642
367671893
352903364
685044560
80770580
501735277
826247344
119413409
766692663
68564552
388882778
333440746
367381435
751373391
383554461
54895196
1557995
398257654
700573168
413596516
659122884
71533031
522831246
545781190
377489780
843295496
756951554
988065656
710622567
319002564
489914886
919444634
235998172
517120028
217416657
532796129
938279934
387864408
113704632
824531155
776153879
83082742
99919313
854088618
370250472
406674894
15262344
535858126
433293880
783972754
223441841
32056011
663258455
409303221
621889816
821456773
704078319
169380856
568532830
520606762
696179911
505805808
661685226
682063367
983189923
394144686
995129478
712460884
397274970
253308448
883825861
28488531
405458119
984203876
837508265
94811468
558335095
887295514
169638718
620934075
680253608
942409236
726385127
692267011
995120420
126041621
919614349
556847393
954501355
452631195
804770650
351967876
216245913
340398171
771258731
454567045
908093327
859055390
875657261
354338550
913932291
489123688
880830473
336545621
346890070
802876439
293978218
649420569
674479163
375191426
856413121
169921582
27957032
25446955
303536645
915119522
7466919
898061090
545939580
244618849
130150904
120816526
131380375
117686352
788059198
741972888
991746254
597320144
182359569
278075492
700876870
250118665
921310920
824403001
293543776
430915676
664959998
778823626
431263566
463648021
556374326
170434825
483961191
134493993
419590465
471515624
471565343
408893833
639457575
582330877
510727826
661699229
999069861
171606836
442988189
636042971
576005123
40548742
695141345
340917722
83605635
865870688
597419497
455876154
128151746
14616593
213105915
747069359
96663480
910295556
836267644
715531544
123164007
980994830
861659996
724225861
678261268
373536626
332442191
524449473
223750992
13588986
441656332
875668948
255545159
352838774
321965233
585272848
848111379
240223433
649229135
79084760
468631049
72887533
745096094
611207219
400816832
982941560
639746666
523081688
607212042
652156280
345766194
2542307
631990839
126260795
119070891
883608842
586106313
923232662
618116148
702208532
134203009
999716403
819102365
969604824
605297132
6923020
174995249
224871569
604059886
802377461
236684819
890107313
345404108
860177442
212253899
707220145
603316527
111200214
423449209
556847393
743610422
641521955
780272327
187156652
368736520
966826593
642319791
831761180
987665122
713667183
244594498
811885429
478175846
709058921
1928041
721022089
28848474
25668139
330480846
659715122
246569597
132736219
721483236
434754737
122314337
484458870
27829239
507842220
725812157
483552231
628202171
353272456
459323328
417041319
460023709
221623552
842700037
390865672
685607407
338756164
98135768
522057323
231701727
622165350
479357861
665068983
553586141
638304393
269907497
909324329
598012540
408611977
565076019
121712843
720302954
267925101
137110347
336642973
20814804
40059642
831121733
969069840
521343510
532411450
590567795
241521494
798305149
213807494
273616713
825094382
177977425
333489008
62562366
61198707
298715612
648068955
429397654
747490121
239634710
873914017
403239667
642568258
19281
801061211
590473119
747031011
996828400
682623868
470943196
402702149
403244821
924187509
644188560
320655221
859300251
752213618
764223788
680401789
45457023
619496523
375698561
29418740
184209771
170547533
816622164
748347671
955319128
541146769
602600810
906406231
572247282
915103048
197903335
240565618
447277958
829718596
735510121
196195302
146788080
692144657
942607002
57330635
862051881
229711961
38226680
857602594
624360775
260217823
202794578
635408770
174544717
26623266
338979933
209340737
666655282
54094866
964835186
574458781
929488998
494341153
394218152
806390077
41726563
371512186
8715222
87116245
304853727
976244164
385858721
648954740
110433482
955636031
410241554
533682154
818730096
299691218
493076645
409942389
648592329
537233950
721456835
66091847
681848146
807444433
167413323
749533678
88816104
900807250
209893842
294499190
997468511
915849831
927709462
550400767
617666092
180527444
232298729
313754386
826834730
697595763
883462132
110609972
147386753
579982907
374912075
62201446
364822278
584838219
84300173
274004475
506597742
190008421
873767604
245203404
56116982
339827468
517382680
345554666
977205290
768587628
180934397
660282355
977504657
983086837
932745972
399304912
534686937
534325847
358416854
896207529
204998831
357106646
590088006
710483355
116531540
233345543
82297903
657749289
603333916
537079205
136475690
877781192
230121877
874184975
976885574
920672346
961233552
826556792
340978972
536366246
799051171
365666824
214425135
384525300
373915872
797397173
479362175
212750333
6269360
480261592
171561835
946452922
152063475
614678334
11772951
548977886
937639927
812242284
909363952
503097161
579182855
320027430
612393132
722339457
37941228
768791374
867957588
399892233
365772409
205085900
656246423
947561110
138455399
751072968
258999546
445283464
800392858
531581896
958676890
457952556
222834089
854423971
878039144
873647578
91657957
217272079
439309800
131566357
936509753
495938607
209154829
445713978
268692778
966774000
409435899
951420986
763345585
374243304
995919827
328232955
483833905
369858883
436894281
508662921
1835328
345915907
837165557
554639934
409232636
32917542
296907200
614189057
589791132
724309956
410200520
861417874
867933803
197257996
972985743
292667562
256838752
689784201
305926942
562452373
266831746
376027637
773613310
425947216
225195555
999925837
688351609
717115971
165598251
35003840
56949902
274299421
166855617
308772767
477898972
819412729
972626663
489918865
506125646
779857251
95236711
808444386
557886516
963539994
817990101
651877731
685927125
576773416
126649672
512501545
215216673
99921522
142493445
495626904
174200377
253868298
578501741
342583281
637367903
484850317
242088318
66070245
514010532
811315380
852723335
353292741
309838396
581209101
532623957
911183570
834651738
660089622
808302544
737833246
437836616
308693107
721943043
892764074
177072259
410499727
527938535
950380881
250924355
811503654
597196608
525853341
746997814
875622831
914380188
304658324
565383189
416269588
926882874
926202670
288764548
579701669
701462427
396926402
931758382
998188198
877286804
839856968
898935598
343045253
50556845
617760751
319751773
908895274
926669015
612631322
916853362
521652659
167145891
924222952
479967828
782497195
20474208
725274202
117568112
289187284
670902256
877034891
803077826
521738529
42712252
803279665
641870974
48698482
742412902
807949533
504242515
506369720
701568420
673321086
440163201
438136289
806010011
938176121
238275198
392296653
110512469
280480276
870342504
349435722
383149644
890149536
258879886
742370182
726970518
704429992
403718124
34341428
870235964
241381179
669796377
864770117
950612625
456602900
832067869
682214094
488648335
453966915
763257001
602966283
708739430
205298771
969226870
206718144
328352059
505886745
53960170
805226628
570990379
618302272
534515953
258051640
46065516
647077161
263521570
514041858
833089948
887453256
14103776
53698923
37203401
81862340
369172437
409672096
33290892
543412572
958062233
439315141
98468445
980106683
659989959
816081737
997365273
65649253
52866500
891445659
580260286
701164751
838278177
365361456
700934333
849600816
437457549
192596366
242652781
932793077
680775748
805399586
653724950
255935173
326856501
64166135
452029521
691186589
892414682
469167247
263274299
672938972
187096150
967477747
357720034
716247524
777951120
366600973
488854585
196433254
548895538
566888903
748087622
780816812
190238757
650374514
78717283
213546449
412933133
981043698
259025491
191762623
883159909
765005166
839039138
32819697
539504118
137509682
751552893
295697085
576497123
62390841
784096489
600899181
156237872
588184270
831943037
686456335
631995601
932632232
431629217
237255592
856909168
319470928
895330364
519500892
919739344
592571709
816078330
898636057
703693198
456319129
868850191
233476177
470468819
512927455
317443357
856194032
147960348
508018003
599777896
14115917
935662267
725962585
323138269
455008114
178151433
199950064
298097842
63410639
897836488
794454715
467490793
448467177
593869976
321077871
818400142
714744487
121372720
705619315
489768091
706297669
632122216
231817849
257203111
841367810
381447366
481059645
988671369
549134795
61163299
982390936
633206724
60521726
709428122
122413692
909267350
984882167
643469064
52390308
744639223
893751209
688390048
259915302
450837390
751683536
266013057
529211486
753072611
253220963
627641077
251973615
286371788
223499141
68648674
867095522
881229314
254894929
196934675
432401870
139578167
36750976
158092412
239807521
933521947
25311295
439181516
929486329
955151226
818068831
280480276
44198436
828394400
305200042
929421504
13922865
215881328
360478088
399869646
574377417
5999019
380767770
723992073
487726487
440378156
41264344
901132248
24739152
379107460
953053443
554904797
305069954
583229472
604320814
497229608
203772526
41791310
242075410
386282342
687005157
360232916
257877024
784380599
152312553
153471287
323706457
929377980
691124190
509263042
382042474
769775325
44583871
435883659
786684422
454687146
175987276
835292462
857813068
197793275
229242728
584965078
15420527
18118106
926358685
13588986
22805405
229980293
682799909
834074160
448223355
948594580
327960044
614408799
356395902
463961475
355517143
874452646
928481911
288857794
637018399
969794274
176974364
771280791
303309297
952551710
304272475
757694027
464862436
929891778
535743249
231864102
14933317
164688056
102790263
292660793
167333039
369804332
486167037
514126609
60745859
681338736
530471843
454864629
656260357
112058128
675426717
336667548
192177424
506417527
138604757
451444106
304283536
289298849
645305279
242528178
689991587
632698715
559639950
200170881
24100843
196069713
696889269
760776943
895634136
209570894
219327339
483708951
126975070
405031437
450763340
571250277
398845628
599954708
590351929
683541453
370483301
475635275
860879183
2584881
540568651
181257578
201984475
726926039
75763268
343601892
248982459
261747461
37430960
216876382
752623337
108371080
295577967
423892294
227801384
621934944
77591108
639680208
636773409
572780738
719256052
182712376
412843448
312610800
905250913
616095325
523173858
874607244
563778173
685265574
373281386
56852014
180620387
757335453
606028763
575796530
187420497
835057080
806580140
900294153
162108175
211263957
660723821
216156031
515877556
918342159
899069250
413080142
18135562
363375945
66842053
661742143
953206738
243619527
988656507
216940382
905519212
878067824
553173134
52463097
639578303
131994898
467961885
516347719
103798059
231229855
383855601
79372888
882830823
876573869
238502277
295806991
396141479
594294274
194460054
284452705
637259342
569102986
3887641
78239842
179722532
209591876
733054126
392143178
212470212
240221934
130260036
851185294
830820412
312811346
762978996
50404048
545796420
650522525
39011291
911075721
909259579
146066739
938187623
400514219
357626783
821385731
145919363
177160543
123998765
419159705
228830025
878210074
210016488
759664329
287068483
708074495
608219396
239135176
390572295
532401030
867488953
318905594
160568823
616422693
484183604
708406498
44700310
978459168
166971860
964726761
875386020
905653039
738522131
774361770
650833316
851801710
29433528
872919722
493336024
782294628
725388086
728945325
333170862
678404491
160382215
325475230
208768324
687030416
606028763
925995955
357841284
636525091
413821681
879489867
216876738
728974612
674386548
118580611
785058135
702364690
476134975
496484018
934896313
287768453
338028633
477022789
825291011
828170458
382398946
615300806
395517522
311657970
730617062
217124115
240748216
700266647
788987490
935056063
912724142
57321546
577633679
117898693
637121693
289035936
784240838
752413328
96698321
21103607
461691546
591733641
842112782
734799561
701700619
444433265
58414999
511846522
773594267
870133743
130789860
330886754
829835750
622265546
899280695
418017344
577245932
321050206
870256991
890709595
594284375
376449400
753905806
465144785
316616157
721101627
788630029
20045859
185289470
875298629
945125592
626400762
364653941
639764000
345466331
10600886
254840441
608550758
44747146
212857384
481158682
667825732
580402499
956590563
896557868
535338897
99479235
948735717
267050911
319231431
909186286
181051063
33677614
634194009
947317232
988639400
913508056
931450633
308626943
136097558
142493445
887321346
364279351
414126478
37775879
804266071
217032489
651032551
555295641
271172570
827135790
26411357
591945910
158872309
692616054
528251888
188577382
835962024
430651973
501687055
567901761
186085020
154832495
270026888
613499729
563640102
597036735
869892312
962137202
240350164
824707513
346205418
562489856
990182656
687890954
465732799
478770013
844850076
920584937
576547615
444392807
507141622
999307115
333919281
949719894
553032555
459323328
883220857
998499903
181741654
660075993
55801718
812807717
139728102
577010539
269924264
821506846
233806447
192089778
414151959
827105157
78715817
919353786
739478585
370990362
220866165
847146798
752414556
915227590
887454177
316430516
137847172
419988838
353623947
758174186
742713202
649769945
225233026
938799350
261727150
727635121
44583871
160204295
483162351
43608029
106230083
412626468
444399731
381163687
391868252
131789156
78887837
621602864
966303636
85690966
297239988
893358035
659531261
754156237
641188518
853985594
909742468
274602597
257350794
556847393
810749338
478039363
409460799
335685757
278852150
703418257
520883247
472185587
597680998
55743847
332442191
460441264
378698209
55307092
227942074
660401581
623310976
627700308
9047954
677629377
969349744
633962835
964612660
180527444
504126345
66261205
202260877
555293879
967848231
928889389
41929909
287361808
740699666
790242774
201793494
401157311
321899627
938799350
398167576
427327373
870571626
288115686
148863097
810144672
682504551
323713706
330090907
956240873
174121817
650154767
30503087
969430791
516229831
548757407
952350056
966783897
799599856
502128776
74906866
233004306
848299351
728750578
752505066
653145089
56857566
994912408
399104387
737913062
740597836
693699823
422402484
949013282
329541811
612456548
382349348
521315074
184381118
260234787
182076433
818898858
89524525
489912326
157978657
419989951
16790623
305485363
76350056
644888183
538139239
155589299
989988728
653596841
656769837
445757506
513421229
775216497
541276026
731862910
439900478
713748245
171870548
649269136
678803142
958980667
779207731
461526137
709907432
23081334
487260799
133710507
439292769
250610272
862348104
44375158
228928954
167036138
341462858
626401000
912269092
864270844
905707665
256644312
4928407
73609774
295380853
501763249
493072823
811594055
954970696
197984607
442456794
85335698
130260036
199044028
901976221
324173410
316804530
286018329
69163353
971872985
376252594
394815823
751644862
51445080
834058331
514665353
729578626
175433587
220076105
970210051
103182621
707885555
256924530
480886880
99011329
353070502
353632554
412207537
956014750
504590648
225004132
86721740
643461135
878948591
649092158
380983798
693964745
800458974
594378582
524232875
690248511
588282664
859623553
977538417
124201307
919635941
199238654
990071614
806205851
623598669
707622860
484069767
393641475
442912975
988662299
60496379
899224981
64205879
64949037
442279369
102704011
145519992
178728502
763600289
100094529
287529900
714415523
24798292
824589188
833927543
910182603
195909502
608252458
987285046
747029006
302211640
599443289
472501042
205557014
827075008
759228306
315926470
328019908
564915960
213791674
13177338
472794252
390248418
122641485
521625138
490115049
84090712
999153156
502797264
296591722
701997432
962678468
678575547
459307366
91682917
58809556
936442331
755084898
977347145
403818127
140713743
375057175
391685549
60613711
394013785
364965803
930879993
418118600
357720034
742097100
404449105
80230885
795278982
598580211
422417481
942569731
843746493
382959308
755414666
69492353
312128436
806091709
907392223
676675945
520232209
597837058
72418244
785320836
55773590
260081900
917733903
620519662
303099937
700278706
622911890
717549525
704515922
463052127
394026877
527676286
231740678
404621163
491387997
409851080
911056214
828902668
392990850
457707534
35670401
165284593
973301316
36702142
325062863
28320431
458606109
499782151
334884668
972950796
244400710
204453434
641620049
201617903
221521904
518573414
608618317
663942056
837590428
404009296
292993618
524115051
80819920
373200383
572197133
454234768
98769026
647522097
857777946
499887190
400421190
929188344
697014284
232275747
47672325
793483846
538043105
263870149
479057398
832562000
178689138
490469272
876164797
904187599
340077043
515321749
175458727
380635925
1734901
146808281
134861191
182998599
52933896
541140289
791351697
573174138
409966629
752233334
114941817
51242294
299167107
867915360
873343703
687496677
372286833
338907173
566315210
601019545
8408436
514508472
703332238
428348098
10621016
426606710
856834028
583994209
550185206
365660227
151845846
306095873
889052272
357001102
485400028
370170879
126865579
9434525
749491177
469090946
36750976
716430242
121280765
840697930
418336083
682177222
739292750
450841156
741631424
327056571
485454493
823911182
712581349
643162631
108035056
809099180
191044521
925179911
718493666
949719894
767232842
651119069
420558500
832108242
574429480
898935598
123416655
556402210
422611946
406515962
168213952
981358254
846911743
473084034
201921026
85885253
134000223
718517682
648769212
430734841
66318375
254673947
920892521
696161810
792165591
601651804
764343238
959716953
282391823
572347624
67143818
370098336
120414299
393031948
940637918
5378043
634722033
128077859
109814490
378438059
228341374
870951200
164897716
360433916
420217122
731047795
571163936
795404903
89820208
599353661
853180575
439172824
208526085
585360301
970382636
122906362
63239534
903728098
356941415
69465161
340979742
849048481
723109100
796890571
262067163
948247018
364682665
703705058
619083299
250536269
723800287
704193983
268400951
98358761
436224740
657934377
920894191
201288357
384762539
90016250
758061958
955847202
7486994
680465303
357077819
328693625
708710754
118895297
563384382
845142133
213618407
188603800
687727322
308333159
354728711
331797090
967692700
171059617
203319761
908346779
681272536
209647372
748414290
99458398
827869384
101468240
474768017
595040798
699045248
921578111
720440452
933850263
12748675
654296457
965094166
960609661
262819302
78844657
884537374
790999779
667455501
271583102
67886063
754630978
297342969
241913354
883127433
505643365
385385801
927809328
129928260
450889875
35836769
661343128
817958005
645080557
113948910
902188713
455197758
740618714
446127880
774503345
137380857
785782191
306421560
74763374
849090081
745613967
311571799
325897184
111843225
663979793
859028792
980724300
467541809
297667758
473621557
238484865
479302087
638440073
966292019
779237994
753348396
549937638
103850172
464618375
713272492
395581246
144350394
89722677
401691381
444195168
120858710
54009420
247555830
705134203
385322867
230009779
960366144
683446391
540083786
209376358
796066963
736482746
26774229
347436415
197067848
920455802
150341149
106285371
457897119
588953181
347770448
474500249
896371299
722273348
45519956
502437912
326775854
99708900
641085644
7789358
867750547
82980769
153910313
950834811
831758278
277062041
577036281
962030639
112030454
973155379
210620243
315673663
666064416
915119522
51370413
809905848
25724163
364055974
252279306
67361823
141301780
482647078
694821319
61899930
554117677
288357761
58777357
788038894
610464563
698338129
825705428
849820870
98257604
932313303
807969211
542173550
57915255
936595257
882908370
315213188
58254515
980801900
94106800
829530377
469283855
412205261
178592588
287264048
888685849
582159139
344209627
792359336
384803154
865869755
146506523
422460892
816863772
175458727
513789900
718517682
442789304
62188569
972024276
197942337
91747743
945494792
735794296
274299421
52560663
514953044
398651661
227197147
425242044
42106229
766727688
976264343
734289316
112775667
313332394
427965972
613851712
446511748
100738045
994143307
62438519
843366355
540230514
212359993
231817849
362403057
643461135
362830235
697411738
933939867
375191426
687702886
487128556
117454885
392592874
972681528
554171150
387225158
945603291
963721551
328203392
266050702
794681459
730135024
810593521
29628553
463917734
122293266
859928773
116664564
477485101
858387156
149649518
442696081
485542621
882974460
968006920
507761168
402896699
142498892
688433761
771290267
840253310
270264804
467156401
658013213
584361175
339999549
671170647
999852016
349826386
290748675
100621263
196560609
700715129
541455894
249736078
191337855
134393285
355171351
269237371
518325799
279507339
595049283
777382707
51929408
212965189
264970631
915721378
980447243
577509936
228855667
755791113
21339402
948143460
479676360
707016294
493983233
351237130
66236601
194408947
715822088
570929563
578677084
232068785
227083763
430161302
47358862
546542192
299447252
381122993
18738576
176805903
760688115
890568322
232587851
733545926
994265380
186910461
633942727
636372789
99708900
685951624
776025773
255032175
731919503
488629774
241900218
755023267
717292407
32866575
298212593
726276233
454797479
775177386
96736778
137028376
595847853
304645814
739342444
211876052
367855534
431288206
925972723
732119347
117419587
563479994
293089086
365066987
986689690
704983044
531756925
231864626
740091854
51851315
423186311
853177044
761175306
528446653
321917243
779875320
226537697
180991982
303293692
889284373
350796187
240887204
913387597
338102317
515607068
62601562
722596920
197430759
345203008
41895037
554171258
683654136
723942997
154325049
510760185
604503071
434793263
861293536
949993881
532291384
532247735
472526283
283397410
677091432
889426356
589743462
4538209
60109856
292350574
295391115
342737313
105286634
594525771
71911873
286640632
781908874
354683353
830196832
834223391
175097624
148142532
876817432
136370073
616068091
903829729
721466296
649769945
387089577
330458536
665030384
977112067
752969484
983715820
975741710
571169602
852679967
874666314
346925650
236755832
97260731
878136419
422489726
909358259
11555328
786730384
635123360
798054217
694035590
181419097
332714231
690567809
54830604
607995931
40002459
594715180
430648313
151543740
170419814
741672027
648896852
88037921
192230258
470255393
74340194
48940134
379693230
491991119
992022637
934338773
984432372
268233741
885567063
488629774
499685294
611421425
131144081
733615056
765519537
959365704
479476441
275615059
645917987
106693269
932580469
324509363
487308756
514441632
935320377
682152688
302493538
532816205
857981889
458194602
473882751
369855219
253078717
608470454
340814040
196015940
491515681
305679144
454845217
487961688
266465770
793279973
33784326
800684738
706707410
391299691
634220850
121193780
594220789
287738030
806890698
73695523
624219123
410018172
547780203
301927114
640086643
540076450
947447773
452871394
105773586
509100818
751658674
709117463
842433127
791906683
469676545
968210036
7205362
900668268
24491215
555047413
574565990
814374247
521488925
904018536
239828947
251707584
56073378
397859810
893497892
429090968
45257167
232315886
473655480
495038913
671428150
38710485
491115660
634194009
164039212
644891878
495138506
110276993
392108361
758836075
348229458
246337716
314796077
238114293
293743042
975930290
175914947
966806266
911591978
185789573
290442284
794233496
503034096
679860199
432545114
868441955
218128312
73988000
617009066
111652748
248153630
744388456
184193090
803306068
287969526
653879629
31693264
266018628
812100144
95234429
955678014
267905408
322551181
107155259
269120242
557128381
357703482
167922539
350161390
936765425
717617973
943219577
323177494
369638863
294867692
189676415
878086812
410720924
344147253
613648775
731478343
887236411
230357207
637269060
731563305
682214094
868403237
624368555
239232502
792405876
605953084
898305576
561857752
16358945
90841119
593048414
541083735
540957502
29722276
246223718
70951495
754619513
563181699
378840109
532699093
997674130
600563062
354919239
918225865
402780241
128323974
699804657
484102982
571361928
819456510
822735936
569525471
893073369
606748964
234432488
718485856
956587632
116750247
745132155
771735930
414731205
627833235
712391908
535076215
8175333
572784742
767692342
685185575
446507568
472347727
309867918
547931060
897392314
569448743
81052595
719353065
829349011
96838589
611369459
596739567
404729549
526200073
110895541
577261932
74842576
614322393
771338713
631874600
725296982
854570726
14399590
379397110
790869753
440175564
863262492
673212377
679449500
44716506
715614447
6652281
735481311
992764757
341792266
993585272
367915102
611579681
103015444
369613329
747031011
214011561
8146390
455899621
846859468
688342403
843270714
315802589
358547545
215762529
372475195
100605142
969394716
52400352
293888286
365855962
506202309
753690552
36161795
78954247
199484844
671603127
694541894
8299501
273471761
114845883
756600492
947120506
602807171
938018630
777903095
765519537
393789126
80063415
836563419
744824078
110083785
164897716
579353230
52933896
822862363
794778661
821657682
768039920
21959882
98377357
330755086
133330550
543904967
990684106
548725558
9399797
541471602
257818178
805269177
771113294
728817710
31496649
322119926
853815794
362666737
432384868
779147621
611980278
491537322
521255950
26506676
409751867
592783855
198398723
576847092
614902535
551136313
722979659
180613749
948232942
484198242
978823372
512487344
370465945
765273642
411250120
124277923
879380897
503414699
114780449
488901307
49349349
952989716
1662204
804595434
615128390
509237340
723948943
306144533
794143474
392145859
929871605
358558004
903732975
161110327
46844082
771650852
43574566
25380074
869185542
224450270
232602755
479231090
993537126
43130830
122592923
573081162
673397387
227910693
19232528
282132222
40468912
665501091
918704312
674383607
174577763
713547286
799334845
458234346
275663098
919260953
793798749
604638091
917633400
908957924
841648308
908745527
855809421
857040050
437723298
304283536
269978478
241408053
439162744
505961518
994296752
387452301
281652713
561532931
768539793
289766653
821687965
47214799
494044087
229967210
731991307
56273132
53944126
60058996
565333910
41591063
341568484
225978750
254366741
119145120
741474210
856678298
800839439
268083845
453159479
193487087
977453431
264691626
573221702
711686033
413668707
918578423
858453743
918624154
70613583
993327496
927802068
888844235
491613150
391299691
485215503
899535301
12839171
353484973
431997214
715273550
436894281
718592410
668145712
854774313
110083785
502723583
785928640
563854482
754104463
29281270
382696002
24250114
339957504
437305977
900086456
588438157
779133318
505475549
482443018
49507689
684833402
7883766
284161592
661173910
500007863
147374593
177213856
36399532
887453256
286088744
9798175
442227910
349371112
345646005
675445799
625098778
704515922
939559966
781126545
774940403
914834905
212065597
639948515
215782249
581295633
312190007
504122187
106774683
388090647
831488301
197264653
241103372
144953507
349371112
178442302
920012848
899011288
400111059
129880581
337877556
194258580
84906412
257378486
432681316
248980502
735185683
607619790
979172109
236459395
868452734
340047492
614372120
649709570
744865607
447372022
194487744
812522495
925465066
166587689
803041570
73857188
894282837
731170132
861403820
155194040
523419127
986283360
113996755
738514507
93798102
758640285
284761317
814842537
787245857
571122656
376137621
680394148
554174136
97172958
236439375
228766078
185002293
668618297
912847522
81258596
7960714
861617807
320176204
698383793
390863210
638999877
8140328
956823871
278031018
767110143
460623508
593697677
475858551
61326344
449826181
407702871
671603381
530825838
102159113
39577700
370256670
741558123
627277644
273270887
656928323
698208699
462649428
525853341
805019759
566857383
186178445
36611046
109065851
829256906
864962797
318853880
725316631
452946137
694902881
393319237
601767281
902305380
376349980
242652781
461397500
789608313
800774133
821513722
863958065
821870906
229886080
244106015
133833660
832252270
656060283
722788271
322551181
631045676
511762294
250352101
446475907
659963389
705231860
926005327
667877585
653603170
510939080
201841778
739539100
249341902
382851476
85715018
915694230
306560394
536060646
910935758
127048212
415470959
402812501
387098592
640589088
384791242
553915314
629520333
122515797
68140171
229579837
582844167
106430158
840706588
459896307
365783761
37308186
918164768
897836488
15675044
405040330
580416861
388458056
999114824
160517805
119989947
459123067
581880599
190316669
146310882
389922801
595333343
361869435
302702216
710290612
511668283
122822495
119678792
407879614
784999452
645701425
454310640
643027549
428215193
542271412
110842712
799600015
914618136
686077938
74138197
990711850
566837667
129275988
866580044
964701142
866442455
217109156
689688789
321864539
125127463
708186623
244982259
431050118
822730004
680469766
503764774
871999289
334326769
722503725
492935413
590656324
563990993
593430957
809263932
51342316
632098954
931397862
992950516
685186700
890339888
878733351
319906630
448805949
867915360
432719134
264452991
703827282
556516368
623954851
653841845
618035393
110524328
51923
491749893
884783964
98136388
294499190
424919006
516764420
111047523
226147093
397041331
318107730
460721564
45304205
574046483
230121877
570425272
114544240
573224646
859297520
906493885
884184510
304699955
380642016
46792118
976232784
847437228
3276007
650772722
217126536
638744238
572383656
450783087
951415313
285942849
676560665
859417774
627847650
552270143
514126609
693615805
167176531
651315786
477971199
446479422
822932358
855281230
976574695
15953022
592529959
485449899
539314680
815667308
590514845
194877713
432681316
116830531
15559433
472177958
856834028
910789573
792382886
561736585
566949787
165743429
818873863
202332551
189547626
484671253
650844936
155331466
766730679
369992412
68438070
1513088
128148065
651444681
60199699
557171200
586979636
937953192
407095187
464202460
488543074
183369645
221100558
541918697
380036367
18163008
220825122
49444192
77605324
205373627
548361551
423689529
532796129
798057192
142288884
538518567
634290391
587965114
795935141
252326368
227769235
744244111
574528613
441873449
902041695
244945672
248542428
525448070
589861933
731627231
463828622
916589386
599266524
124201395
758051806
596417186
368828670
417696549
868926295
210588334
703129408
853815794
7985428
242290938
243445677
916236520
323640763
139872915
871470513
123455949
754071524
257791815
720094868
980106683
313228148
663215618
97017944
711505331
716730444
998462398
962896323
867136765
300364778
171247847
419091770
296071851
3825147
697960294
419781704
525421335
944678522
656539500
865367237
712968857
523173858
970481828
976404773
495083031
426367516
439893412
829737516
269662896
664170869
495261891
736907482
161689906
69901844
383221402
386266675
280552457
886480581
423185427
942095625
725210765
573471747
765513631
917427010
203330670
205493848
574401337
302823204
778964454
265757160
589348087
659103362
798872372
979031718
541854695
955545453
102829130
48413788
653468766
174076069
951681335
93898721
732300268
208998345
138638790
575592159
401504121
396315835
450817419
978435279
44875618
627807287
565322740
232699408
640732189
460721564
377866321
955044997
908918313
455182361
31160616
969875067
476693428
590500973
854761744
332673876
224452039
766329269
13820521
475397181
377918617
295514782
802374287
637485416
528272072
192719796
780154943
906833365
544819831
35208172
220766477
997475881
816592020
630330642
115081542
754632052
629012601
49425640
449546069
210742239
213175718
893830271
717415180
792232166
687702886
431497337
505716661
910305247
32005177
187247237
342729744
467809254
805231367
189718153
530110074
546221765
432311938
488901307
328748216
385276848
267050911
672611509
481716499
77000806
461169964
961151769
907004916
320041233
571840392
603299776
482178715
772258633
51730202
353164031
822362094
576723504
235368102
59617346
203894897
639355923
164081663
136149924
191209277
611697551
926842987
809855772
509440599
849938424
904733095
169535355
538155420
313474769
785379225
231499683
559060909
911518304
391844436
478900997
957518261
192658873
670632544
767266119
791864539
913140104
12950132
103000592
146282184
446536640
747911767
620106707
558498504
264619022
134829108
627795004
355006371
734033566
872814431
462353451
890263946
319444529
859400997
1338224
419793446
860206149
259212247
37879716
22057727
740390698
138727993
554552525
149923748
261324258
10325200
236641091
934629758
554120780
677019616
305769187
182011515
757665023
289298849
964920068
989071187
401473266
608210647
558716894
985250001
774425105
858596886
785161063
448770354
549342402
633016620
980435611
890409326
27425002
653744109
158716657
741327288
353437261
525254505
956379922
243918921
119664523
905435720
90841119
113117834
855974734
820824891
61627714
926757197
250734323
416198289
951922419
918648195
49087117
334520782
806102232
343175184
905653039
281592029
639802901
282083320
982343575
311711883
991403713
364603519
723575605
910129125
500471928
765348994
255010312
266050702
474805401
180662456
796220890
900251267
29804661
605042627
790583478
50125353
482369372
601314744
216926557
588352179
528236417
134447080
248509723
860864425
140171068
74206545
402798692
710029140
959728895
424718687
246223718
931386108
325617862
453128311
313702815
800055537
939908030
242296497
157505382
689864724
297258236
329530113
108837999
290002162
489653800
144059414
845820669
726229558
431270681
707024168
424601724
638270981
245873753
58673557
935480635
3493828
146402167
697057272
63174888
263141455
930106143
329796430
423309189
943536041
365608359
880926784
711076697
210655123
658682074
614250185
157355716
237464156
507884925
599889000
20066831
210415243
946910097
206373024
38053300
474927266
610387906
525259822
263298853
380241904
667486705
897893151
495601565
750907226
719856399
684345186
893196536
918462098
363689860
435057112
437883297
415725770
414037498
583951318
828754603
677225311
290230138
527862858
583492384
124360494
979685163
80404337
105903238
376025412
860478924
934147866
195191428
80668302
497430984
355055069
271314285
102863859
685919096
995103215
105666355
641053334
292121428
222997179
132454571
376915181
14200960
700618044
713154690
30904383
30709380
793722584
462554389
218105879
908830931
353595654
465671670
992845090
829383365
528154018
941726032
700866850
699466524
661497166
642525334
857217320
699767202
275480936
701412138
122739336
895402441
186605629
812500407
703782280
667966822
228362808
297370054
872253887
21158798
310823635
447314314
764354104
870571626
683851116
81205721
632683133
629967354
965818228
599347656
982315630
209953556
437856288
777618752
859026433
231843541
690413976
450416768
10596722
805691221
357953919
534632411
904713524
413603335
799366737
877853506
736952969
421489651
897080527
652474893
498202074
946361270
296354826
44290430
612988868
379871266
118185312
440975535
553706749
472490825
912536523
47128230
109667570
755738631
645080557
889337811
397645273
730433484
541878555
955412174
560600784
517456271
367399094
292121924
771230445
38689425
9697903
827705059
17750426
231775513
884673067
574790045
468867958
223950039
155148086
362260314
74503729
65626724
983540565
713229432
151787583
851185294
381932170
616137303
470455913
301651182
882136068
535137613
316897026
285344261
768079812
301869684
965909729
860503560
804141326
731913754
699466524
926720063
537585332
97386844
698465857
593971100
763977717
869118650
167396002
164249232
601651804
875477830
90974023
352339839
934743924
662907765
400673512
66085314
194706710
211263957
986947653
734615325
203555526
114168491
6773322
579742019
564570583
361609936
558529151
498797049
32517718
946399029
757038679
267090233
767401280
603908231
831007871
70746065
574528613
468871737
713653654
428653079
602490503
828092191
352079946
715047002
609900981
534329378
984479376
859018577
154463300
643994115
702770052
818317725
614808454
263068750
310568273
941896401
417415976
96822478
292790143
915225302
953550611
287781198
532511723
445553373
569140893
46984285
414422162
508031293
642385083
254936663
985787867
852984200
815708127
793056802
342774513
319832395
989090997
932643956
426320321
185707574
724418255
798238650
972066375
507433032
221356970
918190397
952261631
114229134
214895267
238276751
684638727
624607920
541764961
446155159
682282759
684192275
587328649
23365444
442984816
726892958
355039566
72739866
689237776
352363311
385101131
774932886
56768395
324248463
899944804
597196608
650923027
99171507
446385709
731739677
542763399
641459758
157781692
22064525
124453309
890202548
408308403
771894155
430609902
582740785
420217122
480604665
34818915
306707221
141316036
234462498
433640643
77520430
168875131
652836367
788099217
536768630
622265546
223760620
561577016
852827815
104694790
880477853
186679025
764178562
938757971
532988168
614380938
877951336
776420238
96315503
471621227
638265013
668880465
793129908
129388357
172945291
69109861
794072394
327044139
424497993
543315768
405620779
49721548
954587380
765136089
410773003
423701225
545961038
76571680
931450633
380975146
482738246
484246771
89586737
816557870
684609331
236563
567648414
175707511
190370178
59490677
30254811
80253224
33923727
381258394
98801536
335667439
943536041
271645116
915641940
196644820
501667145
172451113
82137137
692267036
734293324
511824015
885871395
813750593
467446356
400826021
24486337
168301187
361379009
619637015
955964248
807402856
396013213
630498388
440175564
99929759
755918320
668354454
471620422
22744758
741900451
628988380
661910563
40130772
93828421
589050308
441351811
86042487
604555151
573196854
811463079
283966439
721711291
129220093
566288705
485890962
632427768
238273698
169821062
732998393
292667562
961588358
601822719
155336292
775444406
864710558
12649756
172241367
564917766
811809300
547087986
268960121
281551160
1338224
227500836
792682963
303679737
66153550
667230734
611369459
731791977
832598590
9054512
145020522
980676362
347113836
623077716
444328285
163235291
113704412
120865279
813608264
986300730
708434694
447603825
680603889
170659241
102314507
488456582
266665589
220865923
789404669
780137006
466084245
778045284
31505827
956921625
704979069
732603671
155931333
652346491
506467150
23380925
94688392
491991102
871363073
914642775
855078394
545578056
759170347
217168763
670259470
744600648
726546709
725632596
148689024
37089928
140171068
253054596
583201280
693709889
342738901
184480170
33618561
283276715
633311799
529300451
839060006
161466160
739416117
171096068
370771547
849610017
559557301
342572777
899422820
968720308
700561952
411501912
790340107
244544371
920032545
817991930
86618693
162002430
54920958
983773315
367915102
94292340
713816041
793979585
128638768
487022663
429657068
660871055
583538103
277403662
763653755
770124114
629487460
475485174
874347877
646312484
679466230
631507694
682231362
348312251
441498393
104416984
637290977
974585185
991159580
753377972
504493565
959624319
196637791
115566750
88754054
131758106
428993609
560049397
90187675
834307805
4167129
116472319
756045946
429214371
957413979
278127435
480624853
720088382
292015990
918228436
462170330
508987860
767442414
907037325
434798725
725971150
311781017
727693233
235324737
153897239
252485921
361491811
628867387
194535755
597694786
408102450
239866
437572811
634728651
322841776
748905572
731448196
683101620
339534397
292121428
958482971
202586600
429849070
649576603
263407279
348586690
664969211
244789392
895912621
667508565
249841397
815907376
604320814
922153725
399105580
522175888
561099311
34218987
135921657
455245660
790262941
810458062
184779191
187566649
391299318
94850320
248632642
688078410
560050337
945395784
798810539
218229253
192112228
919549795
938161226
772505316
306279249
114244139
702857275
234448504
352696358
175644738
670212161
991342033
306584794
257907982
327688306
395352703
108907755
105261948
288608622
336218722
153182214
513612884
944381893
901561113
440692404
235497950
102012319
581745314
954030137
731918024
133288217
913981695
177203556
230113370
636344353
437485282
418296221
483416951
820066337
579591107
389076625
522230701
306856511
216969625
291005846
289517644
642643694
797251155
967415928
115429290
212130232
263665726
888434416
899329687
571474058
619098151
83342621
564939365
534899147
325100283
435449979
885436582
154584588
250317355
162371992
629356361
452419170
587228032
757065628
40471894
32577796
421794306
844510932
120000064
633021403
298980111
232275747
146425434
17696163
509213828
802135148
725600129
543634752
712772746
257015941
69049323
727994416
481692337
948215695
685432664
743997954
12950132
66267590
700178054
129763393
610033993
282042940
891957807
48175064
499211939
994986929
517779831
448571622
551351204
168745825
958689880
754759224
766262801
801536524
209827561
21410618
900883330
971475602
690188004
945450223
534911040
741198333
23068325
448626029
416266360
522613701
215973387
428239411
807763233
554009846
899706251
948722122
662134961
325995563
75013624
680882263
418973497
826614881
51445080
74534762
306123512
889815880
510314038
688792124
764566369
469023933
981491237
408059476
560858262
714412650
253188786
995464992
729731033
339768674
434219346
129726860
645618158
313577975
48809082
63728736
376710328
858080558
216033769
114129218
65302572
262124931
412098256
156381612
557597872
663930124
736571510
692399033
987185258
905966116
600125983
577799428
418584657
142071647
741280237
655105271
125584764
998393396
704006574
645023007
636163804
380777250
418117183
906209826
308371012
34962335
868258168
384791242
378756242
774921987
558511329
802686282
536543301
538427847
92178722
26957962
894999823
329373595
723352303
874438555
636145331
879855984
44316059
579530018
454845662
175022385
981043698
845784578
471471389
746836907
141871222
944605635
612790315
981601764
758051806
635197559
858686006
326127357
350342694
423062367
800684738
558699386
41330283
106888716
217097916
762952797
208548030
440100184
156903015
789086033
661018216
214335742
457392389
60086981
572185376
968177421
501101292
582757223
74712007
242993846
620057836
643197364
566825520
934100449
333406604
467894553
273809927
896356393
934747861
499602399
368430151
184629131
445956485
774940403
80385104
111652748
931218865
697646597
929315289
95915323
690168968
305012860
349733063
823865487
148401203
349961741
935246388
412715086
754945083
675854352
250734323
221355979
127657219
198802647
669241816
703502959
940128679
372530341
365582949
265634026
176315939
520121352
761232611
549553286
885175328
519621180
267367674
157738396
530887207
246867345
216188863
943391089
370250472
870175725
366969571
133932379
325995563
202171
228035395
304233239
189388332
846594948
562519426
931478038
122738414
907089116
857682634
776980230
685957634
79988094
385103226
754997912
668285958
769492810
333257778
287787051
352371619
486123205
388531165
652971984
749824801
425189445
236287923
121548744
967466547
906637459
917255215
460237963
321742862
518243805
34978089
160775139
580550412
723672307
220100103
642134594
433663468
959679627
857882198
17278260
532757746
477412859
775690033
523723934
470017634
381391289
560134144
168791718
907920081
60976596
551612459
52321884
666404783
862174588
638416967
356222745
969759888
668975980
850426118
933879332
946740329
660220467
772439983
418301641
999456293
903864515
510657682
91500347
789102945
369664268
449958994
538487785
961738055
850184082
96971997
891926168
560459391
540190062
187675171
818684339
670943676
229591016
894427747
588838677
504181136
570824477
479755077
844477418
253513765
976331160
999124111
650949169
248272001
428984729
439287299
424741300
313223149
431500122
190841886
206323941
209775911
769701703
344186925
182402635
457036330
325421835
463808278
824312434
871098601
874603432
615322622
378543311
614804543
341518431
512994374
286496379
770871671
981721936
487474976
360026324
947051560
536871468
607624734
160125124
662834483
761413789
641978680
349954838
364566799
958791707
25791774
262577831
521070657
859501690
108258872
642460901
65048226
276410176
773739186
557219677
77803786
145374864
855069439
885680919
150711274
52119171
436222293
645021173
731394241
588167005
775666376
277246253
615300806
914083421
729088566
168631782
598569011
572248317
920639851
930594970
574300077
622976493
66541811
80159990
749654798
67760249
864167458
721578875
975784685
977197979
683447086
128503975
375648544
779370709
27656790
505786198
265810482
751512124
917793518
33926655
126434633
462672926
645305279
104284015
37132763
31504587
730428355
7171291
65027555
908806577
119678792
364406717
502797264
215973387
808470784
259329065
298397794
867769978
437088471
916963863
167249663
45520831
649866851
268886795
97943062
451944254
831717933
792719526
80770580
324651026
147174906
524883311
888895821
514791794
183347975
465256008
689000057
957111106
555924628
23365444
420908953
758715674
683233070
958508715
117907592
813761403
759521021
846713853
939740689
382039077
797970530
29989786
65084966
145253303
889476013
247233413
454553669
918089986
928229949
98951524
131233692
931494789
262776277
685139629
608364221
730433484
847770227
307068058
878340157
852679967
984062475
956823871
905250913
235440407
914447795
796472678
564049970
528854276
228597224
555836730
769152771
211166995
707388412
929138855
268979847
568380726
943106408
57143480
48850933
60410166
901142451
243265310
775232299
116295718
636400066
612312224
472261449
698773368
256909220
331003174
90815420
603605293
192920999
483417917
192126005
731448506
380700165
245501465
112121379
817242697
592238816
843017608
899096971
959746888
637118047
861901934
197727676
577542144
429634061
206498965
385840024
86315624
462947362
588770567
187837426
811794764
648371519
262069172
334988396
447451643
612351471
130891709
389312049
245444140
280577413
449066828
534804197
310912679
663299704
387328005
850252112
220063307
49036108
21990547
776667726
91533704
880477853
102656560
372389193
89565950
859720784
859274163
947110765
705125238
644772727
801909196
23787221
87427434
186577412
426930540
601562897
21990547
10540505
194724979
359714228
767069941
676134487
925483759
368756208
689663596
765049497
52980538
135422780
325802818
717844571
332180541
721001800
328655976
359154295
617494986
216021689
530260067
439177829
440457333
699825311
971007561
499509043
685869553
937326109
959768511
602924841
487038591
947556806
3918104
963547255
161296959
105255176
194901441
704033963
775344062
184869676
765994203
512652957
726259628
896886301
402439757
358630290
618051555
430651973
881078423
579057310
758108574
233332866
156602935
390337483
877305149
232049851
158224395
156613292
159916810
250083156
682404686
219732620
541346305
622434719
991467229
509376286
38619756
264078627
266913020
980831772
370709601
544443494
258349946
423589246
394985107
190561161
83392953
747413585
157333340
335930454
190489232
540081545
966312690
695216566
805236938
691005222
188405658
819690328
130733480
79312891
353103958
418830882
804869606
31965656
298835594
662120451
470181737
15193116
688013547
155094015
687789382
338298492
296520501
391506114
180526585
521001268
894908543
721635648
521300970
878814446
822707837
440273758
232021721
513754901
690998906
788315474
808742122
300133236
778542966
62161789
948522195
122303996
813689224
845516913
930573363
864561194
34038611
921807264
266771594
873126904
651140547
953044826
977593501
197893725
928097447
578663632
809758887
366858208
626032660
446205164
667985182
157990066
365388949
987861825
242138670
351603825
690697428
63045695
695849647
130700813
936230334
93176525
937159625
261489560
241143140
454300658
139449558
79354140
689355591
46082992
859890832
718939031
928949659
496735322
937750074
885038018
399283154
251360875
868718386
930062791
820004732
934747861
792038391
88401051
900494214
695999975
99958556
102057468
806091709
802806731
500924240
563183483
928748075
480931522
333170872
32331164
855100803
882091411
189201075
599238957
129859047
339957504
359733969
771542724
984313129
800286557
252770999
962085206
909218727
444188006
405081447
691772485
662907765
762146904
513390937
276057643
556508555
511762294
519048369
291429475
654378479
321431294
218690425
775664004
690201191
878475113
251227777
422402484
68219440
952728234
628515792
34075670
146634792
266389257
71105014
421921462
469354310
689003364
751654815
771611582
995829489
4588172
447527404
397407525
77640122
327903234
462611631
449628668
444306439
540753690
779212399
545781190
29324032
233652573
532857557
58254515
903892361
150191631
225638836
675586232
962340443
580649519
551610806
177693563
433388499
473391772
781485842
863563716
509339223
932978138
324017431
478105821
939541768
447977304
76071303
141852894
806033286
754661330
164301402
854410582
706412048
41759859
187961766
584215941
484871308
613850397
27429291
915670346
456369596
799098529
106966758
990818887
901541548
548944975
408654548
681801454
865404670
243877156
874516840
1225758
371595380
10711661
638666170
928477703
235226467
301894074
458585910
452124056
796527191
21136592
254120873
493732052
291716075
288004846
83482136
75336027
231519793
978950967
474992821
489638009
216697132
760245065
379610825
726113145
377777482
594202732
672108868
520058959
575743127
13266497
513098547
558819338
533047371
556098758
534533720
315910217
945353245
784971905
504597584
325825585
397819233
292216892
403587646
305354363
232071821
44902540
326761028
833255283
500217132
117008412
475485174
657968863
552319961
105358351
877928125
764040497
529109825
989291059
319055376
700894826
535389660
671787393
309944102
672430164
117919112
854703700
355820951
883319364
323154613
651525942
927597893
327725118
242516514
244499864
165654850
261258371
306154708
430243082
467397400
967986974
767330573
623623730
904461107
119664807
38590592
338712956
143887789
262513361
106398586
961445972
69556046
234987860
686715568
148014977
973392634
911007721
711505331
790907303
700982962
577735799
389987870
992213498
525340214
437450299
514485765
827869384
531855205
258470737
778863156
824261085
877305149
139203964
709779242
828709311
851697825
805445724
551417833
665595283
122413692
469415115
753203569
311917682
631800034
22224731
775845339
738213232
964007839
813502943
581503318
614941531
919163600
673722201
282639810
117825921
945743955
765471720
49756286
856790778
497587715
662294335
770512432
378133212
136248239
17908094
959647566
382468248
772098272
272891906
489974289
944623690
811534964
425189445
760260019
153506067
43875065
448754428
669736364
832208992
591085177
480675526
693997521
775616326
92425143
294595661
544563226
144544280
178968008
345221547
784963610
428238668
317455904
518512852
389900047
11455637
400049112
274862153
975079983
81789017
354362893
198390191
353610002
255894268
606593879
556476433
803306964
606530860
978019202
271251307
859498619
224427762
450546239
50318724
816874685
756497524
79044899
985579902
794860485
607912019
458584671
93031112
501396765
99569598
83082742
86144171
849465501
339359595
741031816
354658178
134157391
186598803
611896411
102592970
681793851
635831362
720959154
635768547
43326637
104315391
78364649
715531544
390945421
696364300
30694906
736778366
522613701
735831195
62601562
334695989
876607968
190111371
514956682
220890221
48277119
565403260
786463547
548703418
8720848
502763966
677497193
76082814
920435006
479974781
780272492
406139362
108283345
340575794
845317777
680212976
364912919
381097015
576133001
191579421
199453292
853181025
541763429
313649672
577598042
683170817
97157011
578872974
579469761
7073152
690963504
447977304
507580717
990818887
233769659
722153023
98569389
324173410
760731003
430536985
217857729
922804137
337135735
322802228
267947616
2989324
416437760
987775443
456602900
144250536
446857270
319231431
207830470
438612948
896108567
947260498
323997978
122339515
996343750
640862283
338790913
805399586
726430440
998413120
861108028
292290811
562706105
319832395
596042845
413980210
4160495
395333399
595997394
356799884
594231053
704802066
598726168
650103921
710927837
71626496
758640666
43657554
360220425
266614021
850088899
885743027
917782133
929488998
163496186
919680156
296450109
317484304
746366530
748908651
767959122
851015130
274330875
754756166
475112660
884402370
272598718
455368975
909085260
314338577
327083402
253187537
494923116
454695898
521763151
750231479
75617587
540374197
31496649
386172320
826123711
833862526
653740098
163024438
870813209
754803836
860791646
45130542
586872811
273419208
125172732
518719278
11443226
285248439
737518454
1432571
438704346
769685395
466031132
970861913
652848565
703747616
263503846
801674362
318769976
536980630
561332671
371232069
378623981
197511815
987194933
554786589
548758513
199737293
96090805
380179122
589998483
509121646
836380520
118309451
819905385
288847550
755222383
472082171
506955718
856496405
270006041
115144964
336979605
877164447
481134932
598786506
373287364
462161710
749407179
461200118
14822819
364371024
9625839
120950654
266733003
186091623
196169026
492613711
49887185
207835398
347030555
872998649
831877861
247296557
877928125
800441380
403000887
365009073
384441535
153221329
526320866
950890020
445888938
968053633
938182347
263715026
930242422
679728025
582320635
542193253
261671848
467489284
737136634
629256282
574404880
359129528
974962762
324911892
380442358
983536555
108697106
501289303
927495275
396242731
2706604
159701666
988285635
529211486
315315865
834138362
542445006
355185752
185735244
379702957
766647682
74828318
704910060
625889385
867529040
553775239
275557606
359906044
571563035
519534697
818503780
915462277
631959468
266918128
187588536
256511672
484909393
895431420
408592098
408361935
937916447
164989960
236755832
379248016
738642713
997366675
536076753
991315090
791906683
763754588
167547366
572654648
312596404
65746042
571813684
493977116
135079142
935480635
693672027
44963219
351729729
252922069
426371616
91584440
91680278
405071880
764303548
460022267
760405115
278575280
536980630
734062967
539140796
993136583
126438146
191367514
951841583
674167719
450585875
251094703
149612153
956212662
693672027
285306281
807840621
296229752
336080513
5895953
51648920
82550826
421489651
368114926
837215895
414707886
691682353
134383820
375595437
616005250
682772689
311337980
340716286
61102895
773527752
532113324
306288508
985639353
784148580
512817181
473877273
566480120
819899729
440280722
279265203
771734843
660313566
952232198
687160696
871229608
800073211
710075532
944237454
136248239
710566552
457492493
620766923
353474672
944449288
159554434
80082571
603159724
638431705
867036288
818388793
412046177
380748835
538807166
110039962
120641363
271386561
79251440
285472779
926887082
77803786
550184580
763285331
920368470
206735595
831906595
15604687
766667318
550309648
503853071
296450109
874991305
299137918
120811855
537523478
226052876
365564490
747120442
650097325
38656653
402370860
580072971
836532986
385502183
254556818
220825122
327058897
674594965
943794716
991186452
183378920
843689896
941998766
675190182
569772308
306584794
539741325
637987905
785220737
65781916
926396305
781520204
701592545
722438886
164581905
720115237
491437532
553455991
122152247
407586108
109109100
436849287
459157469
789484106
80374211
491991102
778165233
120955444
573539668
346450355
544061581
125628917
803135293
268821531
437085352
811829385
794036234
579679949
125285077
822499253
852840674
31463988
938818800
404315773
488552148
566856603
403855769
115382954
575693980
949853298
588559215
376258647
539236010
201946156
238911086
778766489
487356591
476137498
796840499
516046475
233769659
386762199
186850445
797064214
753809793
35459519
645021173
588438475
529749875
929503331
593181616
885823313
775800994
112460296
367751520
905190309
156268615
771615606
387900015
997073290
214332188
523496090
709143811
471934852
680954453
9220681
590351929
358623224
739694981
101011516
842717043
168096822
97638141
55682155
700940195
373378420
214108314
329530113
394873191
904485638
796216740
470637412
514419828
837080949
929832999
931108323
81271165
881283564
605862750
210267676
127434681
341639212
658230619
570425272
569055077
647401422
232695312
540031025
735440529
172896354
534550383
692104757
465031581
680103576
802636867
652254071
285849717
540735584
465243551
735891735
277579353
59581537
787860985
776053056
475309565
547906668
215472652
126721239
10818176
571859072
498853768
468644470
669155655
178679597
202177588
596038134
829391353
511394761
570391740
494470538
732268915
391600582
312944459
15085829
117744186
899827839
320071384
62668489
974414379
922204064
800652054
949317348
867749955
438798334
70820338
114570392
51134215
625846097
899977757
582258147
965894235
371537253
532440386
361316658
781205630
887708238
759228306
603612898
336497702
463737749
361580278
312446309
868687540
18239813
611611245
887295514
997172313
306551884
355220775
484290003
632804136
645233146
625926986
75848909
883886908
575750968
810788074
856801753
547427121
214190589
717549525
317443357
540516740
263914411
228279396
824516623
746986667
166830966
149675194
91873619
781108130
952339808
51923
631601611
267623597
627302308
487128556
521501879
366452383
345352335
686306038
612780841
747853520
203427400
448400436
973210746
263588123
647346727
955219653
135454704
977128569
81018929
615656126
48860207
729174603
132540016
575077245
399860274
441197614
365910626
900933559
638304393
18409877
786154346
923165845
402338019
113269049
181252581
126421917
997905566
136475690
168990350
371854074
904784865
237860787
568971009
989025547
686071226
610030544
775143085
502597956
922712996
653353824
662229028
672320448
574088302
526265599
202227871
581150280
860204072
986097844
592094544
133182970
716591812
988410421
65673320
306033381
492241404
194745109
569829737
122393541
645510660
74731880
795220355
478916649
292061664
507194732
920834283
604503071
30296404
218349557
840156488
326080200
699292749
81913868
708639640
590100994
683912447
730479998
224067192
675142612
469777401
947225346
162893386
124360494
16790623
843883119
963396613
438002663
789669751
504761796
732167531
390797008
76975589
396384662
594020795
899069250
985375696
121797840
972838662
86643638
355243751
918131855
252890896
206014918
728561679
951062094
973210746
539624586
248485518
623264321
460887509
462463593
692605916
152476478
639680208
365031709
20870282
381742294
545022492
898044463
80935910
504122187
262363149
877529834
202457729
753488256
435971023
5467232
475820720
662187416
592739858
209972009
321710335
370665182
875503194
142003406
712131482
867072507
304872173
449628668
206295560
207635817
913140104
785694915
569992867
355220775
311930644
643041939
12091699
801925208
39057128
681270825
666129990
460890832
842701011
584598748
422438476
763653755
274599019
59090810
478770013
443453969
626254682
958421154
866898365
282719740
20410203
644164431
716605002
435512314
427911480
843995317
473250137
384044773
799498622
504948577
663204648
630330642
497540113
2393293
890249507
796482115
352352793
916196460
872788688
610027639
396116588
245819401
943903613
456088147
310402015
154595621
59533382
305888670
43991065
494738677
374107078
718993532
625540064
330910644
198519600
217126536
393441815
140878475
764174777
203002164
492528749
630148361
961328647
586604185
93828421
553666949
270340217
779212399
666371010
886141324
824531155
527048491
451067992
407568954
3435866
663863335
711198131
281592029
797724777
607949629
130645388
727120470
722153023
884089531
909536372
39912569
226413338
872734702
807858721
137453025
414768727
308693107
631183150
968025007
713766566
214284909
148828891
32242634
929377980
418191368
827705059
112128930
753469925
161620524
171011657
768792790
787706171
710562409
523338946
11358481
445606913
864523243
321125221
762729310
893686454
511473795
354327057
702554545
261278233
849761463
331206887
277157371
198981738
427275725
286514149
231775513
664272904
921406059
41145708
861596691
498869759
438950750
962615061
832801223
708298346
766350319
93898721
128148909
531455266
927431391
390453509
542763399
82831892
898195153
585012984
443761510
978703984
49912265
502862131
531561726
625317196
131126503
612943500
267195862
255966195
91682917
276161237
631535470
717728900
101782676
705741679
972626663
605437994
69136507
787145443
744184504
917950017
589190254
253606622
945328041
754469849
324611014
8577036
568960725
318445852
578363268
57966907
323032253
880998412
605914614
108978365
395664166
975164142
330490397
155712626
69928813
865675263
731668344
262547187
272960301
877119164
727499122
932571873
334087665
771297645
964370309
310365244
561308453
50977441
511785250
671964947
724462327
791882233
889801584
520607581
123531912
402439757
224600230
890862782
429412232
124378350
24472662
907594460
688978636
33796050
729300464
624800831
172139425
824490249
44318735
953798561
612456548
557251865
651347988
436481843
94801871
222346316
824215709
662123473
426368289
343042148
607460036
822527472
456210976
77734665
924154349
977649329
637216588
852329996
546174643
666341461
467414043
468007652
574215518
490300845
130183777
800904748
339999549
45245838
985144580
117170801
886602789
896427340
94138978
214767911
539142924
232818040
58687762
425709601
629123656
328371796
519181406
557108874
948718745
89249844
199514625
398579004
958983137
89382410
15450198
643965018
327268507
562571862
43753351
339241186
443973553
110797656
566921639
122038043
174255257
914880320
183174208
631357962
463897373
757009087
918996254
301863522
233095858
181493504
202293379
27903570
725249750
54340387
181903357
924055090
875550838
326068248
22404346
130657390
279923073
840532902
982499748
439986231
629618744
663233105
63728693
289256878
237448970
632395223
288770387
275936756
282227816
468131167
205869202
618401567
468721859
529223326
249096073
411179520
782832031
197225198
518027423
843742485
847021598
933208449
664077371
761230780
281523018
130777722
662590137
353108646
99541750
435668963
76420774
386232318
494341153
285903026
870336102
180079415
181453710
60608511
367870058
873056920
31072608
84048053
870076470
529703925
825667003
462742284
63174798
385736614
487810908
829556246
397392268
882304257
393486145
264618576
253706542
994684589
262193026
673316764
419823862
379001438
373886491
658086051
864344473
345434953
965868575
16895637
415931358
549109011
377239991
35003840
657590317
122591495
336176901
535734021
297182099
323246753
729193044
392186348
32856683
960917742
477519575
502270143
701717931
201968200
818302731
364279351
496693941
985176315
63664904
287637394
994522272
304368807
693491745
440776456
671868023
211166995
807266808
72670402
925179998
808742122
482613434
471543199
559226568
497530354
25515418
676752137
368224823
587152926
75364897
20710253
63647782
947620725
520702926
356989761
759434666
750709285
281113667
575534795
693609282
502334884
154842610
322232613
732808634
438485673
384995154
21097189
385803145
1870396
255519056
999429536
705201204
871774964
421788353
475567812
874540028
528365501
317717491
883616889
444005706
79276044
6771512
318852764
931244808
962616866
691071095
715094664
378435961
93224808
65843722
251551620
370505782
811016694
897771674
469613543
569093094
415293862
992439890
133869860
79914276
267809693
168469460
455285715
605914614
827518450
987177954
770341539
248489762
919861665
652730589
900783602
848711020
271934680
267539369
583617062
502409736
442227910
398042426
977429245
207635817
28352847
836109043
990951776
292231115
47750108
145899433
163212107
266479354
838664851
233336132
434108471
283178813
21014708
724638563
574465609
769780485
862190855
985185439
398539638
136597866
399102724
361262489
645707411
84730503
31957508
710485678
173677082
572248317
928034177
187318393
512151978
587579571
771256427
492981688
450546239
681957367
767005870
372269190
153063476
795443568
54094866
416266360
623826530
546926609
711208328
124085887
49071276
34030361
434416293
318225265
816565559
277996078
920584937
969267151
35474158
522743291
100931551
350955907
540959956
286194631
108635605
344641642
298673865
785374791
83501559
15262344
212130232
322729157
197475444
380315289
989908732
222634810
273307382
427398853
804300050
411008916
438640003
76400587
784994118
237182421
823424853
58917295
218748836
55631467
480565004
112659376
997687316
616835081
62438519
69204121
428886602
580394615
766963752
751683984
63382241
621521541
16246237
639355923
921954229
322889890
711410029
275545534
614318830
933690272
748404370
68961570
394420937
106966758
116137153
805589086
737563514
411238355
311691183
216626283
647178990
127281499
231469985
437883297
199746611
945440010
946294236
631590731
419781127
340280450
474647379
354549549
25190719
71066082
820915994
14995103
853702676
58738069
784174574
927046637
950266604
606561508
231654820
863324383
499509043
976246396
554915566
227859815
400483298
272397807
147058820
604580228
186623612
173112399
97751179
432686064
205346106
446853985
964022444
745036604
344874093
901350890
932528128
310017005
659016217
705798489
422776250
349435722
320111660
573765764
484118421
777882362
561399717
91912823
243224450
136227844
241891096
76962276
901602049
219884231
217166631
978808993
825918870
288249943
568361501
95249037
452799761
62820850
540630883
339531088
20459629
164563961
337239810
100289464
459578101
708451436
851422367
271610453
780259572
871999289
973962729
10116722
235994678
874707707
215385664
37203401
873198168
730036242
780208267
907082290
63069176
882447910
412656925
234009019
943581571
448536019
350682115
133330550
348536263
88349471
842692863
10652382
487443186
56552708
620089189
670027307
817403456
975428952
722521895
863380941
402702149
207184329
30241186
942820002
934948373
954918174
337211966
840184588
360199904
833936158
48957280
972408395
841643466
596370226
358011170
410023772
335640211
151302372
464439484
564036020
444005706
577757247
654830460
584949334
641243138
406687065
737030395
201984475
399025645
621459912
914183355
599954708
537968306
909121998
249005133
943794716
94232409
167765339
372912748
192638913
380407766
829486004
477193213
746596578
34050135
133455183
460060750
418490418
838851639
430127018
917427010
909703423
788053308
845357263
695160377
417262601
918887195
238294367
707405716
569551926
109252388
477519575
526767274
473508148
411448167
882818056
618137660
407569482
895074796
919512923
191137724
125390468
548880306
251762523
236684819
213916564
377594228
209591876
88782261
37941228
761949664
879590078
981012560
324173410
813566184
890107676
477606208
132599429
113742166
283911226
925530702
675395242
201936934
941156073
584404466
419791532
120471030
179116487
203206950
332269322
869347044
989175037
917021205
7290031
708775491
836794034
986504568
867530566
229177011
46228649
23434211
695970811
436188301
218191922
697021007
975930290
333642694
747025489
319384909
834397464
163347383
500990927
360960991
194336107
999436852
872734702
499706243
902742510
351911235
866073246
346367360
90141209
502017396
295380853
437305977
694299619
815004270
964981067
691266412
354379741
215619428
356944023
444221501
68648813
407482494
943307337
599862721
681350562
411629000
718838489
337588560
772005974
486729904
477034545
424516156
147192332
137474311
336126666
51355983
331392174
95735569
43502538
95890691
413464938
57123823
273397645
204305787
923635176
906354903
145914636
670632544
186692172
49363794
820004732
59337481
953071008
180178735
620120804
236888129
598149974
157529677
483179362
227489390
784384948
877815089
754466818
110512469
238273698
904073415
916229950
761097690
267096190
159032976
721114544
541653819
441037870
384615986
314136793
828689839
167012046
139203964
221177051
548391281
724084503
918865844
537645019
99666602
318589222
302364580
268229303
337888045
703406945
248630298
382511546
689097888
897452529
65457728
396676818
893073369
551873543
612118755
357979974
260221583
497540113
639707910
736554979
989239392
468461415
367581202
81381699
825973531
554084684
100132761
724454453
105462955
743695748
67760249
435093994
517626089
257866977
479085328
680722866
392704460
967071985
52129557
780097552
267168001
843147918
461671791
53782743
952947727
411718993
137695880
5586343
372176307
750249442
432359877
57895026
356242002
842040079
790907303
974441303
880349589
540938943
257629671
400553061
412131963
20946912
668385608
540988353
197308345
543473424
66574362
761544280
409743813
653674996
440206478
273616713
292554940
286202769
431683376
758157861
640850789
519184664
719759861
67143818
449771608
313628956
991902309
686877774
12054736
540542128
447090239
91078820
294737575
525853341
171598697
124451601
703133840
394021767
945213233
179764339
846957214
173654328
589933432
719635252
960005547
57366532
43433794
547944306
992130008
548697178
161512891
314413571
739959003
968661977
942519333
790351171
827705059
902709684
89925473
19596058
435450442
323055693
86206043
354169531
678851115
223286446
129767614
98127485
182871319
928443886
427095010
205617220
710052808
882908370
436269372
711591116
307289344
843726459
549724368
80621185
128960975
864494730
296395855
837683293
552116715
248716529
3216721
179576820
50800027
917852797
409303221
43969422
589741309
409105132
859155670
775240845
983149958
820591579
534753392
840774412
896189643
911469903
464209417
741474210
2582655
181544350
47525297
777285917
349856867
87929315
835770892
636577755
324973358
57338949
158392945
87735558
296229752
732580078
460809313
79145171
210267676
511456022
765862790
221481455
209511840
308651574
329711086
696469907
643371025
923540528
4369599
941457223
256975720
33418948
146684895
407808006
720719618
674324439
434108017
272841065
337637648
601457419
834141280
592071602
39213177
515505686
544776692
406515962
270848157
53060590
985054976
364437699
524636098
986733226
760704420
72879705
125417521
96287032
207172070
257049516
44025681
64647420
45197095
374261717
724519280
182675473
516020688
189548628
645784333
969028213
855191010
800160432
192876975
676664507
465256008
994593595
128827392
98092096
879946408
746816417
316691669
510416643
675907458
380404417
165441388
133972270
838451317
82226435
43941687
144000351
561597282
407431966
823461395
512466641
957290426
316308860
401452513
103452800
870507880
228715125
961290655
785555995
869424493
595219668
999423361
15799788
82340537
947008849
518730297
359401768
655543142
99652525
771478519
926304418
164194479
409435899
847789948
527854
882798556
992480798
302163700
920222609
351911235
180997781
980650559
606747669
7014672
543696217
989724684
129217494
6574992
951999034
964002714
422620375
732622629
436188301
769578963
523457114
9319251
251526390
821690171
293148661
585401844
482588556
784516695
826701724
620777243
238543147
717811344
139845417
35238105
45728580
632777517
774822004
404625275
323770045
731520853
789651472
712479710
865610202
553040487
598149974
280811975
616432237
734236942
966897188
614118319
766056449
723346832
659075757
256634223
873529619
812546857
417708330
96277781
867645451
5536065
655972958
708442566
570187501
283594947
456214151
559825692
799822793
487732408
784545397
260270131
595038328
64166135
755718764
821385731
384107961
330516414
213134284
880274781
569249015
892129200
241646195
376042070
510760185
314703757
663047769
968755124
465534850
546877039
725212822
442519308
845419552
888584772
221569998
828725537
698562186
81072147
571356225
802728845
614821151
40219197
748643365
725690914
525714968
896715502
503040492
698183631
534273448
140603355
327911749
350816841
4247368
972886637
711155612
240475868
85943950
904474744
406837809
219892586
700390977
652997489
853011196
348202296
266716806
842433127
426455753
887453256
311335236
742488604
599658914
579976418
643546338
439172824
733240773
415032516
617091477
401168003
639735340
32791923
373026646
443519627
233769798
865332809
760094857
648858289
979934207
547402981
423465683
217908382
751709247
394406620
944381893
59817601
742841976
922811705
741779395
402444181
621054340
50388099
251267733
570284042
862468138
369254631
375111637
633217467
217985583
123886926
360471485
695482812
125390468
123963687
411900903
498576661
740844489
583341984
579910392
587145725
768912144
50318724
932631289
896951987
231397934
217121514
517508374
473715070
351086093
533489009
653057522
159196094
564089944
661718710
146122351
280914819
724699291
80523094
215110677
150619945
7641787
725441179
505886745
340166366
490079507
995547688
87065162
749533678
889189439
595933810
724839611
740618714
907223007
743033678
131256582
514261357
409697366
580260286
316741219
313332394
264895679
492511888
936401361
959721870
120739264
600020089
820930302
957954007
370875031
376789985
727364005
205440646
39399556
757322860
445224213
305495433
495761574
385744556
531307481
943639952
726006924
952354689
472082171
922548521
474954377
511981531
203330670
390168549
821401599
433681134
704114563
861016395
594938800
195381713
953017651
999038417
258089239
932986026
639026339
599561019
969678964
162260052
811561757
295775634
438704346
369725241
32452508
237920744
913803719
121156772
121603944
1318757
271576750
439668709
634318817
540120993
961089595
646806522
457207140
984504102
957181964
704035784
850085955
641848372
176167092
13956696
155183393
760258667
937930539
74084167
281152135
684744674
675875656
71600403
122208090
573381801
936981183
539557885
983674739
635902269
217347767
305540392
431297354
928325954
726430440
573581400
96975552
373461966
761580483
807604445
203994932
228481036
637273944
887931766
467681450
501216402
103374813
568347410
185870612
195613036
390621150
341431984
709594847
309295885
781802779
364676699
282904499
362142764
884612320
491613150
532796817
212673532
112943369
836029174
793200389
566572768
380223282
312059754
981521567
523479730
474206803
177735796
158713082
958605022
189510468
346984488
770473683
648855122
789869357
930119572
221665383
754096636
953710595
864523243
974916210
269476111
404827216
955957110
437561532
132603750
327725118
94254320
547776106
170488482
684782656
99969868
373263170
659739294
373355864
570755196
181061317
346699305
832378363
985433217
435159749
618191712
817351479
321663788
165480851
469750301
450744640
420480546
9679112
659265912
860736311
337239810
663105578
716836275
895921444
159563607
50865063
601753418
790308707
800395557
691105416
82854716
74184967
121219035
268730835
718390604
106496238
831295295
212796899
133140627
156224637
637290977
553797294
411392764
794294754
261544302
29003565
490853282
166066630
721517843
670999387
365303033
326450321
905710029
943574402
653980519
120829177
365565124
938059212
625961883
100672042
675687094
287159933
913639734
15341163
168211870
587666129
51593456
28115386
501687055
437884247
522025430
274103412
546101872
762756512
685954362
190702001
646339058
441184916
854009195
596337301
947517891
170903860
889049823
287085667
588438056
826841445
492807552
901437271
512733250
74088094
196042641
121225079
587466662
542668899
569312938
88232516
375527383
99344586
476469255
634668102
722995268
573170206
44316059
401251146
823117254
391735784
529043209
43970646
841355243
536555145
50061149
263574301
16100678
295619794
540398499
171477632
841355243
647108245
404497339
324622096
703638094
710196659
152540371
918560570
32497345
219892586
803945436
754020310
703704835
422911815
111498330
566531866
249229822
68149835
283084347
763766849
102924654
608990177
767517427
621500753
247188626
534533720
970290927
228664593
159406833
496693941
437950045
417564165
769618581
895711458
786129873
352903364
894719966
721269921
246699022
34709568
987780020
894769988
326962252
991971646
850283045
863451213
424082864
806103330
768460090
424067405
340105272
816435153
858468085
144652576
480101849
448765204
648769212
647052922
194748224
19192183
7903992
423323460
966097758
411272113
258484816
450144781
287574457
601707012
392649429
790501166
682678573
704585059
183753921
81179616
433244619
636525091
765354319
773862977
741846763
776318636
954785479
628397140
462573609
55788369
373596856
138017411
396403415
953625794
302823204
936921324
806522333
824264548
572186348
252084084
319580428
295440381
124465253
422911101
81114884
894818540
661173910
691164527
477780650
417441007
53335100
930106143
924120625
809952791
912562164
185375942
34151753
944842510
237284062
375595437
576517176
264787860
346560164
760163801
862980307
89614261
758278844
988066626
661907819
440230085
284475914
511668283
52102957
273970494
853099013
459123067
624290719
906205181
392698141
423914202
926853171
932185838
992008025
495525966
565858852
762759718
974569958
804856992
942823474
353628363
425209553
219402007
852230438
963984141
102470266
57129507
38158675
885317122
213175718
463088914
114892774
43721440
611057493
255616231
425659053
803440398
130058656
887568108
247925835
720795115
563009727
390370255
384629934
724026792
31997263
455787881
132337534
256622731
422728684
425702649
505946827
233118289
279186364
941506069
308559399
216021689
125390468
556841003
981695004
390515202
239877768
566325460
320501275
334224795
910259264
438020805
390954671
258704269
314728007
422409117
513339346
402882005
704824315
711144041
930271057
917574242
151369625
601553747
63845814
486721890
924653247
529011066
908381272
762688057
741358288
201657251
867645451
830186691
415293862
870296962
492137741
893449256
609459698
523642744
270361766
986753113
171108509
842700037
497353680
287950884
634115208
306632368
38758846
381708438
750793514
205016939
112964926
715842540
527621133
673998
893412992
204743318
788875946
290012423
917399666
348796057
297968415
138696614
857183675
572311971
777618752
108594887
997934864
607036293
866599292
300364778
741435869
262901903
74494170
470989594
180645691
547421513
674463955
821690171
433388499
300152032
450392136
961102776
913258996
908346779
402992781
888427152
256622731
910050758
968467561
123506107
753075431
707765099
697227638
291714107
978077197
106025801
638036773
840598431
490794669
702089225
938194848
958831819
43175101
940449626
247982924
324173410
182346315
39943987
349235255
951837882
271906767
310005780
422815683
459001096
613741713
757315104
43599355
130140424
236108186
749122574
271900998
257669109
514499620
461812686
243077874
261903688
783449857
495334709
642538462
202689197
866089840
127967869
706076627
609951668
156773952
332795317
920435006
248774711
668508907
114486033
965894235
194963462
82773989
874738221
96846909
371156055
690520189
599458509
278081147
401126338
125874197
223861285
710651270
151369671
88855274
687627589
917092008
885688951
409942389
722017166
230731750
250971032
531462515
107091351
988207375
170996259
331800903
885378516
323501359
646985708
887361211
447561056
231347549
415470959
926494479
738038261
888870301
465615013
777514423
535046153
818876744
2915979
82705956
177661341
452766830
345962962
409074835
8641949
988768409
447917489
615201571
872732786
206158521
959916152
874104761
907859510
720936546
63000041
327254497
360199904
246856452
479882423
13919592
143493253
755062138
496186206
960669908
472935878
63669449
177913889
66595070
822113870
764650517
902709684
335310133
600744326
642457013
301166676
139243165
836456488
499876770
328784267
353827443
792990691
61830939
438397400
815006937
528296043
327652813
108691407
938869941
950227919
105712111
289709555
904299415
300645184
159406833
650228456
792016780
91446453
293863322
36812664
609814142
363595737
790907303
583236900
593513988
989383046
343270643
335001105
421611395
271756541
714533422
548576257
164533168
371177694
737030395
168954269
816589475
337965727
427876551
46890222
103050153
409741302
624246875
984822752
617520082
756729789
412247975
771723679
295307742
150207531
836851619
52854425
141514900
927647127
102457232
914152346
450227292
375262408
915335211
459483786
458526547
263631157
612399255
797550664
801810850
673386553
883302323
87735558
781280608
869742465
770803049
182217140
431258272
190215066
695209093
399495506
677614107
581165285
785703159
306761528
815865842
127046406
412354654
951922419
593826614
233204970
610717477
225948195
215920650
780334664
722339457
546029221
12032414
863720425
517457536
758764433
206969031
59175045
620357841
816589475
656607207
261433599
931025839
853244341
673955657
909575082
532523374
380767770
797939011
285452868
869590698
94851290
369650920
51351627
471934852
751182715
78401758
875213058
712823979
767153305
510460686
627409032
908504841
771230445
197659024
947290839
271906767
344743143
204589446
58402586
702979317
511368543
614250185
486878590
54392853
125249455
621963768
296260239
135546832
355055069
912340279
820198953
281292720
893449256
317223110
168867741
222847075
604818061
501643941
627393477
588777621
931483341
888997694
132940011
538518567
208193992
373538995
101189531
37388393
707279927
797397173
70464379
982478896
592988083
396773529
664174774
972095441
545264115
707281110
395436600
171870548
133809700
804847010
111665373
679748194
244116863
994934487
255409635
524933152
670091450
362450324
893385224
375092446
836989577
14046148
920929785
754910655
825056604
627894132
918969888
798979335
608523814
325762681
387494477
396315835
75210442
21044358
360282517
236843178
236727011
217969789
430831588
976526278
672852741
124359363
978472048
511786355
457365308
351477420
199369576
568653666
466513479
304518126
662180012
202389622
675130556
171961953
80922661
635680154
906777414
621988281
570558010
586175649
132043001
902387878
715995125
869140084
32002875
75763268
43560460
804691123
700399754
711352421
781305804
762929180
794463782
965272283
815168372
542016981
12641375
246782028
221137256
608333144
948690595
436979186
538655589
144500770
564728412
577869748
236813871
845501377
607041528
773600997
109245976
208928853
495300319
597529944
47205799
516112533
946938750
143483605
265951017
510344830
611904828
567611147
764690300
559336234
808233813
849464231
405656971
744437143
586510577
177459843
388220101
978039215
520989140
956157625
802937151
549679034
666791142
830196832
41587808
286721460
820585224
386902615
97168881
457884250
310722824
977242251
763204687
409831130
709547555
282905865
182712724
98606024
555079582
110488655
402618943
852811273
337738580
631237500
790206111
359472293
788414976
194475202
348287790
125198151
552293198
95672448
549108938
572862171
570960274
75642255
266120958
190561161
292229996
320164039
203226284
42726259
641976667
479082265
697595763
377239991
393031948
873020379
99652525
854112135
297777989
412685888
654578947
128912438
941444947
989397390
711363602
775086490
532611576
391202164
446111060
814282123
109136730
587640980
692802543
652195714
597430661
265021506
728162960
217969789
899619696
546202168
436741388
560441797
623456411
989028481
157494410
425702478
986239249
546776885
566255621
95621705
787543339
619273228
956126775
824854225
241203756
367787131
885807459
797965383
802578048
556389651
494461119
922189680
50120469
552319961
872679236
592425216
291598042
264377908
768864198
77493389
932012199
904899646
688311227
854513889
480420128
566574321
562130427
675592435
43648456
118990509
888378937
112555511
941262573
568698185
545669793
133334569
562014230
706709780
262424282
153245301
202343194
428239411
774415439
776963560
353827443
601390780
234579252
897959102
116351832
316684582
478680321
461278786
937326109
122466112
992202082
408827769
6192548
485890962
890012105
823117254
845232364
425966715
293743042
505144207
896955567
515378232
11470971
854181559
930153612
801645313
405787477
413762328
685927125
244405847
721840039
614380164
547094394
566949787
40995796
298782441
599461599
952276924
871481100
178688918
2250136
172765390
423882144
546676888
879534117
571141353
369638863
369974556
159563607
535999837
316226823
899214453
507309129
210462624
404180831
680377851
103204742
171681698
151498268
434835370
229095480
974404529
236460985
45400737
721062987
351676381
34287393
521864844
230243681
698628135
269842418
969424360
860808553
787315122
674937447
890927195
518162011
626044035
21337215
370465945
890017338
485564607
11291563
837224815
303037081
640399883
960519708
530035410
305322642
150100339
973525787
332030
947873122
739342444
116564278
476235258
571532688
871802916
818196894
141537968
879947843
720309527
963235093
427928963
407567834
872894867
863906360
114757278
600055543
631618401
64490324
955384695
527285108
210808646
881450814
257456928
97157011
43697528
911963068
230288516
946804640
971655320
856991373
111200214
990990471
594422210
622154276
839657774
537447831
830303590
868045903
93714691
395756980
484150083
987568041
655172413
921094010
211674556
156856055
47786496
678666331
598328775
485143400
346141377
61993614
224591811
204669850
868867196
140455615
560301847
661191736
900052675
564360114
513243990
239760326
562429979
83337892
93154713
925119099
465415776
195449768
22150955
536899131
317201496
861906757
264195421
740301651
313848774
296696623
873224115
397792692
556967956
934629758
636602538
527287355
745651098
623108912
165162962
325771065
893085110
489657235
894273444
127085846
904945233
786454534
409331127
55502760
503572844
660189077
847352798
803060238
633717392
743694273
51626707
42452035
630928050
706332557
27082506
200028203
851373298
872438138
422692089
220759475
382980353
478320864
448629512
945544785
132659292
244846212
634353399
958715351
913705646
408198935
635123360
604183323
615438923
222745081
975917089
319118539
85019321
825496670
870133743
256644312
93798102
840253161
323727079
672775993
203044389
283841097
813142925
555772245
596711684
641421935
644311402
729717865
248268466
861805885
909546934
60928678
48897420
938922828
699015469
75211431
202351263
192023727
555050102
442532059
783504374
224075222
146698432
666655282
480559135
415186390
129204900
274509370
447001100
950045883
894550640
105676767
910879227
504948577
164054300
131687899
506232369
239294569
307670551
570427030
454114608
372235431
958460287
961640431
561532931
439104478
23967151
704838940
388920921
117143026
357497966
446764822
894163953
412352681
584417186
602034816
583624185
233705182
363155796
598851546
565186904
80836979
784775838
750201381
908201694
28560499
30678661
557214344
897959102
977167739
224822302
419037721
334267880
541075391
246634715
246120497
131114306
119664807
252685295
58987585
844277374
332623997
281824452
233074583
614874544
838352975
806522333
408325900
962205215
431280965
66769861
173343117
296383403
617857793
353259507
848977461
134841371
59209145
498209497
340455238
247044025
29835821
413701884
534686937
109326350
933158834
118413142
116531540
1452301
697674330
149923748
95735569
993174204
569594194
344720629
778225743
399531343
527018753
428653079
551496522
879324122
305354363
128031492
610193306
303733155
541521429
986239249
336080513
79549628
881394508
170318991
496252947
930667895
541146769
257489829
758629125
552776579
862614746
37751709
941627654
288834895
909566636
347846377
528939600
784972978
33711746
560441797
822826000
438141753
938512317
779754614
876862911
228747047
2138067
842806251
1030310
436134960
280233560
834900374
183659039
443356361
896611889
484603886
165953860
487565338
444757602
782758205
439592475
932901124
385458290
835760085
596790971
498516751
975422591
782787501
565590030
362012100
436883484
366548270
213272150
522461077
578915476
225796600
5913778
955612264
570824477
878262232
780276564
596610060
724862352
175813960
19570756
658766643
503829961
512831377
460417301
454300658
983887293
310705966
560271028
368760138
310701427
213360558
34050135
123425206
687792106
186125046
524148287
601830262
727617826
697411738
811463079
263927333
403575266
357865943
438798334
907837395
539568155
48367886
506481674
219375350
497530354
568639968
579111941
431050118
78978267
987384901
317112091
5866857
114043731
496418687
837681099
719304315
420934739
899303799
781423443
962969404
813942494
597685555
624293770
993634855
37285879
316681525
854671491
935340513
538243951
419074119
512386947
566789324
859400997
797224290
273133030
67488718
127237664
281401915
982569819
834827877
317140133
779116948
123154086
389830389
644133741
776254975
961462971
998966198
495917259
776523778
566789324
143860982
41660639
626978615
788907220
267431444
927240222
193416477
624673052
316834072
676675945
751860829
384438010
385301028
696161810
134442003
686575050
169464513
788842438
206504769
14058959
976404773
279052097
887778880
619444586
503712218
240467043
333352120
294352127
673076294
394105100
697194756
444859085
508834063
160678066
581389443
962825402
875759548
788428314
98943672
859035124
412924028
767570713
305095942
331671165
75834450
659732621
562025951
537153464
895824930
391617422
504315361
986601093
951439901
994415149
270848157
859395201
473294325
584623227
317443357
9661708
468621553
321051135
539579542
441656332
847386566
420488944
41420031
451617199
490618093
177857644
968933177
303031662
76915813
291980632
999040898
650154767
556475951
323620484
625822640
425659053
951410782
415036631
925179998
458831536
10318155
33205085
170314436
702314795
755146008
336205316
454261985
799815236
73068948
270286997
286224635
140198305
132326743
239578389
177541487
991378037
304858227
508610164
16012960
548910880
325127913
298087064
750233045
48249723
679524205
638431979
745941114
478569265
455179624
251649591
767456829
263224532
647850004
522046613
993451126
881088772
782787501
801808902
405066772
912166899
533482832
67634082
633472562
326461686
852859516
31323479
819874166
405406866
700793105
388536452
688800601
510550916
206384835
206685472
72289393
579852076
327263618
977770827
478068200
151578859
557622145
647178990
989994977
818972246
505439570
191005403
213160237
563813788
808584303
246543143
536357723
