3488276482
2
0
2
0
1
0
2
27262977
9615053952
0
0
4097
2
0
0
18433
1
1836311903
1
2
0
903170
2
0
0
59394
0
35651450
2
0
2
0
0
0
0
0
11524482
0
0
0
2
109021953
385875970
24157817
0
0
0
2
2
1
0
2
1
2
1
242786
2
0
0
0
0
2
2
1
0
514229
113570
96002
1
1
305
49
622593
2
0
2
23068674
1
1
2
2
1
9474
0
1
2
0
0
491521
0
1922
2
2
0
34
1
0
739395778
9986
0
2562
1
1
0
1
1175617
0
60114862082
2
1197938593
0
5
2402
1
1410
0
0
19922945
1121244166
9615053952
1664080
0
0
0
1
2
0
1
10
155650
1
2752513
458753
1345
0
1
450
1
163842
0
0
1
90114
5122
2
872122370
100608002
1
1921
37748665
2
94
1
0
755749
0
1
2
0
150994369
0
1
20603361
1638401
2031618
2
1
337364929
0
1
14336338
1
0
8961
2
1
1
2
134214657
0
6029313
0
0
1
0
1
170834677761
2
0
2
32673
433494437
514
1
385
21375257602
45058
0
0
17358075361
0
1198526690
249
133
1
40
0
0
1
0
1816697860238
298
0
85
11266
71
274
2684350721
0
1
0
166
1337262562
1
0
0
1
0
0
2
2
0
0
3932161
0
0
2
2
0
0
1
31
1
1
0
62
2
0
162
2
1
0
0
13
0
2
2
0
0
0
93
221826
7514701826
0
1
1
2
0
1
245762
0
475138
0
1
0
0
0
228444518402
1
671088001
2
2
0
1
0
0
0
0
0
0
0
2
2971215073
385
1281
1
104857602
1
1
0
983042
74
2
341669355522
0
384334808922
94211708
801
0
1
0
0
0
0
0
36815282
65538
0
1
299925938
0
0
24577
1
48
0
2
1
2
2
0
11266
0
43
0
0
0
1
0
0
0
1297
0
1
0
12146
1
33624096642
102953394049
2
114689
2
2
0
0
70
53
1
19682
1
0
212994
1921
0
770
19129425409
1
2
1
1666
1
0
0
0
1
374679458
0
0
0
2
0
2
0
0
0
25602
2
1
0
2
753792545794
0
0
0
0
0
1
9986
0
0
1
1
0
0
1
706
1
13
0
2
0
0
0
0
0
2
48
58
25356434
1
1
69634
226241
0
0
2049
169
0
0
1
0
1
2
2
2
0
1
0
1
2
0
14338
2
2
0
1
2
962
0
0
2
642
1
0
81902
20971522
0
1
0
253954
15873
642
0
2
1703937
1
2
18454930
2
0
8750869881
139266
1
1073709058
379399
46368
0
2
4211306497
2
18454930
917505
0
0
1
0
2
1
0
1
0
50307074
0
594
0
0
0
0
2
0
650097672673
1
1595382150
0
2
8977216225
4563315713
769
2
1
622593
0
0
77825
0
0
273
0
0
0
66257282
0
1
0
0
0
26625
5899103234
0
114690
2
302201
0
4411648301
0
4098
267914296
1
1
2
1
1
0
802
4609
2
1
2
1
2199264673425
2
0
0
833
2
2
0
40962
126491972
284970241
13530
287328802
2
578
0
1
0
81922
2
1
10946
7681
0
48234497
2
1
0
1
51201
5890
1
1
2
1
1
1
2
1
2
0
2
1
0
0
0
1
1121244166
0
51201
0
0
0
285209409
152351
1
290
0
0
0
188050673
2
0
3
2
0
0
1
2626
1441090
2
2
2
1
1
1
1
74
15557484098
12
0
61767694226
1
1069626040321
186
0
17304140641
0
192937986
5250
2
2
0
458754
36
2
8705
2
1
2
0
0
0
36865
2
0
113345
1
2
1
2
2
0
1
0
0
1
0
0
3407873
0
265
0
0
0
114449373698
0
352321453
0
0
0
0
1
0
7426
0
1
1
0
1
0
1
0
5522494417
1
3757408258
513
1
1
2
1
86018
0
402653186
2
2
0
557058
76806
0
0
4456449
0
1
2
6815746
1140835458
0
2109808642
1
1
0
0
2
0
2
1
0
0
138
23046146
24117249
0
1
2
0
0
2
1
1
1
0
2
1
1
1794
2
0
0
1
1
0
251644802
26
0
0
402358273
6356604495481
2306
0
0
0
0
13314
1
0
0
376833
0
1
2
8589541377
2
2
2305
0
2
9126631426
2
0
0
1
0
105
0
4270077394945
2
0
1
2
0
337
2
0
1
1410
1
0
267914296
38914
1
0
0
2114626279042
1
4274288701442
1
1
0
1300195345346
2
35422
18
25153537
81922
8362
0
1
0
0
2
0
0
37748702
37
1
1
130
1
2
1
0
0
9986
1
2
2
1
377
0
0
1
2391432077886
2752513
2
1
1
1
0
0
1
2
31
0
2
2
2
1
53249
2
102959683202
0
0
0
9961474
1
2
1
0
0
0
1
2
0
1
0
1054904321
2
0
2
1
0
978793
384334808922
384334808922
2
2
1
2
2
34
2
1
0
1
0
91
7210147282
290
8414314489
0
2
0
2
40
2
2
0
2
823526535170
0
3842
36513081
147458
476449
0
2
11534337
743349313
0
0
85
2
2
0
6098
0
1
66526
0
1
1
8540154789890
0
2199264673425
1
2
0
1
1
0
2
1
0
0
48876098
38721
2
181
229378
0
0
11
0
2
1
0
2
1
64293450961
0
2
2
0
1
2
0
0
2
18424
0
1666
1
2
0
0
0
0
1
983041
1
94210
1114114
0
2
0
126977
0
0
1346
0
2
2
1
0
482
0
0
0
0
