3488276482
2
0
2
0
1
0
2
27262977
9615053952
0
0
4097
2
0
0
18433
1
1836311903
1
2
0
903170
2
0
0
59394
0
35651450
2
0
2
0
0
0
0
0
11524482
0
0
0
2
109021953
385875970
24157817
0
0
0
2
2
1
0
2
1
2
1
242786
2
0
0
0
0
2
2
1
0
514229
113570
96002
1
1
305
49
622593
2
0
2
23068674
1
1
2
2
1
9474
0
1
2
0
0
491521
0
1922
2
2
0
34
1
0
739395778
9986
0
2562
1
1
0
1
1175617
0
60114862082
2
1197938593
0
5
2402
1
1410
0
0
19922945
1121244166
9615053952
1664080
0
0
0
1
2
0
1
10
155650
1
2752513
458753
1345
0
1
450
1
163842
0
0
1
90114
5122
2
872122370
100608002
1
1921
37748665
2
94
1
0
755749
0
1
2
0
150994369
0
1
20603361
1638401
2031618
2
1
337364929
0
1
14336338
1
0
8961
2
1
1
2
134214657
0
6029313
0
0
1
0
1
170834677761
2
0
2
32673
433494437
514
1
385
21375257602
45058
0
0
17358075361
0
1198526690
249
133
1
40
0
0
1
0
1816697860238
298
0
85
11266
71
274
2684350721
0
1
0
166
1337262562
1
0
0
1
0
0
2
2
0
0
3932161
0
0
2
2
0
0
1
31
1
1
0
62
2
0
162
2
1
0
0
13
0
2
2
0
0
0
93
221826
7514701826
0
1
1
2
0
1
245762
0
475138
0
1
0
0
0
228444518402
1
671088001
2
2
0
1
0
0
0
0
0
0
0
2
2971215073
385
1281
1
104857602
1
1
0
983042
74
2
341669355522
0
384334808922
94211708
801
0
1
0
0
0
0
0
36815282
65538
0
1
299925938
0
0
24577
1
48
0
2
1
2
2
0
11266
0
43
0
0
0
1
0
0
0
1297
0
1
0
12146
1
33624096642
102953394049
2
114689
2
2
0
0
70
53
1
19682
1
0
212994
1921
0
770
19129425409
1
2
1
1666
1
0
0
0
1
374679458
0
0
0
2
0
2
0
0
0
25602
2
1
0
2
753792545794
0
0
0
0
0
1
9986
0
0
1
1
0
0
1
706
1
13
0
2
0
0
0
0
0
2
48
58
25356434
1
1
69634
226241
0
0
2049
169
0
0
1
0
1
2
2
2
0
1
0
1
2
0
14338
2
2
0
1
2
962
0
0
2
642
1
0
81902
20971522
0
1
0
253954
15873
642
0
2
1703937
1
2
18454930
2
0
8750869881
139266
1
1073709058
379399
46368
0
2
4211306497
2
18454930
917505
0
0
1
0
2
1
0
1
0
50307074
0
594
0
0
0
0
2
0
650097672673
1
1595382150
0
2
8977216225
4563315713
769
2
1
622593
0
0
77825
0
0
273
0
0
0
66257282
0
1
0
0
0
26625
5899103234
0
114690
2
302201
0
4411648301
0
4098
267914296
1
1
2
1
1
0
802
4609
2
1
2
1
2199264673425
2
0
0
833
2
2
0
40962
126491972
284970241
13530
287328802
2
578
0
1
0
81922
2
1
10946
7681
0
48234497
2
1
0
1
51201
5890
1
1
2
1
1
1
2
1
2
0
2
1
0
0
0
1
1121244166
0
51201
0
0
0
285209409
152351
1
290
0
0
0
188050673
2
0
3
2
0
0
1
2626
1441090
2
2
2
1
1
1
1
74
15557484098
12
0
61767694226
1
1069626040321
186
0
17304140641
0
192937986
5250
2
2
0
458754
36
2
8705
2
1
2
0
0
0
36865
2
0
113345
1
2
1
2
2
0
1
0
0
1
0
0
3407873
0
265
0
0
0
114449373698
0
352321453
0
0
0
0
1
0
7426
0
1
1
0
1
0
1
0
5522494417
1
3757408258
513
1
1
2
1
86018
0
402653186
2
2
0
557058
76806
0
0
4456449
0
1
2
6815746
1140835458
0
2109808642
1
1
0
0
2
0
2
1
0
0
138
23046146
24117249
0
1
2
0
0
2
1
1
1
0
2
1
1
1794
2
0
0
1
1
0
251644802
26
0
0
402358273
6356604495481
2306
0
0
0
0
13314
1
0
0
376833
0
1
2
8589541377
2
2
2305
0
2
9126631426
2
0
0
1
0
105
0
4270077394945
2
0
1
2
0
337
2
0
1
1410
1
0
267914296
38914
1
0
0
2114626279042
1
4274288701442
1
1
0
1300195345346
2
35422
18
25153537
81922
8362
0
1
0
0
2
0
0
37748702
37
1
1
130
1
2
1
0
0
9986
1
2
2
1
377
0
0
1
2391432077886
2752513
2
1
1
1
0
0
1
2
31
0
2
2
2
1
53249
2
102959683202
0
0
0
9961474
1
2
1
0
0
0
1
2
0
1
0
1054904321
2
0
2
1
0
978793
384334808922
384334808922
2
2
1
2
2
34
2
1
0
1
0
91
7210147282
290
8414314489
0
2
0
2
40
2
2
0
2
823526535170
0
3842
36513081
147458
476449
0
2
11534337
743349313
0
0
85
2
2
0
6098
0
1
66526
0
1
1
8540154789890
0
2199264673425
1
2
0
1
1
0
2
1
0
0
48876098
38721
2
181
229378
0
0
11
0
2
1
0
2
1
64293450961
0
2
2
0
1
2
0
0
2
18424
0
1666
1
2
0
0
0
0
1
983041
1
94210
1114114
0
2
0
126977
0
0
1346
0
2
2
1
0
482
0
0
0
0
0
1
1
0
60113944591
0
449
0
0
2
2
2
2
2
2
6029313
0
0
110913
6814914
369697889
0
0
0
0
1
2
1
0
2
257
2
2
0
0
2
50
3073
0
131074
0
0
1
2
1
1
58714882
4097
0
34608281282
185
0
135169
16812048321
0
14850
2224080691
0
1
6029314
0
2
0
0
1
0
2
0
2
294913
2
0
0
1
0
0
1
17409
2
2
2
2
0
0
0
0
2
2
0
1
12290
527972353
0
201203714
2
0
514
353
98
0
0
2
1
0
1
88080385
1
2
2498
30
1198526690
39
379399
0
1055944706
2
2
1
1
0
0
21370024961
540673
1064318
1
3598352
121393
104857601
0
38
0
46137345
353
1
0
17921
1275065378
0
1
641
2
0
0
460459872289
0
0
65537
9841
1
0
0
25741493185
18
1794
20
8450
2
1
0
2
14363119793
1
2
100663297
2
0
2
2
0
0
0
0
2
1
0
2
0
2
237569
2
59393
0
30721
0
139266
1
2
77
0
0
62
0
0
16898
0
2
0
147458
0
1
0
34357903361
2
2
0
1
1
14678945
1597
2114626279042
0
0
48876098
33794
1
993
2
7937
0
0
2
0
688129
952898
1
1
1
1
36
69
1
2
2
1
24194
610
37527562
2
0
253953
0
961
1
1
1
0
1
2
1
2281666562
221185
0
1
0
0
50562
68862360962
2673870402
0
1
1
0
0
0
0
11534338
908348930119
0
0
1
0
114449373698
528493058
1
157305
2616961
130
23023128348530
0
0
0
0
0
2
1
218043906
1376257
0
653
46137346
66526
1
0
0
2
1
977
41
1
2
2
1402817466
471591362
1297
0
114449373698
0
3488169985
0
96
294914
2395877186
0
1
0
12578306
354
2
79691740
0
1
2
1
2
1
13107202
1
1
2
1
2
0
2
1
2
0
0
0
122881
1
0
0
2
0
41943041
1
92274689
1
0
0
0
75497330
0
1
1
0
1
0
0
1
1
0
2351234
2
0
20481
2
1
804667393
1
5000
8705
1
0
0
1
1
0
0
0
2
0
0
25
0
2
25177730
117
1
2
1
25153537
0
1
2
0
0
1
54514306
0
81
0
0
0
0
1
0
2
0
0
0
0
6289153
344066
75790978
0
67107585
2
0
2
72
48876098
0
0
0
0
2
53
19457
1
1409285473
4738
2752514
12290
204668310
0
1025
577
14597
2
0
152810237881
1
0
0
92274690
2
1
227114497
322
0
0
0
329
122
0
130
2
1
1
1
2
2
0
2
1
0
0
6577333
137
599263345
2
0
0
2097268203681
102334155
0
1
0
0
1
129
2306
36866
0
2
0
0
433
2
458753
402358273
2
0
0
0
0
2
0
0
218043906
3524578
2
0
1
0
0
2
0
1
1703938
2
1
1
2
2
2031617
376833
2
0
59393
34513
0
5889
2
1
2
57338469890
1
178
0
2
1
2
2
2
2
2
1201
842749
153
2
2
635622
2
0
2
0
0
599441
0
2
0
8193
0
1
0
1
610
83640321
32208814082
40
1
2
0
1
1
1
46086658
4832312150
8362
690
171050
2228226
2
218049
2
2
2
289329
1
0
1
2
0
2147409922
56785
2
15029174274
2
110
327681
0
2
0
2
1770244
1
1
0
125
1198526690
17922
2
0
1
3421672862318
1
0
0
47213569
1
61
1253477764
2817
0
0
10242
22020097
172033
0
0
257
0
264507138
23043329
1
1
1
2
0
41943041
0
1
0
6514370
23554
0
2281662209
2
1040385
0
1366008381422
2
2
1
34513
0
0
29698
17409
0
0
2
2
15874
0
81921
2
0
1
28615778
270945907192
0
1
0
1
1
0
0
2114
1473871896
1
0
2
2
6289153
2
2
1
2
133052
1
39845870
48315634
0
2
1966082
0
0
1
3421672862318
0
2
2
0
1
0
654561
1
46368
2
2
0
0
0
273
0
2
266
27257153
2
2
201326593
0
0
0
106
2
2
13
0
1
0
2
1
2
0
0
0
1
67181936002
0
0
0
3670017
0
1537
0
15
0
1
0
2
2
23
2
15362
0
0
0
362
1638401
2
1
0
368513025
2
0
2
0
11266
2
64417136642
503281921
0
4354
0
0
2
289
28
0
1
1
2
2673870402
565262081
1
2
0
2013112322
13826
86017
226
125823362
1
249
0
1
90
0
0
1
83
0
1
1
2
0
1
0
0
2
92274689
851970
15361
2621441
0
0
2
2
2
1
2
2
0
1
0
2
43
0
1337262562
0
2
18454930
2
18945
257
0
2
2
1602
2
2
2
1179650
0
0
2
2
0
0
47135078850
2
0
0
0
2
2
524289
642
0
0
1921
1
4456449
0
0
0
0
0
0
0
1
13313
0
1
2
4980737
36815459504002
1376258
53250
2
37
0
41
577
1
2
5122
1
130562
2
2
0
4700162
45057
0
1
2
63490
0
650291809
2
7681
0
26214402
2
2
0
0
0
866988874
0
0
2
17
2
0
411763267585
1
0
0
73
0
1
0
622594
0
2690
0
1
2
0
2
0
2497
4448161382
2
2971215073
0
2
317811
1507329
2
2
0
1
4211306497
25601
0
0
0
2
0
1
2
2
1
14850
1
1
1
274
1
0
0
455982381570
0
1
2
2
0
1
1900545
1
1
1
1
0
0
2
1
0
2
12097
0
0
2
0
2
73729
0
0
481
33793
6514370
0
2
14337
229378
0
2
1440913
7425
3329
2440168521985
2
1
0
2
2
0
2594
2
18
1
2
164988470274
4789403138
1
0
0
425986
0
0
21
610641246817
1
2
36866
0
194
0
0
1
0
1
0
0
0
67107585
1
0
0
1217
0
0
1
2
0
0
73658
0
0
1
1
0
6145
2
26214402
2
1
2
0
0
34608281282
2
2
2
0
46081025
1
4157442
0
2
268198468866
0
0
0
65537
2
2
121
2
0
21370024961
9615053952
2
0
3311233
1
0
1
0
2269806340
1
9218
0
19129425409
10690245762
1
4963443281
0
0
23023128348530
1
0
2
2
0
1
1
1
0
0
2109808642
225
9126631426
2
0
2
109021953
2
1
0
0
16897
2
0
35422
0
2
1
1
1467182629
2
0
2
0
0
481
76
1
0
49
0
33590968001
7156
0
0
354
1
0
0
249
0
1
0
897
0
2
3612241810
1
141
1
2
1922
34608281282
0
2
2
0
0
29360130
2
0
1
1
0
674
2
1
0
0
0
1
0
1
0
2
409602
637532689
52428802
0
1
24117250
2
1
89
40961
2
0
32208568321
2
0
1
2
0
0
317811
2
3218276365
5634
0
897
0
0
42688356866
0
1
2
12588865
1
1
2
409601
5894046226
0
0
2
0
9279996
114689
167239691
1
0
0
977
1
2673215841
17
0
344066
2
262146
0
70
0
33590968001
834
2
2
78
0
1775129882120
1
376942353922
23553
2
0
0
0
0
0
2
0
18433
2
0
1
0
1
2
63245986
2
0
0
11534337
0
0
1922
12678217
0
0
1
2
0
481
0
23046146
1
1
2
1
1
2
27257986
17922
20
2
0
2
360317
1
1
0
33582416690
0
0
983041
0
26214401
577
2
2
0
2
196609
75790978
26
1
1836311903
0
28
0
0
0
654561
20481
2
1
1
0
0
0
14
0
1813092786597
113608501890
2416156075
0
2
0
2
1
3145729
1
2
2
1
65538
0
0
34608281282
637532689
1
7340033
0
0
0
61442
2
40962
90
0
720545
349
1
50331650
2
1
2
0
872095745
305
950273
0
0
2
273
0
245762
185
2
2
1
1
2
1
0
1486698626
1026
161
0
0
425985
0
635622
3407874
16897
12058625
1
4831796737
29697
1
2050
0
0
0
0
0
0
0
2
1
0
113570
2
251642881
1221282493634
2
2949551617
0
0
0
1
2
86
210
9217
0
2
6553601
143362
1
0
1
0
1
1
0
0
7778742049
1
1
2
2
0
2
1
83923099906
2
2
34
298
1
27262977
2
1
3412255
1
76442628088
31746
1
642
1
0
2
1
19521
2
0
2
1
0
2
0
2
226
1
2
0
2
2
113
1
2
458754
5122
2
1
2
3145729
0
72
0
0
0
0
0
0
23
2
482
0
0
2
2
1
2
1
1
193
0
67107585
2
0
0
2
0
2
0
1
1
3145730
31
0
0
85
2
18772993
0
1028458
0
0
2
1
0
2
2
2
0
0
18578
13631490
1
155650
2
2
2
2
2
1
1
0
2
29
5242881
0
1
0
0
0
0
2
0
0
0
2
2947023113
2
376101346
2
5378
9525462420994
0
0
299778769
1572866
5875401217
139266
0
2305
0
1
0
0
1070680944642
2
1
2
1
0
2
0
704642906
0
0
0
0
0
0
0
1261
1015809
9
2
56
0
3073
1
0
143664401
1217
0
2
0
0
1
2
1
2
0
0
15873
0
4098
0
0
14338
2
169
0
157
1
130562
226
1
0
1
0
337364929
689
4482
70
0
2147409922
0
1
1
0
1
0
0
55
10485762
2
1729
2
6815746
14363119793
0
2
21713876322
1
1
2
13
0
0
0
0
0
1
1
2
3757350913
16386
0
2
797691075
18874370
0
0
0
2
2
0
0
1
1
35651450
2
63
51
57345
0
1
0
0
31
61767694226
1
2
12871532833
0
0
0
50
1
2
977
1365673983921
0
2
2
0
147242
1
1
417
0
0
4609
2
983042
1
2625
0
2
1
0
227566082
13
0
1
2
2
2
4963443281
2
196597
514
0
2
1
147169
2
0
0
25155074
1
1
1
455982381570
498
27650
2
0
1428864769
1
0
234
3841
0
2
2
0
0
2
1089
0
0
2
3145730
1
0
1
38914
0
0
1
0
0
1
6
1
0
0
2281666562
4610
2
0
34
9638
2
0
62
2305
14850
63
1
1
0
0
1
0
0
181
7682
2818570946
0
1
0
2
0
0
2
1
37890
0
0
0
819201
1
0
57
114009282
4
19
588097
393218
0
89
24
1154
1
2817
2
1
11524482
3932132
1
1
0
30722
1
1
0
2
0
40
3194
1
0
0
11266
237569
28311553
25
3777
11511564174265
0
2
0
0
1
0
2
83
5100254209
77442
46
0
7681
11524482
161
2
1
1794
0
1
6553601
2
121
17922
1537
0
40962
0
2
188418
0
1
353
897
0
2
823526535170
5899103234
1
8185
2673215841
1
2
0
47105854
1
201
3757408258
97310730
341585715201
0
171050
0
29
110594
83
1064318
469690369
917491
2
0
2
0
2
1
0
0
29860704
2
34
1835010
1
2
2
2
0
0
18454930
0
12678217
1
1015809
2
1
0
286722
2
181
14
2881826
1
0
688130
520705
0
0
1
344065
0
0
0
1314
2562
0
1
2
70
9126614017
0
0
26
1
0
0
2
0
353
2
161
1
0
1
0
0
3841
26626
126978
104479306403
33553921
1
1
1
0
0
0
2
12289
2
0
1
0
0
9437186
0
12180614
146
2
2
5232641
1
1
61442
0
28558993
1
2
2
226690
625
0
245761
0
7169
13313
1
337
1
14363119793
1
9126614017
2
0
2
170
16
4738
0
1
10690245762
43009
0
0
2050
5634
2
240452108458
2
0
2305
7864202
0
193
1
2
1
85
1
1
1
0
0
1
1
2
545
1
2
2
0
0
528493058
3145730
28311554
1
1
16791208345
0
1
2
0
5
0
2
2
41
7473
0
2
42
1
5368701442
1
0
45
2
1
2
0
113
903170
0
53250
2
0
3049
4098
27903655964
0
55
13826
2137144350721
242
12872319122
2
0
0
4356618
0
385875969
0
0
0
2
1
609
0
0
25281
2107729921
169
5242882
1
0
2
0
1
2
481
28506
278529
2
1
2
2
1
1
2562
0
16386
626
14
0
0
2
1
0
0
458754
2
157
0
1
1
0
2
771751938
1
13
247177
0
0
0
1
0
1
1
1
2
0
0
278529
72
2
2
9314581154
0
0
1
0
0
0
150050
41
0
1
0
89
1
0
0
737026050
47105
1
2
1
1
0
0
0
545
1
1
1
1
184265983633
2883586
2
1
2
23
0
2
1
446403975266
2
29
2
1
1
930
0
481
0
1
3488169985
2
2
0
1
0
0
164988470274
0
62
0
0
2
0
1
134215170
2
1
1
0
1
6
1
0
0
2
0
0
0
1
0
6289153
1
0
75025
0
0
15
2
2
2
0
84
62
1
1
1
0
2
112834
0
1
0
0
2
3458
2
1
1
18434
2177
1
2
0
2
1730
0
268198468866
305
1
0
1
0
0
491522
0
64417136642
5368701442
1
0
0
0
2
2
40
2378082
75
1
1
2
1410
0
2
1
0
0
0
0
0
2
1
63
0
1
1
47404034
0
0
0
62912162
0
11511564174265
2562
9363283024893
379399
0
1
455077525512
176160770
76806
2
11777
0
1
450
0
9730
0
41830401
1
0
2
0
2
455982381570
2
0
0
1
25153537
0
0
0
0
1055944706
28673
0
114690
1313
0
5802314677250
0
0
0
1
1
0
2
2
33
2
137
2
1
2
1
34818
0
491522
17
0
0
0
0
0
0
109051906
0
2
983042
0
2
2
4398529346850
1220683230289
1
2
1
0
2080770
0
1245186
0
2305
0
0
2
2378082
61441
104857601
0
170876508162
63489
2
0
1
0
1
1
135170
2
11534337
1
204801
2
1
12713208990962
34
162
2
2
128233
2
0
0
0
0
0
2
1
0
0
1
738
1835009
2
88080386
0
1
2945
0
1055944706
5397139154
114690
2
0
0
1
0
1
0
1744138241
0
2031618
0
0
2
0
1
385
0
4353
1
345
1
2
1
1
0
654722
1
2
451585
0
0
2
0
2
0
0
6090307
0
157305
2
131074
13745
0
0
0
1
0
0
2
0
1
65346
0
0
0
0
0
2
1
0
1026
0
1058
706
0
2
0
22020097
0
705
0
1
2
9217
38914
0
262146
24157817
46626259982
0
0
1
0
2
0
0
4789403138
225
0
2
7681
2
1
1
1467182629
1130524162
92998
6658
0
0
210
0
41
1
0
16385
655361
1
0
2422612722817
0
2
1
1
1
0
0
159383402
1
0
1
0
0
2817
1
0
0
0
0
2
57346
0
15029174274
2
0
1
2
0
1
0
1
11524482
1
0
1
1
331160282
0
0
887564941060
0
1
0
857346
1175617
190465
209
746348066
385875969
3932132
2
2
1
36
0
0
1402817466
92274689
0
2
0
30721
753792545794
77826
41
7864322
0
0
0
1
0
0
0
1
2
2
0
2
2
1
12146
0
0
2
1
16897
0
71682
0
1186
738197462
2
1
58
0
225
1
25281
0
177
0
626
0
0
2
29
202
2
0
610
1
1
110913
0
113
2
0
417
0
1
2
0
1473691715
497
376833
1
0
961
897
0
0
1
0
0
2
507906
0
1
2
9217
1249
33624096642
20971522
1
0
0
9569408257
0
0
7778742049
0
80
2
1
145
0
0
0
0
0
4738
2
2
2
0
9922
2
2
2109808642
0
36865
0
0
1
75790978
26
0
1
0
0
30
0
0
0
1
481
58
1
0
0
2358561
67585
2
0
0
577
1
0
284970241
1
0
1
2
0
2
1
0
0
1
57224686849
2
1
0
2
9
7077890
34818
1
0
1
2
54525954
1
0
1
0
104479306403
1
0
0
11266
2
0
0
57
0
0
0
0
1
402653186
2
1
0
1
2522
0
136594197762
0
13631490
1006556161
0
1
476449
0
2
2
0
50307074
65
1
0
0
28
0
2
4738
1
1154
0
1
1
0
0
267934222337
16812048321
1
1
2
0
0
0
73730
0
2
1346269
1453613826
0
0
0
37748702
0
1
1
0
2
0
0
73730
12289
0
9217
3842
1
0
1
1
21
0
2
0
0
1
402
2
0
0
1
917506
0
96468993
352321496
1
8193
27
0
1025
1
0
60113944591
1
345
0
2
0
2
2
2199264673425
17921
126977
2
94211708
2
0
0
0
20971521
66709607036
2
1
0
1
0
150994369
57
1
1
2
6090307
2
753666
0
0
2
2
1
69
0
193
2
1
1
1
1538
2
201203714
86
2
121
4700162
2
2
0
0
311297
0
2946
9437185
1
0
0
0
1
290
0
688129
354
0
1
5
0
1
0
2
2
1
201203714
2
29194
1
169
14680066
0
0
0
270338
36513081
281
2
242
0
0
1
1
0
0
2
12802
0
2
1
851944
1186
0
172034
1
147457
0
2
0
0
212994
1
2
2
100608002
32770
2
1
98305
491521
2
0
0
6657
264507138
1
0
0
1
62
0
2
0
507905
1
0
1
2
1066064009402
8705
2
1
0
453327617
0
0
0
2
2
1
2
2
11898817
131073
0
5767169
24578
0
0
3932101
0
114009282
0
226241
0
1
0
1
2
5942430146
983041
0
0
56623106
2
2
0
0
0
1081346
0
58713985
0
1
2
1
0
1
0
81
0
2
1
1
0
1409
0
2
7602177
0
0
0
61
1
0
72426721
1
1
11
0
2
2561
0
1
1
0
0
0
1
2
1282
191307858
0
6289153
0
0
2
15362
786433
9569408257
0
0
2
2
1
2
2
1
872122370
0
209715202
0
0
11534338
94
2
0
227566082
0
27
0
477764012930
12713208990962
2
2
2
14680065
1
1
2
0
1015809
0
2
1
2
2
1
0
2
85525
0
1
39088169
0
1
18253228034
157
0
1
0
1
2
1
1
2
17409
1
0
1
0
2433
0
71302625
2
1
1
0
0
0
0
0
0
0
0
2
0
3585
2490369
1
85459174402
0
201203714
368558082
1345
38
2
1
262145
289
1
0
1793
369697889
1
290
306
1
37545986
0
9356802
0
0
0
2
0
1
0
0
1
674
9391105
36866
2
2
4294787073
0
1
0
910155051024
0
1
2
653
2883586
146
0
8388545
0
1057
2
0
0
2
0
1
22020097
1
23567539425
7
1
2
0
186
0
1
0
0
9356802
2
2078721
1602
270945907192
2178
1
0
2
2
1
1
2
0
0
2
2177
2
267934222337
7169
2415900673
2
0
540674
0
229377
2
1
2
17922
770
0
10753
1
514
1221282493634
2
245761
2
2
28669234945
0
2
2242
0
2
0
0
294193
137
657
0
0
1
245762
1
2
0
0
0
1638401
0
270945907192
1
0
2
0
1537
0
0
0
588386
2
0
0
0
2
7602178
17179017217
98
0
1
2
1
0
1
1195716038943
352321496
0
1
149962969
36815459504002
126491972
0
27262977
452482
2
2
73658
0
0
0
6658
506
0
0
0
1
38258850818
2
0
1
3073
0
2
0
0
12097
2
1
3144769
2
0
2
0
327682
6291457
24194
367051242049
0
0
1
2
0
3407873
1602
81902
1
65281
449
41943042
2
0
2
2
2
2
0
1
4961
0
0
23407177730
0
104857601
0
161
0
2
0
577
0
2
362
2
0
2
0
0
0
69700671
94
26
2
2
37527562
2
1834953
2
4225
1
0
50304001
385875970
2
2
1572865
528493058
491521
2
1
26626
0
92274689
2
0
0
0
2
2
2
2
0
1
0
0
9663584257
1
55805608094
593
983041
0
3970
0
609
0
0
1
1
0
3407874
2
2049
0
1
2
0
1
0
311298
1
1
86
2
1
31745
6436159561
1666
2
0
2
1
0
1
2
33
3313602
8422612994
0
0
0
0
128833290242
2692538
674
0
2
0
0
0
0
6814705
610
0
2
0
1
2
433695873
589825
1
0
83886082
1
1
0
0
18
521218
0
0
16
2
1048577
537443653002
14253
54525954
104479306403
2
0
1
0
1
458753
150050
0
36866
2
0
0
417
2
1
1
194
1
2359297
0
1
1
0
7602177
2305
2
31
1
0
0
2
130562
0
2177
1
0
163842
0
0
0
4225
17825760
2440168521985
0
2
0
1921
0
4418
1
1
0
0
0
2
0
2
26
26625
0
2
163721
0
68
0
188418
0
1775129882120
0
4026193922
0
16580657
0
0
2
2
2
2
1
0
15728161
13313
2550128321
57
1
147242
0
2305
0
4718594
46499
0
1
2
425986
0
2
2
0
0
28615778
8414314489
0
0
545
2
0
1
625
2
2
2
0
0
0
2
241
0
0
1
2550129538
0
983042
1
37890
2
6145
1
1
0
2
2113
1
0
2
0
0
1
1
75790978
0
0
61441
2
0
2
2
758798
81
0
0
2
2
0
2
2
1
6090307
270945907192
0
11523073
0
0
14155777
1878704129
1
2
14336338
112834
54
2
449
2
1
0
0
1195716038943
5122
0
7514587137
9218
2
2
306
0
0
114449373698
2
0
0
2
0
0
2
11201821
0
0
0
9730
94211708
0
0
0
0
0
0
1
0
39042
162
0
2
1
0
1
1922
1
125
0
1857
2
10242
10465282
46086658
0
1
0
593
1217
0
1
2
5100256642
2
0
897
2
0
0
15873
0
0
0
150050
1
3407873
6145
2
0
2
1
0
78176338
0
9569408257
0
2
0
1
0
35841
0
6090307
380930
1
0
2
0
0
13745
25356434
0
2
0
1
0
0
2
4226
2
1
2
0
0
2
57
48315634
1
1
0
2
1
2
337
1
322
0
0
0
2
1
0
0
1
0
0
13631489
3932161
1306
2050
2
2
0
7514701826
1
26
0
0
90114
0
2
130
0
0
0
0
367051242049
77826
1
3842
0
0
0
2
22020097
0
1
24117249
2
2
1
0
6658
2
0
2
1
17179017217
11524482
2
9730
720898
143664401
0
2
0
0
2
0
2
2
0
2
23797634
41
14338
0
1
0
0
62
0
2
25743065666
1
0
536854529
2
2178
0
85459174402
17954432450
0
0
0
55298
0
2
0
1
13314
6356604495481
2
0
1703938
350043146
2
0
47
0
346
2
1
1
2
2
514229
0
819201
2
0
0
2
2
2107729921
1
0
6814914
0
0
0
0
1
25
2
0
45
1
350043146
19521
1
2
1
8
0
2
0
0
2
1
0
1
2
720897
10754
1
0
833
318766497
34
0
0
0
0
0
384334808922
0
0
1
1140833281
1
16791208345
0
0
63245986
2
2
2
2
4789403138
3144962
2
144
2
0
16897
6
337
152810237881
2
0
2
354
0
1
1
0
2
2
1
273
2
1
0
0
1070680944642
11703588865
5762241
1
425986
1
0
9730
1
2
1
0
2
0
0
2
2562
1
1
68715806722
241
0
13
2
0
0
1
1
1
1
338
1
402653186
0
2
57224686849
75778
1
0
2
167239691
1
0
290
2
0
1
89
11778
25165825
1
153
1
92877840506
2
0
2
341585715201
0
36513081
1
0
557058
0
2097154
0
2464574272770
0
2
1
1409
0
0
218049
0
0
0
30722
0
12
0
2506955528
166
0
1538
129
369697889
0
819201
0
0
25601
3257185
0
1
0
8422612994
6595486501946
2
0
1
1
0
1
0
2
192937985
33794
2
2
2
4354
48234498
1
0
2
57346
245761
1703937
1
0
2
2
436074498
94047739
301988449
1572481
322
0
2
290
1
12871532833
2
1
0
1
0
0
0
533032004701
1
4
57004641
0
2
2
0
0
223208802338
1
225
0
0
0
0
1041410
57117986
2
247859222690
983042
0
1
2
2228225
1057313139521
18434
1
0
97
1
1
2
1
769
0
0
2947383430
0
1134903170
2
4832312150
0
3145729
92504666473
0
0
0
939380738
0
40951
139401342
0
1
0
0
0
2
2
2
1
0
2
234848769
162
769
46438920253
0
0
122882
0
2
1802754
79691740
1
0
2
392836
242
0
1
2
0
726806913
2
1
7223616347809
2
0
0
1
0
3297743250973
2
2
12290
0
1
0
101
2
16777025
2881826
170
3841
0
5121
14282
1966081
0
1
2
0
2
113570
2
2
92
15362
11523073
939366401
1
3144769
0
4
74
1366008381422
0
2
1
2
2
0
2
1
0
2370
1310721
2
0
0
0
1
2
2
0
17825760
0
38
1
83886061
178
0
289
0
0
1
0
0
0
2
10241
2
9663593474
0
1
0
0
4353
34608281282
0
0
0
1
2
1
65
0
0
1
14678945
2
1
2
167772081
0
0
33794
0
1
2
0
1
1
2
0
1
0
7514587137
0
2
0
1402817466
1
18253228034
734102484098
1
304702
0
1
81
0
228444518402
226
0
223208802338
4097
402358273
0
2
2
0
2
428673
0
0
0
0
2
2
5345122881
0
0
0
1
65346
294338
233
1
0
2
0
786434
1185
2
0
0
209
1
2
223208802338
0
0
1
1
0
1
0
0
2
906655234
0
2
2
0
1
2
0
0
0
0
12582913
185009332946
34716150722
0
2
2
1
0
61442
167772122
38240077825
0
2
0
0
455982381570
0
0
19458
1
1
2
0
1
1
0
2
0
2
201
65281
2
0
94047739
2
2
2550129538
18424
2
1
0
1
3407874
13314
0
1
1
92736
0
2
0
2
1966081
2
94047739
801
1
0
0
0
2
1189041
0
0
42
1
0
0
0
2
1
373174033
15361
9217
1
13631490
314
2
194
334479382
5
1
1
2
0
0
153
2
0
1
2
2
0
1
2
2
55
0
1
0
2
2
1
0
2
4866
0
0
2
9961474
589826
411788421122
23553
1
2
1
1
28506
1
0
0
1
0
0
0
0
0
1
0
63245986
5100254209
0
1
0
1
1
65537
1
1
0
0
736935948
0
0
1
1
0
0
0
28673
0
2
2
10
1153
2
6814914
1
1
2
0
1186
1
0
0
0
10241
2
134215170
9730
2
0
281
0
0
1
21
2
0
0
1
1
0
0
0
4353
268429314
1300195345346
2
1
2
3049
1040385
1
1378
0
2
0
2
2
0
1
192937986
0
1
77826
0
1
1
2228225
0
1
2
2
1
0
0
0
67181936002
2
0
0
0
0
1
1480725217
0
0
2
44
12801
102401
17905
2
117427970
0
0
0
0
27490
0
2
0
0
0
2
0
2
1
0
2
673
393169
2
0
1
1
2178
1
1703938
83660802
2
17921
1
0
920919744578
266
0
0
0
0
36815459504002
1
2
1
0
1
0
0
1
35651450
10946
2
0
637532994
0
0
66526
1
2
12
594
0
2
26
0
2
2
0
545
1
2
0
1
0
1409
253953
1028458
0
318766497
0
0
25155074
92
1
0
481
385
1
31
0
4563315713
1006556161
3276801
0
0
1538
0
2
0
20920321
0
0
0
0
0
2
8
1
7514701826
152351
1816697860238
2
0
1
0
0
0
2
1
2
1
0
0
0
2
1
0
21370024961
1
0
1
0
262146
17409
0
1
0
81902
0
0
1
0
2391432077886
49153
0
1
2
0
1
18874351
369098754
2
1507329
1
30721
92
0
1656801
0
36865
302201
425985
0
0
20971522
0
153
1
0
1
2
2
0
2
57
12713208990962
0
147457
0
0
0
0
2
2
454228994
0
2
60114862082
1336935201
0
743349313
2
0
2
9730
2
1
2
1
42
2
1
0
15728282
2
2971215073
2
2
2
2
0
322
1
884737
52428802
0
0
1
1
2
305
0
0
0
2
0
2
2
1
578
0
0
0
0
17
2
1
39
360449
1
2
94
0
86
15028944897
0
1
1
769
1
2
2
338
1
0
5346431682
298
1
0
0
0
0
720898
2
2
0
2
920919744578
121393
1
0
2
0
169
0
0
1
0
1
0
0
10485762
0
2
4718594
1
528493058
1
0
0
0
0
5121
0
1
14
14253
1
0
0
0
2
0
1
2
1048577
1
2
0
0
2
2550128321
157
460459872289
14
0
0
201326594
1
3194
1
1
23554
377
290
0
177
0
0
1
2
2
688129
5233922
122881
1
0
1
89
36865
63489
4994
2
27257153
6
2
2
134215170
9356802
1
0
0
1
46086658
1
2
0
2
2
0
1
1
135170
0
2
0
0
90113
2
1
2497
2
0
1
0
1
2
2
0
0
0
289
1297
0
126977
110593
1
0
641
1
0
0
0
2
1
720898
0
0
0
6289538
0
3585
10856938161
15029174274
0
1
194
0
2
52
0
18433
1
2
1
1
0
1
0
1
154
0
64
2562
126491972
2
4563315713
2
2
2
12058626
0
188471176961
0
0
2
2
0
0
0
0
2
13
1
233
0
0
2
4845225445634
1
1
1
1
2
1
417
2
48001
0
1
2
1
0
1282
0
1
1
738197417
1
2
0
0
21
2
920919744578
0
0
4865
0
1
23407177730
0
0
0
2
0
0
755749
178
2
0
1
2
11786651362
0
0
0
0
0
1
122881
2
0
1
2
0
2
1
2
1
2
593
0
0
0
2
2
2
460459872289
0
2
0
0
0
2
1
2
87
2
86017
0
1
0
362
706
2
6356604495481
8589541377
1
1
2359297
2
2
8194
0
1
9227465
0
0
897
2
2
17409
2
257
9473
0
0
0
0
1
21713876322
0
0
0
0
113
1
2
0
557057
2
0
17954432450
1
0
402653186
2
1
1
2
0
121393
0
0
2
2
0
1
0
0
0
0
16597010
1
0
0
2
0
7170
2
3670017
0
1
0
33590968001
33624096642
152351
178
546
0
2
804667393
78176338
241
0
1
1
2
2
0
2
56
2
61442
6553602
1
2
1
1
0
36815282
0
161
1
11558003094518
35422
1
13313
786433
1572866
0
0
1
1
0
0
21375257602
1
31745
305470512793
0
17410
0
2
0
1
0
46368
0
2
321
0
9126631426
66257282
2
1
8422612994
8185
0
0
1
0
210
458754
2
0
0
3144962
0
1
2
1
1
1
1511498
2
1
1297
2
0
0
0
1
147169
27257986
2
0
1
0
0
1
635622
1
1
7425
0
1
1
2
0
0
1
0
1
0
2
0
466
1
2
1511498
0
0
0
5899103234
285209954
0
4456450
2
0
0
1
0
90
2690
2
35651450
2
2
0
0
0
2
1
594
2306
0
0
0
48194
0
2
2881473
0
0
5002
1
2
170876508162
2
73730
52428802
369697889
245762
2
0
0
4866
2
609
897
4717122
1
3713
6356604495481
1900545
0
0
0
0
0
3218472962
1
1
1
0
1
1
0
2
28311554
2
1
2
251642881
242
1
4993
0
0
2
1
1
61
0
1
1
2
1
0
6577333
2
1
209715202
0
2
0
152885256176
2050
2
1
1
0
3842
1
1
1
0
2
1
34608281282
1794
0
1
1
11405774
1710836431159
2
54525954
1
53249
6553602
0
2
13107201
0
24157817
1835009
0
1
1809712116
0
0
0
1
10242
0
0
0
0
2
2949551617
0
0
2
0
2
0
143361
0
58
0
16386
1
1
2
10241
393218
0
0
0
318766497
0
1217
0
2
637532689
92736
0
0
1
731152932481
2673215841
1
1
436098
1
2
1
0
1
0
1
770
0
2242
113
0
1
1
1
5122
1507400790018
0
2
0
9729
2
73729
0
2
1
0
3330
0
2
0
25155074
0
33794
610
655362
0
2
2
2
2
45058
1057313139521
1
1
1
1
65
4563315713
0
1
1
1
0
0
0
139265
2
1
1
1
0
786434
1
0
3014658
0
17501739762
2
55805608094
0
46137345
0
0
1
2
0
1
1
6436159561
0
1
88080385
1
0
2
2947023113
1
2
1
2
0
0
6765
2
0
0
1
2
12
81
2818
149
18
2
46
2
0
62
0
0
170
2
1
1
1
0
0
1
2
4610
0
0
0
1
1
94209
34716150722
1966066
0
0
0
8449
569940482
2
268429314
71681
0
0
2690
0
32208814082
34
0
1
70
2
1
0
0
1
1
637532994
1
0
0
1
1048577
0
1300583618
2
2
0
1
0
0
0
2
1
1
2
1
2
1
1
176160770
0
0
0
449
0
2
755749
0
2
0
2
3969
1
1
2
0
2
2
0
0
0
1
0
1
0
19327168514
1
0
0
0
0
6403457
2
0
1
349
4831801346
1
1
2
1
0
1572866
449
0
150036590
0
1
0
0
1835009
0
177
65
2
1
0
0
393217
1
79691701
0
0
0
6090307
0
1
0
94247110145
0
1
2
802
0
2
1
1
0
2
0
317811
60
2
0
1
1
930
705
706
122881
10462721
0
961
294914
0
0
1
376942353922
0
1
1
1221282493634
0
162179396101
147458
2
1
2
1
1
223201987633
0
2
0
2
4738
193
1342175681
0
2
0
0
225
786434
0
0
0
362
1666
4718594
2
769
0
3311233
1
0
1
1
1
2
577
1
2
33
40
0
0
1601
1
1
1
2
2
0
0
0
0
0
43
0
0
0
455982381570
0
2
0
0
0
0
0
1089
0
0
0
0
0
0
0
0
588386
14447232695618
34
6
1
2
1345
2
0
1
2
16897
1
2
1809712116
2
0
1
867391746
2
0
2
4448161382
1121
3330
0
0
2
1
0
52428802
546
2
2
0
20
425986
2934365258
1
0
0
2
0
2
770
2
0
0
0
1
34513
41
221826
17410
0
1207951489
1
0
1
58
0
0
0
0
0
20
2
0
1
737026050
0
0
1
64293450961
2178309
86
0
2
2
1
0
1
0
0
26214401
0
165
0
2
2
48234497
497
577
2
2
433695873
0
1
2
2
1
1
0
0
86018
6814705
2
0
155649
5899103234
49
1
0
0
27490
0
2
260866
0
2
0
0
1
2
0
561
0
191307858
1
0
769
0
2
1
834
4609
1
0
0
0
0
0
61441
2
0
0
147458
1
2
0
770
2
2
897
0
1
184549378
0
1
0
1
0
1
193
71302762
8449
0
15362
218043906
0
20482
0
2
657
117427970
2
0
27903655964
641
1
2
204801
4354
2
2
0
1
0
2
0
2
0
0
0
2
6814914
1835010
1
2
0
2
0
0
0
0
0
0
2
9841
2
588097
0
1
2
57345
1346269
0
0
3841
0
8194
0
24577
0
1
329
402653186
51482986370
376101346
0
0
786433
2
2
0
2
2
0
23068673
884738
528493058
86
2
2
15204354
0
72426721
0
31
257
1
0
2501
0
22020097
2
2
7
2
1
0
0
0
0
0
0
0
1
4880337043970
1
1
1441793
2
2
2224080691
0
27650
4737
166
491521
1
0
0
268721826501
1
5121
1
14307889
2
1
2
0
0
0
2
0
1
2
1
0
32769
0
1
1
0
2
2107729921
0
1
10
1
1
380930
229377
2
2
2
1
0
2
0
0
4845225445634
1
0
1
1
1
165
0
0
1
2
0
0
0
1
2
16368353756166
2
0
1
1
0
2
15557484098
0
2
0
1966081
2
162
2
14
0
0
0
1878704129
1
1
0
2228226
1
1179649
0
1
1
226690
1656801
0
1
0
65346
2818570946
2
0
0
1703781
1
0
0
9922
0
0
24577
0
2
1
2
2
2
0
0
1
2
1
0
65
2
257
2
0
0
1197938593
0
2497
42
0
134231488002
0
1
455077525512
0
0
0
2
0
2
1
57224686849
2
705
1041410
0
0
110
2
0
0
350043146
1
58713985
0
0
2
1
2
1474
0
1456430463745
0
939366401
1
2
0
2
0
38
61441
1
1089
0
0
1
0
0
2
2
1
2
5618148346
2
8388578
1
0
2
285209954
2
2
0
0
0
0
1
0
1
2
100663297
24505498237346
0
0
17501739762
2
15361
290
578658
1
18
0
0
2
530
0
0
12588865
14155778
1
1
0
2
5377
1
0
78
0
1
3407873
2
1473
2
0
0
2
1
0
0
0
2
0
0
45
0
29194
24578
1
2
2
2
1346
0
14
2
1
61441
593
0
1
0
2
1
513
9356802
1
1
7681
2
1
114689
2
2
0
872095745
0
0
0
0
9395714
0
1
0
24117249
2
48194
12577537
0
95617
2
0
0
2
5
2
2
0
0
2
1310722
2
1
23554
0
30
1
1
9126631426
1
2
0
55805608094
96468993
0
0
442369
10462721
0
1
11946818
0
425985
455077525512
0
0
2
0
0
475138
0
0
1
0
0
0
18
1
1
2
19457
2
0
0
2
2049
0
1
0
2415900673
2
36865
0
1
24097
2
0
36815459504002
1
37889
2
0
2
178
0
58
0
0
2
385
2
1
0
0
0
2
1
68862360962
2
0
2
2
425986
13952253954
0
0
3524578
2
54512641
1
0
2
1
2
2
0
5121
2
104479306403
223201987633
110593
1
0
0
3330
0
274
0
0
18407641
1800281
0
0
38258850818
2
0
0
0
8052264961
0
0
110594
1015809
0
2
2
152810237881
0
0
786434
1
12
1
6814705
1261
2
23068674
3330
0
0
2
433
1
0
2
2
12713208990962
2
2
0
38914
1
30
38913
1467182629
1
0
5122
20920321
1
2
47
7223616347809
1
1217
0
1
898
1
2
2731347967842
385
0
10687628801
2
0
578
0
92274689
1
1
2
2
2
56898
0
2
1
0
1
1
0
61
0
1
0
0
535868444674
0
0
56898
2350081
0
1
0
0
13631490
0
1346
28726239586
1
9218
0
6098
1
0
0
801
0
1
0
1154
1
0
0
2
1
0
901377
13314
2
0
1
4482
0
0
1346269
0
1
0
2109808642
2
0
2626
0
1
0
1
754
0
1345
9474
1365673983921
0
450
1
2
2584
1
0
0
85
0
0
770
0
872122370
0
0
0
1
1
1
2
0
2
6029313
1
228444518402
1
0
335544081
13745
2
33582416690
97
0
1
0
0
2
85525
2
1
0
0
2
27257153
184549377
1
69633
1
0
163842
31745
1
305
0
0
0
0
82
321
0
102402
1
610941025586
2
73658
257
181598906
2
52428801
0
10241
1
1
57345
114222259201
2
15873
1
2
0
360450
3144962
0
1
23068673
110913
0
3329
47106
13952253954
994
1
0
51201
0
0
0
0
2
0
43010
2
0
0
0
5121
16368353756166
2
2698569577
0
1769473
346
223208802338
1
0
1
0
535868444674
0
2
2
0
2934365258
39
355
1
0
0
1
104479306403
1
2
14680065
1
2
1
0
0
1
100663298
0
83660802
2
0
2
4609
2
19521
1048577
1
0
0
0
0
2
0
27490
1
2
2441366460578
0
2
0
162
1800281
0
1538
2139252080642
0
2
1
10241
19521
0
1
2
0
4097
82
1
64416645121
9
35841
14391678786
0
0
2
2
2
196418
0
2
69
40951
36506386434
11511564174265
2
181
0
49
0
0
0
2
0
1
0
2
0
1
2
2
2
1
0
0
1
1
0
0
1
2
0
2
0
0
0
2
857346
18874351
1
0
16385
1
1
0
0
2
1
0
294338
0
2
24578
0
4098
0
0
0
282
0
37748665
0
1703834
1
1
2
520705
0
1
57338469890
0
1
2490370
0
2
2
1
1
0
0
233
1
0
477764012930
28673
1
1
63490
0
2
2
0
0
3842
0
2
352321496
68
1
290
0
8961
0
2
2
0
1
86
0
9129195487
3540488
2901157338625
1
1462305864962
2
0
1
1026
0
0
21
0
0
0
0
2
2
150994514
0
1
7602178
0
655362
18782210
2
16
10946
50
2
589826
1
1
0
0
0
122881
9961473
1
2
0
2
2
1
1
2
3538946
2
249
2
0
2
0
0
0
2
0
1794
8
0
5633
0
1
4657290577
314610
289
0
0
2
1
2
2
1
14597
1
0
0
1
1402817466
2
2
0
19457
533032004701
45058
0
1
110
0
1
2
0
97310730
0
2
2
3
0
0
61442
0
0
0
1
0
1179649
0
0
1
0
1
2
0
1
0
3757350913
18434
0
0
2
1
0
1
1
0
2
110
1
1
1
1
1595382150
21
2998753
1
2
1409
0
0
2
2
98
0
1
1
0
322
46137345
2
31
0
41
1
2626
14680066
2
2
34817
55803904313
2
514
1376258
802
81
2
1
2
0
482
1217
1189041
6073
1
1
0
0
7778742049
2
0
0
2
0
2228226
3329
1
0
1
159383402
1
1
1957586
2
2
53249
0
201326593
557058
0
78176338
290
0
7340033
90114
1
0
2
2
0
0
0
0
1
0
41830401
0
0
0
301988449
13107201
1
0
746348066
0
229378
2
0
0
0
1685498
1342176002
917506
11778
1
2
0
0
0
0
1
449
0
34431180481
2
9729
201203714
1
0
0
0
2177
0
5002
0
2
18454930
804667393
0
0
0
2500
2
0
1
49
0
2
0
2
50307074
994
360450
28697
0
0
4609
0
0
610
3714
166
0
569940482
0
386
0
450
0
1
0
2
2
1
17
2625
5633
0
288
402653186
1
9218
30722
1
1921
9985
98306
1
1
0
89
14850
22
2
2
1
0
2
39042
1974
2
0
0
0
2
2
0
2
17
2
0
241
1
0
1
0
0
2
150
2
0
0
4456450
2
0
34
1
0
24505498237346
1
2
1
90114
1
258
2
0
37527562
47105
0
2
0
0
0
1
9217
0
273
1
4832312150
1070680944642
0
46086658
5762946
0
0
2
125
2
3970
90114
2
1
0
1
0
133052
1336935201
4880337043970
0
2
1
131073
0
2
1
0
0
57338469890
1
1
15874
47404034
0
0
2731347967842
10242
0
0
1
0
0
0
507905
865
1
2
2
170
7223616347809
46368
0
2370
0
0
671088001
1
0
0
758798
1220683230289
0
0
0
4098
1
0
1
1
1313
0
2378082
2
2
1
23
1
0
1
1
2497
0
1006556161
0
144
2
0
1
2
466
2
2
3074
2
0
2
0
2
369098754
70
0
1
1121
253954
1
159383402
2
0
0
6403457
1985
0
0
251644802
2621442
1
0
0
0
1
0
0
121
45057
904856058
1
1
12289
0
0
2
34
0
0
1
2
29357890
1834953
0
2
2
1
1
2
1
360449
0
1
17921
2
897
2
201326593
2
2
1
1
47129316609
18946
14338
0
0
0
20481
0
0
3714
0
0
0
2
0
174
11511564174265
1
1
0
30721
2
2
0
8962
1
2
0
1
78
738197462
0
0
2
1
204801
2
48234497
12289
2
2
1486698626
2
0
0
0
0
2
0
247859222690
11
16580657
1
0
1
7077889
0
0
1282
196610
7168169
2
1
1
2
0
106
1
0
1
2
4153345
2
260609
1
3297743250973
2
0
0
1
13825
1
1
2031617
1
0
1
0
2
655362
9217
2
2
1
0
2
0
2
2
5618148346
0
1
0
0
0
0
0
1
0
0
368531967266
0
2
0
65537
0
362
0
33
5802314677250
1
0
2
0
104857602
1595382150
0
2
2
2
2
2
2
0
19922945
0
0
0
385
2
0
2
13
109021953
0
69026
0
1
13
2
2
2
0
1
2
0
2
0
0
1
0
4789403138
14282
21506
1025
1366008381422
0
2
2
1
2
0
0
0
0
1066064009402
2
2
1
2
1
6073
0
0
2
2
2
0
1
0
2
2
1
3969
0
2
1
1
385
129
2
12289
0
1572481
2
450
0
2464574272770
2
1
0
0
962
1
0
0
0
34
81902
0
0
4718594
30721
311298
2
0
0
57345
376942353922
38258850818
1409
2
0
1
0
1
193
1
1
73730
94
2
17179017217
546
0
1
302201
2561
1
2
9218
1048578
2
1048578
1
0
0
1
162179396101
1
0
0
2
1
5377
0
1
0
1
0
1
2
1
7077890
227991190785
1
0
2
688129
2
1
2
1
0
0
0
0
0
0
0
2
75055124
0
0
1281
4294787073
1
1
0
0
267914296
1410
8388578
514
47129316609
2
0
0
609
2
2
1703781
0
17711
32770
1
367051242049
0
1
1
0
1
2
2
1
2177
1
0
0
0
0
0
1
20971522
2
0
0
3672623806
0
2109808642
0
642
0
7864322
0
0
411788421122
0
0
0
0
2
1
0
1
2
0
2
1
2305
12582913
49153
0
2
2
2
53249
51
2
11265
0
2616961
24
0
2
68862360962
0
535828592
897
2
2
2
8912898
1
386
755749
0
0
2
0
0
0
1
82494235137
3842
1217
1
0
1057
2359297
0
2
2
2
2945
1
2137144350721
1
76480155650
770
1217
0
1
128233
267934222337
139266
385875969
0
0
38
9314581154
0
227114497
0
1
1
0
1
1
0
14307889
5121
23553
1
2
120227889182
10753
75497330
0
1
0
1538
2
0
0
0
0
318766650
98305
2
257
0
2
0
4354
4609
2
1
13313
0
0
0
104857602
64416645121
2
1
3201
1
1
0
1
2306
9729
1
0
4717122
31746
43
32769
31
0
2947023113
0
2
2
0
129
0
0
1
446403975266
2
2
562
450
0
12058625
69634
0
0
0
10485761
0
5233922
2
0
31746
0
2
1
3842
0
2241
1
0
2
0
0
1
1250
2
1220
2
2050
1
28673
0
536856578
1
1921
53250
0
187339729
1
1
1
33128641
8185
2
0
2
1
2
801
88080386
0
1
1
29194
1
0
2881826
2
0
1
2
2
102959683202
481
1
102
0
433
17905
2
0
2
256399042
0
3670017
706
0
1
3276801
0
1
706
2
0
0
350043146
218
25165825
2
0
2
2
2
1656801
0
0
1
2415902978
0
2
0
9279996
0
2
1
2
0
0
1
2
1
16828628978
1
11786651362
2
2
0
37889
0
17905
3276801
2
113
0
1
1
242
475137
2
34
0
0
0
7170
2441366460578
2
2
1
0
1
0
0
2
0
0
2
41
2
1
1
1
402
0
1
0
1
0
0
0
32208814082
2
1
2
0
0
2
41830401
11534338
1
0
2690
16386
0
0
5100256642
75
1
15557484098
2
0
106
0
18253228034
3757350913
0
0
1609236481
2
25155074
0
2912860927490
131074
1
0
63
2
0
0
1
1
2
2
2
1
0
2
0
0
1
369697889
0
0
2
0
0
57346
0
0
2
0
4356618
0
1
0
0
0
2
1
0
0
1
0
1
0
0
0
1
5122
0
6145
0
3670018
2
40962
0
0
731152932481
0
1794
1
2
0
2
2
1
545
0
2
40962
0
4353
0
867391746
0
0
2
507905
322
0
10
1
5767169
0
5779001547259
14337
2
0
322
2
97
449
0
0
2
1
257
2
15557484098
94210
5762241
0
0
0
0
0
2
0
1
0
1
0
3713
0
2
2391432077886
0
0
2
0
1
196610
506
0
2
121
2
0
0
2684351362
0
0
3538945
0
1
1
1
2
2
0
0
1
1
0
1
63489
1130524162
0
2
82
10242
0
2
2
1
337
15
0
1
834
102959683202
2
2
0
0
0
2
33554050
1
2
327442
1
1
2078721
1
1
4609
1365673983921
0
2
546
2
1
1793
56623106
436061185
1064318
2
2
23570420898
0
1179649
0
689
2
2
0
2
0
2
29697
67115744001
2
0
0
1281
3669849
2
223201987633
34818
2
2
2
39845890
5505026
1
0
1
0
0
10242
0
0
2
2
68
0
86
2
1
2
0
2
0
1
0
0
481
0
184279041
0
335544081
0
26
1
2
536854529
0
2
0
1
2
0
2752513
0
2490370
42740049922
32770
23
90
0
125822401
26214401
2
0
1
2
2
0
4211306497
2
0
1275065378
0
2
2
1
1
2
1
2
0
2
2
0
102953394049
0
0
5000
433
2
0
18253228034
0
1
0
218049
1730
17410
0
10200508418
0
0
1
0
60
54514306
21892
0
2
1153
0
0
1
0
1
1
1
0
0
0
0
110594
2
0
0
38913
0
0
4610
0
0
1
0
0
1
0
1
0
2
0
0
23554
112834
0
1
0
0
2617602
0
0
2
9961474
2
14447232695618
11558003094518
1
2
0
9227465
1
100663297
2
0
0
2
385
674
0
0
48001
1957586
0
476449
737
1
62
1
67181936002
2
0
1
5100254209
174
0
2
2
0
1
0
1
0
642
0
0
2
0
1
1
75025
2
2
0
1
7049156
0
1
1201
1281
0
0
0
1
0
0
233
6
45057
1
0
2
2
0
1
15361
1
100601857
1
5893325681
0
1
2673215841
1
6824510
1
4718594
337364929
2
0
0
63245986
0
135170
1
0
0
1
14155778
0
0
1
121
2
2857729538
0
0
341669355522
114222259201
63490
0
0
2
0
0
0
0
1
698
2
0
38
0
2049
0
0
284970241
2
2
126978
0
455077525512
37
0
2673870402
0
668795002
17825725
2
1
0
2
37748665
0
0
0
7223616347809
0
0
0
5802314677250
14680066
0
1006563842
71302625
2
1
2013096961
1
1
1986
0
2
9218
1
29
334479382
27650
2
1
0
2
0
0
0
20482
2
2
1
0
137
1473871896
1
57345
0
0
0
2
14680066
376833
720545
2
2
832040
0
0
2
1015810
2
0
2
153
2
2
2
425986
2
73658
0
1
0
2
290
16386
3578
0
1
204802
1
1
1
1
5894046226
653
1
0
0
2
671088162
0
1
0
2434
73730
100601857
2
114
1
47105
2
1
2281666562
0
68715806722
0
1
2
0
90114
1794
1
1
0
29698
1
8422612994
0
0
642
0
1
0
0
1
9218
2
11511564174265
169
0
475138
0
7210147282
46081025
139266
0
2
0
2
0
1
588097
37895489
0
0
0
0
2
0
2
0
1
1
1
0
1
0
11898817
0
27
0
2
2
704642906
16
6289153
0
2113
453327617
2
2
1
2
0
0
1
9638
1
5890
1
5377
0
50
2
2
0
1
48315634
10485761
133
2684350721
1
2
1
2
1
0
1
0
0
2
546
19970
2
1
