718661135
683677625
781667672
120890683
553840705
170468558
975070674
35119568
948154449
856820887
78154721
911856432
670632530
700182112
415137649
751379981
28928975
336512503
466271254
127798951
27405256
947753767
502663783
480134147
701726000
124519686
17599775
340436377
825708816
834465774
206755185
168265614
514973122
764526056
349746252
526372564
420161210
305102201
451226420
309518810
233864141
514115933
121248934
768286726
259621318
142494433
427960062
310227770
191012061
313917914
809697169
670434174
60240459
923765476
273105130
807558563
630402897
900599564
600288755
21934986
747115840
157498128
838082763
716219119
737985649
643143099
981997617
837250066
615341449
498783956
870756720
457971330
177480069
485021770
4196326
479107631
954760238
297313043
33366575
999392447
504975103
50539752
905670787
191687137
491318181
899373718
837220326
860527059
563799761
563799761
405181208
419621085
747264294
537135979
487608973
818341819
249604542
178133812
766109383
960092202
735722176
409462270
294730415
946248234
840777965
737841861
501888669
524359412
141324253
196217122
763106925
221762367
719762089
725245776
495106061
142106760
755804459
170486681
955826145
370546639
948179669
416751203
441235092
862584588
404730830
156063987
654736884
402271059
879922757
753573896
611814787
744915256
640259119
824288190
475267900
75372295
727634133
732028504
85422266
333747347
506057936
840189875
572326308
880760119
145727296
185938271
533450912
718044187
497878072
361591807
214702441
991063020
414405634
445541909
937349309
981816687
692369377
852716860
526406136
622994490
29641649
676720217
977401074
188888100
618782840
413611671
36522178
857382199
247512685
554908553
646273405
615910453
615910453
709710475
461526824
705681031
413959688
208871271
79287804
271173951
79740638
252664479
408988314
953952941
386163798
522188091
871203969
276956624
186916772
853966570
112965931
600564754
251084816
587430415
709764326
831865470
664457299
328594473
385219555
254389123
755439000
277841749
133628901
9157994
287462326
812831673
444643664
422360698
284180983
675974491
602886848
180422841
595893102
468809541
938797641
433095956
210593248
112332444
259477440
862394902
39575492
963498342
891229504
997338842
468515011
432192006
981617425
694380033
695957975
545921209
132522489
793528767
435367361
136387048
598124613
225580986
87491896
538853822
21766257
397466734
486845285
108385663
180527795
511290514
513979656
367865826
901801317
146699693
469451594
610734646
918415721
223714124
990142264
191196076
107656182
134341430
347536736
706087042
530966304
34539281
8061249
828564326
790566556
745259377
286432862
599865557
351312737
652999758
360544062
132700704
501126327
675029629
31717823
412742958
818980232
760127033
178654182
234892589
752090214
749594206
377244214
71373199
992440568
410468039
582728728
37432665
945161016
335330946
645116877
548071629
562313770
732863189
872765374
199744290
247399435
539310937
338393045
546611285
342950192
33293804
172998829
861765318
20614606
306445682
149534697
131758264
137386528
482975698
803874416
727973973
217745864
799046744
192534107
855283269
470514899
785252466
972488744
269982582
252097849
980041619
145893572
696326522
242902013
901435181
351184338
677405591
632793120
289408224
441460948
44801174
293143182
571222474
149617763
283037384
72083033
374258143
832612957
106137848
407712110
405258040
93153021
38967091
468554948
454368158
894242070
932351525
486607343
718306515
875521228
461989061
6947678
652915632
955389641
250231608
623444420
746044218
725739506
472992851
80488800
318926307
886250587
963980672
987301504
911936795
844304397
925058190
201981522
19740782
195139926
401844792
460433505
341070587
274756707
445706305
189713350
720266010
180488062
998445622
557234402
848380535
841183375
134454445
400797697
933016802
216260127
770050745
450673684
538143163
736457642
976702268
958419753
193797010
41539383
7573397
511301451
995010304
279282436
622155842
572753893
515437863
515053709
275785338
704306277
286381717
92577466
492619468
991232802
171650841
179448588
531124765
518836705
610598036
66840852
471913961
695128791
541943306
695439681
3753374
42603892
218837942
466027601
604235322
200014949
848488308
858811646
569870441
8531712
766779152
363315276
843162535
9707967
356706873
811864092
735091233
822297228
655061047
949851848
790343330
522418230
918094362
188817548
284250511
993593982
792677073
876059736
678040182
322121303
473467413
791621296
73183887
252056732
797933219
447802656
344518137
144123531
356605870
911077177
313656765
651660409
609421088
285643664
257510673
133375441
411346663
963909187
67395791
844267710
130920210
785680991
257120640
962798291
963261760
615657516
42506396
599336138
701900706
92287787
540689467
901612325
573728861
293292935
927572036
377012695
301471539
290544616
644440504
246713916
864401771
105991
19470310
762268675
375233515
947119866
514770563
115824899
702082084
889079677
881717089
295063423
802501537
621142953
53066175
605898048
475199562
634352123
50551708
324411402
24100551
359115619
146314530
778516914
434195707
785696296
543026122
696218345
811595410
172883551
34347379
414425552
487124501
11938669
455427507
421796769
4831136
247476835
73150221
272719990
852531886
831834998
109755994
408355125
969418478
248565454
454816042
530168072
702094021
48026725
267630541
881296032
407947423
686983933
544730825
207959747
813916865
468096341
902817392
445226230
267494246
210533032
247864737
29076582
93526050
599586111
428438852
273085163
983175703
562501822
101651914
274366547
659021196
127860277
76890576
492862890
396732640
678724253
678724253
427938638
602294585
739789052
991932309
897792308
676104594
161066112
577521296
68748324
827169883
344787580
685337355
374628062
479724936
50235645
711274176
395914033
642982755
386923841
428910730
64247833
52353605
937597244
398068590
641427594
571955074
94537707
2395766
504692143
161933372
531367289
249167550
585583068
633566808
804895492
811857520
205805007
926327699
741105710
946180697
421923855
134194480
688969472
212513521
365467731
56138926
213705016
714880980
135511502
474260456
703262741
109882169
699417720
711527287
549330840
818692935
42114278
768308563
400064348
650286000
477456787
638839993
631188151
671782201
414025922
380267652
258503691
747443243
873731809
264273502
850315209
864673667
328720912
523638704
799210223
503970470
292167429
68936680
948051614
104548530
874602822
151684869
469546070
744486144
986024791
734158744
418961804
447270583
88584636
968483946
408067526
537605362
604139144
495998952
935543218
911958112
464698664
293354028
944217694
427284852
669434312
988680970
279160617
228438572
248765456
724599650
868351652
65826994
721057097
187542159
531514055
374237774
477854530
846126695
174731676
775283473
790894341
943744281
201140676
747257582
818117021
287436486
722425180
910806431
323368126
516055526
928440987
126591061
37608692
715276710
813734048
205886235
231968047
400911036
100171363
688575519
886956374
384753374
159911699
26243697
818422220
288900256
101023740
776247537
124915392
670082586
158801959
757933292
169747069
804189777
779881191
976471303
663175216
383480293
133231330
406692740
435203343
654777416
986611668
748793767
821151256
722433084
547621360
865705213
650737660
274796205
149718064
904095526
730033473
921562261
578210535
155936227
28953095
44197321
612861398
186777450
996954386
161366009
219716546
643352369
150542976
383927284
288117475
410250379
908839168
990246157
908604708
933812693
549929132
528627176
854252185
511357491
930427286
33095740
241059178
983047100
841110997
871361451
79321380
968405939
581556850
271668248
311700563
864603206
951431843
460963396
933040577
913841408
294483906
583192255
476994759
475970077
51197369
516802932
899346781
71172638
335045480
841810781
28555008
393824435
47534267
128577286
135471430
169989452
685086767
483620005
773303651
529375146
999665387
182175789
540267884
740079377
823163511
387985483
681833691
2785586
118277471
573576088
129408380
547119380
124625055
83617884
241949651
949963808
981149334
188220146
170821418
504353369
135015312
807923767
111069991
14096515
112266742
269701711
255531540
833800945
542498729
810216390
474727466
143209868
730156373
858623898
273644360
320727295
178053899
820235979
653831280
866196130
536674079
418484809
96027298
748161073
225242953
40074315
526434134
699197375
486713868
222297993
871752307
871752307
751763991
264370286
124232005
893888302
972572511
559800001
618904328
230684216
133416291
683443583
224411955
39542126
972304927
218623671
824932513
522536024
854603154
852192158
257127485
691276308
582654036
114532880
251007846
260131648
806110046
819917313
723395512
274482359
777136667
25286716
651591918
611915722
157107392
944464928
257690821
644343270
969053405
642915981
112183269
832617367
823130009
910903196
306176587
307322750
72557475
438533827
657917332
811329116
345921130
895406811
558497069
602279585
801478252
205522730
517024534
820781468
957722060
17790245
249183931
727436789
138328207
714441571
606437517
835336300
44519978
348767455
909350446
654924509
265832086
21143995
570443494
479420732
510855001
991142488
396611268
3040242
268359701
647190577
150844901
355049499
495558410
389592035
23850122
383388892
689460565
699164560
823662349
350886331
983970514
299983184
46883058
963973769
909278218
509969678
295829516
511931832
860042905
207380726
951361574
222395589
857206449
353584841
647451779
515748707
595892277
422811467
167092355
27628961
351569295
32295268
236023368
280623140
324287821
556381223
568793218
457351101
136717506
736431748
921714757
707276602
968135796
870559676
637491770
482329673
686353233
661649271
347210935
851219923
432027416
961945634
841285612
461873501
685509676
960727485
504229455
679886817
338221282
78415340
377921114
571229964
667929014
791073942
451485047
396905198
774112915
484923139
930129459
939153632
321012168
736948890
893874
268915173
636798794
