677003764
952860308
133736211
536204957
225494544
933304566
132578445
792492285
972870974
342932270
288642981
980999641
224791182
202382576
612155806
152636795
350101165
59542174
47070472
128245824
868759638
114100446
629220915
417798379
126651677
473329615
492809155
511471624
24432807
709543395
399748209
953081821
957021778
753239931
287841374
438682988
409358325
37034429
443727881
41623000
263503593
496272155
990666729
280780892
490789864
562209235
217817853
518659310
217644438
49435661
367050937
445825430
701967700
695054046
690990283
618839499
442243829
119986935
201063194
18016313
302612880
601435254
215952548
38329978
473412763
452911376
339220235
433171121
627990580
79488712
833288432
344363636
746087667
80099509
187851353
116293133
107713100
728139390
634585352
507409347
435175126
150986202
488778682
362893348
584069385
856042693
945748545
696067093
225218748
64885760
207979513
779647648
918493206
53539487
672241507
632266935
688226252
959588236
230304234
366314540
105501904
573277941
367860208
461265122
989602665
879742245
255046687
724171612
808485983
973555618
825009837
805845289
492053747
841477943
940341409
981784729
101898881
112055515
190296110
778896107
225988416
317119544
402893083
404047706
893368352
329765321
353062482
350367612
134292844
695721218
235995055
520428691
973383864
752203750
750537100
736094984
334860186
688031679
557163857
597384218
458090219
602864045
828722128
734455566
287327413
538540460
453965656
421089401
977938942
584692001
954670065
150780979
347815356
631645812
141304213
943407162
815831977
869223465
281652346
196898958
554902883
549308602
931028157
172065177
152904835
136518788
683895270
658920455
110940493
356016271
54524815
509529983
547572995
455196833
583894304
605092181
142511210
985460594
266362373
552716745
369447249
363698999
419252752
317918334
68448896
30342315
233761899
607037040
205643370
112883734
479938073
211641823
402483626
228996287
261672201
73177010
268467596
171092861
137224608
121209813
196775667
215944240
723713755
62304739
220963074
850764049
728065827
689667185
109125788
921808849
864751718
162112318
674179949
796674689
170834128
903111523
854476564
329752420
711953677
954440477
410134889
732113806
929533020
557558077
506972057
135996180
302171270
541782510
145764578
40059347
731500183
652172578
114742450
32585213
519736392
827415886
545982297
982932994
943483913
294110923
837897420
719841308
613804228
878965495
990527870
842640206
135897399
359151292
946550418
355141342
663122720
591163099
465550596
101168994
549948868
306872810
131655324
471086209
613086324
508518225
928352601
703902059
853949042
633145011
330963448
926457958
601829926
474499145
540488397
520361806
574366410
954763419
48640914
29015688
178546264
747280103
725739910
674728756
581918400
242722028
894896349
891891707
845469237
300030180
10382660
16964482
80443227
681343531
667274392
786204249
651171780
690272931
357915487
717798688
986036397
286864308
725061743
708595895
772821268
2132646
262221797
109836777
717270753
591937471
482674383
522971563
754921800
383476462
318195890
98157938
912792019
119625347
784937298
343063418
571765833
726660883
579213328
521392674
614894976
857167390
386122515
780655561
49760119
708186663
8785382
980226359
866991246
614894976
536550105
535450625
119222462
987252256
80459048
129425304
246037753
129673050
12633632
960132184
161575413
323635452
364942327
424707877
290412350
652437312
351693148
897619193
39591164
221625237
67256920
370853618
100975552
153263725
360717489
749264556
927128918
77730704
235375197
103610832
227607667
350593315
181847291
673614651
977560714
114753953
397624578
342524252
827146088
262722426
276747127
417983049
336783392
978812094
688318432
245448896
499713791
85924204
340884445
303237910
455877101
789202410
529470148
601947892
292222636
629687818
330154778
377920106
176818043
689851034
333358105
319272296
458807012
778669461
603011313
840801025
769038474
819600927
661979316
260458030
899069482
141911614
941697926
582415894
960028938
364612751
851820813
726958406
666594606
307296022
879077106
304346803
811601279
249469243
684829193
877421454
496433530
984316766
574997210
202114248
745320368
416411178
164333454
898664796
983130793
270491366
507042305
125587225
673015679
321736247
692438610
549951757
291333010
136942841
988257620
722135772
24495166
310549026
992237738
433247149
659562680
539320302
123118208
893667095
669781961
789202334
951159095
912533402
739193079
307156657
880389670
440084680
789671512
568596243
298014716
657277198
635695377
135032270
349566642
27861230
667905601
202275659
180065341
804863983
170605966
464837315
246805739
363416430
363416430
271557828
852739031
106112449
370076557
499765812
