620838154
83944339
154581903
394587607
816221951
185167974
869032390
940649415
739472389
824242049
40612603
41908257
195044131
807682527
46869359
202407319
97715218
123343300
282614427
334417570
667099714
725224933
751185664
310393736
892162805
550424816
270541938
898435389
278568430
229132427
430085306
288224139
347774471
645078146
883364671
936391528
39305276
687955716
108431315
987286065
478145179
997464191
986913
399833410
45157894
501574870
419720349
258586192
583496184
389711708
144926603
788371890
250922911
402444231
846875827
504494714
607986830
201829019
784475490
75880035
858657320
32853633
560675344
592494787
696662671
679321299
805238608
220567546
345776655
360200647
611093235
795799139
765912377
165542293
162081675
984157731
793297377
611093235
551368351
121213041
733562573
859274325
993156062
27146102
172309767
443350310
207641359
938168263
790345026
619046106
654240441
982980685
188337661
632495214
924131057
63555315
979699942
114157545
933410630
845259353
410354924
591957819
826878426
790753322
245161186
226397344
244859232
415787696
917488702
244424548
42499362
943723880
317628366
81928792
350879131
432745478
323990062
413211409
629226409
974096628
959467211
404841131
34142911
734925702
334604123
138904737
473281690
848787053
824643331
502197672
25025117
561744828
421113064
214497772
300326278
989203373
716792126
482046150
869173907
574088419
781213090
225635158
621778906
375836639
953331388
573595143
476003597
65858791
779566603
600833797
52274092
749610488
906269512
117703435
412544015
196343897
224953936
638837079
628708710
532435955
355994083
811245332
470601156
22094387
629562274
465613172
901256269
496718094
636467233
858068109
237123288
18580493
992199756
434575935
131713066
775943936
132651242
907996427
374381595
942766381
980657728
173526294
90604267
963852616
80064110
795353315
70953590
452140297
846188553
711704515
943483863
765270184
246377848
142973905
372212959
747452014
745515324
571547131
458751420
768744810
559119632
727763094
38100286
273105110
274161392
410218098
157630691
951515031
64567015
725054881
72082003
956354259
992096169
717124320
753423462
746610009
949496974
225114333
32262758
715870359
898801932
51882162
273191220
215955504
236864770
58661077
621999144
893920905
400183672
780300069
226243214
408272703
618439006
576789361
435063660
98301891
346368921
825697229
722622599
174760375
657209972
797968057
899193857
496453331
516035043
408327191
869844004
487354290
961920000
325401103
202089598
942905138
621251211
829940112
956037283
60773368
262824960
107444051
4178266
599173190
654456447
540418753
660618
455049362
74544266
213254948
580137893
329604077
808185770
207609685
296727605
252366631
281578005
863584090
454149134
227513896
973755697
639609660
612387007
428190147
738503236
742857276
914048162
676418619
818734268
705074291
675720899
902060876
413929023
649616226
820585117
182331602
371439806
196705555
713828678
577070375
375090338
350662869
730577834
130549346
371245688
430999789
563371538
31939279
209989678
369935537
832299425
620794329
432731038
582936940
255529097
336454497
445348760
39616914
810474239
334450599
143134022
902817617
891133642
110991946
856343248
555222113
899224894
412382217
430251018
291653246
449096905
107540889
848183538
958021244
190943652
304736512
519891859
364856787
440365038
31583544
180325492
598978587
367072761
736718092
764201485
891058622
711923042
720335683
593911180
1154837
564767787
456280503
567187109
950500659
494068482
824758442
647090353
115077378
588145174
133309860
175550936
469872394
361241378
66400090
233269522
543719583
311693988
845099726
880240899
539414582
640187609
677828189
831205526
194957905
173562496
517979854
787090376
978726616
833554784
761685077
649836742
345058996
549802879
43057876
117495904
837894588
632657983
589367379
967383549
798365339
497804424
552962716
197706304
152561460
630783535
925805944
211517975
904807957
830538040
907068934
725824426
362916099
668352272
385581736
688117390
799024910
471542933
971433631
929946343
273781800
217478014
639857300
935586203
408616761
278586135
147152452
73589130
419401274
881075627
666869335
325996126
985765420
451465633
13543716
845895205
513588816
308410654
14871067
794286874
665433620
206623899
612825271
779228050
215713908
803842369
937427268
785284250
687579417
694600229
60708758
948338998
92807146
692312237
91127194
413869770
972136310
550847316
653862477
300868369
949092642
446094695
605503644
192846465
57240599
675351988
512864779
359692180
180847933
796590785
270728927
699492854
619887108
834023116
351671199
472938536
129654581
553537091
466258797
858627023
907057797
374716159
63407111
806792733
454656044
602105489
987336960
33384702
848380699
49072644
232512881
31093721
928479395
463967652
274727602
192099332
876967417
871298250
2348754
432662823
