772945057
514468060
837301182
1335257
175714345
566417256
794872343
928406559
355507178
651417355
418797332
674444663
457670762
312903666
837494785
451492417
484144297
411349034
271296150
452629215
621978835
38118160
351508470
302938254
479445340
147130553
5616063
279829546
65424787
379002990
858840924
638459010
802680879
723896970
297969409
519346029
723896970
929885571
983433143
999564860
555941709
274164013
194939489
236148588
101402872
580603027
649473820
588752519
763129536
637419875
29347634
60719762
868878784
132845561
934449736
818506277
788224240
718615806
227022937
546662589
778583002
432388964
58833585
954188615
103297821
614465282
759960652
903123156
198457097
255556370
411517241
694057630
736305813
259484459
524486644
951972736
146649262
492480283
768834195
2569588
73792689
968363051
345611119
850930908
216830113
945762573
372795596
252367705
698855168
235396107
532015528
110391951
288011134
655669058
17956034
438269558
57030907
601688662
352845703
188444344
552449730
819906004
528952422
76597423
919108245
138765566
754746843
740398576
980711103
55678729
892742224
630772386
552449730
409190037
125954915
952834704
968209190
209459504
264855368
784757301
215479177
12761223
760218477
845516507
507477041
544404733
439558364
490173219
6660709
610229994
828904336
618015078
593934021
299000416
239824789
786717959
907624168
852113080
200025098
96579510
191197259
909173482
884504684
927133520
506629746
297947812
68971634
768013632
335731528
895524802
879036536
810500272
902937355
285755918
484053291
291009825
905294282
636843466
406555011
325349493
700836182
483176417
867296188
918246655
947150746
421854961
397213484
308181047
59900335
990185050
45699930
458991230
716611997
116309069
710467454
937495176
573840756
914549928
847467660
257162091
361180932
419231113
612789785
771687092
850280475
397957475
983763946
793757836
139460086
51246794
239985936
660817444
687266152
893978226
397563922
679759554
809205918
385710731
774579117
919088471
108645519
443255393
252163027
764754049
384204382
442943705
551900912
248804471
875556754
589757071
138442938
135961644
83590773
67511189
162010091
91754553
740534437
834785044
431677295
754387932
351245450
361224124
867740439
977998531
303655465
212020109
456011418
616182958
825426721
891660765
960964666
658887090
290107849
621440390
541747429
99378341
228360006
589989256
539514151
117091762
6539450
901449744
610878786
210950038
552715660
254622059
484250630
950889937
394580544
369297478
151739646
622908487
546366738
752181468
316080380
650813864
492633650
897687562
473498098
497711070
810658770
76771970
708987840
768084182
463575831
342023300
35582910
536395133
654647594
854661236
839597665
704268009
882805830
63598181
388144044
629122157
701572605
214375842
362000134
990527072
114976651
127364747
544758071
235099366
475916467
344244111
167330562
543546738
232622334
885762441
598686498
106233375
360772602
39549740
190051949
636911765
860742775
275077536
650894480
510699187
295916235
237209371
230457121
840531611
647156463
539538176
225260264
71422235
927392397
900598130
295188889
885399209
998973872
958382279
501797479
257627437
571388746
22325848
465464979
709294483
84650834
802990716
230335025
375962304
949113440
97071315
343043230
830244948
372970977
34387475
543419406
395716836
62719727
173455903
837297417
136681192
784184662
270622496
773943530
367649661
878424366
602770306
427846145
943316547
205199227
216413486
899581106
257857662
305742151
355052770
143819884
965364196
705966263
976770146
832790285
132633978
964907479
310002987
929639642
326637972
351472498
723900187
863047609
942485199
868960072
411751552
267150062
853670761
329077959
326185645
786706868
504439373
62438618
76920220
236012703
728709539
950923630
172872347
678991451
194997694
279174251
331040575
865741222
705189076
685467366
149367056
829094761
724477273
433213147
508167956
300983716
750862045
789670499
62203075
11317353
686445543
914535458
755422501
44188776
222391177
257196833
211889339
240403447
478318505
156954034
507410665
881959827
771402424
353586789
230418116
722322175
155029853
288767843
345594094
474629700
976687684
322720543
39744711
773493016
432337622
319137613
724027902
773658563
319137613
715233101
878822656
742372375
682702338
422814736
88102237
920837945
318883089
2180995
113469058
784506530
324796180
814709809
505135929
112198194
593813297
900039436
880989478
58880035
157011264
451089662
16539523
460002364
537192880
397022194
927916006
807653155
917294783
318883089
430273478
335170796
941592837
154848071
107396139
486306020
949719319
251612863
290155380
864922740
106026279
183764244
124907581
584277835
119440498
299410626
454081100
861973900
540848434
157637370
709639778
344298277
137954240
326699914
721905106
609867225
871601376
271955718
674903793
73612435
762528093
581327967
579809558
954721795
798754457
207775007
848887937
675710481
781598311
932537998
505786825
388320445
635892786
897539421
907158447
497191925
23655674
254115347
584277835
505135929
552975035
574136667
593777119
440369901
980838383
197488567
799248633
313133798
895832940
864810414
464535180
752026273
377523284
479913339
210173335
427276344
617409317
246894712
