486107498
38272947
848449463
407869962
194685991
666340481
991931769
43196239
22970010
172464077
537489397
882834474
301731141
145708351
841877597
768809491
119067499
79589750
351790483
750635461
420857033
787227937
812720275
219754972
977587564
752276501
706661265
317755821
480891102
944759303
762689491
163953610
586695941
654915384
742246343
307685646
803233561
56627424
539999404
709878141
452793229
374583807
396405019
763801867
961773301
600686770
254846939
328308040
12174901
47359629
681458644
757661
834584362
893561445
752276501
58769477
122092336
323504466
478710216
399028394
77974245
24198170
853663579
365801231
901715907
92037316
202664618
228014702
347859043
823518622
193004952
994158441
882041433
721187875
360666026
47565244
242096173
924630952
328308040
100572360
860162192
286251
27562334
694449254
447198177
530003099
937345358
632549398
517084826
417876344
666424792
905869550
908362299
908030359
939825725
574456972
256887046
487040340
412626174
342998981
562844885
768809491
626973921
448632275
779308735
734731096
574552192
69847290
43301191
346422080
807822307
773235838
186505142
884547549
694449254
492746717
481636449
556231498
500380417
751411720
77413591
882834474
142336746
411987478
937839537
283253966
599066697
888886562
558873237
875915451
262167309
172047075
687297304
931007900
814942877
467789387
261374802
930867149
171956471
290744038
53817645
557696086
994158441
76751010
989086838
142336746
305094294
669086356
404039611
543013369
301124988
283007163
865330806
801709978
514669673
154925739
543013369
468634048
123663790
553192385
294931280
186505142
533767143
491586160
234570279
929974804
826574846
445799751
928477174
500595901
335141831
883656491
417138715
119268226
862872752
261478334
623414791
479379779
388263782
556400992
377025431
409220226
283714698
928171218
99919538
467789387
138359198
811436156
504705326
808235324
786188680
170833552
313783611
61375601
871034971
811436156
276999079
292112282
36785528
149279118
977528189
168109414
983417374
803425608
14494338
254846939
120778818
926911583
625008339
304685252
139703670
301057318
992976828
884749540
77434820
578723447
10550010
700595872
423946315
542682975
833206591
614668830
521794075
389979147
715712186
119268226
263107393
783396492
139045130
609935495
138359198
10550010
35315631
611829903
297762548
977528189
149279118
141571095
316014787
185151640
667026745
131021899
123885360
967841386
818837165
673836297
167461150
427534812
947771909
403599718
852677966
580380686
454977042
891410086
320344334
928171218
66384226
473979805
276999079
390681445
36785528
646863247
966797043
717950762
521794075
540935744
981536012
845550688
768241925
406182852
866081584
786188680
170688425
364345435
977717650
730004434
977485469
820445478
125571191
225357010
47519902
467789387
1617694
390616259
201153369
70146633
707533283
489472247
62433348
67527221
313309547
546692690
421473951
589910047
736111379
316128320
91281307
858606631
953390689
322277846
196164821
319433094
923594843
262735144
535398354
692116373
59598269
265704171
275972724
359626376
986721685
751979555
436292983
705694663
611993879
655661125
959148722
961814027
798893598
386007018
608975366
904748152
745636169
514895022
416431529
991324710
776661744
182254082
416431529
344547440
684157017
793538489
127324195
668194197
19400554
380395692
919828769
563619401
160561878
115546555
456051379
60628235
529620
435338142
934287153
306313689
327580100
211150183
252204163
305662129
676137888
623894862
478710216
689696839
72930394
386007018
3794912
250346984
505754176
262735144
347186054
543581204
378715540
736111379
991584339
521721589
122883995
938407372
162484901
753063126
640822220
691513252
792141668
111431399
987668204
945808381
15234156
329432217
198221193
477924948
155493574
428238875
575024807
666424792
657047605
296066178
997673073
234752884
81982367
923128661
215678043
1347770
556301987
197346376
195272208
569850553
473003065
793538489
937149164
689696839
104289358
880727645
344547440
969529384
540935744
481764782
619993143
416431529
909397241
409423070
56627424
982109059
161082792
196959852
202965186
755134639
727230250
180028647
347186054
764697936
142904581
527787647
878741801
303243740
559366638
825458288
265726146
15234156
813653083
574552192
378126598
900958324
550915134
711444324
955187890
644312880
707959006
963876798
714077708
548856862
451990604
84058969
676188756
472028158
687459024
923736130
324768274
753740172
475401310
622192062
873245289
768809491
515317586
510100525
721999105
789402425
405631040
975411322
806058563
527612117
643107845
828086159
213681749
250088644
358633353
359626376
84058969
449422783
787841427
261478334
375931558
57700973
26136902
801723859
819328244
785526036
76575062
233574151
752993787
26136902
454923093
811454579
905775583
920722734
858285018
717353417
950047132
630442555
443686995
133152850
900482245
887866518
400560068
358633353
889768750
59684387
446232743
861866127
533599521
515623409
814258572
56627424
403083730
605041417
20295347
801723859
33440698
507800071
660425315
753740172
495933250
392076193
62347976
162360205
401487405
495933250
469850002
392350427
93565192
333112768
405631040
321964261
92311806
836387032
897766212
321964261
508211606
714077708
91789903
525866490
784547042
274775972
403083730
133152850
724318186
341276209
342915710
335432259
473806289
476581386
69847290
540935744
902927646
811983306
601783786
762076023
100830000
133577306
395753203
1347770
761136571
521721589
544123709
217057225
145433714
745214737
186083766
364299826
13175652
374122366
583841633
968553487
439133723
751299943
760741889
421861841
729722267
495933250
50959285
382226261
562943775
485598192
333857121
806550971
200894597
922931362
981633932
776252478
500067742
585574022
7332259
227066576
123885360
881484912
523501903
978564958
791293630
859477895
341979505
553240599
790054903
907085392
687708225
212380253
636399596
674744599
444948817
448895080
702393409
189171590
792924259
36216536
760534477
664896203
271496717
86107546
263107393
468258875
108576921
473478015
880608414
980813696
871125726
703437863
64001902
155238267
479039838
818731055
621546494
34672994
321456386
401069313
129961910
628058982
76546375
977485469
242071787
743935465
486750596
683967192
486750596
569254678
3864921
652293794
864853129
316010473
288589457
712733195
52266410
492182269
429486002
346644847
787609547
589146647
69853291
177015941
865093745
959336274
806057477
930669381
402427633
638662346
978273591
524528283
643285866
741900887
651230403
396003557
402427633
471999456
217334202
138483754
170630056
237655929
584250182
743648522
481699545
37827675
723364174
342586908
135450440
165657452
519771065
557447997
625250035
273514544
588649712
539656634
865093745
731819310
979811142
628738329
467269635
740649682
138359198
489885255
384968419
281425466
538186605
772026636
767569651
115865301
741499953
287979673
643376926
618015715
986390166
421861841
320344334
481261992
537663711
751065070
626034844
233392734
167461150
546181164
562214550
977485469
501935388
798536611
707531437
125626599
706655333
91677648
499533287
756916774
756916774
539656634
759675
716268486
78716778
143493483
268617728
630384101
984076567
356116747
357052258
457482722
252628143
428077013
382340364
143493483
633307822
561385015
273275479
439285276
542163223
372621923
460204281
821791106
797334925
498691123
919057246
380741357
378529790
860612655
102641967
340976291
580191081
550694417
271916357
510865760
33501417
409703249
822932063
698440091
640699503
582354458
390080917
652062993
256499079
952637246
631323414
10642740
432049537
630384101
341745510
223640821
535687103
653405754
504532158
45635338
610963765
430576681
352006529
668066070
488381306
257747686
102514887
36513695
341539949
901211616
209009911
731318491
107084928
93080847
745942345
114548107
682760131
215687890
526195518
744003405
551161712
958743350
419563309
515754754
351533734
939538327
310852853
390421485
188534538
260624145
271993112
715868051
402653161
994373332
272430313
568717626
908500811
302450905
988358078
212914618
205665751
79786048
708800297
1639366
966137028
308885560
568947013
208402710
390839871
75855525
860794067
500517403
497056588
507649089
743877996
953310918
926007301
503672837
738405947
35932560
634809545
964722040
280881332
41688017
495186563
456559998
359434318
273624677
63533760
630531898
478700123
857714630
457482168
641076925
925532982
180648322
202440612
671606735
467643699
192125408
659600149
992859580
14417423
594403872
931007900
463647061
392569972
171609137
975738451
951575182
670306593
899658446
585189023
925532982
62922623
910245270
255072039
838626410
31119600
274703861
572051752
685121292
160696672
888796056
396804420
874519889
321396744
864892316
622552361
712347163
644927039
378814002
114350957
488460824
382065195
70652651
725286427
458510798
671606735
698172668
855137072
622552361
402984549
69847290
727500866
70617670
714273865
176556793
257002227
13916802
699979075
318877386
592770057
496781566
825977802
750415411
560619715
228543260
18343363
59087352
805292120
70617670
893851289
225850914
674411534
763355212
265481516
238321903
599696852
950286295
536040161
382065195
937108117
740456530
489280497
70652651
77842435
729926752
698944322
730330342
362476915
884979527
855067024
183254645
451542387
567980703
807617464
916103755
339559698
594138436
416366999
28400636
456559998
270745797
50714031
55459415
995680121
401378204
725153715
61278379
743979540
5564149
537082164
151481206
406494594
743877996
715545520
380813840
126992290
987927202
96786508
572955136
132828450
983388097
406009194
574785068
797334925
937108117
183254645
634537931
321287237
336478216
221718910
142316827
879573969
685121292
692635734
70652651
96377981
780330425
754863912
416401763
