405930160
969614206
1753910
277087370
431443256
695004563
539903493
649923906
391900492
998971065
748928921
211366989
634611449
18385104
951989575
380785354
787832358
636242251
225100524
959496932
139438257
307849762
993089189
552957465
88454908
427622815
923817642
462420011
40930337
900982503
900777032
367201028
671136484
263361767
713764232
695004563
998971065
880281771
483688523
193700945
469608381
134873342
740018515
372834564
547140016
78713610
486653222
377036689
925478021
371172123
559850229
275270107
17826780
666687787
454222270
181698161
411771042
859682008
611646734
853424221
676510731
475286980
391900492
22967235
573691050
55532696
365442440
911792597
359712630
663250596
556944144
367201028
798687
196343021
878259558
931346902
677231546
652276621
260521325
692706571
348947209
306851638
406095415
899488571
780989152
576295538
768682027
749212513
787832358
901459859
79719909
88592974
298668673
442662870
228401864
491909172
287000042
256137321
956527608
715052865
987412306
181094050
286349593
584667900
178672121
47390776
124364891
22967235
577096074
321237637
409532192
263361767
27058690
848676227
216791582
515264052
738933327
405878931
465389323
191584815
636242251
169988881
671678656
882672034
775568473
978442526
637164601
463110250
850281949
786713251
39846988
975355960
149688254
997362516
636242251
532440446
569141773
495903734
996819927
727195258
531297066
519809876
649923906
659392408
778457021
869475366
524227850
123998737
908317708
473055
563398839
139222585
500020625
836084350
263361767
732845002
209371836
931346902
371530454
723444958
926853092
433105860
414356757
409532192
842938603
682980039
636024671
515470909
935002765
646651763
584667900
592969676
376490763
951291658
890745863
713560161
163736241
928056526
414356757
283001650
460507318
659392408
329069222
152323923
475058713
601241260
649993141
631462895
526972841
806984161
428335574
787832358
869475366
575040479
517171013
673412285
938023088
472725780
734312276
565022806
511344185
853945386
354440676
698849215
181628903
855830278
522816073
22856789
898204523
260521325
941337721
255000605
2190133
455565185
97377563
247994299
394978515
596393362
748928921
82472447
419516110
957167844
74004327
842938603
880176584
793265749
58459780
248198539
89951465
619941157
408141548
384990181
802321286
43964441
4902120
328954265
935002765
182124628
346557060
901425615
483688523
411771042
493028092
341271705
540846374
690171377
68156424
24063852
482747025
715052865
867698513
900777032
702470324
336865181
490445873
593004968
242749428
727195258
552957465
858386415
193637768
565022806
70036879
700792689
455565185
515470909
371819684
519809876
97377563
987082998
44449442
275249506
977162136
329069222
427622815
88720834
454222270
998971065
848523380
340204424
741326565
193637768
813613826
734109110
467243412
908317708
774366433
935978749
411771042
168774261
58459780
270748560
603122422
495903734
35031979
296920766
922687364
322071534
530277593
911792597
229363452
47390776
537650005
251807016
159400507
35031979
119551756
185757937
524942692
18385104
479500069
723091418
35235203
159400507
980828382
616157244
522567366
716502742
351800754
982113576
951118017
57238151
203053289
671289350
127752620
464001265
180363100
386091778
411538059
520746970
288474870
341271705
574153605
174288656
221899121
612875570
594841815
489713316
723444958
767266460
18385104
544612150
478908018
996901875
319303863
697177597
113332711
857501934
4081699
557400280
291202202
60753815
666751943
846670736
993359135
291202202
853424221
612875570
695004563
464719377
464776513
200211413
221899121
606975747
345965030
351800754
122591408
24063852
225709534
975355960
346557060
23077780
765958020
207793579
297631881
55140245
38640714
203053289
945120366
574809125
460507318
716063426
118915889
750035861
725680109
563435465
431511916
278335832
455592157
681599651
900777032
419516110
415660727
88454908
174288656
142500773
483688523
783804323
638329429
355620158
442642711
900750888
912546826
763207231
464719377
270429626
845290953
516017928
494678899
143913849
590014543
598937367
688568905
812770321
47085076
311587701
274487423
947501329
776285131
467474847
210586169
741135845
769200024
896562327
330445275
305948831
174418513
606975747
207197252
291202202
617918909
158062001
402313305
464719377
695004563
888466116
207197252
941337721
716923653
748928921
398172962
346557060
698708645
68756353
92298196
36019092
156342022
318430418
346557060
60591841
191384171
130544385
409532192
736224853
643794758
604657622
325591447
396571554
945120366
184181752
351253760
302633000
290950227
784543634
309516498
992418314
293527457
585918035
992250704
627176649
225709534
634611449
996668330
442642711
572341753
887673712
576634804
402313305
154131101
223762716
762759953
226644984
328224158
274487423
355234666
870823945
52762711
699204095
229698381
576255117
133267389
819781331
725746849
570734036
784543634
649993141
200267252
993137010
84554580
651213325
763207231
324753588
589722793
32264093
841522400
818455760
78336446
992250704
265393680
886173298
475448833
302108682
511179740
597473959
158062001
420722421
984484327
91802762
550369415
174407269
361943821
310031738
421351030
285549032
699091598
563042005
872724617
845313978
140753414
713057895
434481874
156982357
739289093
20505105
795091258
874359422
206513535
293527457
207793579
17054275
180363100
480276755
402982627
410522108
724255954
163343310
297631881
23456805
180363100
946997413
769269094
644749417
772488821
600439074
306851638
83912264
743167264
27058690
571666721
762338889
358501138
238456665
171896980
712615172
65785374
763207231
23456805
553528773
754371349
261700940
659861265
846866336
198103780
916936514
585918035
644749417
603559195
833776155
936147161
826789224
818455760
896562327
68756353
918995013
813613826
594841815
68756353
550694754
850367740
346557060
26046993
485766420
32264093
945120366
846866336
224197466
294672240
495137180
347502127
521912338
302633000
911532974
361943821
430600290
487470825
467474847
1942785
702144896
266770811
972090590
231770911
464776513
20846354
984484327
412572862
627176649
592021290
19494485
2180250
732778803
619937830
23955747
584655932
385480666
834055949
630674773
419516110
109246084
369571864
858083574
848711396
27058690
866211141
136585955
842035741
410522108
819781331
374454061
20846354
159005051
27058690
847144073
613752347
124363384
638329429
491909172
807277613
792878797
656291075
223352847
720692824
996668330
291563168
855667766
969614206
348078061
763207231
73098149
879696449
225100524
43251915
862181231
513184806
51678927
398172962
701397034
534481263
318712963
639051029
577231929
135302974
750035861
135302974
896682963
594841815
30045415
681599651
166269957
592021290
716923653
346557060
491221056
74989029
992399988
909985630
101960500
73098149
346557060
691609942
18385104
365282048
283082471
14377629
115249830
837880718
303478323
121749245
426669058
75904091
379735808
943935909
328224158
799448799
590014543
50966532
695004563
871232387
310657984
371530454
63580870
88935229
596972836
66636699
328465157
918995013
901390693
2180250
848711396
35031979
571666721
23955747
807277613
547140016
238456665
519809876
24063852
318666074
606975747
121749245
331345779
572341753
232652566
692706571
37784630
29658292
142114159
51858329
765958020
122474276
63580870
98687129
586933924
909129713
980242507
207197252
969614206
602903752
522567366
724255954
845313978
764885832
776105154
73098149
848711396
617918909
595668134
683002307
996668330
360454397
699622865
389390102
251727795
63676209
311057127
438078757
972808569
278681333
328465157
775568473
950346613
258961266
410522108
574533398
54133454
51858329
246437982
690539752
90406256
155056683
191451358
332106416
902202577
944662853
397619106
486839247
15604514
414356757
996819927
665372848
960170122
886200058
974912461
455681299
489520470
966214315
739476152
127783710
698849215
158062001
377918771
891442476
752409549
149007332
906848373
425796227
701815122
651895007
936654830
357426712
110762527
955483501
402428831
234305166
208956460
498832262
202781125
899558211
547435088
708669573
925105476
89806799
738311731
23077780
748928921
125219147
739476152
716923653
509548543
323282438
370813686
483969932
172434648
839648655
397838591
311057127
676539686
508592823
972808569
697126037
970937704
502307689
644749417
946894106
28373495
378298277
259710143
251394609
661992703
853424221
415990250
923519151
951291658
587723584
853424221
229363452
569960557
525581551
648132497
556054336
990391316
172434648
89806799
913190632
834327257
972808569
178098106
797721183
113986004
702537582
389278079
410854995
930788991
745187981
499779356
402145047
636855942
520201681
997006669
552957465
209371836
663080313
646651763
202197222
330472853
710488053
646333916
775562367
437451467
395233615
724749586
574533398
361943821
395811317
984129548
557194565
147686978
547140016
382159041
310657984
354409535
421351030
428223957
175618013
13303732
958212477
853424221
442642711
646333916
24719679
930788991
665372848
959711511
204370139
996819927
722669578
984181307
247864245
222745123
526503387
113003552
191451358
347855496
520039457
16453610
444322078
832825760
9103907
605202575
974849497
491221056
213846807
227969088
504749858
622549751
937870583
90406256
547435088
812593958
833614730
324353690
993359135
267154468
659356389
150718446
812593958
575006497
6363629
663805175
65570820
359772997
527668618
747338788
295806181
193769687
51209805
44986626
200997340
652653806
98135840
260453421
282944665
857460335
948181737
452000529
41251361
579652996
745422163
592758766
434933833
297012328
250895761
931722310
563321598
371745448
914859043
562128496
936965604
854499219
250895761
187623779
474332522
933007861
832022719
257289679
832307930
452000529
457972996
468947191
202779007
423829669
50868090
721411502
310881804
