44
45
91
72
86
51
21
50
63
65
1680
70
65
49
119
68
50
13584
742
25
19
322
81
130
7
45
115
60
314
66
7
1
76
11
25
222
20
100
15
98
75
117
121
108
52
85
40
55
90
70
700
58
744
35
15
57240
77
9
90
57264
2
54
39
54
92
18
42
146
56
60
75
9
56
334509
29
1704
14
22
104
5
644
91
136
100
11880
15
17
120
30
33
81
46
114
6
504
36
460
110
132
31
490
320
23
14
5
84
126
182
3
42
24
102
35
13560
27
190
11
13
99
95
24
554
21
404
8
16
15
78
9
63
502
10
36
55
77
63
90
88
42
14
6
45
43680
188
44
308
730
30
39
99
2
374829
10
105
422
105
13
28
57
55560
12
133
12
322587
34
12
30
84
26
27
3
38
40320
4
21
18
27
30
69
135
33
176
42
45
240
278
