27
100
842
195
11
3850
188
98
554
273
43
189
234
429
230
5698
860
240058
5712
175
114
200
4530
172
3806
2350
27
246
915322
55
3660
272
66
318
78
9
301
238
45
180
351
400
123
286
135
2800
1386
42
460
30
1792
1148
215
15
870
117
1014
176
260
396
38
117
90
28
39
174
87
392
93
203
100
282
322587
203
80
2994
1862
3820
21
69
4968
378
6
189
404
217
205
266
60
4718
98
155
145
20
162
232
228
3
126
112
253
90
105
261
8
371304
1048
312
2344
9
468
1430
297
19
63
60
574567
435
209
420
425
323
17
138
243
86
222
325
270
210
2772
43680
375
106
2
12
6
340
407
100
862704
360
55
273
308
1330
1202
459
20
328
46
27
342
375
125
91
24
196
250
173520
322
2420
2122
180
133
414984
11
140
105
334509
14
234
35
182
132
2
31
188
650
108
57
90
247
1388
426035
42
3094
141
86
265
228
50
322
81
1406
686
41
280
429
4676
746424
300
496
13584
133
15
314
25
391
4
432
42
156
126
906384
81
22
552
19
182
3290
33
1958
14
1036
210
481595
434
2904
120
39
84
13560
507
444
117
1416
56
95
63
37
87
88
77
336
220
21
3050
140
338
1664
462
240
2444
5668
130
94
143
150
32
173544
297
330
63
76
1890
309755
4282
270
63
23
21
104
198
450
110
2590
115
66
245
357
78
406
30
372
5208
300
11880
285
57
85
68
315
209
2430
345
140
248
918264
54
333
65
10
17
278
2044
1878
30176
47
460
175
264
239862
135
380
3670
77
121
294
175
414
341
473
1050
25
169
84
198
105
304
26
18
462
49
273
1940
294
45
481
3976
525
33
28
403
493
59
153
368
312
12
405
405005
110
4216
1394
490
10
52
102
863040
364685
124
221
75
377
62
437
992
518
231
135
370
350
325
108
110
410
207
105
3848
35
290
376
491400
29
919944
65
154
120
189
58
176
72
492
1
323
161
296
495
225
92
306
136
451
209882
51
483275
99
170
926
75
258
420
119
374
522
210
33
54
196
315
275
614887
153
81
385
2400
1240
51
63
5522
546
2254
3346
168
16
742
287
310
26
145
40
36
2442
4398
216
225
48
297
306
147
276
418
70
408
186
21
13
3836
55560
234
3080
357
289
483
153
728
299
9
93
255
189
299
1626
500
130
285
184
45
24
441
252
61
147
99
72
162
744
430
39
116
164
399
469715
98
5710
1428
90
1704
165
31
700
423
195
185
15
82
1702
374829
54731
1848
320
12
40320
1108
30
378
150
275
129
399
5612
255
198
49
252
204
204
528
5390
4706
126
4620
369
344
475
154
187
187
465
118
306
50
57240
4720
212
7
85
319
171
156
221
216
95
30
387
361
4662
116280
1570
132
235
15
42
247
171
90
1006
180
111
171
486
286
245
240
363
527
57
315
220
105
13
919968
422
275
56
114
132
1892
74
3750
190
270
351
462
159960
84
54
144
231
324
18
455
2618
343
259
57264
243
182
150
360
490
135
1680
231
207
44
253
22
115
91
146
18
36
437
24
2828
730
66
329
25
190
357
756
644
222
428568
99
102
165
75
513
152
3106
264
225
53
242
502
5
45
159
165
426864
29
390
168
345
950
44
30
70
380
23
177
1700
27
350
148
3092
60
14
391
45
90
428544
135
405
3528
3268
171840
464
5
143
483299
69
7
122
147
35
1216984
165
34
225
125
119
55
161
330
78
75
255024
504
208
195
315
279
3
70
2276
348
51
450
255
