36770
969
737
2256
759
420
975
957
1170829
600
925
1045
1222
1070
480
1020
333
342
1178
1145251
603
319773
288
69
182
187
945
275
8594
5942
1887
160
2016
539
623
1215
618621
435
1725
55560
535896
2002
1209
1953
1855
585
675
333
1022565
1708
1530
1287
36700
1037
198
140
21436
1392
143
594
1236
1411
689
703
1878
1445
1558
918
1075
21
1358
595
93
1596
4390
63
8616
297
296
5
1363
830
901
30056
1917
19558
15370
754
618
291
1729
1734
615
1809
8450
85
1608
1073
833
756
21950
40854
1085
980
17108
285
999
1764
594
551
1007
1188
1430
30906
2862
105
26964
44514
450
29
1279239
30
1947
935
314
910
1316
329
1050
162
585
1769
925
135
150
22
1177
1136207
594
1365
224
6820
759
170
1395
632
320942
129
112
6
840
2382
450
750
1045
36610
275
630
36846
120
33796
505
117
1425
483299
319
189
425
952
849858
185
520
1001
5650
429
825
1518
231
1162
950
117
522
1575
114
432
874
1125
208
14674
810
117
9400
14
1406
1029
1092
195
306
711
476
1575
2420
28614
12738
14182
75
506
255
1170
534
2015
780
1240
1160
1131
984
12
798
42
8050
195
243
191228
18496
18256
242
22290
697
25256
1137352
477
765
684
225
4
57
1058
1491
174
1586
1153734
1908
1190
35204
7056
37870
1215
323
10390
44
550
38780
855
355
1431
90
87
507
14352
4244
78
10010
1392
1785
676
732
435
402
150
47
18998
1035
184
26920
215
188
1166
1800
707
251375
470
742
140
696
730
855
20706
975
1833
70
40350
58
49
2344
119
1702
912
420
135
1309
1104
28994
650
23
495
438
1449
1116
721
1694
690
1080
218
330
864
735
637
16606
437
825
756
12782
920
138
1054
378
426035
611
56
1157
9630
7994
342
1204
12682
1342
279
1378
396
585
486
245
1505
666
642
4720
848154
304
6790
29540
406
585
400
23928
1122
825
252
243
848
97807
300
612
572
1078
329
415
516
11
72
212
1025
561
1638
300
1568
1410
130
1326
21
12038
330
1891
5684
364685
90
1404
123
483
1421
12894
1242
999
658606
13300
1034
1302
918264
840
975
1647
16742
17570
1824
1376
665
146
11900
1944
450
388
125
231
18390
342
3306
222
31
1386
756
12
354
82
12788
377
9486
1225
230
1666
195
50
909
1394
1242
204
296890
645
550
1073
6834
2618
228
6202
621
5710
4620
80
341
1620
798
28630
1136
318093
6776
825
1146141
2065
656
1581
1216984
1079
689
70
432316
126
986
3782
1015
43
407
1065
1722
23780
810
657
320918
1950
799
1595
1530
1665
1570
527
175
565
819
2350
9168
17268
957
77
545
490
546
45
41
61
1521
2442
378
891
1188
3094
589
392
1426
106
19
48
175
744
125
2254
662269
1026
1081
365
4676
1150
533
84
441
2772
494
504
180
765824
1185
780
300
259
1332
209
297
7840
130
1681
84
3282
11950
425
1003
970
182
150
2400
1098
54
765
742
3614
364
616
1484
30256
10870
12782
510
15
148
702
116
366559
35460
20544
1225
930
215
425
343
33
305
221
416
1036
134
4968
1067
754
867
89
819
176
21406
644
493
546
14
728
969
230
16644
3540
22672
56
637
680
1305
1113
731
319
372
1770
414
876
105
841
1311
5522
525
1591
44702
554
29
1287
475
972
810
242
11732
36
1406
185
422394
1012
100
38228
69
1300
391
210
262533
1938
1313
33
351
1495
299
115
4530
1095
428544
1147
1675
1365
1480
510
114011
351
515
238
1704
7322
189
1122
700
776
6
220
450
17740
21252
30044
1815
299
23850
276
40672
1925
3050
502
801
665
638
756
825
245
745052
6580
620
325
40
7772
1554
588
590
6386
2014
369
216
1023
253
649
931
651
1275
994878
561
993174
2044
81
13244
1725
902
171
202
975
837
9500
536752
667
345
828
219
71
214165
252
804
540046
9
12460
156
1464
43654
43960
595
35
650
78
1479
90
1485
525
23052
702
180
45
369
11317
250
378
531
1364
900
57264
1275
938
39242
488
43
341
18870
86
310
39
42629
40658
987
24
50
33348
817
525
741
520
127
190
260
861
1044
429
1938
1755
102
1386
477
693
27960
1520
962
1971
1820
172
427
1218
1425
646
672
126
945
495
803626
13356
700
15150
913
29069
20
75
1320
12024
40670
522
1212
390
66
1312
1395
1722
399
83
21658
348
1298
376
1134
806
1552
935
605
105
1430
5650
1170
23210
87
392
240
1628
430
1150
17
1022
12768
1133
1836
1248
387
1958
14660
203
7904
165
1300
78
1007662
315
14602
465
37
4706
644
54
1015561
244
567
33838
765
68
10220
1806
755084
42
1350
405
31172
40320
17950
950
702
1548
234
1593
850
99
294
663
1260
1246
408
156
1107
1664
18986
25
1925
770
1475
5
153
62
95
8080
315
990
77
276
5102
931
725
136
750
690
994854
36146
4326
455
178
1071
108
1428
216
90
13
1792
13624
1449
1260
1335
357
621
799
946
385
399
268
247
1870
610
258
1296
1089
836274
144
666
6218
79
1848
405
450
328
413
517
207
507
1870
1450
533
741
1092
1021420
452
111
937614
174
912
119
500
775
278
1326
336
673936
783
1749
589
966
1287
16000
539
708
17890
1040
43274
999
168
33040
1305
969
189
1652
41
1110
624
769648
1060
175
16744
1250
154
729
1892
306
1029
245
646
420
720
820
385
891
46
35
1625
1276
25830
1155
414
513
81
4942
506
1274
1679
226
183
570
1030
468
899
406
99
22244
637
875
675
849834
870
42260
13584
11580
784
1518
19382
851
121
3
3848
1037098
325
1295
474
630
1898
1716
15440
574
21008
364
33644
468
936
1680
14
286
40
5348
8668
1056
462
722
473
20602
747
84
237
23870
1876
294
1530
660
416535
1281
9456
6832
460
1022196
413
60
781
1092
261
5000
713
2079
465
1221
91
1388
1261
609
1188
11880
309
1650
222
21
1036
209
19222
800
1053
469
1525
945
1025
297
663
6340
1826
638
162
805
198
300
2070
132
3788
780
735
5712
1584
308
1575
36888
20946
177
928
1165978
528
1247
3092
1035
1474
114
110
927
763
57240
62
1330
1885
739193
2450
405
511
11016
2059
173520
261
714
18984
731
1161
1476
23912
1010
171
602
574567
1350
40628
114
605
434
632093
1290
1245
1845
350
1440
102
1462
930
423
10628
510
7814
738
255
462
1272
741
23
1081
1325
85
688
675
45
490
13
1590
445
2430
819
1656
1421
387
12278
1704
990
333
273
468
1260
287
1896
966
133
1278
190
7358
611
54
1050
629
1875
50
7070
335
495
243
5174
75
614887
486
13560
351
549
385
7350
867
451
1015
1089
495
147
36568
252
289
462
14630
44
30
660
459
171
1505
363
609
11060
15738
630
40168
111
560
870
873
699538
658
38
779
236
150
1269
11032
16554
11044
143
11352
651
170
882
491400
1995
200
168742
1104
360
1155
99
116280
1752
1606
7210
40482
1575
483
919968
481
588
924
141
118375
1116
513
1519
760
10960
15694
957
1062393
1485
636
110
34
729
1485
441
220
246
598
165
147398
1134
360
977051
639
25324
693
2666
1849
777
146253
481
627
357
140
11354
648
1610
54731
495
7
1620
345
992
869
460
41610
95
120
110
210
119
38
109
715
949
3976
169
174
546
1386
20568
567
884
21350
24
583
1090
1428
875
72
17600
1044
2070
189
18
1340
9
1001
495
35090
1416
1617
190
1224
234
162
444
1078
338
25
200
90
45
7940
1080
777
2035
1710
1005
135
33
292
427
101
173544
31178
1800
375
189
32170
399
273
25
16008
1817
45
126
671
91
305
7964
1560
385
1260
56
714
322
558
40949
12780
44690
117
426864
44704
5404
34960
1105
584
10
750
22216
1890
2077
728
1229599
570
966
74
1285098
15
36
1027
390
490
1075
744
924
952225
552
177668
66
123
158
247
1560
663
667
444
435
900
885
1701
1175
1755
44382
432
1122
1804
19006
53
4216
378
34
1071
1692
462
1296
1302
201
99
1274
390
1020
1118
36890
3106
32
792
1416
1209
580
396
575
20252
6644
46
405005
1980
525
91
330
312
60
1209
1202
1911
176
412
203
2001
164
527
67631
34998
744
261
1403
36822
108
1653
8650
601516
1053
442
100
26
1890
1207
198
1125
945
344
1932
14574
860
504
854
16730
69
475
186
121
321
428568
1007
42653
608
1200
1452
14616
826
55
3660
225
340
1105
28796
100
77
1677
981
1387
546
423766
840
308
650
1580
621
310
351
919944
363
231
14672
979
1380
1519
39
1785
61
1162959
29944
460
380
24002
42
26460
442
39
371
1131
306213
1863
913794
107
837
105
1121
944
1794
356
989
319797
10824
675081
893
996778
1940
153
195
364
1275
1501
1023341
37
5784
28
923
2444
1161
1638
380
663
594
228
263678
1006
752
1566
17708
206
1988
2
502762
60
1050
166
421290
1485
440
1183
1023
249
1551
308
705
629
963
670
606
205
324
1311
791
397568
897
150
234
4688
26220
273
24108
93
675
7044
627
1377
2276
1880
570
37578
19
11058
907935
1083
1035
165
1909
70
575
5698
182
24520
582
714
2006
871
36794
26950
1328
1189
51
161
266
1
29722
1414
18900
1151110
10738
270
44604
1539
1159
1547
783
21
1430
455
18678
171
3290
845
1071
2044
850
403
374
231
1660
404
35952
16570
760
1456
1147
279
15904
531
156
726
536
42
713
702
44
168
441
1014
1626
132
10556
162
650
950
307358
1170
129690
327
1767
1407
52
469715
253
486
1320
366
3268
1363
309755
1943
31920
301
900
255
555
1890
1258
64
861
324
1045
1377
33028
552
597310
2122
790
1827
38992
32606
1470
553
198
132
14280
16730
39622
684
660
25704
1068
1782
126
414
1260
540
96
189548
539
496
147
1269
20130
196
177
464
1108
273
961
180
693
129
133988
837
1683
858483
33336
945
994
238
125
5390
357
81
882
915
528
1975
26774
4662
798
21128
847
511579
741
270
1888
213
990
2
649
1050
682
882
2828
654
161
3836
217
29300
26
855
312
890
7244
1540
7608
18810
777
465
535
10338
1239
22
686
12
954
105
27
740
374
1539
940
484
1235
252
1134
1026
255
1479
135
918
238
235
153
735
189
1690
581
1395
33350
675
49
2590
1375
14350
567
1488
1334
15
26642
391
880
126
1298564
555
7
1173
322
385
324
746424
343
55
1802
29500
264
2984
1053
1241
1715
1247
60
322587
915322
759
105
363
240058
558
16422
273
187
49
111
12166
703
828
1435
888
1062
856
147
13288
3670
1330
20146
987
440
1500
145
59
294
345
14852
171840
204
858
6846
441
497
47
456
180
595
1740
1581
1072
765
1394
1659
396
1534
626204
295
3806
1230
899
22210
1271
350
981294
285
540
810
1235
9310
585
1066
1419
1240
6090
43680
98
232
715
3080
370
35
2800
842
517
9
816
1323
437
1184
1457
918
680
252548
926
1219
578
948
301
377
1457
715
1148
522
676314
390
988
371
648
75
63
15314
190
1125
570993
1023
396
1014
1192083
1863
155
123
1602
15
4282
814
404
1134
290
1674
9954
481595
808
1494
13650
1705
540
36876
380
117
665
2074
645
624
16
1700
1323
1339
735247
24
459
93
250
282
455
570
510
836
770793
1710
874
405
462
81
1273
65
833
369
840
13708
26962
1353
30
2994
39984
1617
1827
315
765
817
33
357
1365
260
2080
280
943
990
567
1989
225
572
154
1254
133
495
30030
775
609
1333
625
1846
819
5208
492504
52
30000
1206
996
1225
1265
850
1295
1927
1173
1254
24088
1755
1640
423
972
31
1540
429
152
31458
1455
4032
630
736
10906
32846
862704
1645
1026
472636
210
340
146
196
1517
23114
615
165
1219
1771
868
405
98
9926
88
1406
530
1180
1350
16700
498
240
104
266
30176
42
568
595
943
26864
159
105
25998
248
8070
14170
1950
893
315
1220
350
1264
23210
5514
1696
1330
99
54
73
128545
66
851
8932
1599
595606
863040
1221
483
122
616
513
627
906384
546
483275
992
1357
1786
225
1460
1488
217
1113
11
566310
2013
284
14300
57
1952
473
36386
1050
897
191252
485
372
945
551
980
693
1139
8962
321731
2904
28
805
280
564
26950
561
525
1551
792
860
1275
767
1458
1517
592
552
319238
583726
17262
540
3346
812
712
18676
1140
728
1711
285
525
853204
21448
1645
1825
3740
472
1742
225
816
6406
334509
1155
144
1513
3962
207
782
782
23254
1763
368
159960
451
1130509
1369
210
222
10890
888
24058
180
36
1862
891
1131
30
1000
1215
239862
399
730
1271
320
1764
295
1632
26516
693
360
325
323
75
795
25072
2025
4780
315
374829
275
1512
51
195
330
422
901
1210
1424
1739
795
138
115
1200
1386
1638
270
135
297
275
697
770
265
159
855
696
1422
559
120
33306
664
1377
774
1128
555942
989
1106
1862
361
272
8092
455
1016706
32300
544
456
3
1305
1050
13930
1677
168
306
67
108
10
1665
1333
426
6664
494
24100
1960
651
793
1562
1148
858
846
910
792594
306
559
10316
4398
748
267
1368
1365
8
221
855
165
74910
532
821334
725
518
13042
1540
48
783
690
1168818
678
85
710
21450
686
414984
1343
26194
182
194
770
165
1881
418
749
1577
113
207
14484
585884
1157458
1400
103
2010
322
1760
504
627
735
336
280
32578
63
234
679
9500
145
1560
1127
700683
9688
40572
1599
30042
1780
796000
958084
55
7966
260
147
18356
935
1127
141
408
51
39
30
1533
1190938
1164
1504
1360
183
186
16240
1008
630
375
27
65
19000
11320
1175
255
18956
245
270
436
12290
735
897
210
348
27638
1420
1173
1232
1848
420
1386
34446
1443
1643
59
30030
98
339
20400
418
27890
1650
57
1482
891
153
407
720
352
410
8996
459
1197
598
690
1743
21260
297
230
76
824
903
285
16556
2114
870
63
529
371304
63
63
3528
23358
1425
513
31922
57
225
375
94
18
18
1591
308
6330
2052
97
1085
155
20020
1349
1190
246
351
118
1155
705
44200
6734
1120
378
486645
1634
315
859063
21672
130
210
29612
1633
910
1189
1463
3820
357
9428
316
1829
1111
1100
345
87
250
1701
318
27600
1435
3850
205
1176
1032
600
14660
1482
15906
1587
58
5859
1048
270
1961
55
1196
92
35
231
102
25534
1102
154
561
53
1353
188
504
600
484
265
976
395
95
24332
5948
1830
403
1140
3750
1168
17
805
1314
44660
235
7590
1598
332
286
1892
893651
1470
42812
20
135
24102
803
5668
9498
86
279
555
124
220
65
186
1100
428
852
1775
872
2652
3080
475
12592
476
1197
214
585
115
904
1700
1691
2966
9248
1615
9178
459
575
4706
175
25914
28152
1107
303
420
221199
8062
4226
45
8094
29854
1008
3374
12230
23598
170
424
1218
583
1615
1653
903
1763
90
1720
700
1155
240
39928
17464
950
138
315
429
1443
255024
612
1372
11046
33160
1541
468
51
27
264
1738
6512
145020
132
4718
285
1537
630
35840
259
1702
290
315
9910
410894
5612
8756
142
492
27
1419
493
550
924
287
33250
27390
1813
779
209882
1323
597286
422211
36790
