7128
1339
950
189
6771
2865
5967
2387
98532
1323
2590
21672
5538
2122
1081
23928
825
4347
852
12460
2163
597310
742
1510
1870
5310
7056
1518
6552
815
6943
2475
195
111
49540
285
3660
5280
664
1036
2394
231
4606
8220
6715
3996
3861
712
242
2418
2583
7137
4794
177382
830
225742
286
422394
887600
4399
2331
2988
1978
81534
220528
2755
1974
123510
1650
1311
5355
247962
2156
3672
90
128788
2209
6200
1900
131
15906
940
99484
7182
501
2511
2635
6313
1890
3995
92532
65
9428
850
705
114
2397
5723
2461
6450
2970
2574
241
2226
2407
96754
70796
3376
527868
5775
365
9386
495
1071
455
2044
2415
1725
628
4653
354
791
18788
315
5856
630
1927
2940
1197
554
1722
5404
37926
1570
1649
1050
31002
7650
282
5767
4320
104418
301
275
531
4011
4056
858
254690
87528
1056
1805
3069
4134
999
403274
919715
5141
532
273852
46094
1495
462
6786
1087068
5254
932
1074
1365
19934
288
2730
63
1161
5499
67844
193200
539950
283297
136
33796
3478
462
915289
387
4488
1219352
3721
4968
8050
222598
4131
5625
2067
705
74494
232596
5650
31922
62
3743
290
924
650
6216
22672
633442
182291
361
175490
183
422416
539
6642
149742
7336
3528
5053
792
180136
148314
6322
1449
7011
8070
1216984
342
1430
3290
5985
2492
3519
5037
6460
2420
1769
201194
754
3933
5537
5893
1025
2538
3068
16700
644
231
1124235
17114
1479
468
3806
100344
3838
6783
6006
3780
1380
3852
6426
3591
612
1815
6586
66
999
3486
341
129690
2052
39
435
149492
2652
321
154470
1534
2635
4448
1153734
630
2983
141836
513
402
17
369
1392
6675
2070
6270
1260
34550
1014
32578
9954
702
255024
876
82502
372052
3220
6669
1496
462
437
4032
7275
2079
3770
1391
961
67818
2187
2220
6298
1925
345
4620
638
191114
49
96500
130
954
1295356
84042
931
2407
2260
12104
8066
5096
7493
305
327
2185
4530
174148
522281
5183
44514
4743
470
6510
190
289136
6846
7049
1850
327
7293
6300
6985
87
209482
275
3870
788
853231
309755
385
3465
1458
174330
243950
32865
4692
5002
1000498
165
177
840
398
129
26234
504
5738
68882
313242
177
2530
4366
5656
3150
924
3184
53506
5252
4706
4950
64450
250671
804
1890
294
1968
3625
287342
7803
2090
2680
1265
1078
90286
918
23114
205450
189114
1013929
5795
3977
54616
1377
3822
107844
168146
1374
161
969
650
43282
3312
162708
160452
2580
2796
230
2158
1833
1017
1972
7161
2597
29042
4525
996121
700
1335
88
2700
24088
3725
3120
1112
1750
138180
3056
6059
3717
4895
44492
6497
7310
4488
810
3240
561
793350
5586
131784
3294
5421
609
2856
2904
259
56950
1092
5713
80096
3915
1089
1304
1365
874
654
4747
3366
4785
357
1953
3775
630
1428
1212
1071
1586
1064
7579
665
1005
12278
2700
882
250152
299965
6627
6120
2142
385
184168
67760
5757
1734
6279
270466
351
4788
2497
599367
6314
3339
809384
4275
28796
2805
7055
2480
5110
4845
66506
10556
2275
2282
493
221718
345
161056
5150
1665
4508
3825
171290
237
249410
3030
63490
1785
5229
91630
13560
3439
525
248
565811
2415
590
162678
3025
527
2295
567
2235
8846
2262
123
2077
290108
645
837
3225
5031
5808
112504
276
5112
4130
6683
169932
1204487
1700
93462
2299
2646
1596
2024
6156
11556
2416
4290
36822
63644
656368
2196
1245
321580
1773
4826
1507
6634
1270
1211000
551
34960
1221
4425
230090
2340
191252
6441
5265
9168
1940
3131
168828
828865
4796
943
41610
16240
2772
157820
465116
91
2184
2465
123
868
4004
1131
4250
7611
2556
1112519
234532
4260
715
49210
1455
6768
1786
637
1279850
35182
1308
93466
5117
1870
345
5915
124306
3822
891
1550
75150
1884
7704
14300
5143
4060
390
494
330
2646
5917
6225
300
5040
5
1645
6077
552
996
18
253
101934
275
2178
5251
1232
1029
884
519
4620
4725
99
721
169136
8127
595
3834
6594
176080
818258
5865
854902
2870
1862
48860
246876
1932
8253
47838
257782
4928
1950
291550
108666
3192
4345
4961
14282
4601
1424
3816
4368
615
30042
294
5355
892131
595
3395
2147
312094
1683
585918
138780
345
1659
4655
482
3140
4393
132250
57120
870
1547
3151
342
6820
2405
5859
5016
70490
200972
1458
2537
2190
1275
5060
3531
7797
3820
137530
85794
435
657
1036441
5865
1764
798
561
440
56488
699
332624
5244
1989
42629
3144
423
2982
255
32004
612
513
2322
573707
4726
422
1701
56
5130
1121421
8025
4623
3570
3783
128
3380
11130
1125
353410
3619
28540
100
4824
978
5628
1240
6110
59394
6875
5964
4375
61306
1403
2806
7047
675
5075
2457
1656
5502
1045
4282
99790
500384
9178
3255
1190
84
863040
744
1794
5796
675
7474
1179468
3220
2349
762
8073
105400
12682
1736
124494
5445
5293
1162
3008
23428
3297
258
515
22030
724686
4536
5183
996778
7875
348
391
594
6834
1525
2384
5457
517
6764
1020
6273
994
3444
5668
2780
4978
5250
1545
3630
306
6225
139106
7105
4020
2478
4800
1297703
3460
2460
7590
1390
145
156368
1638
91210
2412
40768
5795
14182
21128
129564
583
7931
53570
3740
5405
4428
127556
82838
1392
3568
207228
4428
378
118578
673936
147398
5290
10824
2436
5481
308
4719
4680
6437
1326
971788
270
2457
1150
207627
5644
5424
292640
2940
795
82
87178
3003
4085
520
36790
41
935
989
12768
279378
980
936
6721
162
7395
3999
109564
4389
1287
4242
2025
1605
117
490
3713
779
3799
2163
391
1107
1057
5562
329
16644
3432
2808
44690
3629
646
3268
828
16742
5330
5655
147
1256914
4635
70
223750
220120
7973
1705
4818
75
3185
3021
255400
3696
486
6045
4650
6096
3737
84322
4017
5850
318093
1380
3007
10890
137800
1140
238
1225
100870
2114
2484
1700
5700
6204
3281
618621
891
60398
3634
140750
3525
679441
235842
3380
30030
5609
1485
2344
146650
1752
3185
37934
2525
4095
2520
1260
36890
3971
29854
7152
510
2618
1275
828
19406
33370
2924
30730
4004
6696
2563
657
6612
284746
760831
765
189
5018
380
6440
118
4582
175846
632
2397
1809
4898
7181
77800
3429
4719
74404
3182
56188
4410
1539
3569
232963
2703
1815
621
62988
7502
1062
2295
1809
1078
4940
4240
2346
2010
5203
903
2303
6853
3492
7659
19382
1443
4250
5423
630
81
4307
4033
4183
6365
41426
927
4650
3087
7728
4879
1911
237372
1764
7169
2451
7175
2409
193016
5550
2623
3612
3555
224838
7360
6177
3401
2291
2618
165
918
158928
2706
321090
1887
3016
142562
139
3798
737
5454
4350
4720
465
4587
2247
2222
2124
7130
164430
798
5088
2754
2004
406
3666
90
1173
1872
135
8125
2565
4158
2001
585
2343
1482
7946
3465
3657
57636
847
1050362
212976
169150
4031
969
663618
4636
3969
3087
328
225
2380
8046
6237
1957
243320
1435
315
1742
3204
1592
868
1151110
5728
904
1230
510900
2527
247710
7358
5207
243
360
1584
1443
119174
5346
990
85870
20202
2106
5185
104918
684
5950
1530
2975
96648
390
2898
44352
6175
188512
205840
238
1887
3969
2724
7055
3850
3481
2640
6555
184
4455
504
86598
6327
178892
3108
6195
1431
5301
1445
7995
3572
1566
254
5593
1038
16660
3768
277200
3690
3762
5031
59150
4550
3591
1711
155
558
5353
5840
159
353500
228
196604
250256
143956
99408
225
1469
7104
320
2223
198200
7254
1224
2781
1202
240
6345
6264
1281
1098
1692
729
2575
33644
91670
2346
1023
38992
2581
203856
379078
1710
3060
2310
572
6520
2632
1190
4165
3081
2430
247
250
2325
4557
2146
1045
394
110256
7018
1336
3289
336294
5508
2748
160120
2211
4050
114996
1653
1617
2464
4998
4785
1235541
793
1144
2590
263304
52432
222
1855
65590
179452
427
98642
5368
152
1118
1397
6407
3060
181
1515
348
1034157
210
255
3503
1905
1183
5605
1290
3293
627
973
231
2250
803626
57330
2520
2970
274836
165
4995
4619
1107
5346
382
3784
2496
1710
4865
5984
4402
337330
3795
639332
1177913
23
280
3956
6981
660
231
72330
2322
3780
188
739193
217
2881
9
102
47062
20924
412177
692
5720
113660
1349
2875
140120
121004
324562
6237
7
863062
29612
6157
7482
6014
1173
337344
1591
2555
6305
2910
5450
4455
3906
3393
652
33040
1113
1085
67920
3620
844
3807
2365
326
1341
454
5106
4890
69
416
1173
713
1651
5832
1242373
3861
4182
3080
1001
774561
6350
5220
4498
407
2470
1677
570993
715
671
831842
2109
2940
710
357
2835
5735
1666
744
2673
5214
4154
39622
4512
742137
237172
125642
3700
201
7260
3354
702
1790
4929
1325
4565
792
318
342
7632
2516
3234
3282
377103
4851
5785
18678
3058
4361
735
1435
2364
1802
1638
3556
1998
273340
4192
305292
3950
805
2100
3078
7923
2820
1170
3650
1236
212836
3717
298248
474
16256
955
4123
195
753144
4795
2257
2030
7605
83826
731058
2580
1575
1276
833
7473
334900
4326
5229
625
6321
3103
3724
6125
2208
2669
7676
296890
4875
1596
1891
756
567
1242
430
3850
129
988
598
2224
918
40482
2414
306342
3000
1950
49700
763
96194
11317
3077
2662
1326
556
4025
322
205
107842
6303
1827
177192
5335
137
191490
1276
2438
2166
3306
13650
5550
35204
168194
5191
2254
6930
344100
4235
7644
4324
1980
2709
4305
263492
570
4602
3510
140624
4134
988
4030
1625
3483
1136673
1440
2331
19900
4275
4706
26
1921
2106
149240
6734
504
5133
7490
1441
2834
5292
168
310380
1482
306
1066
1808
45144
1809
154
6125
128294
7735
2261
2415
73850
3605
2015
128545
2263
3515
1165978
2322
68794
1521
3703
65470
1256
156672
774
2666
266
3484
4318
580
2587
3420
3234
729
2715
1395
61600
630
107340
983708
107830
135
780
5838
2645
1955
765
4932
270341
11950
4125
2330
58100
399
126644
6847
1980
48804
12878
188734
2115
134748
1815
35
2907
3575
1160
39494
120
372
243
187950
2860
585
4697
2301
6154
1599
1044
110
4929
59990
315
106766
4012
975
110770
165
210
4819
7515
1325
5382
1444
2436
116
280520
272580
39
1155
1421
944
5735
432316
1539
2655
5858
1193988
56112
998319
80586
4214
992
5922
2712
1767
3050
830138
1449
2115
6664
1279239
624
171
3788
77
5070
3325
200244
112406
25704
2825
8062
3417
5459
1590
1110
5734
2813
3876
2244
5487
1269
2475
5890
87074
264
1880
191991
1659
3600
75860
14280
1661
2023
549
1053
1050
457989
5658
2652
263394
819
49
31458
27544
2755
70744
24668
3129
1298
4140
5916
4515
848081
149358
612404
27146
3096
9688
6075
3150
189
66
3942
211800
7380
7956
3302
252792
40090
635
2673
598
2561
6222
1027
98090
1178
115
7935
2280
775
7848
1189
1425
3835
5022
17950
648
7004
1287
783
5256
6426
2035
4554
244
155650
2231
4329
2015
156
2575
95758
372
1260
899
1904
1626
138256
260
3808
1296198
57
1365
6815
3451
4611
404
84
1395
2436
351
577490
7665
4830
5238
48818
5220
1673
603
375
6336
858483
1130509
242850
2193
1365
520
963
1298564
2418
3597
1343
284704
203922
6665
21260
986
1103105
1096
4896
4209
4070
1342
2982
1411
1710
169
35978
2457
1194
426791
10338
737
173544
2010
891
12882
1110
2088
5712
980
8113
1305
7620
600
74516
4674
703
693
1503
279
158002
38850
27
3885
12
75096
769648
2828
1155
268
169554
945
405
66030
8246
1285456
125
5427
5712
10514
4290
5768
3936
4485
25030
6790
6636
2727
1806
6031
4940
3225
4788
21450
107744
6935
10220
784
3196
415
726
5925
4387
1859
107406
5915
958084
1925
2679
110432
744
603
2190
816
2268
3198
1869
291390
4875
3525
1961
2055
2703
1410
1131
867
1575
6500
602
177560
3115
2703
1045
4482
1339
1540
544
870939
686
806919
2223
952059
98756
364
28526
3213
4
4356
186662
3782
1519
4718
284
61950
4030
5610
7437
1170
4617
3480
1176
7225
348880
89
179500
107780
741
1134
2189
283794
174
1305
1702
2044
251
198
621
40658
1162441
2350
4838
357
162344
123
1235
21658
533
3240
297
123880
423766
5115
321594
1845
85
8080
1285098
17262
4230
19006
636
5460
6330
3340
5432
2272
3564
3500
1776
30
693
25124
585
6300
50710
23780
2977
1391
3705
2829
6966
6642
1634
1023341
2736
4288
228
795
550
5980
12782
212806
1562
805
1950
3219
118
225
1820
708
5073
2268
2509
7412
133988
4301
114374
2465
5124
306920
48916
196106
714
5301
7350
745052
2727
1591
1560
4653
770
1524
3157
2175
1190
2142
326636
413
339
405
221
2114
112
5439
8962
105
262750
1085
7178
18900
1162959
153
4485
150150
1971
4455
2130
1276649
167258
952
108
616
1680
1362
1479
954
98
178708
2002
216746
3472
535
916
297
426
24108
2548
14602
2848
875
26950
5763
190
5986
191046
35
4459
1297560
1136207
276556
7232
1701
503180
1599
266680
3103
2610
4200
4161
5369
2842
1260
1296
198
555
7332
1404
2277
1998
78650
3885
2772
4704
236696
7303
500
321404
4305
846
24422
2142
19558
315882
4930
1711
2255
1035
2289
1185
5100
3193
179262
96684
1037668
253994
5246
44
5074
3536
4293
2204
249
609
5597
1246
150
117798
3760
847
4841
4730
1113
2352
5024
6109
17708
224490
210958
766070
888
1860
291
3283
387
7425
2555
885
3762
179844
180
1930
2369
1203694
1969
2672
3348
7772
611
3705
3654
3159
4833
132
65094
250
421554
6003
159
28994
7182
215
1239
5963
156
1638
702
2660
291
836
11032
5041
318
722
6868
1770
6120
1222
1649
285868
424
96784
1470
28614
2945
1035
1491
3193
3978
4843
3591
151156
3150
5510
1550
1053
12432
267
2380
37870
4345
33306
143
5664
675
4887
30056
21950
42812
795200
120
1547
919968
4335
4690
1498
1470
203390
4081
632286
1089207
14966
4002
1363
469715
6672
476
3860
2745
2145
4361
91364
507
4082
1170
5162
984
5859
4118
198
600
907935
795
336571
1890
975143
7222
6525
3286
290530
295282
156592
3444
2162
563805
1484
7315
4161
894819
2128
216804
3483
15666
68
1050
95920
574
1836
5445
1892
2552
3813
5890
2485
3540
7221
1425
2550
1430
59920
1782
2046
3321
990
6201
2760
90356
147700
2952
464
189548
24332
77784
250
2793
364685
539
6240
3690
468
695
343
6848
6897
278
1995
310836
998127
5404
5215
595
2125
190120
4128
129990
30176
618
106794
472
56182
2960
1767
9500
1266
4556
3813
41930
186314
412
803
2136
2193
1261
4117
610
4000
720
819
3549
819
682
639356
7014
919944
1610
209944
2667
4293
6903
3485
3379
3059
5151
868
44294
4422
6909
236628
140250
3332
6604
6223
209
1545
2951
1000
3886
6540
667
876
105
4142
136962
3871
1155
36528
1128
2772
7992
187070
3925
2231
2050
911594
5529
259
2397
3266
1176
33028
2057
855
1025
5710
33348
3564
4205
2700
5000
2400
5544
6386
5135
708
7020
3051
2100
1703
4654
26460
821927
1806
320250
770793
6600
3567
492
1755
116178
50
114070
2997
1863
3233
7645
43
5655
3570
784
975
6279
6623
1192
3081
211
799
64174
297
790
7536
260556
6846
6554
1953
777227
5940
1126614
82244
474
2023
2990
2057
178094
4425
6123
1330
4114
231
2700
217
3933
5917
1534
3233
247
3043
20252
1701
588
219422
570
1419
5037
82230
7250
293560
4278
66740
5225
422511
4949
4557
1358
1023
1975
7744
2405
4830
55286
306
195
2205
987219
1229599
1449
58
5056
45
156814
1143992
89
4085
375
74562
4558
693
133000
1290
2534
6660
5670
1360
2400
2494
7171
4185
1105
14852
3080
176
7248
2542
459
3915
956802
5542
113056
2422
11580
600
3132
3984
213
4761
86918
1782
1386
3116
1133
3375
4797
4727
738
920397
1598
3937
5092
4945
2737
780
126
1207
2786
2989
6970
21436
3255
441
435
2916
1488
2106
7345
3959
3069
3975
1771
2781
4334
3885
4477
6417
3245
315
5814
1750
7257
1139883
2226
53046
3390
3178
77420
22820
357
7301
5985
1490
4452
1265
26950
1344
11058
2043
198
2079
5709
663
2175
1054
510
455
2987
2079
4706
3243
277286
2346
483299
1875
2108
2090
15
2970
112450
62
4180
3247
5650
44200
6561
1708
3621
1943
1620
1023
2295
7254
3616
159060
2255
3404
4650
1560
495
270
189
530967
819
7625
65
798
2236
1573
675
1529
4575
7965
1890
6150
2784
3976
13042
837
131692
2280
194460
2257
1421
3999
384937
320850
2100
3397
6785
4104
11016
1785
4172
2192
2356
103
414
160
1677
7150
1918
221060
945
3124
1925
7310
952083
16606
3757
3710
56876
147
83
909
10010
3729
374
1070
2835
4510
915105
5733
42044
179130
179438
5565
7080
36
5310
36700
2489
124
139194
3201
1157458
58336
2080
6097
4941
495
765824
2812
1150
900
3071
1683
3916
5781
783
53600
5566
3315
4454
101838
261602
6840
819
420
7244
2535
3980
2289
733098
201280
3367
1157
13288
5157
1909
1343
264616
4599
746424
728
536
1892
184452
1647
4437
279006
1734
2840
3749
70954
50
4848
1155
7458
262626
56658
612
3366
87136
1526
4410
6419
3774
862704
74494
368
3818
63856
2891
4725
125900
4810
1175
1813
375
1816
627
1537
2666
1596
793
126170
3402
3894
5700
81
58380
156156
675
2405
549
4180
14660
174460
30
325
1863
5148
6600
3796
90
836
5609
145460
1417
2800
957
5130
5694
16382
1156
644
1159
291076
685
4095
1505
5198
1564
3660
2628
177668
4644
3649
1575
196720
7107
153
176358
7371
2541
4331
2850
1243217
637
4141
203
1817
1785
363
5513
429
1910
185
2401
735
2992
1974
1008
3465
3738
5390
5425
285
133314
30070
3477
1030899
504
2889
1456
3913
48858
190234
507
3069
3403
3741
957
182806
14574
3094
3288
4028
319
105
42
3248
3249
66654
3473
4040
3111
6370
4590
29448
33
1241
319
142506
234828
6380
7821
99104
898093
2862
5015
3750
6786
2829
4029
20
352550
3807
1258
1819
2685
700131
2820
33398
565
2530
86820
77506
288
1995
152406
2562
158506
3213
18968
3100
3885
2839
2808
693
183330
200002
4191
3780
3211
5883
3381
2774
205462
13930
2230
5075
173740
4558
1065
853204
604
50492
12230
1331
406
319238
2013
221199
459
4356
4380
6776
381
221
2869
7050
8594
2052
319773
333
1026
3959
6192
131378
6028
765
45456
21448
1012
4956
3161
468
139574
5329
153790
6545
7020
323
178022
1995
2828
5863
2288
855
4830
1164452
4514
183722
15904
4510
55
525
1239855
57820
4958
4715
189842
1378
2065
182070
3135
1356
3454
4180
3710
129438
276796
4173
1248
3589
255
5518
651
5395
212346
2415
3479
1032429
137192
1050
2790
213780
715
67172
2921
6399
1062
277298
194350
4453
39390
1802
3589
4020
6758
6760
4680
261
1139041
4698
672
1620
86252
502088
73
1205365
4399
2747
1908
4669
6929
25534
4455
539974
261
2457
2850
870
873
316710
305598
4136
66
4221
4218
1878
132
3078
1082084
1900
4847
173
1147
945
336600
10628
8050
2403
1155309
2625
4067
5805
2550
73164
354
302594
4773
317744
3875
115486
1616
55
2093
425
232166
945
7473
4095
6789
770
2067
2100
337300
2835
815725
861
76750
844805
208
366
4515
649
37
5202
2756
147
5250
3045
4280
3427
60
1170
5239
700
1566
4930
5775
337154
119660
201294
2919
714463
1370
340
62060
23210
1365
88550
2109
1845
3770
132
18810
2862
3055
5980
4743
250336
102132
1674
552
2254
1800
455
1300
3075
5175
304850
189974
609
2550
46550
386
2225
6920
222396
54530
795048
7350
5253
26194
1036
406676
4623
2338
1800
2482
4089
537
104
4225
5822
3300
7124
234
204756
167253
103734
801991
1455
186
845
1425
3926
676
1785
240058
320544
1791
7139
4186
3250
1701
3960
4340
135
5742
1083
115
405
276298
756
1935
11320
14674
2035
4360
1615
70
5181
2790
3723
4620
731
125950
602562
234
1232
7497
6095
1185
6644
4429
990
33336
250424
565
6292
3164
2625
2090
123
5842
8037
228704
1105
175960
3283
296842
477147
5880
447
4080
110780
700683
158090
47444
65
1832
153538
1208
3718
1911
5560
2937
1006
2970
225
272600
3723
783
3815
4572
5564
1375
2541
2225
170
594
1044459
724
5727
1034
957
4556
5418
1250
13584
2076
1763
2445
165
6018
322
6666
5330
6650
1058
3575
2519
3626
759
5068
7381
2768
209756
4942
3015
1629
1725
2652
574
3763
240
1872
155
820
549
4221
2847
7874
5355
1440
224096
730
3510
135070
7134
3977
118050
4257
2301
109
408
14616
3745
818209
495
1029
5481
3515
99952
2413
47108
5976
935
67631
2599
1054
1960
1121
2886
76818
4389
923
42160
14672
101416
117
229500
220990
147744
3006
1544
90
418
29300
3780
3618
1691
6195
3171
1016
1660
6097
31606
1428
1805
3239
4470
3922
2805
796
855
850
3149
350
3705
7590
380
203
203
3354
74138
141
2754
4888
3762
1350
345
7084
6213
3726
32170
122382
5185
121618
2967
1539
4884
718147
987
198176
86176
12782
2020
2037
627
1122
121772
1520
3330
3874
175
5499
161
572
222
110558
3551
378
732
6150
329423
4959
170
329
4371
44550
5293
230
243
325353
4264
565112
5240
1177
188272
1290
2697
50556
2769
4228
1417
3366
1668
450
6534
38876
603
3600
1199
1393
1387
2349
1185
104858
2985
1572
9486
3822
764
2345
51134
684
154530
1990
646
3105
3088
1635
2980
47320
1533
262990
3337
4158
5102
153
4620
5335
102
6516
527210
22244
465
3120
4384
1300
20130
5151
5418
7760
4452
358492
36568
59862
84
5307
721
6435
6960
2726
6622
4920
3160
3627
312
1353
1178
6525
5775
8151
182
11060
3317
6723
1421
751817
5075
448
6461
263494
6984
794543
3248
2682
725
4775
4389
237
1161
53144
611
1104
624
2091
52668
1846
248187
2709
120156
273
2035
1679
741
128478
235
632093
2950
3320
4386
2989
102060
4560
1584
4551
1199
1862
7347
4935
6765
1702
5871
1936
4896
452
1855
262444
1794
202
138
2943
122
22976
950379
48
200
506
353600
2790
7860
374
291668
756
4323
2210
2470
1690
1015
63170
258774
1050
1200
127162
2079
5750
237082
5635
119100
1470
5548
1560
803
364467
4897
1552
313045
199
2430
2943
5942
560
150246
5886
8003
2532
1715
485
4700
1505
237448
4901
7239
6650
3645
38
78022
3009
522
140
1825
22686
97440
7608
630
5530
4953
741
315894
913
385
3520
6171
3582
5785
2695
178948
4465
1950
36794
5415
4692
180
625
4066
1679
5159
78918
728
2109
1320
207
1403
232
2438
2275
6669
119288
35460
4747
798689
1350
289
6946
7740
966
1739
4902
875
2725
3224
7021
2877
3619
7975
4606
682952
540
76432
1314
314
3479
1122
213
385
5610
3471
81004
989825
32100
73330
1386
936
2730
5508
200
314
4757
63182
719702
136738
2000
279
7
5995
116522
4560
1717
1463
631141
1188112
1200327
37578
53650
2794
6111
5460
3538
4761
1331
33160
245
37268
5696
410111
658298
600
27600
4891
3597
1722
2580
188278
6767
511
4642
2180
1045
1548
1430
5733
3723
1494
688
24102
908
199402
729
825
281771
1560
4212
69144
29944
5395
252
78156
2997
116
145
1053
2382
91
84216
141
4290
984
2294
1330
5670
3045
3325
107
1628
113
4840
755084
132
4753
68616
1425
2640
4173
1287
952679
2916
269452
6681
4539
1271
490
1539
48950
1485
2223
2645
7056
3003
4071
725
565954
2090
1105
2375
654664
167720
48994
1102
1639
525
55
127
71
1695
2112
4344
1767
1090
575
4851
7315
153274
594
839943
156598
4611
5285
7986
928
5073
335282
1075
495
4230
5885
2156
12326
893
4416
67
115759
5184
110
85468
2162
1432
357
3685
1645
5676
1457
4536
885
5145
25
348722
21
3614
69960
804
6812
1238141
2394
731
264
831818
10906
1463
7770
245
4495
1431
6401
59
1782
149000
17108
436
4296
3660
1748
553
29540
3111
2925
4968
592476
442
2125
3630
403137
251375
4347
19
8001
812
2773
7830
6486
120
1785
253066
248576
2070
2398
57780
896082
4300
4004
1554
851
1525
4329
2619
2184
792
287
4725
6885
6039
166
660
459
513853
486645
1384
1575
234674
4141
11880
1770
662269
3053
94
1125
4832
312727
4922
7695
7497
5617
303
201292
140434
693
3979
1007689
3913
525
4710
4814
14
7440
2928
6237
321494
5396
5429
2268
143
77
6552
6099
6950
131278
3978
133790
7203
7125
374
3277
4294
7406
946
13
1001
2666
3304
5402
2436
4925
223790
8100
5328
402
223
2604
6194
6003
3698
93560
956852
1449
726
1968
6850
58772
1016706
1131
1598
1595
2200
6210
1005
7410
715
585
1876
5796
1260
5643
56
92440
4554
1944
85860
4640
388
5921
5049
4899
1235
109340
4200
5698
4676
1215
168406
421731
245756
2871
592
1560
282
550
2294
2424
2961
4851
1219
3416
1062393
471
46368
189
5400
2958
4235
6318
3906
845
25830
1379
456
261050
189
6930
6188
84
6086
728
1188
833
1495
1160761
194
4171
416535
103273
2205
5907
1394
630
4116
5170
165
2032
2115
6439
17012
26962
6405
1205
67348
5684
760
3450
4740
6050
5202
213
86394
6363
3399
77
5251
1332
1074475
858
6360
581
2745
273
1
55690
1242
2540
3969
7524
8250
1281
195
295220
3465
1992
4830
483
2595
1008
4914
2310
4095
301
4067
1278
2014
994854
462
6902
2050
3321
51546
589
91118
860
4941
140
15694
558
513
410
7353
313500
68892
1230
2961
4347
5590
3750
728
585884
6955
835453
6327
1513
411
1353
222
1204
23254
150
46
34676
7672
4515
3315
4585
111650
2233
1620
59956
68572
1007
2256
1615
198498
6903
114450
630813
13676
1144
4061
835
230144
5265
1105
2626
45
3591
5727
268044
4641
492
3645
2145
219032
871582
1672
6603
108836
1827
2744
92
836274
5247
2867
148190
2030
26
945
2232
1659
7267
3825
4355
6438
1020
137920
168378
27244
2997
371
5063
902
6435
714
3869
1989
1971
1890
3420
8103
100760
35
1810
2970
92132
58058
211420
1947
1729
559
240654
535896
94556
993174
69874
740
6180
2996
5661
5344
33
2494
18950
17890
159300
189985
4071
7599
1666
15750
6831
300
438
150
4263
5427
3312
1519
1900
5282
4095
1053
3311
192486
6408
180824
6549
3528
81208
1310
1980
117
14170
5187
5671
1026
280
166062
290
1508
44274
6302
900
1674
588807
263480
4233
2015
2079
535
972
584773
5123
2135
3330
1953
765
507
589
4165
252548
1029
3626
1406
5800
6149
3472
481595
5439
1554
7865
3480
3915
61600
198
159
99
3150
2739
3510
8083
245434
5066
4929
6320
2167
173069
4899
3657
414
892
4100
131880
24038
3645
1042779
4655
63518
5236
2266
950
360
48880
67464
7120
4661
163200
23850
4248
5750
4071
5577
51658
246750
917
32144
2961
1720
58366
3219
4625
629794
6837
108
186
5313
2223
661612
1788
2926
881829
2695
53360
4160
810
315
1007841
561
2993
87
12738
6771
740
3145
1160
1121
5495
483275
5265
201160
1229047
172618
1625
2751
1407
3045
1470
4656
988
5216
307300
2926
149750
6048
1635
3690
3759
369
1819
1426
2323
2533
106414
318500
72
74
1700
3942
4275
945
3078
5253
2695
4350
6270
1179
3510
7998
5025
935
205
1138384
1938
50644
290150
3
54294
4880
2520
2275
2139
2604
3315
14352
640590
179104
2502
79
6615
1475
2875
2071
103446
7089
2499
3477
1045
1275
1743
2490
40
1890
523515
2465
30
11
2205
345
966
3172
335426
935
2691
6399
92512
212106
1269
6942
4046
5969
2889
2110
2323
215
1247
747
3294
1377
24
86728
1947
2700
5565
171164
4995
37304
3108
750
6745
5775
5661
20568
609
490
516
6116
2450
510
3069
4959
1085397
154476
136676
4023
2832
86
1825
44
4935
4522
451
1962
4674
720
5292
2079
1291023
3542
693
5088
21842
8010
32300
84476
3901
1843
1302
5820
824
396
2668
2046
195
204
28
735
2025
945
242060
3255
6643
1127
1650
477
1323
616
4212
4410
248820
182894
1608
337022
5358
496
5487
3894
303898
4284
3515
1479
116280
1512
1749
66598
2700
5187
3066
4107
6346
588
490
119
234
1273
163438
4131
226052
2628
2720
7566
239094
1880
1209
2250
1548
3161
1316
7540
10960
4410
5643
3026
2507
2525
772
4512
1551
360
4851
143710
40320
1798
5586
3740
32606
124
2261
1111
4905
3504
7276
904011
2664
3276
156590
266359
3905
6699
753
2170
55830
3675
299
1197
310
4977
23546
6825
58282
684
7189
81
56
770
482824
263172
4094
3762
2375
2394
1833
1652
2847
568
2945
5043
6762
1200
1961
76
5049
350
897
20400
486
289688
1288
1947
38
1311
372076
5792
7210
651
609
516
3910
3550
6210
332
1302
17600
5846
2047
3355
915322
4770
2541
656
742
197
370
4623
733207
444
2550
4563
5406
7436
3213
418
2145
2623
1719
5658
7172
5050
2900
3744
7128
735
7140
5589
2466
951939
1095
1650
300144
7140
4075
2530
6916
33
2064
351
1225836
261638
147180
689
5950
1449
6794
1792
6435
255
3096
2451
121
2484
1755
3800
2001
225
620
370
3783
3403
1111
153
14660
6574
182
1953
208406
2096
488504
342540
326284
931
1416
4080
660
4365
651
8122
308896
1683
5025
37042
161348
7348
1012
575
297
4575
1338
888
729
4266
555
246
366
3537
2772
306
2021
22220
13244
425
78
1169697
1665
2480
6762
7220
4672
2849
192
543
430
3366
5920
3811
1353
1428
3933
3535
229178
210788
1140902
1932
4732
266368
30
2160
157892
6525
475
5325
750
5313
2242
774
6499
286
3190
378
7521
667
2486
1640
2574
4171
1972
40628
1210
130452
6406
1612
94822
2920
3024
4675
4875
1155
45598
5652
3080
1115
4422
2553
193
1512
3074
7693
3815
3969
5225
3127
95
1388
3938
282
35544
120694
1886
82888
8062
410
1071425
378
3850
142142
54
2450
6545
164
24
555942
760825
258102
4189
7750
3591
3875
33
1935
3901
1547
4509
107654
7980
693
4615
1989
6000
1688
1015
1170
280
414
3689
5319
299508
2016
626204
1513
362
1940
4087
263214
190164
1575
2041
699538
333
581
580
86876
3417
278798
2603
4590
2886
42216
5612
553
1295
1815
3038
3542
3930
1350
250712
7830
5348
258
1755
4214
17464
3090
3397
7571
108150
231154
1778
704
3975
4675
2431
6321
34244
38228
2040
417
93548
900
30014
580
885
749
1220
1988
1781
272580
3876
103124
1240
4050
4440
483
4131
1425
32
36212
131430
173780
742
204660
4277
1485
1080
4465
4671
3782
745
1694
613545
6231
6750
7505
25324
4392
4221
5896
5500
1001830
6069
2059
2254
5875
3588
5790
4779
291258
4972
304
5985
924
121072
363
6497
1221
83070
465
3105
755796
1989
312
7661
597286
3136
8256
46248
5324
2883
1590
2457
6882
1995
1247
8118
5829
805
264518
910
1539
45640
855
567
4876
3139
1886
35
4536
2822
1856
146102
1496
187
3009
5247
1243
2226
5382
3485
528
6177
4278
2619
2500
441
859063
121624
1576
115600
1445
5612
506
228
131838
27
982960
98344
4788
1188
381938
3751
121066
6084
68390
4077
90904
648
915
81
1608
1376
7956
1098
1309
1022
3330
2442
1620
1746
4860
276978
7488
4850
4347
4780
5841
5850
253
3441
84656
135904
966
528
230479
1089
636
4485
2070
1482
6055
42
21490
1887
4268
3075
2501
168646
986
2300
2987
250110
270
3021
525
1155
6265
320600
3726
1530
2060
125
1267
4386
166596
2900
1143
7839
6340
750
485
684
5350
4500
149620
1767
4216
173520
1140
335914
1001
5300
12
336
1242
9506
1215
2442
2256
3553
1752
3075
1040972
855
1919
26864
69070
132330
1581
1136
4223
86920
42260
212848
4758
68850
54731
230438
2100
7791
1260
4074
6205
933968
3774
111
4653
105
165247
3375
159960
968
1161
1377
3315
6083
6655
426035
318414
4246
249
3405
3071
435
2325
1015
210
4183
3488
7980
7205
1375
6106
4410
4018
18676
1122
1287
4760
1228782
3306
1476
63492
1840
5103
6006
3990
3111
5522
9900
679339
796000
2754
1248
551
218006
2223
975
397568
1086
960
1989
123788
5029
1677
4503
55942
2788
538270
5472
1160941
6578
74580
6806
188748
5880
4815
234637
61048
2871
2706
387421
1068
113455
4128
5673
1163374
817
102
130
7590
199864
4662
2415
1326
160622
780
1071
104510
13356
690
5742
6004
1147
5125
1500
263678
4371
335
4599
5445
3285
560
573272
9498
182
378
4092
3003
1452
4032
5428
2590
2120
1165321
1225
5076
223190
1015
55
1380
5148
2795
1287
14484
8085
3179
196700
72246
2652
2967
2975
288486
644
2001
1416
95814
3996
1793
645
210406
316874
1188
7372
2088
1175
1349
3105
30906
95
168070
3960
118375
180970
1470
3298
3100
7469
782
2556
5882
67002
2184
3339
2923
165300
7259
174732
1488
52008
136774
1512
4950
1898
84062
668
2006
962
3381
98
78
1963
100826
3960
79550
5130
2538
943
74910
837
5678
264
2368
123320
913
3745
532
6030
4526
6976
219
4378
168960
4446
3999
3120
585
1048
2484
4738
1251
73850
1107
11
5174
227772
2033
4060
1885
3546
209
723
1558
2793
5175
6090
2400
1035
282240
2139
4446
1353
4983
2544
5762
23870
174
1820
2600
895554
91100
3024
23598
1197
3195
341
923
4779
1633
4758
2275
1764
235677
3741
3953
71440
93
2745
2929
107522
273
505506
4968
2086
5112
6873
2128
212528
72
891
3350
377
545
3267
5626
4699
1221
2752
11102
1058177
2250
4218
741
4466
6576
60044
5175
2831
338
296672
1218
6438
1763
1265
7366
5551
5662
3286
2925
60024
2321
6678
48559
210308
78332
848451
5974
3048
209
33350
5670
7575
370
1540
3621
1885
275870
3910
8372
191794
7828
1073
644274
5883
778539
193850
111406
1206
4615
4717
178571
1495
5865
2882
5270
88536
2160
196
6498
1443
75
2378
1558
1922
1836
2183
1547
1911
3960
1890
308
2150
3425
54220
6556
748
148694
115960
1683
3475
7940
262533
16008
149408
1043
15
162
726562
233450
5265
2106
55560
4263
17740
3813
729046
2375
510
823427
7398
226212
1075
5852
348543
2870
77132
194625
6477
4807
4475
6161
2054
979
156806
4995
3618
4941
15314
2448
421290
197876
1674
845
1722
714
4680
122870
111
522
3255
469
54308
810
1450
6290
738
1032
3567
7070
4947
1105
2331
410894
4187
754
60
78
8008
861
3927
399
3432
3013
4875
615
679
400
2790
3880
24002
1326
1219385
2211
119700
1225
7280
22216
6235
2639
3990
2737
2121
8616
1254
1587
2145
2139
7425
1904
1230
45
36146
146468
5950
2255
1170829
215340
778907
34278
121
4158
93372
1528
23210
5733
157358
4263
29069
360
4697
3335
6765
403
31416
42
191228
91398
6751
6162
4284
55594
3175
1860
1130
2025
2310
1190938
546
1000
3034
1984
597
2600
446
175
2461
100256
92958
1521
43680
508
2904
3087
540
7869
5549
2448
2135
5929
437
366430
2835
5136
434
936
273
601516
1615
435
3332
1715
996
1182
3843
1330
2717
3106
893651
2028
2499
145024
5481
8023
7209
234178
949
1849
1209
3275
100072
4802
222822
1428
623
284292
1575
2960
450
8996
210980
295632
118243
122
12894
38654
1656
6858
1691
93058
942
85890
21008
642784
573
9400
6790
5680
5040
252
2373
3843
1419
3801
169148
3915
1247570
3900
6045
2139
1798
25256
3700
1116
3705
3614
989
1166
117
2500
441
441
6532
7335
140622
3384
2625
74664
4158
798711
39242
133
2278
526390
36386
75
5730
253198
1411
19000
274
975
5895
1820
3816
152300
100
420
7560
3939
4125
9310
3375
212850
315
3325
817
1710
350506
139984
5650
4272
3666
1010
306242
4312
3965
2697
6320
4578
1681
82320
864
4008
1683
3675
1210820
5687
60
517
1126557
231560
1848
2915
4290
54
1705
78610
6228
108
2835
1328
151
1215
5724
915
53550
675
1274
5607
3290
2773
70
5561
906
6882
390
3577
1023
3652
9
2320
3713
1048
3105
105658
116996
2479
509017
300630
6489
3115
162
5723
4068
36590
476
6464
5365
3570
3610
3276
6431
5467
136050
206094
4917
1995
1196
651
223410
6642
14762
3135
1377
3232
29994
303994
3388
133
2925
2205
1650
4779
2093
19222
426
630021
1630
4429
1155
1800
7194
99
54
445
48980
1704
37
185444
3857
1464
1595
1430
707
308405
4125
10316
3105
3663
1917
481
1292
1675
3197
2670
45388
4462
3773
3763
2030
6732
4860
567
7881
110728
2616
4998
6570
3912
3293
231
272992
500944
4284
867
3255
1071
6084
912
1170
2929
450
6417
570
159650
48672
269206
735
1596
3500
2353
6105
2967
8190
5130
171840
5705
1953
2121
3441
2675
2286
218920
3553
152488
1089
7904
1848
3410
469
58850
171
2795
776
6675
1521
1260
1911
2133
2622
210166
10870
2607
95062
3599
3531
1357
1037098
3465
6837
14498
29722
6878
6966
1192083
210
434
57850
52890
3290
1274945
2641
407
44962
3135
3002
1557
4017
3430
5005
4725
169
2387
86
5096
31
444824
3474
43654
1911
178402
1978
154
85
1863
972
338
6048
3895
2505
66450
3540
1089
6450
2021
13300
1776
339
615
40168
1575
322
4152
1207309
5767
895
1644
5243
258300
175
1139
5664
31178
2511
961199
1479
5425
40420
175602
1575
819
282080
235
90468
149744
4256
86416
6141
3471
1215
2750
74550
4189
6545
990
169106
5985
826
3576
666
105040
7308
268450
1450
585
96546
57876
3318
947050
249964
3549
5778
4920
1299052
285
3082
2475
321731
498
399
5436
2277
2655
275408
1275
70
2150
8756
6118
825
1386
1887
3381
6557
3819
2795
162
263450
6358
308
430167
2175
1305
491400
17108
240994
2548
17
2408
1580
43710
6820
7722
2365
25940
930
144576
1159
3094
115498
6006
648
23
637
2915
2613
1725
1085
606
5152
3078
27364
25072
623
2511
5341
5925
5082
4559
205808
3735
3927
1863
129206
138732
3666
1573
6486
525
1209
1829
4584
2914
52460
1750
6027
4029
1755
3330
505
12788
5516
4732
6972
184550
7038
4902
1938
5751
5952
3577
5307
938499
1140
135148
6873
77
4059
4530
572
228088
2898
3168
2366
2990
1980
5640
2966
6715
47
5370
8128
6811
5510
284892
2535
2178
79170
1909
3569
189420
5289
1003
9910
1566
6720
396
191774
3528
5973
110580
3699
1827
315
860
1044
658
3051
6885
2805
6141
3900
2646
4050
4110
1682
2484
2071
229705
484
7322
119
3939
1610
3465
63
113762
5174
39984
1064
803229
1100
2170
512045
5440
5355
4489
6480
7350
304606
3627
2508
2123
6248
588
310661
77873
3408
2639
5891
88844
21
116394
273000
458
40672
206
97848
3519
590
11900
278
7548
5353
3640
63392
5175
5511
4089
473
2835
7749
1593
2512
522
2750
981294
5665
1313
9
8201
3720
7210
6262
4386
4148
183
1541
171850
7314
154
183736
2379
95658
1122
356
1500
7035
1603
1060
6052
1672
1090579
759
45900
224336
4202
1648
3146
6825
135800
6615
4841
4161
420
1359
1275
1508
550
1848
50
3780
80
5643
1036109
2133
3157
540046
7326
25600
6800
3774
167898
1695
1995
1422
174
3180
44792
273
5699
2646
105
2958
4914
247256
10302
10712
2007
125902
6480
7095
1035
1891
1863
2565
376
125
7326
4440
277300
59
1611
1067
105952
970
4081
1200
2925
4182
6375
714
259644
1550
120393
3740
239
1830
1666
207138
24520
4959
1716
100520
2365
4108
87190
225
1938
2730
11990
4087
6230
6930
6118
1480
6375
826
1404
1078
271588
6533
5551
2074
2850
343
8000
1631
40900
1295
2565
4824
53636
5358
3936
735
218
285
5379
3287
1254
609935
1400
855478
74592
2926
4185
5700
7448
324
125048
7878
808
378
375
24
18
5360
200738
2079
825
1485
792
328544
23052
1414
27
32846
113750
3975
12166
5451
196600
3344
104440
13340
36
5698
2701
4900
6923
5187
1975
3162
36888
1640
2075
1060752
424215
33448
1958
6241
833
854
4944
47570
1769
112128
497
175560
370934
864
6174
333
18256
7663
6519
76300
226604
7938
12024
1298
810
1680
4355
2170
1155
2047
274856
5607
330
848
265
3219
7725
236
232153
68894
7155
3686
5016
7416
7387
6351
5005
1740
3525
4731
291580
4343
2349
292
329250
856
1755
338926
2871
184450
114756
3296
2242
903
334509
285
5100
6825
14350
204
889
181260
2542
890
833
4418
2862
1518
3102
2478
594
3346
1785
810
4005
5616
2310
4819
7875
1269
842
4688
44050
3150
7006
4598
1145
26920
165
2318
267478
1813
4844
5922
5217
3354
2884
2825
2813
5430
7896
44704
44660
4309
2736
1504
80600
1224
1729
3216
21014
146
1426
4234
493
2511
2975
2934
7395
12290
1665
3895
4263
300367
905715
355
5777
330
6342
4335
7266
1113
18870
546
7003
1653
33250
13624
51106
47250
697
214
4220
3565
4646
210
4340
156057
5278
2030
42
3074
948
182832
3213
1716
1067
405005
645
3973
6090
35740
57
6460
2403
637293
2210
5831
3836
6680
1230
7261
135
4375
1066
2684
2394
1738
399
3465
1110
2775
41
3640
240
1288
4255
3317
255
644
114546
1632
847
2491
1850
882
1701
5555
1610
3633
2775
1225
5025
27
5060
1258
717
557673
4307
7614
48
71500
110
2337
1495
4247
2185
4500
132260
1875
4392
515
30256
7031
4444
12780
6335
2310
1320
39
2800
2354
995
470487
5529
1500
24892
14
6444
4716
96602
1485
6080
4437
6549
2610
930
783
334
759
163234
4257
96
330
5047
1690
7714
1175
364
438
639
15644
2430
1480
5249
5945
5673
2292
2028
750
969
3586
65
1116
6510
2775
3657
564
6138
351
6519
1272
212750
909430
5247
2201
3672
4137
6750
68390
1032
3010
4617
7777
3345
2691
6887
893621
297
1302
244442
1638
3102
2993
2678
2821
6475
2210
24058
4300
2675
3564
3864
2214
5635
3822
7820
732171
6512
424191
97350
4543
145048
525
962
3348
966
4326
7007
1044
209882
2002
1956
1360
75
4400
3740
1476
158746
7626
1155
4576
159236
3234
46606
2704
276
90106
5670
2499
4175
900
1230192
121270
66500
7739
2968
483
749
5133
567
443662
170
1624
82
4047
136614
2499
216986
54
276843
2576
4823
56498
4825
29
875
51
248262
81055
4420
81502
114011
5070
721667
1824
7245
1035
1072
218272
3392
475
4095
4431
4785
2782
2350
2613
2277
118272
5461
1386
192568
34900
8450
180
1197
7897
2535
2635
1120
91
915
30044
4859
237228
1365
57
690
5012
93170
1188486
3780
6402
6644
1128258
65800
1515
3841
5320
1089
306340
307358
3940
262064
59028
4047
3311
5453
2891
2450
3445
629
596
5289
364
16556
2291
6435
2387
605387
3080
2899
3450
30
20602
1782
80410
1564
3280
5015
777
6708
860
7140
7503
680
6643
58
3658
5270
975
1098
1125
337342
2061
238030
4625
3234
892854
4658
7371
525
4851
12962
168392
228032
220177
1725
306020
1725
346766
924
5983
3900
3726
220
2350
1047901
5133
1712
1449
2507
191334
945
405
1122
483
2175
882
74090
1167327
3420
358
605
318344
1335
1221
954
61
3820
853603
4009
757945
186620
963
331632
5124
3315
4500
250054
178
3441
2350
39380
905
3363
128032
2355
1845
2673
4226
7865
247000
67
7425
201
6355
2376
53548
608
780
4872
2263
62020
164404
597906
785
3010
105048
713
101330
3630
224840
185
6255
5451
1829
735
2911
1395
1342
245
1235
312
106
43706
550623
3255
4005
1740
277256
1744
5782
873
5841
7622
1770
2332
748
415
171358
147092
3190
849834
3055
304450
6591
2392
351
851
1925
2233
1617
159248
4704
125930
770
25
4708
792594
2442
1617
1296
837
4374
230850
78708
9630
3322
1365
5474
2329
520
550
3842
625772
2765
4251
1736
5000
1272
5394
1309
1254
242044
89712
3621
1840
7597
98607
5017
531
2964
930388
142186
711
205
599104
190
4553
6776
260400
266
4469
88842
1581
201790
3675
2220
28
6300
423
100789
5746
2325
130832
4675
2220
1593
1692
767
2119
1173
275
1899
4439
507994
800
3990
3195
6040
2583
2449
396
185886
4559
1751
6258
4104
920
5668
59058
3185
3990
1195
15150
92818
2117
2686
4970
408147
1125
2046
97
27368
930
770
1209
2363
637
43750
567960
171250
7191
428568
3498
43
940
2148
871
506
1730
247060
4320
2814
7007
5054
2116
396
36806
86
5014
4179
442
7344
260
7399
7191
1246798
2279
6215
775
3384
1400
1710
2601
1178001
119
2793
5500
3468
3003
5514
25
3953
16422
126
723541
2109
2006
679428
42046
28580
2604
1830
188
1005
4554
850
94
4794
1169
7313
5177
322
3675
1870
132530
3924
533
7623
1485
4331
6670
155946
1273
252
27890
2730
1208177
122079
777
420
2244
6218
68150
5957
1287
6396
1263065
4095
478
100030
2370
3630
41636
5611
1771
3795
1176
90
4140
213834
230
1276625
47258
71
4947
1330
60
3381
3731
2701
5490
322587
5754
7228
298
122080
7245
1281693
488
1333
4472
2842
3570
30914
1610
53228
4398
671
2743
3285
849797
329754
2873
4550
187
910
6705
1351
1896
395
29500
101010
111
1903
1404
69
76
2528
1827
6318
6405
5217
44
381562
2205
6206
2376
2415
3741
183
6237
3276
4025
295
6603
16214
7747
6889
2457
3092
6640
76006
621
6534
429
3040
4760
897
757314
97
5005
805873
73502
4248
1694
2574
6063
1177
1395
1014
129
145
490
2270
2431
3648
5373
972
135
450
1750
18356
1482
4633
5577
265
6132
4725
330
6208
5372
1704
5520
18626
5044
3485
445
3654
3962
3270
2728
7850
426864
1928
390
155400
8650
4070
2262
4321
495
2142
100490
6802
540
1085
2808
1505
1004653
4950
31920
335452
3476
854
6750
1050
238100
83790
221746
4238
3363
3210
502064
3104
637652
530
6633
946
2664
36846
3692
63952
132400
825
166706
2523
1018514
1368
237258
1080
1428
126700
309
1188
4446
124515
7791
110
5082
546
2520
2726
113608
4015
65044
6202
107
405286
55398
18390
2691
6625
51
250280
72150
494
4147
656344
1281
5625
265670
261
10390
55857
3375
112882
2881
3828
8742
63
34
952225
803956
115178
4520
91
62200
35090
3850
5733
1749
302
441
320918
423
5845
5325
1365
7811
1148
1228432
844012
300
310
5850
74888
1837
23506
116676
3349
224826
16730
3399
1095
3374
7250
5115
2295
6345
1172925
6176
7595
52
5580
755150
602
5655
334600
291536
45
65482
1980
4680
3969
7506
564
6000
6420
4590
387
100534
4745
5226
880
100
5390
198018
6253
6278
1425
325
3042
4773
1833
126672
4725
315
2314
2755
6440
1037
678
2301
56675
78888
735
4975
2233
330
2150
3900
27960
4260
2772
2250
291566
51406
1602
157
1586
3431
226
1128
7112
6319
93700
6893
1125
3791
720
62818
2475
2938
5781
3198
3806
4891
216
4332
4557
891
7215
2553
638
610
700
5772
2068
5797
5100
330
444
47944
2256
937614
115
312928
2760
1364
30000
4150
123410
6357
651
534
752
2241
2501
1932
1137352
6290
106000
852
931
294
6422
93
3135
2660
4797
175
121
846
3667
2453
181146
2279
242586
1073
114
78826
127
28086
46748
3689
1853
3776
481
5460
1800
57603
299
144
1914
3015
215
3737
28152
3905
6731
149554
45764
29948
619574
6273
4872
6112
1334
3663
676957
5775
3366
1292872
1177146
2134
12
2107
3696
3827
5122
545
884
1599
2198
492504
3976
2852
4114
2388
4601
1020
163
1290
4641
900
680
2409
7500
29
258
85
473
1190
158200
4365
68
666
2856
6348
5427
1038447
4949
239862
1377
2775
2890
7119
4914
48490
1606
3045
1443
5977
1250054
968
801
270130
217
1768
1501
6579
765
1656
969
4370
7379
4686
270
146
324
1164
450
11044
1352
1211
583726
1533
31640
107100
927
531
690
5915
459
2562
2765
1092
209000
2379
1577
552
1937
200790
115400
2091
1350
287730
5600
3551
48250
4433
36876
798
26220
650
6045
294
849858
756
2140
422211
20146
561
3212
102718
3198
3861
2622
2747
4545
73766
3145
4140
3870
262
16744
403
7044
1955
249832
4473
253
5250
536752
816
123508
145418
3192
1862
2849
2075
494
213808
336856
6741
302492
548
4251
930
50030
5525
7138
726
906384
7918
21
5085
2475
1645
3526
990
3315
7616
1406
574567
4505
270
2001
3237
68704
672
3668
4669
4209
1239
897
4746
166670
75
2725
6250
884
3240
518
308812
1664
53660
578
182294
31
58716
5340
147994
865
86730
342
3705
1107
582
462
418
778931
502
47630
676314
6960
4750
306152
3955
221
79856
1804
74828
2040
7567
245
1184
147
4828
279
187600
38950
219
705
4564
208096
7047
1710
137802
7462
25914
7729
1368
3948
38828
3810
2955
1081
175
2325
995483
5751
276890
2009
58190
5655
5180
7497
324
2262
140302
88
255
3773
2613
470
4655
82150
6191
26516
42042
1062
5046
1446
852434
615
52500
5292
7475
96
8092
5539
1053
459134
3256
4768
1284
2958
36930
657
22290
686
90160
950
5394
462
40012
1780
49894
5555
3213
2079
459435
1242
7068
20946
7440
52279
320942
1764
3237
822
104244
123466
5688
682
539
144240
1215
4543
316
18984
3519
513
4233
23912
1349
206016
2013
621
200382
7598
1133
1253
711
639
495
220003
279
5572
3333
4661
3383
278964
1106
1110370
171
1019097
1394
392
1122
80
238
1971
1422
242
83742
49464
5313
2475
832
291578
3752
1419
3267
2196
177
1541
828
3510
1380
882
2928
128760
3239
2679
2178
1020
2576
655
2067
21044
1944
3948
4450
352170
1250
6188
4836
1815
4305
227
1463
460
3720
7227
5135
1071
82200
3036
6783
2568
201
3680
2821
2058
2838
4991
4064
546
22
2775
2212
428
2923
1350
287
3534
2360
236768
2522
306
1696
3871
377
3045
3393
270
6111
4845
5005
4275
5536
774578
354
72226
1573
4539
755
252434
6279
315
2296
353096
3150
1620
5035
882
42
5963
2860
1675
13806
329498
80880
6375
1474
5278
1740
408
189712
87850
44568
1908
1470
1500
3498
202706
5568
2702
1079
1725
2668
4085
1030
198084
1216
7095
7852
2337
1705
4753
345506
6325
63478
3024
2541
980
1410
40572
52806
3731
224650
4325
2941
3636
7476
560
4845
721175
7245
2160
1224
3075
855
319559
2132
4230
4676
256660
430
802727
40949
2479
3321
1530
7722
798
558
893
1875
75
5475
159698
3807
18998
2750
62442
3402
2394
6391
763
4026
1265
6280
2596
1458
6060
4343
337244
702
103
3708
2485
252
4290
1065
925
62988
2904
306298
7029
196
2508
4964
3549
1406
945
4390
4752
2373
7070
100
5893
591
3854
1309
3627
2491
981
1665
4185
3978
4424
2072
741
1124130
675
3025
5047
27050
28630
1323
497
3422
6
405
290836
1241
1104
142914
2340
1834
4125
1218
450
2409
459
3599
3122
679
4935
63
1027388
2475
1518
11352
6726
3836
498
1004178
6283
6885
350
1848
849720
5967
123188
4565
14
3154
2037
5859
104750
176574
5371
3146
2025
1716
1021420
1080
32780
2573
42653
210
612
2718
18026
4042
994878
190380
365
2457
880
7367
2716
427
353556
1477
1369
3872
5940
658606
48992
102225
7272
944641
255
524
21938
5494
539
2014
289694
4960
7966
2328
180664
69
913794
1575
3216
6630
40
46984
925
1932
395
146253
1519
594
6565
414
3360
686
70176
696
10
149
81
1520
141650
2565
30030
25314
414984
1088
2172
242977
4950
1027
200550
1243
1245
6201
615915
103244
2295
1812
1206
6697
186
3835
1297225
936
502
1145251
126890
28336
7957
4794
4387
2419
53992
1210546
786
203350
161800
252700
2444
918
372
5141
1022565
260038
196574
631436
1264
63140
2430
990
23358
4590
127842
5978
1015561
6734
3250
475
7125
105
2583
5145
1521
3336
179450
480
868921
2625
1386
1168
13614
4544
901
15
1472
1407
3173
3278
1743
875773
1751
4900
4275
4840
2886
1314
711
6888
69460
1633
155350
3655
6165
5766
2268
220
333494
6175
570
359395
6351
420027
3441
1530
410237
747
73570
6035
1050
201104
2412
2607
4715
319797
2695
1183
3052
26642
3555
1800
1843
360
219
575
94992
9926
109788
620
472636
286860
150352
1218
5311
1462
286
7840
3888
2994
732
2538
4445
227800
63302
486
1845
6328
7221
1547
5487
1398
6072
5063
4897
31348
103994
366
3060
605
15440
1938
2738
162316
11732
4823
2173
1183315
6083
6090
1271
239392
74594
53450
2730
97807
190
5876
165718
583
20544
1320
4590
1935
213264
3222
122430
3375
314812
1240625
2793
627
2601
3503
532
60800
6650
649
6747
2769
3649
385
1365
7550
2544
5232
340
548943
576
2276
748
1946
3186
5992
6901
4316
5291
3132
5605
4342
805
5236
7467
109
4346
7009
5695
3933
405
2290
1102
291480
195
530352
57264
870
185
847
5771
5080
51
138684
52
249569
94344
5070
342
69412
8165
3280
4524
555111
1233
697
231748
1595
1617
30142
126
1416
2673
1491
6205
7809
4347
2835
613715
1560
3400
3498
21350
273450
1210
55936
2241
1647
4598
6413
2896
1116274
2451
235480
1469
1881
3978
4830
2553
4998
2622
33922
1099
213170
1302
2871
3306
4662
6045
2146
588
511
283486
999
2895
5148
1670
7134
1836
6179
102
676
3186
325
1095
255850
7964
7684
3325
37704
2898
42848
4116
162960
2650
836
1485
4485
595
2567
8107
3483
233200
567
985
455
6231
351708
8668
2295
73544
2610
250140
1768
4186
3268
6853
168714
2618
3230
5580
4805
3887
147
4717
5934
71100
177008
571923
4503
4170
5109
3333
306
310
666
318
810
1026
134
16000
2166
2420
73520
6993
735247
2730
187
999
1456
875
2805
6804
7519
3165
898273
2320
6864
2679
2805
3003
6391
938
260886
1071
15252
775
3300
6825
5960
3848
51550
15344
1914
1035
2759
4284
140580
4641
131124
93492
1066690
570
2805
2714
690
1998
3094
920
489
434
2842
132286
3850
912
1372
3825
18956
295
233422
2370
323
304912
3655
840
2378
6461
5472
7450
3300
244494
8092
429
139880
131138
2838
1587
3053
208130
2133
16570
3
63534
2379
350
5525
777
4042
3625
3050
5475
7436
128916
5115
500
2698
1643
52120
266
3445
3792
6699
7623
801472
89340
321592
5211
1407
57240
2997
825
1491
3914
2204
1452
3034
114
108
9120
1430
4750
6885
2821
5966
567
231
8228
35952
26964
1775
5208
100532
806
40670
93518
5400
100410
58378
2573
2898
90
2771
4788
2639
80850
4033
7285
4484
21252
207
1739
814
1022196
5364
765347
7656
806
5467
150
5338
573929
3185
98852
1222
5695
450
123006
1995
502762
3150
7722
1755
24100
3458
2537
305
7081
5940
661229
2907
1350
1785
3526
36
819
5402
6142
190162
977051
2205
172178
78
228306
819
1386
2070
460
85490
465812
7062
3588
22
2085
2349
3567
3015
1134
1135
1921
663
155
2907
1970
2077
159150
1146
6513
213750
4389
322670
1687
1116
156
6545
225
716
120300
2016
2450
261
36770
6210
2430
871
779
6695
575
5134
2425
2385
4977
630
3854
347888
233
1254
3663
4120
7847
2187
7630
3885
3744
32115
1387
224518
3724
2472
60670
1859
16
198532
4070
296
3249
52150
6478
41244
86620
2185
582092
336840
144032
366951
7155
470
1056
6386
183738
948
357
3009
163436
420
1755
18
5544
5103
1080
3510
1025
700
791
74272
18496
51
6900
8120
191
957
327844
3007
4209
95
262750
224796
7260
559
555
63
1653
693
53536
4255
3180
100750
3367
891
1881
4176
1110
1139
43960
4089
5192
3402
4235
959
216
381
1106219
4810
700
78806
422
40350
555
3094
1148
5049
1888
140524
428544
861
3685
5069
3465
6160
1395
2052
4225
1083762
168
1501
6840
3424
3358
323556
308
167944
3922
2002
7130
821334
3906
1533
5850
74
1003
6059
21
949
3020
4635
232552
2655
256744
109530
484
1026
855
1420
140
303
858
5160
284706
1850
6075
195582
40906
2925
2937
596703
540
93562
247
4728
2244
504
6105
222
76736
423560
8211
7030
258230
1665
204
3825
80968
1170
2739
4686
7455
49605
220110
3965
440
168742
1350
736278
3507
6039
6365
614887
2759
4867
680468
4853
3587
7750
3477
112
3190
3060
7015
5913
106
3927
87
168100
11046
115416
5586
6156
3534
2565
11354
116328
72112
6493
332150
5670
6026
3540
5356
6972
4966
69
840
3149
984166
780
152416
87
1313
5535
4563
6776
65688
1363
11706
2380
6075
1625
108744
1827
2343
3927
4617
49
205114
115310
2310
3834
527
595
7000
3819
681
6975
7375
6006
3276
122766
3139
1470
1634
2419
406
2325
3355
4785
500
243782
159250
4577
2784
51540
5434
1413
5559
105700
324
1357
2948
2345
115500
4921
707
5236
131782
93450
294
26602
6732
63
825
6987
7991
9248
1890
2358
2769
1140
4473
451
6588
3509
6670
351156
51282
1926
400
120416
3750
1955
125
2200
321
2340
173420
64
2040
1755
841
968119
2506
3519
212
4185
7093
2025
4187
2478
720030
2058
348
1862
1092
207
2610
1434
2265
126
2034
100212
7290
1462
2460
3870
39928
1581
39928
950
777
1295
34446
129428
4662
2585
1593
3230
4394
2175
2954
6042
1084568
235
899
93
490
1292
2867
3465
166056
95
1728
7098
4047
5412
73
3395
91034
70702
48830
3528
250908
273
3036
243
4550
57288
7905
4575
140244
6969
195
5375
2581
2964
840
658
840
2442
4980
2574
4494
109072
456
5206
374829
89474
4515
2324
3861
152306
1326
418340
24738
363
2444
7695
176
5985
2925
47102
3675
32250
3162
105
5621
1600
2227
85028
214500
371304
4140
267
7097
2300
250154
17570
349750
1141
909
910
344
1974
935
4257
1464
32006
7074
17268
1806
2107
918
5520
350363
6550
4371
5406
301622
277110
660
2772
627
2553
3410
3258
1784
154280
1207
201250
288350
955707
4725
41900
1650
216
2418
1917
1219
395136
390
6138
2814
555
3125
4602
1340
245
550647
260
222686
2627
1740
2310
8322
5874
615
4095
25998
1530
4015
236810
872
1870
6580
6424
2440
1864
4165
736
3174
5004
1210
5829
1083
98
4223
441
133
105390
246
5856
2624
42910
650
987
33838
2870
50456
80556
1035
3438
1050
3982
5244
579
4293
222948
4806
1467
4731
80278
61812
1157
448104
585
3670
3795
2900
378
5589
7872
4956
336
42154
6615
756
119
2025
149422
310534
72506
2706
2250
210
346
2013
497321
18789
319702
120
297
2369
234
1309
158
5780
1638
10
2608
2665
1197125
59642
1702
1320
5989
20200
85456
1125774
1952
2115
29708
7065
5478
5190
3440
6035
1197
65130
3674
505
1026
1485
190842
1892
221844
7378
2145
2905
8
31172
285
1824
525
1848
5343
834
112854
6916
15370
3451
236528
455
1127
5948
4687
620
2415
1007
3434
90
2151
5320
5250
6390
4895
1239
1323
37886
1197
6601
2740
13
48894
5929
1039268
5547
3654
3159
122780
1551
297492
7535
2254
371
1818
455
1233996
1352
5633
3781
3360
351
3753
161
399
3379
405
6832
2945
356681
34998
756
1040948
410631
6
1158
1890
24190
3406
6909
6713
689
1040
1517
3575
20020
336
276906
164778
1218
964
237270
1158672
44382
5841
252
145020
7373
6104
131560
5934
300
4379
705
1860
243
2475
1650
465
1235
7085
1950
1605
5280
306213
21406
314760
1305
75588
6579
7000
5200
1183
330510
6798
495
38320
2864
5810
320164
4346
2809
3675
2860
149700
642
45
5334
2650
6324
4420
1134
69540
665
1512
3420
2590
1881
19
60212
2449
7626
2300
168
35840
319150
669
353278
4134
99
5805
4508
1680
894582
475
595606
2697
8241
249104
63448
2064
975
874066
2277
6319
5561
2873
814
147852
45
7011
215822
237272
354773
530
5859
352856
1976
159206
5642
616
2065
585
1896
3066
848154
7685
141170
6012
366559
1305
3995
1431
462
4277
4531
1575
715
4698
465
4407
2984
7581
1125
561
7770
246304
805
2316
1853
4743
3683
1334
7854
2366
1003994
1881
5301
2145
3772
4505
354716
370372
34320
126432
4163
2656
2211
4455
1701
442
3042
4059
2862
3562
493383
5621
3045
4425
3848
3206
3152
3362
1274
5365
50286
529
80598
6474
3243
587679
6660
2059
1092
2193
126
420
1368
2832
190150
29890
1457
2145
197444
3363
2097
15738
240
143
765
5913
2970
6063
289598
130744
2232
1647
5146
274206
468784
5550
3827
4200
3612
53704
1323
4018
68880
5415
153
2976
87752
321550
353598
130458
375
272262
18986
17862
6517
107800
3102
2340
5390
135
5022
249650
1960
1680
300
1309
2585
98
2000
80500
7498
80780
605
439541
5445
2508
4466
235380
3895
4312
207
229
1785
2343
42490
1378
820
12038
468
2331
306328
1786
187720
2101
425
3003
233410
4088
1333
5480
2201
3869
972
1581
1053
179352
140610
1749
6723
510
1582
2925
148
7560
3920
4370
5408
6102
738
194796
595
3114
1300
5429
5784
5868
6171
4982
101
224740
85
6251
1737
687
8094
1400
134912
16730
3500
3410
2
131612
2197
767
27390
799
1108
3182
89630
2665
270
4050
4212
105
1311
4632
546
670
3219
5673
2976
240410
145894
2758
3010
869
639
429
385
112316
107732
6164
1118
182
303248
5544
7748
945
267800
1717
7701
214165
117
4396
126
3135
15
1014
8255
3638
315
113
72
35896
207
918264
4290
584
979
3382
2100
5719
190064
176766
2352
1463
1166
9942
1943
2050
43274
2303
2352
789189
3038
3393
2905
2376
3978
2952
3225
2125
1991
1570
1001
2070
6667
57
5010
6649
6426
2173
2420
353317
334250
180
93
801
2691
3795
3450
236950
3220
188900
460
92
4745
3225
1869
1079
3663
2914
6596
169050
440
7814
4628
4002
355
1935
2829
2844
2142
1957
545908
38780
5106
4495
1040
3640
1410
294630
675
104
212780
369
3560
353586
1775
3600
3431
150
305838
1927
120822
2640
2336
3655
7031
5049
1131
870
486
130
61
2261
429
8932
630
869
1002
870
79
2911
1530
3608
4648
1137734
135
4522
5348
272
6090
410
2052
432
3570
7553
540
150956
1771
1517
4681
663
1100
225
3243
5994
477
1165
546
152444
1001
2337
2691
1180
3021
5159
2159
665
94050
3819
3277
189
4862
7705
67184
874
2800
2625
200068
1261
6307
404
2826
114
3080
6975
3604
4545
975
2208
1034
6394
2170
62824
169952
2460
5824
13708
693
333
300050
5005
4600
3105
645
1551
3478
224
46
2171
621
122360
1727
6592
1577
58280
447173
460
1017
1008
901
944187
1653
756
2754
5959
3417
3260
3145
3892
4350
380
1320
1289036
412243
1240
1330
2838
902
1312
1150
1155
1253046
2070
36610
5889
149730
39
3605
44702
5490
3059
1071
1554
16554
675081
1100
965
702
2565
1537
4270
100434
93240
665
72702
4620
1055
163856
4914
3432
1065
1406
2665
900
40028
60018
858
1720
6105
28222
6372
123496
2058
2660
4473
6854
5474
1748
3580
290
2205
189660
765
280922
1278
171
3408
8235
47
5363
6555
867428
1955
2674
7533
2783
2240
2
413
2268
4026
169456
629
369
8178
3267
1919
4664
3458
1700
894
633
2835
62748
956
2299
212058
3864
57834
141
14280
3131
6664
704120
1037
4455
2574
3843
144
4774
2847
340
5194
1442
4611
4459
1134
6908
20706
276
9456
1965
5
1014
22210
2523
122460
1881
774
5481
26774
219128
925
1323
179
7224
2646
4401
5715
730
363
4059
194600
4770
2975
1215
180
46716
3502
952
1146141
3535
33250
4757
2850
3195
171
2144
2592
2033
350
2130
6510
7098
26222
987
5588
4100
3000
6795
2147
115138
44604
393
166460
139575
5904
1958
1274
115570
5535
320
3811
105006
449995
4053
107274
56672
1189
6716
4403
3870
3440
465294
3201
2183
407627
2249
6952
2093
3159
5125
4770
3904
2091
747
288244
7755
78730
6292
477
7353
676907
7298
828
6475
237
335
118790
117208
134654
75880
172
66
1080
2717
99
1196
2585
1914
625
5796
2546
781
3624
3038
1615
1680
10738
71608
1624
5852
1632
4305
79084
2310
1881
1643
518
425
5166
585
1704
759
782
5369
6693
663
249
53
3388
4123
3168
1450
2940
432
4720
3135
5355
27638
2124
5720
1617
875
3690
627302
703
1729
2340
3735
218790
4464
3014
8136
2907
131868
6930
665
2275
2883
4453
511579
2800
62062
5265
5587
1075
1794
7600
40854
1225
340818
167
212660
131882
6288
3042
6468
7383
4025
1885
68122
2117
5628
6557
47564
421707
43700
482710
1590
910633
3264
2620
561184
3857
5814
2625
3993
5764
5208
236222
5035
375
470768
1475
309
858
6527
1287
2709
513
234
1007662
2697
1134
142910
1168818
4182
276250
3162
444791
2385
1807
17708
1375
7910
2327
34
1912
1722
2880
495
138
4244
1917
149644
2597
321272
6027
4056
4521
1683
86906
5610
4437
3337
2214
2483
1836
566310
213486
2277
181621
83
2875
3127
4776
480
6996
1311
924
771058
5312
3718
2385
99
602228
476
1435
5226
3097
3717
266240
2912
1617
3300
2025
4551
71730
1410
5700
3245
1235
53
7784
1589
4998
142310
6780
5115
1817
1989
2185
910
540
5546
3611
990
5809
897
20
1448
4845
4239
714
325
2618
5811
812
2247
198850
1337
2425
3504
9500
6867
1460
63106
1854
248724
142
114010
191400
261536
1386
115456
3706
246
4862
357200
5307
1924
5103
1211583
1568
945135
453
1332
781
563034
2970
147300
992
976
2592
2450
2214
2535
990
1540
1561
6308
537063
846
5910
2009
352
663
903
725
3552
1826
220
3335
390
1275
392
1144
5994
3285
1127
26586
99750
1137035
117
115
3565
1925
1044483
6468
236530
257348
138
2676
124446
1394
2431
65926
4181
6384
696
4984
5166
1254
605
3423
812
12592
14630
101
3306
861
380
1404
3339
3430
2627
760
3825
7994
1760
3552
179408
4532
905691
80086
2599
466
300454
660
5460
981
926
483
