1
1
2
2
4
2
6
4
6
4
10
4
12
6
8
8
16
6
18
8
12
10
22
8
20
12
18
12
28
8
30
16
20
16
24
12
36
18
24
16
40
12
42
20
24
22
46
16
42
20
32
24
52
18
40
24
36
28
58
16
60
30
36
32
48
20
66
32
44
24
70
24
72
36
40
36
60
24
78
32
54
40
82
24
64
42
56
40
88
24
72
44
60
46
72
32
96
42
60
40
100
32
102
48
48
52
106
36
108
40
72
48
112
36
88
56
72
58
96
32
110
60
80
60
100
36
126
64
84
48
130
40
108
66
72
64
136
44
138
48
92
70
120
48
112
72
84
72
148
40
150
72
96
60
120
48
156
78
104
64
132
54
162
80
80
82
166
48
156
64
108
84
172
56
120
80
116
88
178
48
180
72
120
88
144
60
160
92
108
72
190
64
192
96
96
84
196
60
198
80
132
100
168
64
160
102
132
96
180
48
210
104
140
106
168
72
180
108
144
80
192
72
222
96
120
112
226
72
228
88
120
112
232
72
184
116
156
96
238
64
240
110
162
120
168
80
216
120
164
100
250
72
220
126
128
128
256
84
216
96
168
130
262
80
208
108
176
132
268
72
270
128
144
136
200
88
276
138
180
96
280
92
282
140
144
120
240
96
272
112
192
144
292
84
232
144
180
148
264
80
252
150
200
144
240
96
306
120
204
120
310
96
312
156
144
156
316
104
280
128
212
132
288
108
240
162
216
160
276
80
330
164
216
166
264
96
336
156
224
128
300
108
294
168
176
172
346
112
348
120
216
160
352
116
280
176
192
178
358
96
342
180
220
144
288
120
366
176
240
144
312
120
372
160
200
184
336
108
378
144
252
190
382
128
240
192
252
192
388
96
352
168
260
196
312
120
396
198
216
160
400
132
360
200
216
168
360
128
408
160
272
204
348
132
328
192
276
180
418
96
420
210
276
208
320
140
360
212
240
168
430
144
432
180
224
216
396
144
438
160
252
192
442
144
352
222
296
192
448
120
400
224
300
226
288
144
456
228
288
176
460
120
462
224
240
232
466
144
396
184
312
232
420
156
360
192
312
238
478
128
432
240
264
220
384
162
486
240
324
168
490
160
448
216
240
240
420
164
498
200
332
250
502
144
400
220
312
252
508
128
432
256
324
256
408
168
460
216
344
192
520
168
522
260
240
262
480
160
506
208
348
216
480
176
424
264
356
268
420
144
540
270
360
256
432
144
546
272
360
200
504
176
468
276
288
276
556
180
504
192
320
280
562
184
448
282
324
280
568
144
570
240
380
240
440
192
576
272
384
224
492
192
520
288
288
292
586
168
540
232
392
288
592
180
384
296
396
264
598
160
600
252
396
300
440
200
606
288
336
240
552
192
612
306
320
240
616
204
618
240
396
310
528
192
500
312
360
312
576
144
630
312
420
316
504
208
504
280
420
256
640
212
642
264
336
288
646
216
580
240
360
324
652
216
520
320
432
276
658
160
660
330
384
328
432
216
616
332
444
264
600
192
672
336
360
312
676
224
576
256
452
300
682
216
544
294
456
336
624
176
690
344
360
346
552
224
640
348
464
240
700
216
648
320
368
352
600
232
708
280
468
352
660
192
480
356
476
358
718
192
612
342
480
360
560
220
726
288
486
288
672
240
732
366
336
352
660
240
738
288
432
312
742
240
592
372
492
320
636
200
750
368
500
336
600
216
756
378
440
288
760
252
648
380
384
382
696
256
768
240
512
384
772
252
600
384
432
388
720
192
700
352
504
336
624
260
786
392
524
312
672
240
720
396
416
396
796
216
736
320
528
400
720
264
528
360
536
400
808
216
810
336
540
360
648
256
756
408
432
320
820
272
822
408
400
348
826
264
828
328
552
384
672
276
664
360
540
418
838
192
812
420
560
420
624
276
660
416
564
320
792
280
852
360
432
424
856
240
858
336
480
430
862
288
688
432
544
360
780
224
792
432
576
396
600
288
876
438
584
320
880
252
882
384
464
442
886
288
756
352
540
444
828
296
712
384
528
448
840
240
832
400
504
448
720
300
906
452
600
288
910
288
820
456
480
456
780
288
918
352
612
460
840
240
720
462
612
448
928
240
756
464
620
466
640
288
936
396
624
368
940
312
880
464
432
420
946
312
864
360
632
384
952
312
760
476
560
478
816
256
930
432
636
480
768
264
966
440
576
384
970
324
828
486
480
480
976
324
880
336
648
490
982
320
784
448
552
432
924
240
990
480
660
420
792
328
996
498
648
400
720
332
928
500
528
502
936
288
1008
400
672
440
1012
312
672
504
672
508
1018
256
1020
432
600
512
800
324
936
512
588
408
1030
336
1032
460
528
432
960
344
1038
384
692
520
888
336
720
522
696
520
1048
240
1050
524
648
480
840
320
900
506
704
416
1060
348
1062
432
560
480
960
352
1068
424
576
528
1008
356
840
536
716
420
984
288
1012
540
684
540
720
360
1086
512
660
432
1090
288
1092
546
576
544
1096
360
936
400
732
504
1102
352
768
468
720
552
1108
288
1000
552
624
556
888
360
1116
504
744
384
1044
320
1122
560
600
562
924
368
1128
448
672
564
1020
324
904
560
756
568
1056
288
972
570
756
480
912
380
1080
480
764
440
1150
384
1152
576
480
544
1056
384
1080
448
756
492
1162
384
928
520
776
576
996
288
1170
584
704
586
920
336
1060
540
780
464
1180
392
936
576
624
592
1186
360
1120
384
792
592
1192
396
952
528
648
598
1080
320
1200
600
800
504
960
396
1120
600
720
440
1032
400
1212
606
648
576
1216
336
1144
480
720
552
1222
384
840
612
816
612
1228
320
1230
480
816
616
864
408
1236
618
696
480
1152
396
1120
620
656
528
1176
384
1248
500
828
624
1068
360
1000
624
836
576
1258
288
1152
630
840
624
880
420
1080
632
828
504
1200
416
1188
504
640
560
1276
420
1278
512
720
640
1282
424
1024
642
720
528
1288
336
1290
576
860
646
864
432
1296
580
864
480
1300
360
1302
648
672
652
1306
432
960
520
792
640
1200
432
1048
552
876
658
1318
320
1320
660
756
660
1040
384
1326
656
884
432
1210
432
1260
616
704
664
1140
444
1224
528
888
600
1248
384
1072
672
896
672
1260
360
1152
624
800
676
1080
448
1276
576
900
512
1360
452
1288
600
576
682
1366
432
1332
544
912
588
1372
456
1000
672
864
624
1176
352
1380
690
920
688
1104
360
1296
692
924
552
1272
448
1188
640
720
696
1260
464
1398
480
932
700
1320
432
1120
648
792
640
1408
368
1312
704
936
600
1128
464
1296
708
840
560
1176
468
1422
704
720
660
1426
384
1428
480
936
712
1432
476
960
716
956
718
1438
384
1300
612
864
684
1088
480
1446
720
792
560
1450
440
1452
726
768
576
1380
486
1458
576
972
672
1080
480
1168
732
972
732
1344
336
1470
704
980
660
1160
480
1260
738
896
576
1480
432
1482
624
720
742
1486
480
1488
592
840
744
1492
492
1056
640
996
636
1498
400
1404
750
996
736
1008
500
1360
672
1004
600
1510
432
1408
756
800
756
1440
440
1260
576
936
760
1522
504
1200
648
1016
760
1380
384
1530
764
864
696
1224
512
1456
768
972
480
1452
512
1542
768
816
772
1152
504
1548
600
920
768
1552
432
1240
776
1032
720
1558
384
1332
700
1040
704
1248
504
1566
672
1044
624
1570
520
1320
786
720
784
1476
524
1578
624
960
672
1582
480
1264
720
1012
792
1356
416
1512
792
1044
796
1120
432
1596
736
960
640
1600
528
1368
800
848
720
1606
528
1608
528
1068
720
1612
536
1152
800
840
808
1618
432
1620
810
1080
672
1200
540
1626
720
1080
648
1392
512
1540
756
864
816
1636
432
1480
640
1092
820
1560
544
1104
822
1080
816
1536
400
1512
696
1008
826
1320
528
1656
828
936
656
1500
552
1662
768
864
672
1666
552
1668
664
1112
720
1428
540
1320
836
1008
838
1584
384
1640
812
960
840
1344
560
1440
840
1124
624
1584
552
1692
660
896
832
1696
564
1698
640
972
792
1560
560
1200
852
1136
720
1708
432
1624
848
1140
856
1176
480
1600
858
1140
672
1720
480
1722
860
880
862
1560
576
1296
688
1152
864
1732
544
1384
720
1152
780
1656
448
1740
792
984
864
1392
576
1746
792
1040
600
1632
576
1752
876
864
876
1500
584
1758
640
1172
880
1680
504
1408
882
1080
768
1680
464
1320
884
1176
886
1400
576
1776
756
1184
704
1632
540
1782
888
768
828
1786
592
1788
712
1188
768
1620
528
1432
896
1196
840
1536
480
1800
832
1200
800
1368
504
1656
896
1188
720
1810
600
1512
906
880
904
1716
600
1696
576
1212
910
1822
576
1440
820
1008
912
1740
480
1830
912
1104
780
1464
576
1660
918
1224
704
1572
612
1728
920
960
840
1846
480
1806
720
1232
924
1728
612
1248
896
1236
928
1560
480
1860
756
1188
928
1488
620
1866
932
1056
640
1870
576
1872
936
1000
792
1876
624
1878
736
1080
940
1608
624
1344
880
1152
928
1888
432
1800
840
1260
946
1512
624
1620
864
1260
720
1900
632
1720
768
1008
952
1906
624
1804
760
1008
952
1912
560
1528
956
1260
816
1800
512
1792
930
1280
864
1200
636
1840
960
1284
768
1930
528
1932
966
1008
880
1776
576
1656
768
1292
970
1848
648
1552
828
1160
972
1948
480
1950
960
1080
976
1408
648
1836
880
1304
672
1872
648
1800
980
1040
982
1680
640
1780
784
1296
896
1972
552
1560
864
1316
924
1978
480
1692
990
1320
960
1584
660
1986
840
1152
792
1800
656
1992
996
864
996
1996
648
1998
800
