241380
182208
422464
187512
265728
196812
238592
311392
317216
52416
192192
50922
421176
341520
392640
6516
236324
181200
182016
286972
113364
109440
188280
443196
279912
286976
408136
523416
101520
256320
164592
46480
815736
722800
294058
208080
128224
162784
238104
403438
30672
83336
908722
128160
664776
213120
285824
456936
298320
123552
322112
872928
564696
250560
388080
127744
20280
575760
594132
483120
38016
231120
297180
258048
124192
345600
379236
419328
535668
261960
443232
92800
168192
211500
610782
470578
312192
373356
554544
478020
320544
683536
611772
12888
20688
202600
177552
238200
997218
121760
187200
29040
436482
660960
34776
339560
6990
877600
385086
119808
524944
177504
107520
265440
495966
443520
84612
89784
359856
54436
117696
635004
319872
136612
323400
415872
313384
227940
51000
247896
468720
16126
391680
28416
307164
207360
102744
281256
653724
9396
162288
524308
293760
206592
385536
66984
470400
90832
448224
282996
677160
241920
356832
199056
408592
292978
128048
723576
493168
350184
630582
95230
203972
550200
44544
228608
324480
889890
45784
184320
447480
25176
339888
446400
97920
258384
66816
385632
56832
776556
198528
381820
139968
834880
185616
339696
68640
152800
176400
157824
663648
36864
126760
44016
80640
903648
421092
373528
288480
359760
51024
209718
441576
611328
814542
178500
95232
215712
151200
921216
766080
355320
150704
159360
136416
175392
615228
122760
333744
359656
99320
187132
434728
348480
152832
675280
145152
219692
64640
247560
372640
230436
337920
104160
528
792358
90030
182784
397440
610272
205056
303800
278100
264090
322560
136672
441984
211200
178332
368736
102116
478104
146064
723270
135858
891576
745440
246276
704352
74208
496248
12512
818496
247968
649944
290916
774540
428226
172800
248760
215424
822528
328848
146592
247176
9060
194368
156292
161280
597840
154400
367164
116384
553160
102312
334320
377832
263040
175032
17664
74792
765150
25944
320544
465984
227840
269568
57684
123728
466440
399096
219648
386320
926640
264048
525008
608400
103536
262512
48240
154578
28188
974316
258192
290680
235008
204106
115920
159480
211776
92400
90720
273312
639360
672336
115264
125364
208632
144384
395328
205296
162432
652740
9740
34848
127292
354588
406728
204946
7392
459648
40408
53352
374160
442816
143880
67584
839160
297718
390000
67196
312256
162216
284544
288000
25200
259200
397440
90364
487720
382284
738760
107536
163920
554748
147220
147884
566152
222384
44352
119772
43596
270000
325480
112320
240856
165704
36288
101016
112640
7882
514908
203220
255860
296856
408312
393408
161280
193192
246540
122400
482040
91392
4608
138324
334180
565920
76578
134400
151596
147840
49920
914112
45552
632004
242144
277200
103056
843396
952512
579642
114048
282240
200736
129316
22080
50112
377728
246072
134784
862960
18816
186624
258480
35040
753838
191872
332640
302328
117440
87040
134280
492300
336960
245896
451164
155520
61920
170240
156672
7872
608520
485232
505680
39924
743952
143856
713892
303712
210128
272832
274120
591612
243360
60400
111600
101520
450232
78912
331128
308320
162816
777840
220480
225060
166464
300904
349680
304584
41876
145152
347328
180390
259072
932482
466432
108240
118480
310432
363120
926706
373248
229600
55968
77760
154380
921808
553848
451224
71028
745368
356038
663936
695072
267336
133560
289840
198000
430308
358400
273720
370470
33840
121316
272038
37080
117936
73080
154512
138816
54720
470960
47232
230890
133056
583440
295680
118496
77448
361296
473860
10860
46312
330000
132816
273996
514080
560880
237600
242080
249922
554040
518056
366520
60640
291992
106152
209664
536544
464256
598362
7392
777196
71532
748800
71180
206298
150660
569056
3056
46440
90312
9920
118440
96768
345600
538776
423840
399432
272640
105984
843304
446472
159264
1008
153480
232800
81180
420552
70720
165600
464832
169560
319584
425984
167040
169000
335220
240150
709104
114696
346320
109056
881910
185322
654480
148992
724420
470960
220800
738000
257040
413784
92976
36960
117120
495072
451200
610200
74844
61308
785772
453264
646044
297808
118272
922642
231024
84456
897876
552712
270720
642644
16800
462120
148512
141000
320460
344320
314776
103768
542432
139104
306592
11838
111744
412416
260844
269280
233940
667488
97920
537996
576300
404376
669816
435072
199808
228528
121686
326144
924436
81600
266400
478240
247104
185952
135072
531840
572544
272160
238
736920
109520
168400
111840
584880
131328
789748
265200
22704
154092
254520
173064
217728
109424
203060
907860
89892
52004
491680
949440
64360
221724
81624
72468
193760
375304
180136
137856
67232
323400
259584
195342
16800
148704
420024
618872
489744
465000
489832
323584
943476
118944
583200
5616
337248
882288
5396
105280
16720
67680
78078
40896
4800
872256
346368
335184
312120
7040
237328
278592
369060
39000
203280
438048
72592
484200
300960
472896
93864
672864
113652
128844
263088
609280
274320
704
672826
402224
333888
367836
366336
115200
169344
377344
64152
647850
28080
82596
434952
308196
264688
22796
464000
53760
136800
22624
282690
159192
284336
865080
266112
134784
78080
72020
626976
485958
492480
84000
301968
164496
130048
323640
485760
214632
744192
44892
466224
135108
306880
318976
114400
866962
103392
89890
266400
222720
358380
666706
319680
278400
560652
231192
416328
121488
62818
109400
731260
375900
16800
376512
260200
228048
739440
334656
391560
376400
45000
505332
87480
209088
322560
352528
418272
62720
67592
813120
143872
166944
597696
243360
499892
165228
319872
309384
420240
851428
208944
323136
60772
101640
91560
308760
189600
68040
333904
59800
148464
752640
198720
13328
364320
168108
588840
294798
508680
196452
261792
231784
617796
595392
419020
147600
620400
172800
821712
253536
251504
86520
242752
189240
366000
320280
741636
125664
128016
145920
252892
614376
250128
82080
221536
503542
145152
226368
187488
704496
249670
286720
975088
237312
137120
380160
61920
311688
335664
479980
157248
38640
91570
156480
60048
4056
462120
220320
149760
293200
806028
645480
184800
223488
305440
307600
355378
141888
117576
369072
63360
2400
489912
53760
99840
124032
609220
432066
456006
39936
292608
542160
361488
811680
229284
610704
640080
262080
410112
434160
349020
284448
145480
114240
513240
328320
268320
370800
165888
531552
455280
326016
129360
564916
333560
174384
165968
112064
315520
348160
293204
34560
762240
227240
10584
223600
271680
322176
638400
323000
672336
38200
122304
230400
407160
108864
121264
487860
49880
856788
456000
77952
403840
6336
308256
988680
892780
329200
271462
287280
55812
206920
157920
175296
758160
781152
560240
7344
189288
306680
247200
1856
23760
171996
176064
450192
279168
7104
65280
299376
296024
26352
17136
65232
226560
172092
53248
207360
290928
495666
38016
212842
490200
416256
601324
161008
290080
501600
71760
450240
319040
231720
433050
920
12720
166952
209664
153600
182598
377696
57228
122400
79752
36480
232752
194544
315728
92688
45572
538720
173760
706552
157464
424116
280800
479088
471504
92800
330240
191136
612144
434768
215028
567322
100800
57258
898072
267372
207152
130032
340104
396580
12012
249600
33580
8160
73920
4664
115920
225792
48576
896368
508900
128128
161568
323676
233856
132432
240912
201520
284928
484642
498336
63360
261120
846960
93236
381672
59472
70272
147060
968872
19440
160056
205632
53308
130032
416864
275008
365568
294912
600600
162752
321552
54720
248056
97200
583416
664056
521280
211200
207360
2304
542922
594720
23184
239616
450472
9360
169344
557268
74880
302400
92736
3852
332160
48884
414144
198960
179200
152832
356840
309672
572952
82218
1512
449328
123840
408000
77832
139776
717120
72300
786780
326396
98000
374100
389064
347984
342576
293760
384792
50688
137984
318528
493200
261576
525948
318044
326160
384192
151296
60264
143856
6720
663868
366448
466560
216176
622248
329296
190760
45360
166452
51510
82920
165060
439236
277992
127436
723516
909858
175680
236544
817768
281880
96624
403056
131040
145152
777736
342720
326216
308040
878220
169344
6912
314490
519232
969960
383790
49896
210436
401280
258720
510240
444256
442060
110880
473740
62400
409600
373692
179520
31452
117696
387832
191736
454872
180448
237140
314624
14784
382528
73132
424320
494068
672880
80400
163152
160776
343720
175392
384622
228516
124128
77168
86296
117208
384000
64000
135552
406464
324720
221760
186144
209820
276336
573236
119000
400246
422096
543186
518760
405072
324416
127360
167616
891676
205248
410880
55872
522080
184680
481080
11008
66816
71712
187600
827640
12144
375840
295680
8928
833842
20736
297288
290496
315728
485392
688800
257400
529800
242748
165760
69984
189888
162080
222768
386688
211072
653904
444960
56448
314496
232960
460512
41976
57708
223200
451584
713136
99648
653928
716040
496264
172800
424060
64152
150336
606720
172800
29122
136500
209576
119040
752160
847800
126540
142208
432600
452400
114276
43632
440640
5184
42624
211020
324608
173436
26496
258048
494106
648000
326272
106848
457696
24192
28304
67968
103248
140976
718680
353992
78864
80910
123076
614400
442880
354016
246672
144144
285552
184800
391104
467456
255552
265904
88128
204800
270208
289200
703800
31040
70256
189200
297360
314928
31968
451822
188160
406560
419576
28160
267696
228932
488604
448606
93312
397980
168752
112600
66504
288000
493668
294312
319968
104000
36808
328320
243648
121736
256608
89208
83592
193056
172800
21824
443080
145776
209664
679296
107876
760200
151368
9792
153406
200820
189408
424944
173000
311520
220580
229824
376320
330736
169728
66368
247860
400752
629376
466344
116928
436104
124032
477600
147456
252000
6624
549792
857820
15680
59662
286848
566160
847608
567552
90048
197112
196224
172480
109620
392920
241488
91248
104000
583446
408960
161832
661344
612648
282744
36352
666000
32968
425760
303296
138912
476604
174720
251316
867328
561680
236120
655700
622800
715888
396000
212004
243104
477648
820056
56456
685984
63360
325882
413632
547560
450240
277308
996408
61200
435396
442200
217728
357552
271920
658744
171600
275920
310400
325896
293760
122688
21264
445900
25372
537696
2664
145440
450560
109200
388080
26712
399936
442030
368280
416442
15984
570648
313272
167040
871200
3888
117900
418816
186704
62208
162240
126528
154500
488240
25420
32400
240504
195584
451584
867732
229680
499776
266112
395664
248852
675636
362520
84048
72672
325680
28512
319000
419136
290720
104280
252936
185598
416788
36288
503712
250300
134760
10260
335280
209960
173472
87904
905760
151264
359928
325812
189156
385848
94248
72720
14080
126000
131328
186576
191808
242356
182112
207360
363000
218760
453888
596480
407472
180960
270036
791850
474000
172800
131920
128880
332928
786000
167256
733440
30600
298116
635076
171072
64200
97920
311040
149040
244736
485748
267600
484272
456928
504000
183808
20160
691200
209952
252344
213696
741760
41472
348048
373152
131796
421080
379800
44800
288288
673200
571584
219276
160944
40832
448280
353616
241920
71832
166392
60720
846000
346112
124416
180792
324864
134248
282240
57968
3360
398664
280920
472640
262386
305424
54880
788368
432320
353440
425728
53002
771120
110712
145152
150672
255600
93600
48960
551088
886200
129168
230880
736624
442780
360576
40704
327720
232800
43648
100224
100724
49362
181440
39744
280224
5472
155904
266240
715836
454860
335808
552636
396576
92664
444936
488592
28120
109792
69120
272160
521752
646296
108884
142356
568800
544896
854256
457600
407540
452088
155628
324240
78960
404352
450048
108864
382000
157848
34896
97944
412800
851512
161920
86520
161880
213120
180700
10152
44928
56092
409248
236160
12480
110992
208880
801360
196608
211464
459816
353568
516360
541824
175392
213840
248160
412848
219928
46464
175248
404352
253872
163536
32544
401710
311040
81144
653952
368256
65950
423360
323712
12360
116640
188080
302400
124544
433746
124320
135936
126720
245184
487872
128544
620344
397560
26232
170720
473088
291456
224610
189072
297288
40920
304560
52480
336576
584166
322272
361560
92960
140000
25344
83520
92160
914124
355968
477000
388800
199120
392832
397104
494364
81416
57900
499128
384912
557280
330944
163280
193896
660756
703800
370048
729280
527072
441600
701680
589536
219520
473442
60720
89080
137920
640512
337788
118272
294092
532300
679600
340228
302976
319680
475102
269568
17472
393408
336198
674200
686862
356004
339456
334560
17424
309120
561600
421452
285768
748600
209712
147244
370272
162360
551356
209200
136736
373824
104820
223500
53760
496080
228096
662028
368280
385728
394080
469036
178552
908620
55872
30120
139320
123904
464176
72576
171090
208960
33448
508020
437844
174720
532224
411840
292608
557928
225048
160352
161232
658116
351072
144220
203212
137880
356288
41848
361008
506088
383328
212520
149120
135730
7636
279000
97582
442432
465600
76752
986760
66144
84864
396288
342720
46008
15248
101296
334080
254896
204006
238464
342240
392544
321392
298288
262200
88776
515856
249120
241920
196992
45024
220752
252716
54032
104704
190656
268800
201040
721260
23188
360288
18540
362880
424888
324336
229696
59136
266288
438372
174496
108000
72576
642096
356832
481032
144624
492000
549120
528190
97632
91372
94192
300120
483216
713176
408480
17316
67200
370540
151050
691200
389760
856830
164160
742150
6336
566120
297180
324480
430920
96768
560484
173472
13824
48024
454944
410400
251952
6272
475200
217728
240224
73200
329136
94812
783504
64980
841222
563560
17940
219888
379038
323136
258252
250112
279846
269392
424692
219456
77488
174528
154400
393036
211536
260448
316836
274304
192136
11640
798300
123720
137952
187776
154712
475308
331776
522192
149136
205390
107380
87360
424320
240096
157248
299304
627216
31460
234416
