343200
29952
446880
423456
361440
567840
25920
14952
611184
429864
600160
59508
199680
115440
44640
149760
167710
82880
609336
535900
163248
726610
116640
54528
304128
1728
279888
810892
45936
89100
253968
311040
355812
528000
326720
314280
408096
370640
6144
175904
51408
217728
33120
221226
382320
399984
259920
367920
152928
165888
374472
10080
721002
273240
313920
88872
115200
23760
129600
112320
339106
276480
485744
434928
147200
154224
127000
136704
621216
462960
422232
195492
704686
521808
260400
132960
456904
662536
183264
204816
451656
179716
362400
352240
91008
188416
26208
19008
118080
587880
358
242312
351936
98128
88192
421520
134352
141192
121176
205616
31200
421632
453000
188928
487720
103200
947232
556416
306240
384000
113152
185946
136080
737566
103918
57730
105624
96320
276480
2088
135720
158608
290640
244992
203712
204960
46080
375648
323712
501240
81312
440400
430816
849838
347072
288288
178368
190656
100872
82512
210432
84204
432040
289344
336960
326824
293790
634180
453432
391680
700222
4384
543200
65160
85536
100656
71808
444556
70560
5632
307200
295680
341568
139808
92456
51792
658240
944148
356832
151060
386000
61512
782892
161040
78960
250624
5166
274320
354960
302904
971856
49920
80640
846000
142080
325152
721282
602400
945942
475378
197572
448308
366060
166208
161280
298020
336044
187080
493416
159936
457440
753480
204600
538560
261696
303826
487680
545424
410592
145920
15840
136512
523916
101952
105022
470718
252096
178944
163296
342400
243936
189360
181632
97692
16992
52248
469952
37860
788760
30480
278136
536512
328928
242316
430500
123802
262848
362608
278400
638912
153132
120960
139944
326412
472740
381888
155520
220320
414720
267416
651168
141680
103680
117492
668670
257904
202032
205800
185920
190080
133896
439296
387262
11592
450840
332928
146988
406000
401184
194184
207360
221760
36786
103680
244832
160272
379764
977088
76800
291600
242176
456360
130438
138448
526176
196416
29376
239960
932878
503052
119952
66862
457656
818896
445536
333348
239616
209664
249984
613656
217770
336960
281220
203520
219072
379606
107520
246240
351120
293280
459224
286560
262080
409638
40464
268800
81600
503064
152040
40920
521136
760956
358846
91440
223036
824880
364464
764400
243910
911526
949096
156640
124416
191160
86784
393984
466872
473616
174160
489600
217296
44352
188800
154440
172200
433600
609120
260008
163296
40680
29664
185472
499026
169018
612540
722062
80784
709662
56848
2800
68770
7616
98280
924430
68004
435456
351258
63840
550800
469632
611480
397440
148304
654420
719568
265344
245520
143280
100800
195136
643568
143688
55296
466320
623100
227136
63540
193558
457380
75120
195088
268160
776568
109824
199584
224640
6336
942720
321840
247536
116876
916360
56952
418512
278712
306576
46704
629124
261072
94752
133200
303360
102820
484308
114240
61920
310948
935340
421856
272896
701760
270928
510600
462000
391104
418524
235872
41472
57456
382536
183024
213072
307258
738360
152928
131456
182496
364320
433200
435420
457152
441876
99792
526416
158868
298304
275808
503328
207490
670296
17760
47544
92400
144640
57838
137112
280960
5760
197592
396792
207328
117936
288140
112860
381040
164364
74520
39744
131964
226800
236800
881160
348000
837312
71280
197712
374400
588928
32544
768058
601344
547680
159040
573952
731040
31680
64398
234508
27264
236808
260496
338688
911632
633600
289008
329472
182784
560000
656640
256320
25632
236544
399360
214104
865920
855636
33552
115776
181440
314496
236032
104480
145152
602040
217728
114480
16392
542160
212800
29160
110376
8880
20736
215040
908538
296460
357480
577720
293760
606340
298880
751866
361400
111800
191040
95892
437568
233376
12580
396000
358704
301952
210240
146760
154800
266112
96
67392
202560
232668
734280
129600
102240
409704
173760
260928
122508
77520
105672
130816
116736
590156
26640
424824
121572
190848
127440
261600
313280
152064
99960
161280
854112
696622
27196
485352
354216
25920
209824
935952
170640
124352
574840
11648
358464
205248
292000
171360
496080
60250
695262
235872
912856
222264
383712
709632
308680
11712
295536
304000
256584
168588
161136
362880
700960
577752
277200
238464
86688
767862
883962
608840
72000
79244
403200
112320
444288
594000
492240
111696
69120
508256
505572
237600
121568
375622
151064
19272
133524
856180
216000
339276
51408
439692
164936
360360
212976
234112
402192
39936
71456
139080
15120
298796
407088
1566
273600
405644
93492
321840
78048
455472
484326
358128
131736
714000
167040
94752
214008
24660
36176
347760
643020
532224
263952
126336
44024
144072
17448
186624
25200
402560
265000
85472
73312
169920
277536
459264
13536
354816
406648
334800
344400
252720
503856
165888
252408
286464
116160
6000
116340
192240
74880
376992
268584
101938
447656
614568
33756
397824
523824
86400
175032
925848
363800
196080
302400
443880
109200
92736
413000
264960
128400
320880
428736
181060
563244
391440
190400
61248
101016
147840
302400
417792
390528
599400
140000
691332
714720
264790
240042
349236
67256
584280
261888
1860
829440
254976
430080
352344
120332
425024
53292
512064
9024
580144
267216
821968
362112
729504
12800
437100
23296
93960
153720
497628
354816
393330
139960
314280
658240
26880
237178
11392
495300
326740
29232
622080
140000
248424
348400
399476
105480
186576
503496
164632
467200
194496
216960
215040
153600
611328
707004
841428
728640
185536
188640
198936
859668
66240
375440
563040
278400
741592
683872
135744
302400
264600
94416
471616
182400
316736
36864
631858
342160
662112
132480
135360
64512
191356
262240
478480
321408
116736
120500
166368
366126
133710
588630
106920
145760
389020
459028
528084
288400
38400
65760
60696
478458
923742
423360
177240
526320
185892
404640
449856
14976
228960
42240
235968
276768
236868
140400
66360
15840
200448
143360
206232
228096
160560
568512
646440
912492
72670
393240
241680
93480
84864
153468
95312
336720
86688
463860
283248
238464
706760
374912
112512
370752
367200
570096
892432
444624
38544
466560
429120
81600
424600
269612
134400
4800
146160
84896
378896
236240
413640
334080
134916
599340
51264
963360
152724
123816
365728
426400
474360
671664
381658
834624
250000
782760
201012
17664
103936
431520
496500
479808
237504
447040
246144
439200
209720
200448
106548
168960
11300
462528
404016
344196
385568
41472
295200
14400
237600
255744
495562
479800
275264
178112
432640
483840
847392
111552
251924
305340
632776
253728
134400
43200
234382
323680
47520
452480
465696
241920
52248
1320
442060
12432
536472
82944
170772
211200
347200
623200
274896
661600
491002
201516
583920
147072
232320
520560
139664
716760
344268
568560
574896
125896
8064
470512
306664
119772
318416
38984
957600
133760
342576
436606
368712
784728
117972
242028
193200
405216
371616
195600
24080
455220
90456
291460
194816
218148
32400
207900
149184
769824
177120
386652
301760
451900
257488
76752
152388
406464
612480
664090
410400
220200
99600
91200
137280
419904
380160
72480
23184
362304
32616
62304
76800
246528
224280
68752
171504
362880
660096
46256
739512
61568
301384
236052
202980
527216
302296
656640
465018
957168
172032
913246
250716
65856
207360
961540
609360
493776
155520
235040
576576
387692
299520
148332
386760
184800
298080
447096
265680
553320
68480
37440
302400
289296
114432
245124
100832
211200
544320
160800
311808
185760
314688
132288
95040
292800
157200
414448
138048
353376
222912
235040
88704
470160
522192
252666
20808
532884
150336
301136
164952
249200
471744
228712
37884
279552
131040
98304
23076
207200
474310
324000
373680
377216
39816
491436
857680
236800
5530
341280
242952
5112
957772
178396
71744
527940
352800
351696
665616
733632
34992
565728
460800
46152
335538
13480
525028
241920
626480
282240
524448
675760
356880
166666
309172
302008
117024
678888
117504
210240
185976
550800
221280
159552
272220
220800
139776
465024
49056
30516
392982
725302
343680
295320
387916
768132
110424
441760
64152
513904
326232
460462
257148
553968
43792
146080
963846
259980
378000
147840
239200
641016
801360
239488
277056
448968
300496
73920
275996
156816
380160
86868
419904
139656
146688
175112
33192
236196
382304
766792
867504
559680
318976
437328
479700
291660
30756
265824
35808
958500
27456
36960
100320
322560
201960
186560
154764
387840
475906
77760
109200
195696
394080
298080
537600
195480
856440
145600
21246
145252
69408
375040
376704
316368
216912
264000
632772
245000
292392
148352
536256
29268
230464
472972
130800
498960
354768
408704
44496
455032
239016
616920
640124
778456
123876
115200
23724
418032
103480
280416
113400
280416
479520
732312
101472
358160
246528
622440
305610
349440
475932
239360
409836
219936
113760
445280
294912
183120
199584
102080
253552
328596
84480
119808
154440
543744
117936
9720
137984
216648
238896
79296
300496
246960
236160
350064
324328
97080
950400
355320
177024
288540
433440
160080
357072
124416
52772
60804
748992
187920
376200
130032
202176
742560
143196
209208
807628
10752
142560
205920
429200
365372
644160
308016
37632
163944
150528
28080
522144
626800
310116
242112
75328
25800
118368
289296
526400
85932
169600
407520
47800
165088
417312
198440
384000
80640
425880
586540
774760
272160
334320
197160
338688
181692
57684
73008
229632
401052
106800
258720
480480
134720
131200
23328
458890
207330
666432
404672
94400
76032
910112
117856
813646
620544
199752
532440
340920
229932
443432
232992
83160
23600
129916
34032
595320
201600
487680
492432
40600
366256
314820
28800
654360
895504
594822
59808
442224
277640
436080
4800
364680
339328
528960
48384
614880
307200
172200
210000
327888
585600
43056
211760
699840
171756
902668
174780
460512
553536
625968
272736
313344
372600
299040
47520
622976
149760
596160
219456
84672
282744
118836
887040
69696
257760
517320
101526
698412
574912
225792
221092
606736
168000
102656
45288
57600
70212
250498
384900
779590
580800
213120
81600
287788
515700
544104
289760
322640
806256
67768
188496
148548
3248
144000
388008
154368
193248
86540
833040
169120
478656
826150
156620
432432
44704
258208
460416
111744
141648
27744
309960
397056
710850
429600
735552
161492
840726
55104
441880
134080
653280
93024
624000
362496
103488
642024
298584
702904
121440
278640
99360
325224
116424
421200
190320
531480
220416
211176
66960
360000
446226
785838
35580
482640
130752
757860
295596
30052
178560
92646
121440
95328
117216
27036
253440
421008
277344
321828
185076
421200
402796
103296
691200
314556
161772
342720
272202
34412
256536
430920
46980
410872
326400
64080
539506
164640
241920
71820
323000
808092
498240
78820
340788
264960
229944
189952
161724
71760
203760
343080
210168
157080
499968
509984
233292
317956
145464
367080
236880
563760
118080
493582
490640
389280
119658
207552
567524
147456
118656
330264
198080
489888
501480
71496
418800
78912
373520
426480
412440
197120
377664
385872
571648
503520
143120
30880
78778
482616
215396
323408
328752
481792
957412
743600
374640
38528
191880
231840
551448
500808
613576
224170
253712
129022
386560
744912
441072
894240
205344
109800
253740
334840
663420
52920
54120
24106
686200
241680
223056
15960
675840
16848
525960
331680
403200
231336
126144
348480
769056
432000
279552
370260
674856
143424
24000
304848
282048
338688
435568
200152
318760
284148
48384
188160
96736
748020
360000
392800
136416
66896
279516
667776
545400
757960
433800
157424
479040
51120
475904
201408
32256
313744
36576
207360
211536
70500
427344
4660
282240
394704
360820
586992
19040
653952
126252
176616
89620
292000
172800
31248
268128
43612
220320
364544
468864
469440
491920
995988
194400
158792
179520
321792
865686
96000
135680
326800
485316
684684
374544
63648
367920
543786
227880
148820
757368
669144
39456
420552
797766
487232
521136
92880
207360
237568
119880
417838
183288
438272
413826
155136
208800
125760
580888
8112
979528
403200
445104
356400
389772
631488
270222
661440
132000
208224
197280
293664
273912
375200
33000
159456
963000
232320
162864
317556
87000
355284
247560
89280
111320
665572
920736
200448
107360
11616
425500
100480
383260
130042
565680
309120
458400
125856
849990
211224
138448
234144
187320
288352
59592
441600
62964
662266
222608
20880
390720
246898
362880
312480
299744
114600
464922
66780
603576
167964
250368
19584
218240
23568
654720
154560
572188
201536
78936
277344
724728
125184
899712
29568
54432
271680
489600
428592
352900
49984
362328
177408
103104
159456
9936
291000
463512
602784
384480
31488
99960
308000
636720
149184
236256
445200
119296
116968
207360
141984
118224
644520
416844
327716
88576
200800
256512
205656
563060
360864
799200
189744
807264
242424
254016
118464
147168
473640
541728
188700
120960
215040
844272
552384
251328
241668
651168
259200
203808
640512
144936
39552
294288
356928
305808
254104
78796
365552
276480
838656
83268
9640
5996
122472
351296
396216
303802
453600
6416
51840
49780
215280
177552
233328
694068
240960
24984
324192
440176
736752
29760
90358
47118
2160
216576
138016
148800
557760
349440
435456
34272
246600
883120
68992
305444
173808
287136
375480
44856
393000
202108
143184
361806
234240
42336
266682
583138
192060
841192
544756
288000
446200
357696
103248
719712
335688
257796
125952
432000
652560
172800
257664
441364
8640
399840
285120
83664
404136
52768
262552
292680
40608
957888
31104
662640
51372
62208
783920
414730
475048
279960
272480
846384
45696
167388
254340
284192
472932
235916
243936
661090
30504
295680
578400
299170
164496
290640
568000
407898
717400
344736
62208
208880
466560
610200
32384
147204
471744
460416
492430
264576
282240
253440
176226
876652
127260
146880
83904
216000
925344
252288
530748
255192
166400
78880
585648
191400
407904
162816
13228
68400
404352
182296
327936
4252
918142
44544
147360
177984
37260
