142080
927936
212976
255024
360976
96768
590256
753408
206640
309624
173448
181440
241512
208016
384744
322368
180540
232200
76428
455736
2604
585220
344448
255024
292224
14352
712008
216384
87032
290304
133056
593640
390096
715800
45600
424080
402192
18456
87504
471240
70488
188686
161472
137088
331024
449268
378144
475440
395280
442908
283206
801720
386000
256128
460560
120936
771760
655776
717552
248640
212760
177840
318528
158208
660336
61740
749016
245232
208800
455280
312000
171120
819582
50272
479360
112800
412344
792288
172020
292320
78336
418704
112156
928620
680600
198720
292320
246480
276480
244800
599040
63372
525756
611280
379088
200376
634056
696256
253120
72576
46920
380160
343808
823176
41064
33300
355048
408600
191052
428400
688896
148968
330792
560280
482856
68640
475488
114576
152640
89856
326592
255312
319296
54058
365364
251520
373920
296784
48280
232960
227040
777856
79200
373860
243496
87912
303536
408720
153792
22800
51302
166432
763308
18432
200640
212000
238392
242244
596736
241920
147600
201600
745356
339000
142618
1122
81896
164376
446460
121776
76944
396336
286800
878976
156612
452736
81900
292800
403728
46800
376000
173280
419904
274660
154560
165648
161112
71760
189280
187956
151432
226272
144640
599484
49920
278592
712320
106920
468858
397196
9600
313200
384912
255360
59040
589680
121984
71280
305380
247440
208800
242688
418560
124824
53920
669312
117096
436840
1968
344818
224884
447120
182208
32760
283504
466996
34640
329216
244192
170720
198992
78400
590940
95400
267264
751800
307380
69120
402360
469786
359904
336400
289440
241920
50080
467712
329472
180048
359964
139304
571560
117984
344800
429120
128520
35568
322560
753168
11040
544000
89196
148512
199360
441672
44878
403680
229320
109968
63552
248626
644760
167820
561600
405780
408282
211816
324720
82680
437008
162000
641732
483560
433452
331200
154752
79968
616160
143200
450486
241920
258240
576288
346680
451136
97920
121824
249600
160272
199200
251980
60928
356886
88640
633996
124740
200448
952926
97920
155520
911340
279936
262144
379200
526464
393120
189552
152064
219756
168768
278928
279360
89412
103348
32172
164160
84672
371376
603624
165528
212520
770560
104976
328320
572028
166320
133728
314400
17760
172572
112320
382368
459816
42168
422592
103896
319584
270368
829150
381888
896896
763920
395520
582960
231264
542528
23172
553392
394704
447120
799788
207672
48552
274896
411840
635040
295680
290484
567720
756840
145600
229320
157632
191520
580032
275280
36192
98976
497280
896940
185576
357984
171216
38880
226944
36540
645408
668850
119520
618732
327648
149760
319440
209920
74400
358848
339776
504576
345306
343692
140112
31326
41088
355824
822960
390984
482336
691968
268320
145928
390868
728784
90720
608872
880320
772680
210498
445356
518808
208060
680064
127760
14280
66066
320164
646080
786016
258752
247560
460244
85200
449712
158696
473788
178920
26000
57240
135072
1440
252680
4164
301560
294892
212960
167400
761152
589680
79488
209188
216384
281488
580608
27120
202728
270900
870460
21040
60028
194012
278050
224016
665920
264768
264960
229272
331200
181984
116480
87984
58800
402304
82488
300
308816
908538
14336
280576
211680
128928
26496
114444
210240
256032
556416
276480
24000
469440
149142
246240
244032
192096
450156
187920
885238
196896
160800
104112
234576
717988
337680
292896
18480
28320
32256
658390
641120
436892
167720
144
412560
158976
86130
544320
580608
203616
75984
131692
40
210520
890400
165140
618996
397824
107338
403384
674472
598752
599040
95040
239568
576996
103608
390358
571536
792000
366336
171360
401816
332928
204916
32304
319384
324880
528946
530712
151320
756970
388656
546048
266112
109296
335040
179400
536148
532296
194304
394176
193512
720090
11760
23776
909610
294336
378976
121800
403176
19680
356620
308472
99492
44496
332208
513360
474552
13568
56856
378004
290880
248172
33520
50118
48620
155520
17608
432344
17200
487424
218436
110880
233280
276456
321712
199584
259072
765160
220752
119448
167232
249840
506652
133632
667944
51096
18288
136320
322080
315616
246400
462372
1746
106904
526680
28800
299376
38016
103680
222784
92622
104544
191880
106608
98208
217462
456682
340632
499200
362880
86400
116800
195760
241200
710840
308936
180224
198240
119680
10752
287296
262440
258624
355520
438336
16608
119584
170460
435672
20736
143616
298448
260736
628320
388224
974580
334800
19224
512352
539862
782848
62752
255672
338928
27600
239920
180432
215424
131328
72320
277680
711792
237200
232800
9216
442632
505236
484880
367818
329280
270184
273600
190080
294352
20902
362880
187752
23040
279476
420000
34560
343768
400176
544918
255360
340704
724128
820800
93312
120000
197696
224400
310464
61472
669840
182208
386048
506880
262248
367356
191264
46124
453600
134400
440440
13152
802032
537804
54432
4716
266892
253408
435568
248560
101700
210112
39480
666328
149688
149760
200304
766296
92400
831660
198984
284256
385384
889704
311808
571920
293760
185464
178416
344842
117600
159120
533568
247776
207168
199560
767868
96096
50520
639006
41096
161280
25160
692208
38976
586764
309120
129224
290596
478872
317508
858900
355200
42648
367770
428560
153936
66342
215016
244156
108944
313660
853632
795984
384172
376272
179712
152040
287040
882000
307398
240072
447120
159120
632664
939312
125286
342144
303744
52800
64960
308160
940728
87408
180816
612288
476608
207760
410136
912856
801792
456180
23744
142560
417984
494840
183960
539848
64400
153600
23184
407680
208896
309104
167910
312480
303120
48320
295584
309396
55200
659280
469350
310848
417312
68688
200448
20160
344400
784360
246664
741744
329280
121308
412264
742698
47520
43632
796800
126356
728220
406296
49824
308608
640512
554010
472676
142560
59328
210240
490000
325584
14208
272160
472972
355680
671338
99648
37800
9352
206784
265440
388392
108864
696532
257664
194616
135072
798720
89088
378840
153216
215350
155564
486906
483928
196224
65472
48000
182784
15444
75636
885960
294000
32448
179704
78676
376188
400896
85344
529200
275272
75920
60020
185600
218400
867496
411264
255684
199800
172032
336000
249600
56148
287280
475776
56320
27216
43680
289200
136480
721368
428032
518400
155664
465408
821520
454604
92556
446040
282142
347760
692160
340368
142560
432432
596592
84000
544416
18088
255120
203904
384648
769272
628656
59136
878280
82512
69828
80928
241920
410824
775008
417312
349056
315520
124416
246240
146448
73616
378000
83880
370944
670432
208384
4548
121272
438592
150336
173952
361616
213240
57312
92736
147456
144216
220752
836610
305280
265296
408352
498976
296960
745380
208464
63040
169776
132480
200328
384480
384944
186940
24212
130880
72000
491298
734544
224672
464516
18200
633600
262080
463200
528484
80308
9600
177408
158760
186276
281808
171840
379488
203328
223848
280498
79416
614268
141696
375360
157920
277160
126720
376960
746928
29472
145920
328680
253080
1080
345880
381600
454896
207240
149760
551200
610152
703662
244904
215040
25404
528000
237600
199504
277992
374400
381088
483192
209232
314160
309100
231336
169780
7040
28476
177840
105700
288492
237236
137952
289170
563970
718468
291460
97752
238128
74758
302292
53184
13776
795960
162252
706506
194424
51680
355680
34992
562260
336000
107568
13288
99200
351832
292320
179712
195984
189000
883200
311956
130272
62760
108400
571680
143520
681792
790272
676296
282912
134400
322560
318720
320152
265000
454560
611790
165888
56448
86400
363600
283200
119840
516348
167040
41256
320688
190512
182160
237600
48720
332576
39168
599760
585340
364500
479440
44880
322056
105536
233496
92224
39712
223200
7392
286380
908712
50104
140028
81792
239616
119520
534688
320688
168000
11232
145152
180336
169984
117384
300824
416768
474976
53712
137376
31566
138240
8640
161956
120960
77488
505440
29064
394480
266112
82800
142080
364320
756868
40040
237600
364320
246480
371232
3312
138240
340956
472736
470016
124128
118584
723360
92040
217728
120960
310080
249000
282576
282716
619608
620360
465120
462696
226800
382236
112800
437832
64896
102784
161160
234756
718888
216720
109504
382500
106920
673920
558112
748692
652320
13760
249504
146880
254016
167624
400464
44184
72216
5184
980710
80960
353280
552552
16536
311328
642420
625512
21600
94944
71232
347136
96180
192000
102544
136800
674400
137088
532480
949696
3600
258232
375648
152352
246186
533352
249216
276480
451984
40960
425040
158400
104000
433920
2928
587952
551742
425952
198968
46512
79200
246240
542952
250560
137760
536544
291372
283824
808320
293248
403386
155520
235008
740448
339648
674640
50000
195008
4320
260352
647944
212112
981712
194104
279352
404320
146880
250560
790560
252672
356352
246808
337824
120426
40264
702450
305424
974802
277344
245562
239232
363610
291088
619200
326976
298448
123552
201696
311700
327888
270000
99360
537888
99600
151220
235040
107520
102960
271576
417216
327004
241728
536328
11232
214560
216960
91264
721386
313936
799426
953260
611832
139740
68506
126144
309600
193536
310656
57424
266448
61760
954166
75264
132480
357264
136140
407560
78400
43158
103680
463536
199056
74680
12582
601728
989604
74256
100048
356496
578280
584
65424
58384
264960
128100
364860
24220
186240
105340
219636
125856
720172
193536
299664
241920
485760
532584
168000
2016
882300
289600
194280
147960
43452
112000
260712
44064
596196
232556
142072
72120
385280
219280
248064
658600
263590
65408
206202
110160
395808
832416
217380
350784
331488
233472
464400
816480
74620
95232
417540
18210
45264
387226
181664
121176
421128
78120
108864
25880
501828
523584
266240
284048
158616
189800
372600
127912
516600
284960
128608
292320
262384
561600
271548
417872
652320
171006
130378
261440
31680
191400
516060
117832
370656
141760
155520
321300
145872
442368
39136
32032
408312
303696
177112
853200
132540
234048
57288
229504
914800
170988
246240
510996
672484
8640
306380
196800
705040
128880
1560
496080
282128
26124
225720
193536
442530
263424
517360
303864
194652
535920
182400
297856
453040
69120
74112
303120
332736
433632
321952
307296
69000
381696
129472
637056
240640
258768
279192
418728
423768
405552
70656
253800
892438
766656
165912
851320
158256
854098
768768
959040
57280
279936
754098
247344
149010
325500
15552
554688
876216
862200
476560
317952
689976
127616
221112
373464
407836
110592
122272
838656
536376
339840
91136
494938
244992
280140
420598
960960
471500
46224
477968
259052
44080
258000
256320
237948
202906
315888
285000
317662
520944
376284
103398
260584
221716
55056
352080
413952
618880
92592
334800
413292
169992
398736
371280
93600
212688
109056
549888
389312
366328
399340
334384
11382
34336
124160
693280
236640
290304
81744
154224
799752
146736
365904
262080
180128
74276
626976
245700
23040
266400
450432
21504
939120
584280
224000
371280
196728
155400
339720
929416
91008
491982
88560
249900
43320
826896
457056
310680
329184
131600
138144
451546
678832
149136
21624
38240
309120
168480
552384
318144
179904
843472
424320
117504
295872
38976
413440
704640
264960
339264
64820
46552
314960
411264
372480
238680
322080
187930
237456
100320
702900
42720
106240
883392
121308
405936
15600
588896
4608
328320
483162
556942
709632
58248
255744
191496
93056
845376
214760
33240
493776
116864
682290
399000
2376
183876
210128
623872
494640
134096
147840
495328
310920
146880
190488
371840
61776
55360
238976
50160
6072
233184
189168
383052
167406
129840
196000
16308
337264
772008
79152
240304
96720
148752
321744
224448
865740
40920
273600
103192
3528
337836
196620
171520
290484
342720
656088
76120
211456
53418
848736
100544
256624
38592
157824
47580
542640
483032
81840
250160
206496
673272
285120
94464
241920
61872
383544
412872
785292
178080
123048
274560
150912
649944
782140
411600
98784
200736
307200
486766
54216
463320
94536
427680
155376
665220
255880
486736
270528
116488
79692
33732
534826
245664
353602
164160
430576
304128
241840
142632
323612
972798
11200
63360
336000
689920
88560
324912
378000
64096
36920
74880
118496
122400
271276
316280
424704
565320
136080
29944
247464
538272
374256
422376
55216
181086
44736
287440
289600
247968
261536
9240
104160
72576
449592
674064
583320
577080
41040
217680
183552
319872
72576
879096
322504
54144
49984
746200
169776
406368
509472
235008
91136
55776
166400
276264
705600
128876
166040
825384
471120
264384
110160
322560
135604
38320
178640
769942
503568
331680
408768
51840
380160
742560
179520
306312
57240
190158
208800
347388
59560
598560
396576
166486
89760
416208
260064
71710
175644
200736
244416
700752
101832
787176
231680
99792
375960
210672
172032
862312
400256
178312
140352
586128
385600
533520
352000
18144
271200
414720
20832
365976
329056
164592
562320
40926
197568
986238
201600
471852
178640
163080
82728
245376
42348
319872
54000
149920
161424
86248
349504
30024
529128
92160
135018
377470
12528
620392
867072
279936
651168
244440
120852
225216
831792
471432
76440
300742
459756
920500
541384
170088
484704
352800
47424
221184
282096
629280
644688
189024
465024
21840
816720
470448
781240
840420
385848
522720
600930
308422
720024
218842
218204
345600
419852
102096
67392
559440
93180
61952
630144
92160
114200
141120
24864
38602
634492
275136
721344
456552
215592
308772
211200
45936
320512
211392
31032
328320
576576
161280
524860
506736
315040
214896
421696
83600
179264
376812
50048
266952
228996
233600
663288
519400
183744
95904
88560
12064
340708
385504
138600
179680
616320
326400
336192
106560
36792
139468
335800
604104
268128
190080
332500
276480
350208
247024
746410
514800
156672
241920
74976
110304
818496
130416
241390
74112
389304
188928
757806
132672
42840
304128
351360
408978
135072
218448
38566
235316
224640
446080
207304
84276
