6434575
205887239
534631957
951008074
653313777
949151314
141153937
60745876
175743896
420971176
546632342
6711675
2721
166652888
151037534
767695372
994653680
218329583
597339043
253166080
289520043
159291420
510532047
2444
910868265
860225814
2465
977396461
573747773
542547315
791479721
434252239
931473877
732994996
23325872
592304618
493937969
166987770
800739863
717295051
646199930
553955585
225906959
13201732
640338514
2643
649847891
356198698
6413375
749791506
755706906
2420
816564584
956785944
102909346
863718960
579230717
665271519
547443969
795421979
56391887
6315525
2531
51050953
2414
747317309
42240048
127049582
525283837
623534689
651897785
517433495
203959424
567721814
769977506
358293664
964347615
659123803
226911173
712963077
227306014
215670140
498694374
930105147
947971087
163969351
173230229
435491824
342593698
771181740
754325394
433332349
114864037
609453702
391420414
967272406
195498128
718860778
5929200
2618
566924666
776375247
525864336
41583055
430523177
962243636
438517073
230878859
799091187
760785226
284117352
449988571
112712012
758392618
488963550
6295675
461384750
24979058
663009431
5852200
165486284
239376161
330236240
670158343
986228402
373179670
827855791
377569978
439385515
764143940
192033511
254265145
62710403
547969930
6026300
105967824
413575959
394327270
106064996
186138694
910525238
685408438
488790738
895040314
262757871
315352036
706465441
354309395
874106790
442754177
872689695
29936180
939679179
122688703
431721187
743708027
766728356
172707532
570800332
35730808
61391757
569677748
387758566
2529
315415021
752043121
276586102
469381134
882845893
965661180
74526725
89495976
385788130
2585
456032778
6322225
732839848
101565778
262555476
511498033
985470364
535984586
6874500
752602232
34543436
382392798
793337711
904807426
698364305
345704310
5468250
5446195
350476887
126795442
939712708
896730641
994308042
855504066
206630132
996486187
921365925
91614493
986019946
677422311
867345778
650883783
859423798
591342884
976944386
731809348
41866557
554364937
6235300
605905530
388252363
490392711
261463462
942446728
6090300
693100774
523946809
299728567
520850018
563653636
723654604
554056164
6238175
243390974
457903773
792898477
70045555
769519638
76886805
936511812
164691146
299761963
227666995
165196367
89493570
59238490
817506498
632033685
512303642
50660874
393264026
743582986
327493898
200874681
283903435
866295493
58497204
634492337
301953166
852122078
686219734
973801698
5408800
713832430
543305666
209966554
962592880
837533686
105655916
42003982
806277003
710605308
860908752
798830123
725362437
296746584
768414969
95658728
34925688
607616272
63666223
383401869
551093048
563587719
784674653
825944352
904784581
2370
2485
49724932
165297119
72060559
989773410
502245208
930656789
961572430
6047625
906693752
2494
580141798
2911
59857572
803996179
318897189
221083592
661711962
181179711
775821999
605867045
385264495
2569
789192219
642296487
762510185
758899785
907016077
512956996
20598379
416159842
747333669
2594
632961795
954755768
532864980
252274504
42791140
699098499
335256797
6574700
429721718
2374
2628
469184760
249587110
971332373
73024595
676227586
716794434
663878400
288086684
285127087
395761343
558493459
813177029
252038134
275070408
756509052
755426886
604492637
385030449
897039418
998615562
942456134
33965164
2618
8904053
777461785
916605907
547249665
837670929
110423196
335295053
426592651
747301906
528480796
736629686
479030989
5730225
915447815
479997437
306662602
388918232
842462227
848445164
945018244
813450059
447754277
858631413
489832077
859318198
157027443
366951455
117091137
2355
397435769
588867622
6100875
55084952
308404682
2679
364791173
158185274
832746970
6432075
457760619
80157096
570627550
142650950
820270822
168446270
849622481
525455904
591625810
421579930
137291281
662700748
235221734
988605370
732032333
43359547
2537
212748160
522910082
374862352
119816148
824159386
2457
902878311
2434
834310505
351791753
763609302
174677273
970664167
6208300
552908639
952996628
436944076
778428062
617125409
961704722
575010908
764651499
65373488
2468
143937404
828315608
223498381
220584491
6122950
523565053
738960911
901726531
938213279
898743705
140628921
885488308
2547
117109946
969424023
327571786
29682535
743827013
5811875
127076391
210976805
6674700
2642
480651882
788714255
477665562
219374994
6568500
281557885
482319125
435901598
39261251
963592833
322872040
457383680
614641898
138586709
2467
790319837
196321012
6295425
584360751
538016591
264453048
479834011
6433300
6595650
769859819
620102368
83200774
446765899
417690159
363748683
483301805
686489358
38586573
113616797
41261805
5676375
491453937
164054749
577278652
337295435
302616775
784377471
718615555
58240890
870110832
2533
569728932
633468480
960395095
772629652
491263803
820567386
188898256
686000421
167018672
974600698
647098844
28916726
741118654
735216802
355754721
354973928
967282848
533067620
155934615
6871525
185270738
587503327
941566104
435609371
841825596
715127802
2603
769732062
608608320
344695100
2528
985395933
85247533
705100537
402062718
6317075
332592311
219152300
292226420
254637334
908542556
27457077
930868157
983226455
117514930
88491941
576906126
804740426
975044204
782544327
866244930
911232683
580177267
128085279
252040762
866261718
14042652
843565653
401769402
980569942
60049041
139525188
878154001
643244580
43253185
251864459
415315682
924406114
76089970
168618849
925522556
321180208
124904930
58123064
176861908
801565520
930973687
124916777
991115819
938808815
55076589
2511
843434909
6488150
2634
177100287
66183680
7194612
989008419
715788776
641915796
244916760
996624464
156098880
805322580
2391
68945581
331930217
322898663
902551523
468493729
6334100
996816812
197515024
2546
2686
647262
518227864
163364036
786571067
858568820
508663175
267275555
349818766
333005916
578536370
243644052
764201300
582872286
90881014
2443
860571697
615430398
339811481
540758361
109551772
445716974
2532
870061245
41406481
65580264
223479312
6226775
663714102
560886199
978825319
438403162
40240457
236538
859203537
575656455
405338834
430823767
667451036
33963993
42201952
163129956
899422843
2551
881197399
754649970
813105584
554034801
403984415
675475951
535702181
2445
27721407
919729930
438044192
632773798
824771483
111535073
675282032
96471164
994994373
957487461
58503471
174428001
357882551
164582738
454528410
93524467
807751142
2494
611033411
6542325
149037204
346165824
2616
658523655
284856091
79842027
30637229
913038624
542289243
723422968
553492613
247054687
322761297
313430553
843213897
838279672
723757471
551667896
247788094
2560
681215745
5960700
700295415
18267538
113014169
594175998
355229982
921797499
18047503
280582005
634936577
845200026
973328680
409908340
675433225
45575448
780987035
875066121
236924312
527661579
625099750
751023219
883350061
781191705
709706990
704522381
155953543
707956322
839339771
169439251
556763720
371970233
611415307
528852313
854225746
359011096
808324379
952264959
671587568
998556329
827688064
415803214
107296377
201302263
250495960
271477051
164094509
338881075
918190085
6399200
495347072
2532
868100994
818567680
580465034
324165798
544690440
802524590
891698076
559526568
751414691
496953966
980033062
6406275
70757312
1334761
381190788
259781373
218198219
759191942
245673985
575730529
969119989
72437321
116737482
730144178
2388
981968798
555731910
763722429
706602107
853325379
977280578
474785372
511954932
475580253
2492
462617308
455480069
54914268
224116029
775520167
368023777
486265586
774993607
93469871
6074650
274648277
431224698
649383075
516313737
873341355
632300117
689036152
251173680
559862156
40242099
6459350
71798568
573115128
776495400
5963200
532049337
210273455
272217602
464403636
425801434
134325496
295328401
119117430
252752470
172874376
883580253
338264612
6110625
997088487
608160401
605511180
386336396
204208055
799780729
370102348
780644663
44042411
827672635
290201445
172326316
965931679
424601073
236775555
600214809
740961757
240608416
644875055
468115372
555958856
701967727
7937031
6442975
675442679
292184589
944267813
58293605
2651
13415749
679614994
494322363
968374564
6238525
794855359
936932300
694329399
542818068
965298414
711779930
295166499
346275485
480830966
640210981
955742233
431133061
6454875
172412216
673290555
855327643
778850212
748470070
394832578
427502113
2385
27755170
614376220
229497001
900769236
707961587
794685291
370311495
580888450
445895717
831118693
322395598
474972924
797739155
836437222
426977782
29075431
6472425
461528673
361170288
904510001
357536805
329155177
3924461
265591173
289957433
116591069
716685145
895516351
855855454
98385523
574915840
860040829
564651724
709960885
935930849
840098637
323234935
157312723
889300579
304933706
987402785
6046975
905459549
864346187
6269550
882423557
308448787
882276691
223909528
722660460
553033521
284084923
2455
545126420
6253625
361035416
331230543
873794413
626642969
40861798
2595
6388825
41290426
466036919
663606812
564170003
368767910
397896230
452980562
2403
6006275
794319412
921811672
906556093
48705676
915517293
6310000
284032868
651165692
2462
297065912
280195406
674068335
2396
926883874
937075992
704356925
721349199
381461953
62816395
531960421
2304
391814918
109657061
417841542
409402946
194048502
823127845
792234070
117961982
600644867
304353949
840578960
31140713
14340656
261485167
334349246
795059996
94014011
601957743
963881037
841203691
703435645
483441440
874857261
949610764
407005127
592814026
959216373
393396534
752031742
233338141
79584211
2451
372034485