100502
11
15
14
3
27
4
22
27
24
8
12
41
16
21
9
10
26
22
15
20
22
15
28
12
15
13
20
26
22
4
11
10
18
18
24
7
29
28
19
19
21
10
32
26
17
20
19
30
24
2
14
6
4
2
27
24
20
5
9
31
24
14
9
10
20
14
1
30
23
16
29
26
17
21
15
22
21
29
20
2
13
3
24
25
5
19
18
10
29
22
34
11
7
22
19
18
18
16
19
30
19
13
27
22
17
25
18
21
28
8
21
26
5
3
15
21
13
24
27
14
27
6
15
25
21
20
13
36
10
19
23
19
22
3
28
14
25
9
18
18
24
15
28
27
18
2
12
3
20
23
16
18
25
3
32
11
33
7
25
5
10
25
25
3
14
18
4
15
30
18
9
13
22
6
3
15
7
23
15
13
25
7
17
13
5
15
7
21
14
15
17
10
12
17
32
30
18
10
18
29
18
18
3
25
23
11
30
23
14
25
23
10
30
20
23
19
10
19
14
12
15
23
11
19
13
12
26
21
12
4
7
21
26
24
18
20
26
19
22
23
23
27
28
25
23
15
10
25
15
15
33
10
30
29
26
13
21
37
24
4
15
28
19
10
22
8
29
36
22
12
27
38
20
13
23
23
11
31
26
9
11
19
26
30
12
22
12
9
19
2
25
15
21
29
7
25
29
16
19
21
8
15
11
30
12
27
41
32
20
4
11
22
16
16
15
12
3
11
21
16
19
3
32
33
12
16
8
14
8
2
13
23
29
14
25
30
18
6
17
5
17
11
21
24
24
3
30
12
22
18
21
20
17
28
17
6
15
20
6
23
15
28
12
3
33
21
20
7
22
17
27
33
17
12
27
9
25
22
19
30
26
25
30
22
22
12
22
18
23
28
28
12
13
25
20
10
24
31
17
3
21
28
12
30
21
24
10
20
1
35
6
22
32
14
27
30
9
9
19
4
14
6
31
14
8
5
27
39
19
19
16
4
7
10
29
22
16
24
28
15
27
6
14
24
18
33
28
26
18
27
11
4
24
21
23
7
30
27
8
17
12
29
24
19
31
23
29
26
10
23
31
15
17
21
28
13
27
24
28
6
23
18
22
2
27
22
22
17
27
21
10
19
29
36
22
23
18
22
6
24
31
28
30
8
14
23
26
31
15
26
19
12
32
19
23
7
10
30
22
16
11
15
16
29
2
23
19
36
24
35
24
12
23
26
28
15
20
18
22
33
15
11
28
18
12
2
16
3
12
23
12
3
13
15
12
12
18
24
19
9
10
14
25
17
18
22
22
18
3
26
27
15
9
30
24
3
31
9
17
10
16
21
22
30
14
17
16
17
8
29
17
29
6
27
20
13
33
11
4
13
22
4
1
23
29
29
21
14
11
29
11
32
31
13
1
25
10
28
24
31
30
33
7
15
22
12
6
9
19
12
28
30
10
27
29
15
29
23
12
15
31
22
15
10
26
21
26
21
10
28
29
9
28
4
3
14
27
18
21
22
27
21
10
21
21
10
7
19
23
21
5
28
17
25
13
3
4
15
16
13
22
18
6
10
27
7
31
35
34
23
15
2
22
33
16
12
14
17
9
21
6
17
16
14
13
13
9
27
16
17
15
31
13
20
23
21
14
32
19
4
25
23
29
11
2
11
11
11
26
8
16
16
18
14
24
30
19
19
18
26
10
2
27
5
24
25
7
19
7
5
3
31
10
28
29
21
19
22
18
16
27
4
18
9
15
26
24
2
21
12
7
22
3
17
20
34
15
33
34
8
13
28
32
29
11
30
26
6
4
16
22
19
10
30
18
30
14
11
28
7
4
17
10
6
31
17
16
23
15
26
21
22
21
25
27
16
17
19
28
17
32
18
19
26
21
25
5
20
31
20
14
19
32
12
8
5
4
32
19
27
18
3
11
5
19
24
3
20
12
19
14
22
16
3
19
10
31
5
6
25
23
3
9
26
17
19
20
31
11
20
19
28
1
37
16
5
29
11
2
28
21
12
30
22
2
8
34
11
23
23
30
8
9
30
23
23
5
22
16
24
7
20
10
11
28
30
10
28
27
12
19
24
3
6
19
6
23
25
7
10
2
16
10
17
13
29
22
28
5
8
11
18
13
12
16
10
5
18
32
35
32
12
18
14
10
20
28
24
28
11
15
3
2
34
26
27
12
4
27
27
21
6
25
18
20
20
20
7
6
1
35
30
36
33
17
14
9
7
8
11
18
11
35
17
20
19
10
12
29
29
17
26
21
20
24
10
15
27
20
23
9
15
21
27
25
20
8
34
21
23
24
10