93507
28
25
20
33
21
18
15
24
3
10
27
5
14
10
13
25
12
21
11
21
27
12
6
6
30
18
17
9
22
25
20
17
1
11
28
15
19
26
28
13
20
26
28
27
9
24
11
29
22
26
27
23
3
5
8
5
6
6
22
14
10
27
7
16
7
20
18
26
30
16
16
9
29
7
23
19
12
26
22
25
14
29
20
23
23
29
23
6
8
4
27
8
14
9
15
12
27
19
22
16
25
20
29
26
1
24
18
23
16
28
20
10
29
19
22
3
30
6
33
12
19
33
31
25
7
17
28
8
30
11
14
21
7
18
8
19
16
23
26
24
18
24
21
12
14
3
14
19
18
11
14
24
28
28
26
19
12
16
9
10
25
27
19
33
5
23
21
30
25
8
30
28
16
19
12
13
22
8
24
24
20
27
9
12
12
1
8
21
20
34
18
27
22
17
17
19
11
13
22
8
23
5
12
20
30
29
30
8
14
11
19
26
23
10
9
13
11
29
7
26
4
7
4
36
5
22
6
18
12
7
15
27
21
24
20
17
26
3
23
28
11
19
23
19
23
13
19
28
13
40
15
17
17
19
31
6
23
22
28
13
10
25
12
2
15
9
13
24
30
17
10
11
32
19
23
3
26
30
8
11
30
32
26
8
5
19
6
15
9
15
25
26
20
9
31
27
22
22
21
8
9
27
15
31
18
31
15
14
13
18
3
27
24
22
19
13
18
12
26
18
28
20
24
14
6
31
11
29
8
23
1
22
16
20
24
27
23
32
22
21
13
16
29
21
25
29
16
4
7
22
21
18
29
30
9
27
7
19
36
1
23
19
11
31
27
14
9
26
19
17
9
31
20
20
21
17
3
15
5
18
16
12
32
22
15
17
12
6
36
14
19
23
7
19
6
24
14
27
17
12
25
17
22
15
31
24
14
12
23
24
32
12
13
9
9
26
15
7
5
5
12
23
16
23
8
22
18
6
14
16
27
22
21
25
11
27
13
14
7
18
16
34
24
33
16
26
27
24
12
5
5
8
3
1
2
8
27
22
6
22
23
27
18
5
5
17
19
32
12
5
13
24
3
22
20
9
8
28
16
29
28
7
23
24
30
20
17
20
20
23
8
6
26
20
20
33
2
32
6
17
16
14
10
18
11
25
23
21
1
11
22
25
14
22
19
14
11
5
20
15
30
28
9
2
29
14
21
35
16
29
18
11
10
14
7
25
28
5
10
6
30
23
11
30
24
23
9
28
19
14
5
31
31
7
11
6
24
25
25
23
20
24
25
28
7
7
15
15
27
20
9
23
35
21
14
10
30
16
26
22
31
7
15
8
25
15
16
1
9
2
22
20
25
22
20
10
30
23
19
35
26
36
28
17
13
25
31
12
13
6
14
12
34