58827
8
26
22
29
26
28
6
17
30
25
19
7
11
19
24
16
21
17
7
18
26
4
27
13
13
13
15
5
24
20
13
26
29
8
21
20
28
28
27
6
33
34
19
26
28
4
8
23
24
22
3
21
25
25
21
17
21
30
16
8
5
28
21
24
14
18
22
14
16
25
8
4
35
6
2
20
15
13
30
30
26
29
23
21
16
14
24
30
32
19
4
14
7
12
16
29
23
28
24
20
26
6
35
28
14
20
27
29
8
19
25
22
21
18
28
24
31
32
15
4
16
14
24
23
22
21
17
13
19
11
21
18
14
23
22
28
11
25
12
14
5
22
21
13
11
8
21
26
24
27
15
24
20
30
17
29
7
28
27
28
23
8
29
14
24
12
25
14
14
12
26
6
16
16
18
22
17
21
11
3
19
28
9
21
1
15
21
10
20
23
13
29
19
33
13
9
16
7
25
29
24
9
16
20
8
23
4
22
13
14
7
17
2
7
26
9
29
29
35
16
24
4
6
25
28
28
5
9
17
13
13
28
19
11
11
21
19
11
14
18
16
31
2
3
27
40
18
18
13
28
2
29
22
23
5
28
6
7
2
26
20
10
25
4
25
4
14
8
13
29
15
14
23
24
21
7
12
15
13
16
24
30
25
33
4
20
33
22
4
22
26
34
25
18
5
18
10
32
2
36
16
17
3
15
13
28
30
34
29
16
4
8
23
19
9
27
20
29
14
18
16
16
26
11
19
13
6
26
25
9
28
24
1
27
19
20
22
23
8
12
12
33
25
24
30
27
8
24
2
3
23
8
4
13
21
24
9
6
1
8
10
7
12
25
22
10
11
10
3
7
18
24
19
25
5
9
18
8
17
26
14
19
23
13
18
27
30
26
9
10
17
18
4
21
8
20
6
20
1
27
31
1
29
22
33
21
16
18
14
13
18
17
12
23
11
15
28
4
17
11
31
30
28
22
24
15
28
17
28
13
27
7
24
25
11
7
28
8
29
30
5
11
4
21
17
12
26
23
32
2
25
30
18
28
21
20
7
26
22
9
21
24
24
24
21
24
13
25
17
19
13
16
32
13
18
12
35
28
28
23
32
22
14
23
10
31
8
16
21
33
12
6
20
8
18
23
11
23
25
15
8
22
28
15
7
14
21
8
25
29
18
16
25
17
29
1
16
28
14
28
6
25
21
20
16
26
21
11
13
16
13
7
27
29
16
14
29
17
32
18
11
29
18
13
17
18
6
16
26
22
20
36
29
11
32
7
13
22
22
32
24
26
20
20
4
14
13
26
24
26
11
27
28
19
24
30
27
27
13
17
9
28
11
24
22
13
10
20
17
1
24
14
19