59140
10
40
27
23
26
26
18
20
1
12
10
25
23
30
25
13
20
11
21
12
9
7
37
34
5
30
35
9
43
28
20
30
35
30
12
24
33
28
38
6
5
35
39
32
21
4
22
21
33
25
4
24
16
44
15
3
7
20
3
13
12
40
25
42
6
6
35
14
2
17
26
31
35
43
23
12
26
25
25
14
16
19
13
44
13
18
26
27
38
22
17
14
40
17
31
26
31
41
8
10
19
36
14
8
31
32
35
37
32
12
31
11
27
27
23
17
19
17
45
26
27
33
25
38
17
12
28
32
43
16
28
14
37
38
11
20
30
34
4
21
31
28
37
18
24
39
17
30
20
19
18
33
43
31
27
30
19
35
1
26
34
17
43
34
12
40
32
24
44
16
30
25
16
8
9
25
38
44
20
26
15
19
29
41
5
31
33
8
30
24
39
48
27
25
18
24
22
29
12
19
30
29
48
30
18
26
3
38
29
20
32
25
13
21
22
11
43
12
3
25
11
21
26
25
13
18
30
32
39
6
8
15
5
30
12
12
13
17
38
25
13
15
29
28
7
35
16
27
36
30
18
11
17
19
24
23
7
20
26
27
28
32
38
29
11
28
18
14
29
25
15
17
31
41
23
21
13
17
6
22
12
11
5
35
33
23
28
19
27
32
24
26
17
13
14
24
16
25
20
4
20
36
20
24
15
27
29
23
3
33
27
33
13
30
31
17
29
39
18
32
35
20
28
44
9
3
28
35
40
24
35
7
27
16
28
19
19
27
30
12
36
29
17
25
31
10
39
43
34
13
20
15
39
22
10
36
26
52
29
28
13
35
42
45
16
24
26
41
44
24
30
1
39
11
26
1
5
35
44
17
18
27
30
48
30
32
8
27
29
7
24
24
27
24
27
11
30
41
47
29
30
33
40
19
32
21
27
39
41
26
32
24
44
45
14
20
33
42
27
30
28
16
20
31
3
17
32
45
49
26
28
23
1
15
29
31
13
29
22
20
11
10
33
29
33
36
7
25
32
22
29
36
29
28
2
29
34
34
29
33
39
31
12
36
17
18
16
1
28
29
25
36
30
28
31
24
23
48
20
20
3
19
22
20
32
38
28
34
49
19
27
12
5
44
11
33
21
18
11
9
5
5
28
34
18
25
27
14
46
27
12
23
25
29
21
19
9
35
21
31
29
34
36
20
19
33
31
19
25
19
37
17
17
46
23
25
42
12
32
24
37
13
26
30
25
11
24
8
36
7
25
2
21
41
25
25
15
39
32
11
37
13
10
25
17
26
13
37
19
26
27