8587
20
38
40
38
21
29
20
16
17
14
4
31
13
39
25
44
27
36
41
6
34
38
21
43
18
31
27
16
13
19
19
36
38
28
20
32
16
30
16
18
3
27
14
24
24
1
32
17
9
23
13
42
23
16
20
32
20
8
48
6
30
27
25
44
27
22
20
25
43
29
24
17
35
33
14
22
12
18
19
19
12
28
18
25
21
8
29
33
38
23
29
18
21
22
15
33
7
6
2
8
23
17
17
45
28
6
31
30
23
22
16
20
35
14
26
17
23
34
12
25
24
36
32
56
22
28
9
40
15
24
28
38
30
16
30
28
6
37
42
29
7
32
22
26
1
2
20
36
28
13
25
12
38
40
20
26
20
15
29
9
26
37
20
35
8
13
8
18
37
24
12
32
35
12
12
32
7
2
30
24
7
27
36
11
22
6
19
30
26
24
30
3
43
35
11
18
27
38
23
30
34
16
3
27
16
36
36
41
24
30
43
14
20
43
25
23
41
35
20
14
19
11
21
43
27
25
42
39
26
8
6
32
38
12
3
28
17
2
4
3
32
4
35
31
26
24
31
37
42
30
14
8
39
37
4
18
37
28
44
25
9
37
37
30
30
13
32
35
1
18
19
33
21
23
23
18
9
7
39
24
22
10
27
25
11
37
34
15
16
27
41
3
2
14
8
21
31
23
41
5
24
29
23
31
23
12
35
12
42
28
35
7
16
16
27
20
33
32
27
25
16
20
8
28
19
12
9
22
9
8
31
17
44
30
3
16
7
22
26
12
11
37
23
14
28
7
5
20
35
25
24
3
26
49
21
29
17
29
12
16
23
9
24
34
4
17
8
20
26
23
15
37
38
16
22
31
13
27
6
18
22
31
25
2
34
14
8
44
26
13
6
33
39
36
19
15
15
39
3
26
26
23
1
34
30