186445234
195666782
761509082
945308581
808678864
814781967
310757167
454632488
658623369
496817509
410902893
267291189
189661608
952646723
487087084
533022069
43632832
255777729
548542542
671317111
735552399
420325362
192822356
503701034
295318337
773931329
717311234
44468773
255673281
628086940
495861394
915158399
838617222
634656862
513404430
557603223
246218066
180787262
427510263
536706245
844708912
832459838
159035182
981848671
825778920
36743530
65675980
386839960
582721718
400271495
266015778
695907361
449853248
295986286
622779500
971507277
919221181
341458239
434644325
578300721
619402844
772926300
166023888
219262490
565510380
976520522
446780494
524467758
512925025
323035038
26041983
372967977
247596791
510203835
244391626
260391464
590146863
854956773
645786525
959919226
510278289
249708830
100154294
474840145
213585212
800561509
108400978
5373941
612595406
614026094
572327463
589907458
757463173
337749796
306012252
579476842
814159326
320897596
668917790
563220344
