186445234
195666782
761509082
945308581
808678864
814781967
310757167
454632488
658623369
496817509
410902893
267291189
189661608
952646723
487087084
533022069
43632832
255777729
548542542
671317111
735552399
420325362
192822356
503701034
295318337
773931329
717311234
44468773
255673281
628086940
495861394
915158399
838617222
634656862
513404430
557603223
246218066
180787262
427510263
536706245
844708912
832459838
159035182
981848671
825778920
36743530
65675980
386839960
582721718
400271495
266015778
695907361
449853248
295986286
622779500
971507277
919221181
341458239
434644325
578300721
619402844
772926300
166023888
219262490
565510380
976520522
446780494
524467758
512925025
323035038
26041983
372967977
247596791
510203835
244391626
260391464
590146863
854956773
645786525
959919226
510278289
249708830
100154294
474840145
213585212
800561509
108400978
5373941
612595406
614026094
572327463
589907458
757463173
337749796
306012252
579476842
814159326
320897596
668917790
563220344
333324998
578431664
670822185
48046575
510177092
430359625
313312595
748642626
109143285
699126470
545086635
265777441
924262703
954729073
968979257
359866029
310179062
875691831
624085451
531666818
741007010
629990268
93208601
915123198
333150749
506281117
245795128
921698947
986402834
387801524
592897680
509881744
777414629
715951616
605038856
219917245
919322866
240292531
877404530
975274585
346609676
319993756
81801907
467952789
605966834
707909198
219678266
260573552
772030923
945201278
735619826
297392353
256075403
257940615
93707940
677628853
828925536
294454056
961353571
849994489
954539697
646269942
101612696
88837809
92545188
115146299
522609303
857656748
975083383
422351320
111765654
690681288
950702208
977038835
415488538
985511750
729295450
472125310
794496505
566759685
931570939
151064340
968088460
428867138
613509585
266085302
791044393
384468478
666243256
636718517
387887509
896063079
527727834
545540396
124349877
838936536
947717233
431146137
464665642
599368668
555751084
48534516
477411303
205345085
353464515
106790833
738861482
204227904
92772776
443987764
371493526
398064224
212277346
552127870
385017761
387509167
856523369
745774323
223695401
602684490
107788267
224232515
755583475
972425227
51871992
227940214
495455331
669777135
719009044
381825578
544612487
924495256
811356740
580078642
678288414
570835406
751478894
520649974
404888179
346417832
652217561
974569708
44162187
719000465
22939179
90493133
584754393
221049298
487112111
615634921
384465324
472861786
430743651
370084723
228493852
989394897
585337317
138243430
578922557
280387539
917899938
465547822
680215709
948796214
814217504
447326942
205740946
654272986
285574764
353085978
939672325
218419113
532762261
44139292
154156622
942349679
395626744
73891300
920769945
411827464
216994040
31382536
498174603
448496252
918868397
122711443
489558063
450959267
296655073
153311688
392264590
35295388
554530170
841987780
943528397
200032255
607840809
521407410
258871606
714205887
769415355
663103655
891850613
131890838
649225602
544644234
669979048
748542636
147709164
246543599
255838453
764025194
580612646
858539966
734736261
786738998
452147656
427270703
267166041
995626635
102023055
721680223
414346608
308337812
807979810
89645219
45726399
757965758
483081269
301242902
177642527
841540365
108398186
101589783
967308434
94231764
97557099
696464581
484536005
776533854
259219986
204556770
946350134
371448622
135627456
75006583
157573821
135690924
578416404
567028640
2827204
909505723
919863580
646814460
364374931
21399052
284845663
642901755
556753479
436406716
741337162
61482044
165934555
967255554
948214761
799978157
776316908
736135098
614874121
269746662
55430011
793341948
643550319
88304090
41120417
42096792
7964566
613118382
432642585
59306618
191090332
949389410
462272520
499012103
576735912
354405935
258711423
449656057
911797173
712743109
306444047
32571784
24763013
695911382
840492166
739094659
607930924
219404138
396187248
343390716
133218554
755949522
415560988
43631560
392983257
994682616
331935477
8472502
902139432
832166015
970845855
303178458
342630416
966442239
351358262
351558173
666574436
472525163
167301405
352026388
772393379
326538831
147212769
85540190
447268859
65961989
287314174
404127169
489528532
280717275
153572753
9816497
633957591
471167318
686217601
469984824
965715713
586451242
689207545
61443560
325028001
896185734
981115501
519056189
670507833
879282808
608046147
767535771
806586086
44275781
403061032
467598521
471471089
877118775
987367223
903110075
607379307
929970384
936394593
144398420
613172848
55128820
179460983
534067303
468172843
286350738
143809993
893728585
830841345
40520972
293393047
538693888
186802922
395451827
840164148
37318164
524706803
686653379
562256360
871988798
449993952
208289479
671708078
658009223
45279954
143603933
198255856
593731361
298193012
830290921
194059759
454847604
58044580
215290982
827253345
211692013
319101514
921170247
768366564
94151106
154970987
65749683
842184513
938946020
533963725
51219217
761735157
179170494
641732720
383942879
635923497
98800330
881501894
665567967
651527819
861145378
257184531
535932908
411877214
735717172
858024943
500682925
641313224
612922596
842240637
666813136
111793144
883610551
585645500
14824167
389267473
248448825
619902423
699648470
611306662
391920623
941060987
785137005
703905427
594612655
208006493
789708138
274573517
451310252
596901004
429684926
403210426
664979272
571997017
942446375
593502973
62080601
641049344
470319037
316049634
526615312
430999813
2306867
322869350
837277361
213647612
314382714
987504485
420781670
826030582
476103280
721709241
894462419
715152561
561299388
646208115
896483453
196295439
518819610
665198748
978121965
962309562
120516423
815109194
904925820
163664893
11400210
758042431
496653104
607442850
587674053
50081384
773970699
699706481
39929209
947548154
753420438
457198700
455667724
5292516
6056246
636810551
692953954
413554706
532125801
499560090
439702329
171768015
840056660
368763062
724181666
80100522
405467466
114585844
845917092
923774595
141300228
625042774
498114947
725588887
695355905
681842469
57799960
386329806
828073666
938014393
274292322
307145683
204859803
881152733
637887175
885952824
789366885
718021941
444952391
383302636
328999427
350424775
254657254
437893125
322812022
121895485
244918608
194357430
277800604
444815880
349525274
509835150
534523892
991336938
954821782
807305937
209084968
827786028
419126746
764074854
910230948
357335152
244367400
414809421
417941547
254413874
116389138
794861461
786593505
120192972
834465997
393751717
877981383
592671550
503074423
849617710
442430468
705938640
574619350
738451837
446419103
221771288
38186518
477231363
346030706
458878962
835557185
908117874
896194197
618854219
496447857
464551114
98492377
241091389
843778150
548137820
731033485
509210776
731030397
448591605
902534924
65265684
204349661
25433932
152525618
211044639
622158439
242319542
95637652
955040396
378923369
988825779
594744953
325322059
276890438
858761711
420650780
747572681
690022678
208142338
602476417
175915404
123262498
902150464
301359689
887741109
697217696
335442243
552437806
491987044
397617580
45241076
852575169
310144655
854551679
835563191
981397012
442571247
59425712
570927540
584318854
312372418
916271971
342420311
498873714
251035029
515513851
987967343
567140739
672853088
687687695
333769374
968841851
155106471
904328395
841645042
697086129
710737783
551126420
78267441
776334312
864411819
407323487
815895536
958283092
79921791
107734049
997927195
952568675
553030006
721439565
444839435
509302054
178388239
460896144
143683005
297808597
279490057
737048051
274327445
547239959
796143574
767766367
649789532
608421518
963046764
216034454
199439481
212810946
880747690
656666214
701114093
541563390
333061224
13322740
813089395
802716684
621570303
629053010
372251544
667967693
992969379
307804321
107152050
137083303
395896357
798443671
838839117
331644675
671362148
179986594
427853187
357582294
58237821
668237313
660589704
792929079
84923776
997586736
236725148
962168489
312091140
942615520
432943458
712201785
478201825
374817726
442980030
9641999
231445537
517258767
51638369
16700676
926253102
876845571
471233707
717650389
865713747
290339502
557678347
512995149
510741329
302828562
967075891
177121842
760037990
949043069
255840943
318385088
235313724
524335016
358481721
540232058
417668632
863426385
700737011
622033332
826009891
980435022
14983999
779379055
869341319
524212457
256230507
709067727
596380935
422511788
433724289
254839717
313999845
535842865
626984564
613329263
705259160
370832555
686003617
553886062
665304096
904728640
360597061
862712940
590078327
857890555
255391906
510497008
644659908
780729071
935745041
326817612
440225541
159737828
243000824
607539473
48207269
415433154
424558523
781772272
204820542
579410236
903000209
772629557
895105690
971039839
727000505
804652701
575852753
250288372
940432634
887401415
193141004
4654410
506928130
407130081
390158836
820277326
542136569
879762658
947377704
855722666
511423665
257028546
624476439
797622286
122683982
949397566
716487638
818639441
940087512
230025479
709584025
612511729
6411269
185137208
878730820
616526539
355660417
493062892
378939243
633878520
593489908
841831602
838123262
123682938
388161908
54619769
429238751
240673344
794163752
802436248
561895211
794091666
136082224
280792896
164157069
843197987
771602644
807605423
868376153
403245400
237333973
263771059
179351334
362787767
957140260
819813816
805724629
882109339
483168776
761920321
352550313
373835942
630356282
958566609
413774551
478730101
948220586
973077700
422407811
609092357
582627399
669854650
979445834
486316074
916570177
814040471
360376286
874834253
412319225
525634277
631621396
159307351
12335893
616490850
135841527
21726879
462943663
553848986
285655134
20841147
849969549
799102136
143932185
130863418
179446658
73229711
702805654
772565718
318159180
964201621
216979054
840991125
713804243
700576703
501768606
322293297
751101185
25739406
932733233
897167071
296980929
614008060
538409221
564372714
79899517
279798733
453479648
398366700
762907247
35084549
509807376
6930214
230820632
470013572
485645752
689527861
722413374
56957737
575917461
754658751
986951694
920217696
568166475
884059086
495721911
240826189
416239466
843443408
987497342
362230585
566842205
11975131
280027966
969284700
899638725
14649971
366841473
287828460
272382141
324430936
379471351
586801207
274969847
669368579
40831869
854265690
287618668
23676355
291126730
476318096
497536828
905305996
385664328
296767589
973159734
350826923
285008380
261523294
704107164
768361750
314836129
923312336
561155927
469984299
232756147
388611944
916772959
429462377
691798787
715410593
412198577
435597876
513471736
823122965
621342588
519098582
183744660
711604564
433102125
702024430
778573897
772571540
543580723
957777225
814277943
50995078
365383741
295025308
662593369
766315295
176807915
321838073
529651761
20575028
468484543
258256903
890411768
227215707
779873064
790162697
732196484
558000685
186637941
412910353
274160136
335557906
292585465
447208416
776643575
142645618
503294230
72606628
986074311
982632889
160529876
250041264
663512799
352292810
5475946
68559767
126330538
362712854
662881734
771245785
690904257
146098375
602248542
2259307
645491661
23154071
233233954
245825178
469124626
673284139
376832878
710068173
778933388
276001086
700203423
210063406
335724377
92849210
628697780
609272438
597919570
438536521
678077456
402606073
75802995
882140037
214325588
824414684
140480734
531969843
702775619
778516457
499407248
196352099
941129865
988274772
28567745
234048861
902741467
489264718
892157332
935683582
272580375
592342154
67972276
951423576
422645019
514539178
480340089
213937446
346413801
20606063
943569184
799258449
697147318
618773028
819946219
251237354
451308048
475767088
729044196
668690231
896366819
615052043
105400339
996676840
178469259
966591104
561767792
817476665
950526294
973680062
920324844
976541156
880235455
865111937
736005439
372208167
877522144
998030751
769193992
245001263
57077755
821246223
421833804
631835154
490825566
529529504
969055097
436468160
535456849
354726895
484939512
171520826
99972355
544541944
148951889
637084351
567752996
330776340
838304727
579072427
311815598
865388338
901619815
474560672
208505005
874568033
209125283
633605398
857488295
207264158
75649108
397326940
520417865
145830324
715783062
20855529
928789414
131335597
279316525
161676113
882099433
17998876
22480756
263285078
308706096
264549503
188578215
675143689
995969532
274430885
356626010
448188418
746616677
936116892
991283986
181930511
794281435
708412886
21441933
577077449
733080974
980578323
555616813
309110408
327502262
899947922
323594397
16737833
928044510
839295973
672731988
374157326
337032525
179010800
734306632
372966553
57959171
410190785
956571807
691425064
970916079
129132176
306348822
76876646
543523134
594573502
215596751
316561685
747845571
873858262
998334623
282401838
459839690
327966267
788441467
716099014
259298551
514424974
820636785
312588534
332140913
957055790
567685662
36433237
719712522
534805088
846179220
72360835
573773891
103262521
300047391
339493978
354014991
300101465
786905645
668243367
467751415
766237558
919077455
525579194
349366408
850285559
771753264
423173288
626091269
752744918
69668028
34405958
896851700
574452652
237080723
98016769
158700497
539235112
684465581
113882948
393403832
678830103
178336245
367662199
416737523
146711449
641985795
236820614
135181606
298590313
451395218
717005431
336110408
259954110
385490563
634889076
355566898
999510194
831777242
168204099
791500497
183336101
464374759
787348600
171080836
278573755
270340468
573111509
27319818
764059032
788740739
562744881
490405451
559266746
209158690
7053576
725367784
891002693
73240511
225052769
543854944
225308394
246660523
216556140
183556875
413870520
413471160
270898092
36257179
654667966
275894888
529421587
129807883
837829300
175757948
140644189
738349476
184724472
318507534
248148216
38774946
345750146
599783027
599782772
198557289
246894204
369866889
776988881
917090208
118634171
769335898
226390950
968247287
788605395
81202657
722987819
78125281
656142505
154540181
16090547
17296618
713223469
670054439
247156102
35725627
413590444
533418466
385875141
196820063
286565502
753988364
612091251
492297778
527330197
884748905
597060229
58168858
345409950
228869097
726471343
234193834
224703358
115151368
513903809
910132033
768109089
817625897
262740188
159865653
487704617
166402264
47121539
704202191
991508568
357296720
838809586
294308796
765484656
50101249
505846400
637275753
264853150
374413280
530315579
415401159
733668151
306653662
647516181
629813276
862530852
921243087
221938254
949252817
944396347
320968609
407380131
148781635
351791997
117304786
311401910
73594806
309058736
398466538
291485527
450457219
21802428
838930812
209719622
602446554
504763776
309757548
401623253
120503443
720431056
807000685
217205871
385916174
664896126
382472822
146420031
519637469
946199527
608085853
885983879
937669100
601460892
108922374
899763832
976610068
68966386
632270342
264214321
70380924
50486275
200826410
553761978
923701180
565094256
851814179
357456459
878730628
43378903
398760525
959819545
339762396
741152686
457633349
159617300
106428641
969528058
77125141
918731629
449312316
483891438
947028876
677054745
474450546
368924242
133816226
977299187
710728499
536783260
478871468
545787088
434592709
478105044
293857509
898711423
411810033
994077250
137459214
537059887
500516873
214368059
921408999
718260815
167564997
263760038
877392197
495135127
806735588
294557351
746294329
812294562
150359465
273666224
990027308
243462098
802217765
884268496
35960350
445739133
186681923
79675950
184196563
627989197
134723102
21344120
304941173
248120524
255130170
229220283
764195815
836929426
559913162
428646798
228543825
70232656
281168159
285359888
457616967
41602623
300118977
280815585
894552482
201973863
888079204
681674308
3344859
343528193
461578823
463177837
557789984
471261449
379351992
454397875
139228701
170847781
803887289
611252430
710690707
734055503
194728594
719595360
516175212
507139958
78129667
15266925
338056837
400427225
716400298
186655631
403269205
341148385
80590125
866184092
912371263
977361066
747802347
677221246
628084721
828147143
104104119
917787902
907523065
705807408
208250328
160269596
938022458
124119019
864354872
196815245
827383986
100816845
729213472
1046160
852617254
411799130
938430738
30151170
881123762
503787402
725052771
602520990
499315726
628613188
959007997
110679090
584083212
930883408
463976940
95789089
210521524
375115317
982932902
255930202
356257291
655215373
849997249
506328583
511253003
678319149
850569245
141579882
235375624
313246706
296771076
991874819
574645521
339369299
91193246
116040945
572912942
861784864
950010499
473913163
723759584
290682122
508550803
63728429
648050158
142173012
137346916
677487924
839363936
427049053
231212932
784987550
406517912
668529912
928776819
498855118
266652709
224377843
104867894
332639678
792994879
796803979
646088961
615472031
892768430
828357631
951927260
425398284
687142237
609507921
182594145
995261083
558699116
303282216
259926623
765432096
273885038
578394587
313156247
211368548
385097897
447821479
728849199
202223791
949810506
228087120
151961831
55548165
52938754
413848495
199295369
192456739
201133839
827901513
678690502
274488709
246459612
248833222
903099017
154104909
794913071
66575744
356513293
709478549
436974528
192608617
71559642
526298125
231437658
181391871
923834867
483859662
691449047
949962966
267173600
479062
639818108
891107685
60402924
866524602
412131126
143012953
917047108
503126651
920172636
727032097
639540557
32870767
796702235
907814864
213747085
397981707
914193693
566331811
858553473
285996712
957584809
251278767
365499733
943075122
79650161
668452634
361663361
353435382
615741336
370273313
178344537
120644069
448890492
460579348
659784627
703082766
358308167
65378880
993045888
669319572
996405936
933305731
675961407
990662413
210446457
295717857
638150522
182685445
326400288
735312032
422147297
525980701
505059552
544157892
952666311
641274098
596909878
155606930
708794787
580491619
335875496
741697640
721171053
178799069
255124284
185490776
741604402
597802532
262658898
27704235
643225946
858278940
930114329
195275179
55010451
168555035
343702449
27860353
465041639
841670908
844813426
491305742
388072575
220716940
335159282
203883623
364829224
417066103
75752811
874738890
197200933
971351147
888976157
954385066
614824839
943860532
618181404
644221895
994790435
833964316
730456620
322940280
8278608
378112633
64105422
895945320
6493430
221524520
715209042
289201695
707030309
571393231
847956270
956290633
327807246
31490639
364370977
162137768
763797074
825641489
102704527
262940275
166736487
968420131
894375166
950602431
845595476
348853635
623062759
270114516
960254460
710309696
873923541
666574126
361350452
44963273
698354669
612842264
179335875
515785842
825032953
670183373
15605076
14647035
666423583
416931914
476225198
300956908
904412410
757924747
899369719
676499132
307795792
374066369
181832897
698488020
225228311
696992327
843202204
104323448
558903025
146368119
687188297
351008162
326907707
238060094
255287361
301407154
229560732
624769714
808283699
838373884
954205763
5379312
916458108
452702893
465907588
454781669
118544465
902434731
659299899
761618731
695272204
280320565
656650188
642164046
27164824
385564952
396196727
503124269
736879306
446650923
663421429
945754749
589993210
927247965
474542891
877025027
57671326
890895250
912696365
913821570
843913581
792139104
643747654
131493881
669773355
842112881
73885127
763342968
448872071
515616887
355300745
324312905
53353845
851099183
797194513
736842450
675220375
658891632
364280352
972790343
381643948
696467603
715014936
785366684
1382349
242443748
488365547
872158981
525088090
988810979
716678594
602444213
852290763
962102937
748641751
717620667
523951903
978721963
872697994
210426330
715930014
611678455
707411086
687270010
524640237
817316986
235225046
539575420
369709740
554432261
32674290
881762542
332071137
39450403
130931132
957555751
948241495
959626308
419629698
11735753
701679645
705275500
567038691
463527832
995457212
280693184
158378428
574323058
436255578
418798036
264132702
455405421
805150127
740020018
269004793
208089482
439986465
736790548
862558640
827766036
996162663
671992813
441365380
283395710
401338665
450077472
525999933
65680868
33526017
891921636
623421082
983964225
47910584
516467659
148867486
525738112
866689343
356449706
900839329
77443241
40248050
173781912
150734061
630494829
388657157
78740904
759637498
179083160
1451193
846024785
145533451
564088266
564066859
464857191
262627421
49053005
406168745
442887357
414932754
207123949
135695660
72995829
176506554
425754908
114286178
334163198
192210233
376715761
83450602
309812073
270303655
189276448
840801661
221051189
619305195
476229225
881560009
62753396
522381764
826389981
439870833
867497637
553569570
706581497
498970611
649331027
574448205
255471429
339345621
787594126
202942273
432272512
308708051
986716836
923655234
319890011
292047026
674869663
205136217
817619329
594709950
486259702
315657459
869038091
709205913
741619696
199939376
206012033
754437144
492573494
758860144
699456677
462733433
101689295
798913074
221537451
480405640
230086561
792139133
603616268
817906498
741792843
114781241
811673495
220211869
228584684
571978291
18370225
830319077
650845192
86185035
814771072
323530304
396066272
322159430
657479486
688702500
557188643
385707647
799008836
117112039
705997283
13015056
252620771
706374647
902816733
360242326
583858958
827425313
690466373
342261479
169027219
473680922
238658051
221145834
134397952
618400704
480776221
461923091
270264457
81923548
327261554
420020357
391112723
723495748
617288653
996579984
149593834
277228003
872741363
606808322
289068359
114549461
92603016
925665805
19747277
234142526
689634771
61983449
834455604
300628097
394234992
109468109
512474620
175190391
467802240
617218780
171066506
448182961
676421172
358536804
305955781
982357482
110665185
6020104
952600187
616861579
606258917
574869833
222383663
510789608
132172618
999951229
876384535
259476412
336414975
781632948
982150898
323919589
713735197
870534989
255018796
204157431
575641563
546051304
475498900
546156697
410148365
688281375
863903338
145492507
134615701
878350370
332434569
793100997
629004311
862794274
947414562
715995150
417590613
294842077
713222084
842706079
25529041
770578947
18296028
373530555
114463646
446802569
152428602
447382589
454143948
191368788
958924551
193200235
32396467
50371382
199685996
262944994
743393756
105836100
887790311
412451277
284528584
382963480
847242980
364852228
779027241
800401263
724682762
170674245
869649987
798001746
850179304
309936571
10712739
942550385
933778320
850898723
149554155
660317241
307592256
636011624
932454056
199343783
709273512
742554945
594918437
352961754
227068974
231700384
561493680
4087405
400077229
836505193
382699254
671719490
893812164
104656902
366933362
694615425
838936825
751033174
997677443
56623383
340005943
972362136
355068722
569002876
341383197
643381271
672721314
483251760
837312969
591573579
403870128
343691054
335412385
411144370
59645001
404458944
361459724
406423173
735500797
263126985
847662265
768344216
981088937
339532212
711211519
287626918
276408738
178128169
916140935
820954512
30235656
8866970
126506432
549466629
624597845
380786054
857695299
334613107
639083267
173305504
425327390
238108066
974709271
484378983
517492147
709651103
805004668
547082912
685466030
1831692
397988154
105590138
584917900
215205281
58945386
155179970
772880398
19254596
792275571
505057009
150297263
565294872
744100121
912585086
674974220
695561367
617965839
607635652
996145976
19160933
509732581
177720559
589402747
102457830
627222826
354364626
538141268
206982210
386720655
445827315
721574767
69442897
579878661
420319400
939730516
915119319
58118286
190801473
791871824
894713244
157320709
706302216
986779788
421714249
793901916
113603759
799588057
189456062
316346598
451671279
642114407
168667548
672929414
184755260
569573728
41810766
51551685
332861120
864871497
586303208
936112849
239446952
665668681
448887645
25965225
443454672
776871720
260124888
550482589
100990572
91798244
816216179
446677538
972723428
249751164
687591081
466757801
210193470
621645744
710527589
36282523
213850013
84855115
464683253
36747873
292743228
673439504
461166072
705231552
739818082
476179773
356096196
802411468
745692981
837242084
104803843
217976158
326395878
792211735
926932058
306739952
206596293
252180780
869262001
517148159
545989099
217643405
689177585
382949858
855030975
868096759
741667976
436573580
794253834
548944400
174547284
497257208
696353574
230098089
899936968
858301904
47670725
170930441
549355643
739003949
602205721
363511615
178289007
720437695
625644447
663144323
741730062
40250862
45454468
714382146
337489639
377264484
392666516
708323873
538483623
228146692
356441502
98025521
536754753
223479785
487214553
720170348
41870498
556258982
236442695
459701099
470303463
32201091
130774046
139902888
825093034
670195041
242929070
899784100
674823117
442048937
379874345
473968804
7268215
539133494
992120619
322812251
543320882
274192930
565396316
411984985
286735002
758379365
811068652
263114273
374739428
532173020
826323481
754653858
537404440
853055421
36574517
480153549
776797856
449822754
757000719
604355033
584478841
629734822
327017527
42464957
325044696
71975349
773868205
325189189
215717543
195366444
428568453
274285752
213683163
174240006
254962526
630237119
192495192
48642914
756682223
458514354
383799090
165968169
51343284
641019787
914240555
796203131
667994256
517730257
851606848
630672329
214380625
773655959
733032589
979628414
53728138
745415824
311363893
397944814
781973586
96255268
77451793
771429184
940480840
696711615
872136317
94105978
268185771
388264175
627120016
764491811
180505356
46648248
952591582
237080854
67345748
447358219
830814261
935308160
974351324
845390291
136890864
961623138
289304599
320534784
707666146
759960312
881984762
711828170
549931854
990936346
96146479
981423686
779020788
394206611
142952606
313915598
887121599
423657412
327236649
267947976
813452917
404071445
328386883
95919205
733680958
854376294
945573424
285470945
93991437
776964018
349835066
805121345
859179363
880058401
676050312
890015069
173670899
780789877
183685348
556074374
197749729
337029698
687361920
119524936
779461895
698355513
788723186
736992211
321456447
80225530
358374797
546895397
341040436
296669969
251328653
410177817
991274161
608161003
532233472
381793126
522281225
220538931
310580036
430039518
688512005
6594508
484523795
363067961
250035485
997885114
430096124
975712400
699109718
442281866
845914502
768578783
231930210
636106014
443988418
296148484
977967759
755499530
485911287
203302882
757159699
41005367
384205239
187371523
488055180
871132677
12064378
938534388
612602781
436934525
16858261
249401830
842472141
142370124
371832416
122172271
933589293
433020940
894143402
349308760
622912893
793626789
192745093
259960903
235802940
676111273
7363911
925537302
132690064
732220277
559173984
782643900
295138335
308235159
647054970
556308144
416103231
988065419
732601623
784197865
203405390
720391783
834608537
12561056
693439561
102006693
844300876
362847749
781197993
200055725
673132572
571744946
393892927
389237591
761949055
530281659
72658626
91421227
294091085
701344822
76886498
294141576
679702803
180670044
913200554
839650225
998834128
130135491
816591202
1741832
602045907
979669125
872417570
936035127
545602228
204979849
103623429
98445857
63096942
296621049
922502935
88889433
228692647
257613414
37326914
53682935
213988567
826272826
440645966
381336117
466975780
580119346
510778666
80402136
277199720
399783160
840329775
971035114
318302165
201276674
99570409
665154265
924818489
322072004
666345547
891265981
433275714
853921592
486118940
337852330
772893782
327668383
671169093
403685174
559211945
371185345
328332610
464324085
21681964
238151128
949829530
47451279
462108478
706062369
945118299
333444685
90859178
450026164
8987082
21359584
873486889
379279981
605606832
541719201
15770586
394405248
37222496
508547469
325437990
958763922
838813044
302782991
825130516
993750690
830391572
258963841
525652719
226883659
486046955
936289230
484956143
568724455
68751336
906731009
49436574
53754335
25043699
265651742
350817526
298404854
726908225
975373457
980988669
289803528
886822203
626340090
697987646
9648785
93321983
812157542
961652165
963112570
599421404
132408941
936453578
37409670
650201435
261821224
216371918
744890996
885833296
24550656
463487647
916164198
873800645
81809899
271707517
532778067
360683480
602443571
794469760
749507623
58859771
57819870
200494685
183369300
880705502
443791958
862173723
948258954
593517068
307082871
582509249
744147600
208933381
498932111
302011825
762317215
206899753
534861898
380454705
896819952
982480005
825156266
497359339
539312600
330712823
282689178
802242791
168807514
794095958
61742403
246860356
536015873
88911179
244199718
999354494
493474623
99257187
402775908
893143156
121026037
258575867
315312519
190509204
919469953
547993924
949369348
301322393
199802663
650627587
525142708
532982718
570178316
251505134
913680899
336989003
528489793
382438646
194916827
927489294
412507327
330120003
679545032
373714016
503040066
504829306
123829321
605100417
667353814
470059602
97628498
349734475
652118180
446709855
960051439
462013010
418032546
807923630
634057083
511731489
511976452
986124884
533609816
319269847
570957167
711223200
33987196
656157119
927123122
986382482
547705801
597785041
933465912
19272891
65539732
652997147
21486851
967286445
715341830
974221800
288077895
899882023
555895700
543719442
633393058
602118471
474203515
735271155
487894515
914287808
962625925
688349232
109085793
695879303
584555175
796113832
311966383
252678468
597608740
442123531
582773308
193416902
173178418
238061600
657393488
89396253
524030938
293289672
70016171
381239365
585811918
121972141
701970521
430451100
744340479
353434676
713145581
188523809
519819677
562530530
278967367
712100998
581201378
32901520
596485244
70322952
257475444
216398705
298338779
608793717
342357265
955660871
446738051
505207651
223475954
333596756
992967479
691639051
89061338
652745893
749922859
497215546
826334864
265324260
398316931
726391928
501752474
240306920
761512042
85907256
489239396
546599279
204578268
894137475
497281399
460407115
559018399
29637371
122611612
107652241
60940985
84268878
581270417
926138096
601061239
338965154
238106554
87199087
600704727
406512389
926159046
457471189
513448531
895237166
164997810
84033827
252630870
533984376
948287274
624807444
561133965
453149837
88013565
493053361
627829555
992271180
901246384
513250442
670428602
574865729
520373393
821308740
594501739
294959568
896163139
566347597
527359263
259402834
516216631
980038313
394015299
584688629
721543905
474132374
209195990
610041872
224716077
33349284
804735974
925875673
800237194
620783559
656407617
315407633
979201464
406797052
981089706
383623950
719887041
434943419
705909801
766418688
843473033
150510382
359466769
488712768
661800182
834372249
853952835
545038519
951832414
62730172
912759562
187301523
455257514
214561628
995745078
120207379
658940203
65098428
145399906
202548585
752899209
487649030
219678563
605764211
613752960
178730669
351522347
638806374
902779821
650648332
68303237
57466485
110593394
423457238
305166268
590414868
494135050
706796713
588198733
531279973
82627908
237136053
44475798
159897039
43388555
872187250
509131099
102631632
444022689
261103228
116872741
369545785
199504990
822749460
331128819
923630556
863804816
726591205
769650083
76758944
798700150
633102278
641497061
470055762
429421613
640474639
747214928
620805367
69566822
46452469
777027528
656327920
211260048
982979832
778136021
520361430
249142066
160238455
921046533
784369433
462873301
457139895
297600538
202647817
879353211
656584790
382331766
413319166
99153834
438008510
962037310
204636722
580653641
622381911
851015435
694095498
949368231
227671608
181959127
161986237
765702967
900999570
243775938
601361109
825130428
444715222
445192792
832085457
895944812
908698776
306326235
122082967
361583870
977090309
139139387
319679878
792078397
421551637
176747632
687710053
303234443
752760230
353645634
684700950
119695757
129497035
652885117
969518552
850692662
711247823
901907287
710377905
595504287
662329238
19142057
725001256
874888054
150063384
60299947
572286504
718873816
895940908
238684725
879538898
275648365
735004179
625956037
433621301
799827499
613676254
962653967
311933710
513531200
796595684
779819683
480454451
306973974
142375905
791834672
901494640
782950708
256849423
778807466
196516698
187077697
936318901
526155125
425631093
586936740
322174885
243105427
384760109
172581854
778027046
41042917
285720571
10792735
599135176
173030318
152523203
229506467
120290642
355121579
759290060
909366258
236408278
75496257
953030033
812280783
475644268
904530157
377500344
782452953
182234020
100020870
630331333
298801516
648859632
678127028
364290552
935633294
787630378
880124272
659736101
117743993
571811490
95199292
37275012
256606175
422689276
777230362
594580063
389033394
44136799
426436413
147347982
392268660
964666972
805470034
408012225
558670468
883977431
219531967
850693544
858562017
912091454
737109015
354056215
372509973
180003801
447958474
792465084
996617712
877333248
94962219
776360530
159728791
227713042
994071943
93778326
348317348
112750281
702106657
520751694
492591021
54290673
991710306
397979870
819265291
806860993
851744819
623680177
668543477
311029666
761003383
792240518
308462362
535515587
375223237
979973053
381402106
961117437
558705168
781711659
806407500
805707833
817373926
139066461
407130658
749512429
794326591
483939144
941725178
442349433
895831724
324167599
753729165
669135152
971361768
915714689
652716070
565601828
649984990
958003824
716462454
509094454
988740222
421246247
632528868
34544201
545629001
727856115
671609159
127280297
882683881
176801705
230396404
648825650
410686509
577075362
672827729
487024226
309497008
297785816
497675246
97616091
511825917
679629975
531686545
474743995
964217141
758908166
264704120
215564995
856901568
534516745
249405465
599376715
870442581
657779059
663447275
427870229
88611545
900794358
166346732
368452666
932698434
317102752
734036890
325025918
588000759
785122985
708038984
469904646
554140698
125212257
914126881
530139902
789752136
941001015
862384158
122607739
257125099
987537532
473421174
694009725
630671231
644216361
456470973
436711618
890302404
479819362
17285994
387511851
573726483
294841925
452861186
274808346
37770597
140328310
297011155
539761928
837155690
613520972
361855460
507987686
446680040
575311557
518049214
134511177
938630109
883600618
587629079
93405110
957318566
201790195
117452049
108013834
598941686
862764900
629348607
353476343
563303794
816694087
503182565
988662197
590591043
383641001
609152617
131279708
312810568
806233347
466869342
552048952
57332680
924929212
867382036
123125229
444691625
730834818
392397982
679179221
87842203
420390087
195999109
35834267
563315614
437776632
510257815
77583559
341214309
361661321
80695293
318144839
416239984
143353039
176003172
336684467
556071027
896184696
206379033
16967979
11647991
639689068
405577614
129035277
190211733
796881
787408496
441569031
345616109
676240480
66641896
267151714
432750024
310705179
945705270
984661900
448738401
349073549
74160740
791261963
138337517
661920584
854214287
377614367
583597254
499088096
474663409
147318694
300978647
172977102
832871869
937920857
897374732
69779195
420463826
201586629
183335811
634391212
229906694
878019565
575059704
578500441
942481167
977488680
671410086
506367661
496418511
130540248
55461916
884325668
348538120
302871830
310287184
445884244
549867039
349322841
678519694
947226041
127727187
390004112
884450392
925284531
574542096
665700385
847725918
510494704
47076215
949509875
455493764
386845810
439357658
744990263
868417253
538376436
361748581
595734687
179435228
664003441
690337538
696381426
41255026
506746158
289921510
286397967
791951042
89994298
209006028
398869169
425194484
868803843
748409866
779321336
887496703
343478181
635231319
190434437
540632439
783376500
187414663
816200432
952257810
458140958
959820491
774848061
991933226
343608983
289560171
558872555
544485680
825372719
353115999
292100361
187840501
780153825
987568262
206406483
612897486
763873645
150073108
452809532
671029210
992374551
605115513
805094355
456304463
441916930
524409327
908421526
202745447
664961387
35400756
643328261
399634741
356450484
546077055
141273940
483318725
784074492
401442684
883675101
736749850
229868416
567056232
829306986
549005828
243218995
143300095
669296271
968748335
212545548
241713914
148145601
503808119
305061021
825045870
226105084
176839514
223574443
953751358
566377079
93273304
253843925
581610393
962084150
318803031
435507671
171417647
889092551
713950810
956813600
121360449
202297077
5731624
137535068
694257660
15374228
179796003
447631993
454265092
302190122
800115041
28702134
552555979
711235867
406391107
961272043
255229119
743859145
788760106
62957280
518718028
624790379
238685293
674424146
433034176
282810911
132660962
515996014
989674672
130613869
298799477
293897829
978569640
997609625
684640616
162847253
269607557
382174166
331003694
598155878
106448899
545289591
571274952
269066725
197090948
570557600
557841045
766826796
159285620
633441010
757824656
743895982
245378454
17357918
415085190
647503063
88768100
331051810
493726248
979354012
232941443
603994439
711431155
907420657
351013949
409582219
713427111
812158452
337745465
908970767
734897016
784408663
738194170
362114819
324348532
364897820
839139269
812987066
306926920
767193761
923831532
79157730
112864013
384125188
187309601
274367774
878179468
374815400
491156533
107852285
132233741
100485304
766477047
996189962
303406792
789703218
180914131
750360445
16910112
183205454
869957112
619309962
162688926
188388118
443655984
298838894
726972584
619202719
717125020
748126161
714357890
414471198
380846559
399303267
540643024
895055378
128355503
801252068
276774123
671446671
234021182
985737382
423827813
602842874
640199198
831989676
515861563
800550175
313939594
773769615
881064852
829980983
990713342
493302273
204788638
199565045
516796192
62700877
809004657
1796764
964108806
663446647
127158294
633739138
234655774
589076745
907051176
187637140
574953819
891219647
114747644
859549117
820976634
254749648
173595783
456564449
397671500
318228664
179951138
986473921
291178376
769513053
548332767
730938302
992871402
777026395
977709510
802532449
795110216
713086412
375536550
812271454
650584
640790522
655478437
248399662
589911450
457616862
732146297
207776409
85447598
893973504
651553755
176301510
37267007
55133259
792101808
265532348
946077801
655549795
114549442
26509580
203260113
289716346
598724378
482217964
242349607
360389728
962126556
380339375
23176388
317463531
61394486
827418628
302533060
47370567
400199849
958698003
143832033
446862782
349688115
455531891
918567688
2128276
651040096
835243317
178413126
957050655
871227412
602105806
801617367
499413528
597303870
355265372
757155370
701863610
602913059
669895327
138788980
921059489
803001481
610943025
836356562
921680942
993447192
648661945
950157469
296463359
937893558
927117234
40576312
397593607
571635362
577238898
185000759
337513437
257812630
490307848
699813823
256293475
73470
485288031
662177724
474608599
112777308
348688736
739555431
590514688
954593240
209050087
751180798
990916969
195316807
203892962
4248776
443713573
927069167
142801731
421755827
316005017
916960083
325961993
234072609
557119555
624748609
962058974
325536414
991204839
52938345
628507844
781396912
101608003
90750769
107537507
619226185
388208142
436375329
77386370
67316199
607895104
143871868
834458055
529389250
680958045
314254041
489649582
697625112
434169922
594043867
596949953
483189121
798614696
627123904
944377190
830760344
264217265
998063361
602021765
101968564
669423242
770755937
475385233
486863295
544739119
963224412
1905380
110906010
833913224
253071453
442140573
29136540
440841353
804346678
900589841
291795234
41378653
422583982
851443692
241769758
591368516
577344580
659618440
525877388
471916596
504589950
484331805
195893907
647405665
844605803
218841195
292950128
961654476
581454315
299991067
691801008
471909905
45121109
115055464
203900145
596981533
265233437
23739393
212420135
591206385
880285972
712015760
698066125
512836829
977105817
75354947
120060164
750356937
575924268
529268038
325479607
673083608
54335325
862010044
959666096
911890152
274847179
896167638
294571901
992924932
250871019
313475798
328891617
745850630
198601183
283050437
60313298
132806932
559909932
747383566
696437953
4433129
467256371
189983789
153286029
818375155
838810390
75186085
917761220
1315980
677437824
833564624
241526802
545626639
597565305
447390421
94422054
214973596
587344037
377532237
677840204
479096105
749914949
893581562
761651176
36984993
371903532
672857614
433578198
513343886
406000313
399156479
752496534
476240499
528693788
940324126
413322913
151214265
768809312
667773021
422309568
72696156
251319431
247890198
615267932
51144028
254265481
832674365
449687495
827664629
838138658
323836725
137923738
643513783
234753575
426753306
939462873
930464677
206725134
286997831
549013912
627495028
966942957
581043663
212142830
236957959
481287214
60511979
121892553
703442807
191437956
906130567
31777582
693855426
707797161
711505303
78177727
425161252
283283975
743432899
928229016
330990140
838299734
488475439
514224394
587264903
924004516
665724870
21646598
421806202
278361460
874443791
249782356
166386683
76464462
950057203
525757089
463187369
758947630
721883208
268196207
949924292
484997000
398406044
524431887
13514745
565681314
367355408
24181020
201623529
344778990
913044792
204168675
264590554
180505356
362071218
503882463
387803019
818662605
605059914
523553410
643861280
562641067
256220564
586599495
559954058
464577636
961611459
26449859
354643154
998223706
383302447
306699395
746656400
114423797
240810256
838571984
997242680
218429619
846403411
588739486
66775997
442206185
97203423
805569296
817843801
584816359
531013629
2728586
943257632
479985714
75203531
125245857
655401077
520296365
478644423
606960656
501693262
918827753
405862118
879729260
802423586
237204282
877236361
58750114
149669694
156636596
963639350
250405554
118369951
419209036
683403762
152492942
308100259
236503679
467126097
780441339
74358296
483213410
633717686
732606464
926208809
51825768
355586949
343113142
311740452
284023982
730045096
902144437
187283580
30416978
105993840
898881579
867893035
850381123
64337801
169499896
107551961
837718095
221600471
35160554
449887760
550532946
589711285
950285879
236827750
962653778
403633977
889522816
317231635
761164030
307633677
291676002
75711088
30041033
486111103
619176018
5371186
144389036
327920388
647693039
753945935
384702949
244614153
513848248
72634054
919400955
912689954
406102639
425915788
912401311
617107851
718742452
492925954
752591355
773104671
589012563
597576337
912599464
400562134
896926280
810256829
446933501
80362727
586654435
297080844
98089253
288623244
284183568
163277744
51794413
482944387
323658796
983153346
864063730
947331634
992170345
607456027
781822845
106771983
812930269
304292994
787441971
536022979
823441730
164554159
835540242
256025409
753269041
165111058
939005536
628568198
309666871
691514908
694298483
873949121
27959454
125764509
598514039
445843074
805477612
490428602
782371770
483971065
739366224
792181718
390159087
671289316
389843904
995129571
996402313
964247989
346655914
213065455
150221504
815210034
791332863
549962635
3512035
637019193
718994309
756722052
248042359
954581178
653095422
223017939
202826060
138666277
139190181
286004822
656803867
81335114
578250823
863457956
209168945
276976960
893209436
68528059
169877005
28588840
87983175
422610150
310925983
594144172
350284246
651698366
920435163
448998531
673704054
822703022
898975302
525274169
137415155
542325018
489495381
176028254
730935713
767534191
492904064
713258822
606637647
56529984
200545350
719847566
721448783
669944626
922529513
764810969
213510903
899772174
158439866
800237250
415284733
837718055
163633023
636528207
105729325
257453165
419541179
33310927
40101630
682536140
976053689
561493218
38689130
940047501
581135240
928825449
500688030
174209181
346503955
158843809
649135032
612746995
838978949
546316722
887955518
96244157
527660207
902695930
272801367
384510726
889220748
812925085
27400044
801294578
15756732
746728219
6821961
702731339
188934744
45839250
692233933
399534981
692609096
694718928
788887434
496269487
7375513
629562866
282235957
264680110
647967067
737288863
947969741
417843568
32232792
860811741
629014235
550127801
718034523
60242090
264779589
359461741
208068028
347197389
781361515
495488189
183158715
29689356
691505442
835142258
188066293
361495441
479541613
507203004
919630967
270988257
599116782
539697789
639074856
357348730
335367567
470210164
384639465
310035829
743795398
470557251
503685585
103046812
761345857
839329544
899124477
584166880
519578065
62007294
13809533
246073960
790122448
980205475
533170293
912886214
900067117
657922100
21507596
602275731
453172599
603058887
706148849
676680800
798758794
249247697
128948709
397310493
355071387
653372666
603013210
372691350
333508301
40264212
863886499
163826695
735586363
615678764
895961506
549956798
789697701
387683138
532700613
620825140
306893772
669988286
638836469
473235585
471433725
662294053
330469554
372807549
938555664
650550072
420494231
707356104
416768665
994080676
493600837
118388816
459780913
159266373
702564550
625344425
193875803
466344676
774363186
959179487
954762036
624067260
179641093
550257044
639329280
778730826
146042285
170519961
510172040
692291149
623151532
456099670
206617114
914397152
948920556
342099528
874949535
813915003
931824667
828569151
872899500
6015460
483477421
413642722
828416258
88863738
132302046
978746615
915291929
647768112
861477172
70648175
912667995
551912161
493159964
400560998
198796168
336009097
45036179
932418020
390327405
98396765
336577841
482780107
414041514
987076684
935961922
162852617
86549128
256199691
558655166
550934654
632987437
789898787
248168987
417212126
148792443
954062863
546553960
319296881
398369529
833624997
868764661
620658094
262689672
668900042
475853104
857813180
532340748
534942381
142873436
701948690
302010559
629501524
827721075
420012109
676434201
99857843
314507565
581300055
771145983
524760196
315366556
146502361
521640313
534203690
610010689
224425157
879894066
962033759
931808506
109397858
448694762
16246326
511639969
510041986
985933567
423565993
708518226
680978625
345562594
536485118
616543929
394569692
992102275
940715441
530407172
829636424
123648552
493200527
993695420
911793919
333616293
347112444
549756866
662419050
393650488
943305553
535825106
122916863
432898620
298548088
525334214
803603068
704141308
49424434
778191652
714085704
301480628
465010689
218184051
54329950
497398272
790154871
873788208
480348742
71837554
499358522
413263333
505513478
828816340
695005575
175464085
146747775
18177091
620647428
27078198
200513629
303160140
770313677
355671446
724799124
29344893
197880168
546050904
712510416
290638361
179521115
330227097
325441454
472208183
429649941
568011210
189647361
560263459
672988548
483670841
946695910
209200375
306288438
35490742
780235589
789098495
566027038
442598830
411858638
414109852
539858919
161223884
448665729
717568782
312085870
72911489
765432129
276281770
266787351
792884637
506857285
585530826
219632710
336040381
890783405
947986881
647913232
860033714
526025582
444938935
727759948
643215081
311672686
927989912
319190094
700066418
417834631
649103066
969707169
29101168
670707973
232945120
358179682
844292935
901515155
487339987
663458016
331118654
861595137
689473455
106233362
565700942
910909673
53934351
998726071
320544901
585227466
191026478
6080278
294336887
170172861
346987212
445526773
397975311
487320891
940267554
720074891
921756599
689673258
93152014
6760515
848714364
609549733
370253485
343133053
537560244
997607353
177252532
90159340
17405890
584523153
207926631
25788191
896808810
324188424
858313595
461133831
764856741
222236394
92575916
826948738
614135960
886918632
717064009
631327143
501040082
75928373
818492170
311049848
991614335
780955815
218114597
29400117
230167290
90642526
831667758
897862695
761578879
227112547
421197685
191762884
844738203
413907224
334786700
300537513
619739402
716042935
921932160
66818112
825044686
261759173
103481302
76891342
876701944
453340972
789874620
297321311
552399226
851713874
185005067
563288689
771062803
252729646
79052621
942801949
79179942
556542257
280981010
778795194
573360018
482420287
848250592
847950947
664001507
828479648
698041980
396349478
888565896
919954335
864503629
611528166
319451277
524917981
769904028
649777325
141436676
900316983
437709631
856414124
321104296
920753325
865550800
541516683
801879185
70494533
20802501
958980693
734952936
934412851
918415244
8397643
758572349
612746443
173163233
459343300
906126070
111491442
62787224
408300002
125130890
527878817
679084605
419256445
695244899
253231161
307769627
789663302
823983917
402385585
22310865
525561283
599175279
864655111
967108126
337039987
101522616
764990750
445368070
710126523
585282863
89374669
650835088
651193031
403555297
787959137
497411299
616835301
961557601
237166414
624361421
877341729
900293483
675916628
690882880
127825005
652016746
917824441
739813149
608887976
145026873
521378733
925869864
575117477
155770504
829216793
79646742
234086300
835283985
134136221
941591772
916472450
842592700
289186226
631394636
629070698
165766656
447001043
710557872
892177723
101606297
414360801
569922771
272853870
568364994
437427042
78200082
59194692
775750817
750021058
78574108
556817389
242317835
900066620
553668147
628253149
678575916
306534088
246683706
662802347
399408869
608532426
857925701
257246457
671920368
206260434
762360678
921043371
8456448
170553034
728069969
130550892
154848090
314362672
543797749
775543076
662705119
684021087
345118542
913956845
973818807
757214346
772300740
514892167
59022200
687297023
402818443
429604113
515761504
543579504
78672034
816553080
117045152
982754670
585697748
767879089
550202183
73029206
88215194
642674309
459930579
729181474
85322164
683583350
941457135
84312406
461488016
986144687
639827401
665483110
921086241
784302392
441769511
501286523
388629298
895444803
287154341
754362029
73683495
145409172
9371420
54727639
409110947
376213864
16925814
386243681
608757956
564286367
844621294
762720674
699867871
471430257
230723342
962894383
673880991
701355464
716384742
48398133
807380616
880160330
864945768
517902932
832367686
401473911
613547129
192708800
793209718
27534775
192890633
17578247
790864666
941566561
266848390
410425577
858315648
909258878
36134947
447029976
332982588
859684132
311922051
695879741
825753574
255557504
922003749
982310171
917633297
902783316
803984210
3631634
507117681
167719594
304720209
200199409
619941425
5896229
430163184
162313375
383271017
56907687
884190939
778193404
479741252
403901564
172666551
989011836
156803470
288467483
111411267
139608357
162719091
611403111
244430110
443292689
83086695
788554796
384742829
935090082
486740336
265907055
907758740
761031517
181737839
581097533
264024673
319678524
874273394
478893841
909767406
499366019
879516214
590781459
746115386
625675608
727580139
866575500
548544868
921693396
798823967
445703812
643872
556814996
291021355
664760834
484008601
116230813
697201999
121376854
172325738
699508517
787845718
904219545
86247699
107148671
588705738
740958732
663058731
969894574
448985709
724056218
494695934
507901838
672449771
765182910
266951164
869934019
227870886
552663247
136087204
537941825
43112741
418846502
302309909
685685170
824501361
230384321
62830507
783865597
815016747
776265786
780381959
708390757
919694974
407840630
964406979
464409018
22105380
248186659
868543659
56335626
211767442
797499476
512291136
318067661
594449256
189972472
89376168
763152280
763038402
148430084
561220530
133612410
675768598
587914229
280689488
547798058
917525066
481386425
729094590
146501155
249901513
326441816
239150116
574609223
758725835
310747387
598782197
944259696
654378873
426201221
585339555
389364137
492612568
364232702
831777054
474794175
786383293
33033927
783468120
598747376
122484742
944151212
685071881
880453892
137333112
800680162
350954252
593134638
872002217
235517437
829699890
845583760
293898886
846254034
968225564
265646239
546532364
280398090
49438100
122117533
274669812
679615502
824235904
510116461
289982106
784772168
83233091
477304694
570880061
795575621
791137047
444641952
569031898
543601653
429316029
29614088
133342902
676707366
666888420
655489057
23115563
186540225
799320807
998838385
524517157
626508612
16087872
741367549
874054805
596833865
531142827
839436927
982941726
543497035
550948229
137566982
823779477
526986301
668839152
853413905
987772514
817300143
983867592
398990011
41892393
176664845
425224827
817462214
656822318
68450441
841505845
935844447
189494513
391066772
728802734
917859846
330409632
456207296
714624964
559766190
328765530
509557243
96664522
32942101
753070384
63273803
65080791
584405070
230886174
109758500
167449418
853465964
497248696
467329176
926379227
374994004
311236119
843764942
753680066
77233118
242956565
817945904
564906096
739695387
616421467
210622608
372689129
807390874
205734328
103421720
887216544
5604752
967021791
239512270
841578248
357357760
931967775
47036999
62512923
213524372
326781634
511925980
214312625
454948244
706462726
623137034
228802893
435891758
688127574
950567179
592899489
988049347
45537259
353336851
169496206
226965554
970161010
961323525
991881863
465666009
868568827
311364904
982266110
873327168
249585609
313621773
993496065
359270548
229138366
508419022
729599322
829119688
3454622
293242375
712539810
407992357
155447149
895104614
335686379
525369748
745806604
30018241
779250299
421858527
48073097
20983201
221604367
737043158
54556168
145280619
574163080
708039933
276084762
921607474
929406128
967437562
627867975
453355943
162547280
472314005
363941287
280753097
528257597
241357793
600505599
667143389
361414665
800777931
483751131
228923894
785299416
122760213
570326155
345518126
484937686
123439595
156881107
772160195
592624390
644245517
428033867
373715076
526336271
627902457
437410739
628216566
876580011
38513766
423920655
524151950
130941598
452683234
77373760
526774900
440127069
100715146
275106126
9684701
778316791
688393317
859116242
30906900
308861870
469807709
910473018
760207597
683749325
119983869
554610419
287226265
77931649
754752926
179103582
276254899
278941023
111349227
801272870
811336135
347439233
115462767
54029868
178243882
553208426
562345524
738076932
68137128
962312539
731513696
41109354
992355532
269003353
583958101
478119783
477572702
818231723
520735981
449975209
545840974
811582283
706857120
372088738
613758961
700060247
513329923
65424377
700038626
451593311
804976836
944278733
428692273
845371447
424313648
300980286
470224086
131369474
532788234
249547075
885052053
843002076
28213299
50832149
17882948
580771074
58094031
599928780
282342077
671985328
668316044
302537156
642261493
179082716
959308753
122824030
620424292
812897295
186482817
997850672
449004890
170716408
690231022
60458441
661564626
23028549
761622976
983726592
913166634
243466731
104095884
662204636
15762977
865359737
527074401
772834641
336492804
314495805
882512938
116019584
846281501
36634882
641997227
513307620
222674586
722818598
313302823
688958108
518347567
761210412
310818613
903605726
354031633
661393187
629437622
774606912
191792435
286891855
138598371
149161036
748515043
676766368
580929403
496024691
438400679
818552709
766929019
378504655
119884871
229812408
1590712
323875874
843938804
846153978
376908183
746826035
930444654
625318872
148613393
627620125
280544371
64930992
590322634
895003143
690072038
823999434
11015946
889313354
440550082
668999827
690105896
107911062
962151590
104525897
169645458
999745654
827908728
525917635
326455070
506709916
970723476
452031738
193780521
541156513
664974350
646855140
145409325
965887151
497843656
208810986
690882567
618808638
417510778
952786568
525443349
921728211
729002947
930615448
995163598
894761114
950093899
17796472
601768478
692812806
369302721
664104865
372348504
941518858
467918042
552780240
199162147
267298437
118220321
674530716
226745371
201463422
534137252
222670245
452172709
503258030
923143472
762699926
980019013
231691951
644996670
423200074
432840576
115666293
521115535
257100797
394166277
111863833
394441349
292501913
894371789
523151450
331484047
13988125
699843043
621981020
284260021
260943590
435182471
657301404
965469880
185848398
277225571
955440171
573921237
865887252
986703692
789787736
829375089
240569313
541962965
363359909
585820145
266846821
559410901
206828973
681829678
584329644
643165958
959584064
674524013
110563012
894149937
988287969
873187761
242119589
212356691
200239140
401670842
818720263
659844079
45372201
903420036
455767382
321561795
775053704
438171858
925972787
670905689
768794512
414814893
624089612
984734489
788317911
416565057
982308634
801187458
770722302
694556562
473375907
640097614
685309937
302699108
815228394
900615275
875999183
233683948
864685041
168178501
521650489
838082393
482228599
977428599
276845590
630063249
17821849
16685479
941899498
567199875
262564510
604623788
746093961
317829291
228473254
68190893
368563874
498341537
664810852
199645998
427956167
8667243
326876218
883360170
399201302
442199454
999388990
264648900
602481970
196942568
324825606
947150403
200741638
864841666
87207943
741735627
612780094
463524174
446664773
557247141
229852417
38610092
462571208
942745127
207677637
886376201
353749592
396415030
943676175
290308384
601311641
840085347
854004085
923198753
871207062
506152098
373110538
608559052
258190597
342915381
612401008
512868736
131857358
469596700
258838364
236666632
180681465
367054340
870188793
570480561
555279595
731860932
606851190
960213651
269816013
775394471
717935741
205146015
624054253
458742473
77342370
25594966
709126828
699707603
561274450
639778629
907021565
266751653
536228770
832780466
484369992
663224825
203054527
678012359
761079656
788429203
829478747
33729650
796405328
772268475
233827072
600467048
354747915
60486919
751655813
511560293
208348944
417229327
320366501
911201788
993942044
491291335
556312886
342130237
245512609
308378677
534632664
162810573
397864408
659588478
365043415
341075811
578165872
532063167
206798044
755454315
405021763
946386927
14082157
201302741
466332328
428200416
605812795
850742792
326082474
516153523
799949581
12437164
397314542
496998482
488045052
788501209
683049139
667691566
714364368
483979454
691456382
241689908
538041287
308443622
576835328
466693639
78585126
669600136
264591004
618789886
147865917
216822534
180839585
146545212
614911535
988984432
528219062
457395384
213466781
768219919
687074041
467482735
952344684
443372950
398391723
510823627
361562433
231669979
331479869
830921734
377285794
429904212
876632772
270091709
357201553
163290675
72331677
682431772
89063821
84085221
274362992
554742940
403558738
114463646
283832995
121203813
947339922
88580420
683517965
531002926
933550922
832055213
538993505
766373103
810249994
375171521
249448910
41743526
653933714
495573888
393172317
478318259
595608360
365598174
860918237
29855495
653513820
138042154
441386363
606683764
53226477
796537538
515006743
871337215
629108826
187344008
582232820
916053216
596765821
92674610
13238771
110965759
674324085
693832619
455605510
345699648
430423603
995420517
875670441
839201110
158138451
157979102
417905060
104688192
196486512
962888553
786285669
256520967
726635307
88322775
555968395
21473619
612454422
48896730
273696292
668212040
792728744
690891277
599870618
725600841
312287494
563892323
71320180
477140659
22021143
561912996
847853196
385606586
214134476
309032985
444903850
918230219
330530679
739939300
638957501
761811693
547671972
985442364
880029241
61165609
234304265
959817116
697753484
138404716
873227515
977531127
640540547
743497313
317821130
150656897
279203176
621222936
460109875
192419633
463908108
973308270
240009168
516351616
224117625
99092900
575029110
278408641
557267934
647209228
634243941
660261315
346974367
514842017
244826794
8930405
250059575
104454364
660341554
195499600
296456431
277748939
210277194
529926437
68177797
245731927
332855105
998106665
456726815
778984341
217458814
274707523
831609500
123419946
498130585
13109062
659133405
35360223
835833058
657270418
654518734
802177871
333433658
742971235
958820672
685992928
977878222
282415010
260006984
372963556
246253526
887467380
116804366
927571915
475298646
443767795
444952391
512426939
255476904
755339745
971487046
880087128
159241013
881077282
443461584
433265546
249822908
451468323
874195092
701580895
925202203
45497784
13256670
19967351
340315135
72099776
846682590
916827939
665147913
564045949
713029006
693524199
327576100
477606209
220381667
57744014
225834917
933899780
912861733
288025344
804637472
855685499
119067300
297875271
261452477
607566436
630036040
173336775
338556942
770915350
698742549
477198722
156774776
865802811
802223444
693571402
190124146
726021400
326648669
810093834
416789810
771028598
795323976
330068031
882217154
853966254
91202246
50217084
533104973
259754135
362767833
234286106
633094881
216263610
795588994
346453127
205171486
683581739
485060336
752862930
810946328
211891612
453657123
302596248
239718159
684839757
788727652
865658490
677075302
624303108
131217744
372961615
665951821
859871321
353061669
809781042
386438768
247472531
463708361
334567307
645192203
858287303
85318341
604427170
522165625
369797930
403792670
989727039
755053442
101864012
397482353
802116751
628368654
538245873
667221965
191149769
156892214
714425881
411163531
950226030
898627131
331822194
857900350
480011433
472884504
788190509
342157675
639978016
491957407
333080213
110952212
535345855
928813911
198009919
373374591
466338254
451362316
445434103
714792020
579212773
432295696
815551500
32961803
393965129
78662535
653584221
561817783
360456470
746389596
201744399
570339857
295478749
119704246
915145555
95885287
630626032
686063640
897113594
669731914
379444431
626015117
779439841
382706352
102472377
451792610
947275608
32332473
272019405
883049140
403788943
352601507
943786676
700936485
271823874
982355922
916885429
75419598
553094301
546830217
201616739
101935098
809401004
885256821
471231832
38413829
435063136
791341321
643973176
728401387
686048487
858961845
988126924
72581209
613371896
679791223
272476190
148077820
493645328
160281512
754094727
266422272
996796501
479101394
379169093
596256058
196936212
707168011
204923711
455965638
235493852
474703530
318958814
113554493
638383463
405231977
292472288
10217516
193387763
862086580
279022501
177986590
244341380
91955884
498702831
210119451
383566138
855815330
782330608
940943935
629188573
655197964
384653697
580588094
401794810
921064966
296781346
336246969
412105619
678627766
373950087
609277718
215854291
175580321
551337285
402107308
94244251
415466215
531417678
31545850
245782298
23735011
28663217
558166763
841715398
780665894
727671656
307816790
781372271
686442047
252172067
170514695
371664343
81006968
654384575
868240355
71505675
769897899
883070755
685282069
606387032
572662767
48795960
931238251
957959473
366783405
847182863
475227149
70384491
882292592
807388454
691252950
920677842
577887805
500694256
966695336
929333909
116232924
477928137
580277800
214185192
65567005
573523086
10481737
883669942
246823911
81521501
460340419
639953390
663700439
738136723
342732811
316302293
471924673
738908567
837641333
236246130
938833739
574581619
190796626
665125186
228495707
436790983
973830121
701352217
127007557
722916747
932458385
525523184
933668237
158023354
840031163
549340051
659773235
474931655
324542725
397040485
931482362
767966820
368215642
924463237
379839129
842327277
831166663
789258629
913625749
54330214
140795402
50934644
627514642
209649991
185568060
339966953
611351467
831580259
151520790
227267711
599360370
139044204
972812788
734422482
605530388
18975909
423879440
215937313
786942434
370110654
75017690
437447230
88360200
614475816
928575933
500348929
984652003
165679970
262152643
247067460
94516322
894338809
995946042
922692321
204211308
65958215
426431439
626171951
464414821
394867343
48396334
931888170
681245022
176600308
46573617
45088586
199521663
401756598
69695160
938575967
729593843
759977842
635683560
535394801
755465265
380591296
800497727
961643984
474622682
835956881
525024620
122890624
534561761
85625807
988669868
264416071
433519972
28111505
345220070
446440621
462495047
209767378
256391489
309438320
664009241
999519841
787055681
962970909
257597797
951782265
808065918
185149134
503164631
101237343
239246912
640463068
404785281
823304740
591546281
474957663
712414982
154545702
785705000
596001158
46215457
678508896
272646560
475874268
183794775
52771188
475429550
735840744
258640877
889840301
902560155
726367816
110466786
231807427
222875408
64910625
693608659
110979297
537293370
662449873
930858760
341457424
128659612
511512429
261704809
201964012
497750946
473427448
830019414
542787065
132983269
212910313
170963591
124096846
291316657
909956357
320290867
223768328
890183023
413475546
18347186
684612858
158508129
170903741
930720156
672598157
929363122
21941329
659287710
229997531
830626990
338690914
767736517
665352352
644909796
784414456
441623860
395163556
488049105
237671676
79879818
809666038
867825326
920037702
663204139
135038165
72645265
952551025
253864565
628099238
295379144
268472646
976360083
239098047
83578728
552781610
12998950
385822126
222295289
984676458
917742988
839514556
138164423
714994188
217446296
20616313
909206251
679685761
976900866
68476812
916381842
782747965
42228194
486085148
745035200
26619259
697366744
254059065
330121988
317850701
97304669
615735842
152917152
659066686
181315194
471859546
759838529
762383937
683420671
372571263
956471749
799509906
565294432
39841931
823440954
384419593
144271742
317897093
495256791
39998083
862387631
131882647
681620501
912167975
673835685
784798332
761718171
89124240
769550455
420847066
493402614
720636580
627835698
85041404
758653287
484249422
338425106
25807096
376150956
678731163
887828030
422408059
541594666
741345992
684263660
229817474
613452128
103920790
381975871
149808352
110893397
905185463
781532044
789712525
462389918
752252753
245904671
860665927
507186921
95354608
774298733
901521375
463472424
349000070
956971441
890766186
349897111
286459739
247943328
831078434
253888213
231388425
970845070
680294909
847348746
858216210
731255058
607205898
678330503
203159528
685856524
605528830
410724850
895006847
300894305
320806680
726605563
719039353
631039049
130932569
721624026
56654729
382723515
10068964
650229004
531003586
711756652
441899871
169408242
620599619
769129222
902573820
33701252
109530392
829047544
25480767
680421303
927351507
97367777
344134460
870041742
129947086
533753138
770999047
167459681
908029684
720180036
546326161
897601530
185182520
589650487
71205878
674945966
855633873
163270508
767940443
221247681
65157821
890401765
421345103
415843895
652619067
810750638
574861785
190789543
692823062
647710098
781892596
361502947
357148786
386415929
130646443
655281766
829475468
552037802
441283887
330161201
862551254
528346821
916899831
23336584
346885167
20488777
872150778
968086127
731111191
259299635
383309918
171171388
404853804
413719600
579239021
943481088
648401127
639667199
858764179
139496851
834031216
270623288
699881658
577098752
741503877
912778548
569035767
207601938
970013672
557191774
313853854
980294267
236412208
950790840
386391661
778763277
281873894
848837021
685300290
570522621
352869663
662119776
226836249
780455691
451870835
54417219
349217999
891482750
446481999
803361171
950023618
304287257
652987100
798904709
752930262
497732814
155818701
681733975
80027205
478098921
912152260
269049552
883956104
466052171
153134426
257389047
5832592
904504999
311030825
468955629
146609869
56932136
265870915
928612819
686043151
685224864
9250981
14942748
889232321
151629216
824626501
958368819
20822958
572767527
428035328
663451210
920180117
901475589
413320014
365409773
625091254
324165924
856211278
332312883
817229602
248444046
273010852
103019821
992445748
303282868
214586824
200662716
848896693
503428745
346431331
955713784
812945027
484054372
812995011
337433372
743509810
561769223
944381559
241159852
392002409
804964734
802577159
339213636
598341225
121329516
903421553
15647077
973869445
934131600
313630773
147399577
586226249
659500011
209088549
51574577
795052802
524900440
64981352
437168928
996836849
508049790
887744630
211757785
223083076
21995590
798534210
913530509
816842078
649849942
540417664
27409957
319103924
182601149
645811853
719541979
625198337
254196783
812870389
70731192
534519105
980365706
697092091
582575662
797107357
549319188
382223115
94337986
65088106
306154774
636677462
470724291
251115971
538014873
151905042
46053435
638178989
201792323
930625132
571825066
692032512
975249767
73745144
98389487
247667393
424014815
924180506
879371173
161629688
330568000
97780012
771366532
447594696
287631408
272652890
2501349
955529496
243716299
303055462
23901263
501792769
568013810
108840358
979059481
779574858
916633266
856642978
465039820
328399692
818641312
899704101
168656473
541432046
987125743
767938491
632776795
827507112
22171138
256245456
876535907
487799866
972068864
85075732
191888893
977317030
647829319
446043369
56331166
588699043
72190356
877906197
554509261
858287266
881689617
224327157
216693653
551482607
266181479
32708554
159206168
746762181
742861893
204783244
572856456
605915957
662753136
611034933
945495350
522642760
56843687
460283403
987387459
136377623
988831824
90922932
498150286
366296972
823135080
643670534
751854082
76948437
415400205
674218135
756824262
278509595
416173237
434827967
880168921
467165550
29550861
601404028
650423022
963084645
233168669
478371682
281069677
191672447
716386261
644388574
856537014
274737059
136981221
377744026
15299653
162656255
155879692
480493979
982736188
42162701
809178632
515627405
355872060
103477650
855111497
522324562
758266856
105584889
446421154
502584259
323485067
497743777
658992996
329825194
904757202
867457566
869049247
215892141
859687929
922289239
959819301
298450052
965153758
185489843
959450335
241053213
970736398
532791963
917811204
528373367
867809135
222057700
891267995
370251183
640946653
986394035
173345234
89575719
794080147
188926718
352974159
307990295
118281559
139698343
49282491
339218709
704772357
210335837
96464530
646133206
863659010
972989537
792190513
686485889
415244974
153759799
373812595
171812178
650079727
679451759
785268541
24224173
765384577
794538094
875980814
953246556
478327907
526456051
765142581
583443470
659792543
979945775
882583527
481024631
248501246
227968987
35909337
69512239
362542962
186147009
147277403
828316413
642935763
790700670
40792215
206009683
910281226
137723926
322271393
981829477
8848719
422030824
98644325
639840447
434501163
451162256
3136272
103944129
789433445
836965647
636148570
739606388
234785144
234725584
568453167
108215278
300357924
619090874
103124411
303979398
586208158
38178520
220091254
141211200
122695902
133949340
951171829
518004680
814509070
449351869
875141943
302838913
698371574
903998958
67606228
992427838
196792128
626384841
472809530
629512275
746820894
418811155
33181700
206890273
337786178
922420186
511079143
559164535
79622530
454674934
539303768
119454994
603082291
713139889
701932318
923998006
346707653
621670068
765679275
50396703
154858575
155820107
877362983
442157427
194979471
916011877
36773706
335059773
758731029
699731705
398360405
503028816
933055965
539841921
714389962
17627101
963328593
963671387
205091230
680391315
486255273
170486493
646601355
311151219
791888756
344585201
592561516
407037767
694120425
951400320
302581307
437610893
469765451
260923827
695192728
891153188
583916664
162637374
816710696
797579696
9295225
400653284
223687049
383593860
267770528
749604483
107955966
173926749
464354030
50639540
569802653
348333631
192959630
379387092
182925335
143338396
45941417
952695094
319095848
111013708
125281529
646269252
815197422
562045857
625619303
609847552
148460687
317309140
913615945
347255198
138213914
265729999
96714626
416950017
414139847
80092220
730905269
618973393
834978083
33512284
918903390
317196989
678391099
551779008
104463129
200481350
403548651
745878127
938567278
492904288
26816834
323156281
222325521
344713902
187140981
539986677
83296298
497715522
891140017
737539489
742999891
139498861
629355344
676808784
96962920
148231617
643491310
967354719
269974334
524810057
102723000
702686231
918700455
790386108
910542520
182623668
901871026
829897697
848143382
636144458
827077999
724122479
958393171
970307715
861146817
792205291
984879876
826082842
355991268
393538048
631996945
597000240
612057731
808466504
908678439
205191000
584906064
931072276
879044952
334290296
938041126
990850709
8472744
535936222
311614067
529974589
183597935
677534024
543353335
806506433
471844187
449717734
43877326
863191423
86449819
361557658
219014858
362076731
160028420
590547911
727310881
705715446
583939806
239915744
933610132
723993381
752352937
547676828
679136479
659105599
157051867
738256043
292239020
511543585
687780298
150472080
84304896
603891190
362300729
246749391
294744356
542956427
524921562
551162740
703283173
999892693
91727993
42835505
852827883
112196232
577293775
405479309
377276220
825583174
358196314
340911726
461809113
321795074
425726392
920554315
643603326
818860697
424606505
210061920
875650900
588414728
179649000
243013362
379848825
406485940
416043963
432461789
364934676
389264597
392033876
964978832
938970595
650271902
844515555
964119141
122415552
134053501
887570092
372254307
939387498
967444768
859507013
461335682
817252676
213378229
159673202
39586509
181692535
207165659
353295991
514365389
381918789
889706513
54948279
332077175
572328875
362771428
859741609
926874712
133772297
41622283
261753162
794676078
962324863
224852139
174063285
58071645
606373334
458486628
51930193
825560465
832804865
767444617
450293884
771562914
402925384
288630314
564914608
952177647
794912922
982465774
722062292
97733591
643327707
869476414
173602085
894024769
67466307
942304896
717611530
357282207
944896687
655666256
125844724
115087770
966469993
88637533
437775748
613673038
98415252
27507094
12601230
496687497
645829948
58871224
920639015
981369585
916339209
903313737
76945455
697591596
426416125
393151381
554229084
377426286
257188850
509344150
270647711
487379335
214085115
59346035
310626702
5743959
488159642
505115709
211371275
928097957
693037232
782827822
41794671
248359109
509150659
585368545
951063355
578402137
748950148
183207280
558646718
666109312
179016691
185720570
301259153
399023875
55083203
72607097
757154698
22842642
547757137
587114882
998257032
263712312
129160174
17290978
995755648
342003914
144244623
820965844
941869314
140702829
818382256
534702123
253980253
592382228
24401643
803466607
86351943
738744211
872722028
229341806
620641039
572246637
338600193
991558428
454573465
21696176
232959374
418236482
415014084
361509875
992555059
945567658
936565704
485925021
130778095
401601285
604459663
792172665
722653743
970827890
550493295
262222066
938230572
237630892
886688465
505173255
92987590
226754335
238297640
959267361
254353672
669209976
812510807
57612538
74339463
699667985
403546847
726867049
881138220
266494812
864772688
830484858
407293841
281113712
876672451
298005460
819803976
346365474
459255920
983727414
17152624
665696950
835342211
63240662
560358732
52652670
646242170
278124955
74092992
865796506
443012972
127122814
170462713
972651996
324255438
289665103
703537649
592803128
853582265
409116251
633524216
199630180
451955769
685309938
394663579
70676353
780053858
433572734
167713184
53227584
835507567
353247645
435048160
799827826
483647025
26329400
320740474
353631870
212812329
353720321
329014598
368232242
993047467
641491642
431468971
490026538
657328493
521084414
234656217
267611616
284703784
840490676
776418640
470422970
372824252
866964541
704286411
665030339
506640352
65514141
33892737
473752400
810692291
806816309
609269521
886958615
470034033
321638922
483820598
301185777
957376802
930333618
558451011
584855223
634873533
139025562
431654314
585577480
82650406
233113576
738613563
810094203
315587802
812937602
821185984
609548385
361022148
259087549
682305072
502044527
717210077
809867358
362342349
567671304
179901228
254384964
536986717
333044729
364407337
666160178
944012359
214304116
507182865
750234999
460698455
347831331
848145280
4812781
677973658
981888053
104105926
364898075
139208181
284572099
549659754
914748080
253520736
631379045
110075867
568140110
648538785
72486142
621420676
573434664
969756622
368700970
89468157
779605003
752201612
733540954
16890032
950082852
701535952
311791472
838010118
760567925
519896311
254058749
565428087
381987622
124561553
992139955
812957523
901638983
61800126
589579687
515852277
554902463
152765919
431662055
718897371
853855317
238865382
256440453
758980351
109739663
443270851
537758574
858219923
240817749
502128105
919130040
666080340
451276761
597425147
292821284
499962131
137991685
644907160
75470021
3314515
15910906
231462638
303569979
534507082
590712491
81811950
806429045
455213921
407721346
955323101
311451857
341292102
745068169
552838451
921682033
124572623
290883890
653198823
410910774
978297548
270768065
578508859
379544914
617547523
159574177
986869157
987095886
463766800
693764472
856530013
447083823
929386979
178551319
234167294
909942601
293451404
8927932
211953247
132834888
856151065
173756681
577715139
221780460
507666242
894798597
335959674
906391095
847640391
690073351
311074635
194846069
957660880
31258511
748483757
474877573
555339213
608281480
412634717
75160408
827002818
389382137
551471033
612540826
462508416
806803663
275484496
916889527
483802758
837302381
868712348
805378123
128695388
436878010
281774437
370891862
916115278
129456058
477200458
73211318
162997828
647109469
26690241
924275414
194676034
289343918
492364379
956629489
389180377
836907708
202132940
509159191
775580632
731545870
144870141
375453479
146392657
807215545
625028022
129530178
188522570
437623048
511810896
924147219
947606012
213173448
755625235
457236960
174001244
804893913
711157632
656250758
958117331
523188057
730156271
648790297
110224295
965488587
716108442
414096984
786848416
740532826
6903194
632765472
365330455
882894295
73356264
753547904
544581972
138957152
525029125
917430161
541108615
173607254
158243219
117363107
421237615
913683388
87187161
762492227
76838641
598267104
777954218
874347959
323743582
165446508
691118388
409466474
552171762
740474880
62130700
491941328
721675317
78628408
682959445
870374856
499264034
513018040
24113638
7090778
899400885
351187592
912751139
852792474
215276791
800491420
184463083
899640259
365977655
622226770
582859854
943393787
525423680
863957970
556826137
491305963
558216819
357749551
662065788
16508276
762096756
480108325
330735343
572899555
843409118
496434633
579522008
998993850
65764172
623445544
210347422
353203565
81090904
603642683
829935344
626989485
537044218
628005824
614657004
31775537
383892146
322658707
821966957
384407086
906631743
830874280
646115856
915278154
787378405
76402581
878933904
664215309
419607586
33564273
17217612
847406987
818609581
762786109
837782758
745990977
163807928
586113285
796883914
819960379
71136811
709041120
954562039
730620449
370891570
735797615
362912792
541847265
772014982
555746991
370339523
54380181
409613562
428432308
579978011
247624
252423583
334941413
803188228
841193523
751820059
388469061
225551364
343677571
160431308
227973482
190128019
360110112
364836794
570363732
896048360
695267607
807016485
411395848
82430880
911074434
349987726
889030776
178736702
862819402
429548247
781145658
642513163
729743895
109978399
481432669
427652033
496880708
811117892
816390759
346281617
765607882
423650009
720335165
178117228
968426569
529787845
383927313
350097605
905059064
413703187
6420745
855986444
820795031
506265775
258839870
718841819
407729189
855778062
880270054
134023172
38639564
201629844
912843115
699817843
98371349
814107726
491865282
365714699
124200422
985553978
621479932
672747314
837685760
141582750
439990292
844900999
697522936
51353701
811199195
925503739
374377840
657780181
317909745
989123728
747128864
131944706
968470943
795884318
479866433
497063737
746966406
400175981
142973889
86265015
453463873
831805552
704682203
687009440
621496067
891382998
735661045
522531679
79898111
927604426
668458353
650511193
624589381
817311552
949772723
345750169
253580773
514910585
569619307
553656506
178493537
743390762
707886480
213524743
477092541
720795461
171687190
346912787
829086275
304661590
678378592
994493684
419923085
591487536
179708697
60644999
422864338
32631109
902003129
22732786
129122340
505819184
652415808
73956034
186395780
450234500
854591957
48209285
198408146
110210087
441701330
57924282
281304047
279835768
255523470
348759507
788136489
946595368
683913286
625104029
142835521
72045058
615382595
540775280
176451853
264143670
664049445
789074789
483205629
627563611
152083299
14454216
591803991
418214219
365412459
432704131
823540189
607687007
85338360
930040378
790449525
835802195
984222382
145216252
27420148
80687438
862583570
495769364
614531834
326336907
903268518
921084043
699959804
441929132
872419526
556403990
791420577
342293975
368558214
441434211
942992860
438525130
175929015
214822637
170159769
105857329
845983765
65129138
53194590
588669151
552062300
933536730
744793022
79797738
259126788
214673656
769503188
143067604
340543110
610384600
302877197
557263820
524281992
516271196
839749827
948790879
49294699
942254625
809048719
584631755
145355061
343935191
536082519
309236362
857890703
69742026
70597691
549018569
417266722
359336235
314735242
369658541
434704533
905149682
618471440
788611676
968026129
975639617
931071528
136801281
948212057
635196100
363526607
35760333
984638514
908670829
904358074
779764457
836031414
889201043
989793102
951584180
998689594
492142467
962845765
609483416
779383385
516773594
644749693
423303563
307627011
293486631
188969637
660628820
150581071
29817917
414196130
729093294
329573501
461468153
495407217
644456074
557706143
581761945
566574198
772946622
171316069
956100770
38110659
506329552
703161186
596340738
957019295
539865807
389594921
155558503
7378330
543524336
741792887
988679066
434884287
234176288
497435372
497289512
473780986
326293377
793184557
453443909
494144600
413267777
930925294
883426909
576784639
22847526
567442616
51166336
591773111
988273444
411089950
354389514
381667227
787506814
865850024
951341059
892418850
717482450
613793567
406645240
149398956
898026394
243921573
268828841
527490886
188138804
972675294
132319171
286142990
843418212
394114830
278499365
451428611
764143160
805192981
246735943
338182103
264119337
719019811
325518192
687874809
854148763
980206455
553463881
541293232
971573654
443796094
795490009
180635665
586345289
643673063
873676107
135358495
131429012
895150036
722093186
41621557
30702806
576609821
785153726
112215619
942073275
530773571
169837238
172653784
514122757
330902671
180371559
464262681
561174744
558330914
347104021
966525950
741119924
879053744
972443918
832429686
980101737
822606107
279203311
740726139
67607682
651337051
574341849
246690524
445925103
383325203
100871894
335625269
134813702
198912556
952697160
311639858
975874105
220065745
119266724
285574625
608862999
257146308
683618491
53419401
501734171
240502330
565784600
388590819
434779415
814265788
964797456
414501766
69965327
220390994
635781988
977711768
844309999
441953695
999079486
10563639
39465042
293066887
591377170
256195806
286345822
617618908
635919008
25471660
48344360
391124610
527683561
512260911
420461817
491791831
313577765
473169008
601157419
967838419
953809742
76981516
646595563
21671276
337287399
311496161
893963649
728316868
398688992
196857047
918963083
456723419
123922914
276800406
950527737
861554545
957564314
895820612
495143918
829746733
268872201
709323138
629306190
867940343
384917330
258981928
678872962
677148896
434900532
170490147
63516672
557956800
106803526
512356972
794171806
808497009
855098436
818774584
402192385
970395660
323788346
475283439
625125281
615045613
928008553
636486692
815702104
11978268
908294037
224633898
19158360
20750787
946121280
549737695
873879356
97566874
361286998
819982636
61432908
568871113
556424471
933509989
930539302
934603609
709344052
718093803
679134834
288693690
610859728
254374595
705558079
380089456
653702981
301703457
273595795
906432748
313749753
833516188
362907448
819681100
334594564
953706330
113345045
715731796
453585121
455814542
21569834
616160380
755511367
729112781
625040344
761188020
861487990
759748358
681717622
330405423
365113335
117535029
856620037
190365695
838288465
872281581
206383600
299317168
119208154
904917824
769530930
241978374
533883920
570814802
887579706
314621448
255679610
615364287
790148870
296788370
581909490
797167243
719245833
771336623
578136691
602062489
846410499
737312
305748693
771363027
133904704
804003635
741327732
9190633
852572009
120773355
894517459
506977967
342375244
202633935
392927408
72051324
252457633
693127942
210668284
485727973
757274434
408862602
468047794
50710073
688180928
691205586
157182511
501928788
229581668
720962438
769199274
384467521
599159514
235510524
936314825
607502731
239165178
211269013
152101757
77782161
595878505
600809993
435955641
789178741
471421923
215564298
356147429
337563807
684236250
457660650
892796443
684165456
397100632
893145503
713163519
316048714
195699215
453097031
950589466
418157673
200275959
713005462
370789903
518784333
850744646
395395450
279496764
349016926
215986310
539420789
888496879
2819897
574545403
906086314
379484581
633843925
439366735
920890202
368673785
198336545
552697998
880446409
560913088
2633888
452217925
802937753
819014577
316532082
435469998
602399052
78385817
199887441
645027129
756762278
359294477
580470284
796767018
263228543
409277442
107249544
216093514
916768525
561674855
63097725
594697615
70554344
117855674
100795589
408555302
773114105
144656285
900397079
30305016
554249238
919289744
565736956
317924686
55015455
285090832
35061421
706225862
104172568
898365933
39540803
592473103
901360084
358573789
781445680
763929974
806457033
768508106
748878061
198183799
179520421
999460950
594087694
227033051
27942413
426917676
345113763
643573525
830866707
668443566
257584062
244755297
943923229
636616706
237071523
203207109
707458858
142894042
192633691
989417878
644892606
533200817
412777454
229942044
657902204
565174949
458145425
125697146
611144513
389403474
44003920
711588353
376610874
954404929
123450934
509345798
615705854
213086326
204745072
120099404
307375847
543346083
401409072
710776849
600826765
254173942
353674239
907766377
66319120
662475607
803014508
442696069
776308489
423969289
350234478
858384893
786164918
218541842
100884791
479534389
144853196
348609327
497462422
686258667
780019902
46158760
370858293
87314348
668139210
952974046
81569294
262810173
214544348
759971492
556207607
810937189
628028741
64975593
321420007
480835890
569348489
538082325
58217614
390011414
789446907
350090974
747211980
285659297
828315343
536769742
692177564
242214498
75353233
13586212
139934619
108903834
183667326
479789144
702949525
166956334
851087685
246929063
715160582
270062689
591688749
137895539
759566510
238052279
484308180
225260251
74589945
443518366
215259964
974192535
579683185
522296274
2523352
862604698
73946980
892718600
113291521
292757463
368560405
733282936
412886634
42319443
529844944
376648712
640329949
601237469
257958960
695092662
149780897
91523481
715913782
431915558
425819689
410213007
778424565
116724007
747322807
155229021
830216337
226961484
89324829
298737116
276805740
81919151
332406875
954516283
409360398
426099229
353882989
604309371
211170651
489334814
901534069
286821816
598677035
732664659
292989831
414003148
566218357
739445880
365644259
274100952
788196759
739872091
817709053
48546072
197020206
415706342
97394654
129013935
698365091
409578165
6338650
384498727
626251912
376222465
550991571
139886310
674666595
918433431
48734078
801014001
919239255
93408605
703001062
537569935
629813659
790715960
242874318
247493129
527406728
903223501
89549433
174828885
111642941
697125731
494960486
643775388
931308704
346839729
594380555
222687998
695448139
324099836
773744249
959249034
531462722
264407011
878598626
551368338
3702824
117896097
149440338
547374192
797979910
520677477
912386624
345001903
252347868
543674987
524940286
839379106
81423425
773460047
514631418
981502119
214360182
983510828
386965962
460214740
422342577
371561687
249481588
678681466
148917993
198531807
658878479
794151867
164005588
233888731
535007493
50513830
775121521
367706929
898374819
393413629
148955861
596790808
412889770
320433380
693063215
423006008
190093740
37858872
871022968
87451485
496011308
735894881
238645909
63800061
656745447
119294573
680051769
361458519
823736487
85687563
468943668
314019776
902187337
919663365
660589797
484352796
429462123
89431992
794966465
359828674
826772369
682116836
555470937
683819822
220622703
358810550
165819576
324317578
307875839
888303912
362559341
441678523
286263422
535178108
524620711
302149904
94550085
620891071
563178443
699129449
199369934
632873185
66873872
610716898
364761632
891533002
417925861
265989897
735165004
893174484
103831665
249896446
2203939
111187802
985825875
107443922
100739266
322023155
342143140
409490395
605712623
476747586
819524166
723340078
609897598
372290995
276701474
155900926
201381991
389877254
671183979
450260019
296279439
964314680
55620585
373104932
914060367
209060519
560085255
352777256
344571928
380583068
26716603
626015868
894687564
183804062
180090348
555215312
611719231
697673459
380557305
403182469
429304534
963493761
866469602
846417624
865661703
537310845
181852040
459081868
675638735
817955439
790042384
885334067
757171203
422078652
63731487
585097628
826823394
471519666
846530605
43572182
20215064
838194759
176900887
790811444
97898400
332861639
336246567
226743442
596307282
860133387
465891754
382527456
784935920
340961079
141461476
910348254
964401661
606081152
761910610
606361962
139968175
454693816
615547021
807722686
318160398
896688876
781681570
370182211
948627465
109225258
630536246
537340463
983001463
340990945
789217506
922053534
13500552
679490920
24159945
421400015
380268334
453809984
932630208
760610351
398865720
421041373
892651654
823062368
255800195
469287782
171826440
55825085
97073489
119531386
419274216
691109231
537212579
936449785
655732700
996064403
629123442
841198598
716321344
169444335
689773899
165057289
408685769
885458306
909720342
137279248
904694556
666164226
712593578
470833536
403002425
852240278
819939182
414699417
585701930
731206970
746577269
688758968
721765209
291510437
192344393
705110933
357909701
879232392
934062013
161096424
285198715
408164597
361039276
168296236
69800368
717881201
340393592
637475848
450431000
656451272
497076138
614965107
684001148
529443082
910859964
238027450
10192460
995413568
708171044
628196934
403643462
856257912
101022712
310567215
938967134
861295694
842244018
895328462
67671945
597580788
757945819
538049883
429810076
811289844
945891681
978223677
86308886
835926563
757597450
462899854
272117727
516142749
612619006
804178828
224446327
690342881
159507566
763628073
818420852
241212781
183074780
887331506
208616317
249730029
310548064
954553887
118618508
418986095
658380999
26094177
669541752
483486828
777476217
735284378
216561556
714225911
958551187
391828205
12918408
462924054
92464399
551907626
177696630
133504618
37231951
755819779
988062687
926740555
368442422
828809794
122627344
125979321
977945817
668875263
129122644
742165948
39204340
569945398
541922236
765107395
60382384
616798230
391991330
838554653
95404597
903968855
363767856
453488613
997306743
613963385
331101640
568580995
759455971
366695965
743731637
928184368
797393536
861321959
485085157
165445645
800278841
469153354
186375338
845546502
8110918
745615013
826159338
571501393
761107686
90825490
5312788
409811446
697450264
185345876
748283652
346640452
450502813
646226473
157493230
773509018
54346274
47631352
796741177
521305193
853550271
792244805
515404712
387680729
949466116
375044516
639057936
270582926
719271922
2864464
791925584
619051509
952992200
928308313
310854494
460690030
695609051
282152796
275445674
109658483
697048991
971120080
645814480
500664284
662334336
91801391
952303404
74679612
716286719
217763902
501510384
397017533
483299290
336534137
131969951
959188616
34017
344394697
918899186
898819953
428376363
1911330
865049011
184453412
962018094
450602264
769010404
590083252
56800119
619993002
159568182
373050547
588296930
919939558
27975866
324197965
348644055
251646997
715745871
970426397
37617912
768423367
6619140
987554969
272925821
335639587
986911706
275550392
957498519
272862651
262561279
712560908
13859538
945178699
397626835
658018232
752316097
736713232
1065371
752188579
678836727
377948303
343770828
113870945
139861561
359305394
881103346
986343367
885274270
818043844
77630629
951306320
873802038
880165721
118419897
274258192
596777847
820976758
272429338
194800331
377807719
492185040
795032609
557281576
793257863
445515492
725420169
580908483
959224044
111123613
305176513
349168410
977005386
573902770
3469514
645244826
477287368
658501148
459899463
988519193
145031977
335686353
661650087
226092359
218950243
374005333
355326964
642777491
391723001
537245155
873683325
664923335
985694883
958330351
206007926
478899773
787554056
680232434
660386059
21356866
825080583
328856341
571930578
140958934
466610329
877703622
194657163
426868262
444935936
300137071
236650591
626585847
632783385
881101396
670587246
175276467
192902928
137900580
831290334
995872300
950024067
679463379
393923494
537689363
173844666
960995200
6568271
304400483
625144522
689274489
469746862
597119694
99753931
368881978
445015496
926281021
511013145
17718296
954838237
5197553
95370796
437937999
644813302
511051875
923575400
470357380
145395137
343966745
52062957
982322677
133618008
160287270
739796260
676897899
929117531
568007798
92560659
910413120
677129435
296835450
37455057
218035943
995398932
508297619
896339949
625545039
657143218
780211765
354471295
514262653
765042814
525057262
992318359
760015542
597068468
350990112
405231014
729825498
321443698
81713507
833369496
762791941
386097803
202104264
885481500
87868421
744003531
926547745
491945545
575128263
755778599
733735855
75760674
352447340
92623440
769985925
322355152
70425862
80552178
418975590
29270132
673607644
600625677
340132102
907113070
12388682
526198875
833551214
167421393
164234796
653030716
456446541
8028252
877034291
508332818
262272584
327298558
622232794
237825032
317602905
340457730
592292243
178576392
7801520
384192859
960051067
30410992
140344032
491577852
328523806
745264122
60659203
599467769
108224494
223879306
539986800
829130633
97708351
317174711
628910020
251650271
978533115
141833408
456331404
678128202
895029079
831293593
781870930
71731244
964883549
450214309
398737769
296900096
953072918
991713972
765915095
968642085
424834473
392473482
396367856
230508764
534083264
788064355
945231625
59369311
151751180
318512027
432316875
594682848
791886607
572315609
498905022
268368087
390330515
698900558
653160708
694868902
922860352
676095861
985679470
201121257
731078823
865950276
958128636
180790894
972102653
571727163
219401336
66116437
356209884
277843924
372584260
575404894
219825146
665400206
839297954
511657633
291837044
920257939
817975907
148807460
632701214
81411007
236563206
903103247
849665869
715007110
784044436
490931463
128154416
591743142
163903003
351066375
226484578
904497401
161175683
555670410
276197049
587819538
747894818
778999621
895017874
520597035
113342884
157513184
241518575
27137045
295229535
355698782
166993264
621984252
867674025
284148730
89711132
221030440
854898871
802359183
104667880
721993286
141749811
727372371
194082680
521854074
569395055
250357109
955993268
866931032
676014020
463057031
444813295
291588260
705719307
757187921
742392893
244315704
569880860
995116924
148949387
118496019
610675820
867772307
442155760
199605495
33280492
186139028
406206803
213563133
967445157
741491506
954168912
683553454
519082508
780569149
29120942
895947907
231065295
703356972
179663039
289551792
842585602
517387635
325387167
760554640
674455373
725704729
647532685
845470586
643002983
233824841
642164168
788979095
286922385
105992641
671406490
349956850
940079885
785075568
286510375
711396046
233990011
535058804
284441832
201847062
800430323
371790257
735883618
690409221
108607354
389636143
561074643
26509534
214209865
833924492
21555537
356160231
546973356
557691208
846050859
86843993
588853682
94512722
125110038
918301463
485424783
274514398
633138850
962160525
256423535
485856321
34668611
421330785
262395060
886148114
151853597
840286745
547233395
500769593
169864621
559993454
479796342
781994590
576221743
696854645
379637418
415808849
847476984
899936424
555976767
267697703
510169376
197243650
537011630
234840703
451061960
328857565
490300846
131177662
712753000
629089732
371222575
709140740
844343065
950746576
752646849
181854503
277978333
122568876
748433596
868731333
128713807
933997244
129158390
41744155
675802333
674865795
718437610
393013013
942217800
106003460
277772913
943605012
920447752
276318175
109106297
893733830
736893530
309245891
978886817
786252952
575357822
666183167
127659814
381522005
872969088
965072819
857264310
601869116
273401139
533535573
277136224
880815108
164476715
136119085
256746196
497368561
449642432
189437866
882543002
320999819
511550454
436484465
421348501
933466802
931276479
892424104
626951451
10507252
188816769
921523951
565637869
903521552
812402215
861979449
65676798
184250858
510260386
770077460
605314085
890722853
774122890
526927127
264037227
263673125
962515799
684650399
534933913
864380304
28651267
987259572
428821414
406023257
805949452
215697012
490167791
746569259
169709641
129141872
838384751
443783007
906524639
276050008
980007396
818397773
248448710
843612838
707699733
541835414
429501792
610912777
578318137
497688350
213029040
609118142
800767913
950994416
175124296
436823120
473472236
741423229
622559330
136516601
69383749
714596672
689032934
394282019
123587555
618158488
544548825
663459019
561006939
612424703
996259027
353875444
335323477
716016051
216651836
645897205
606942319
806221914
120536709
496442220
275231771
684942586
423709062
282781409
51537159
381662492
884537197
729842227
12921111
406415669
403011447
112786973
940103109
382664567
18778328
259365589
730576721
218919084
355572902
635334776
181791763
