289384
930887
692778
636916
747794
238336
885387
760493
516650
641422
202363
490028
368691
520060
897764
513927
180541
383427
89173
455737
5212
595369
702568
956430
465783
21531
722863
665124
174068
703136
513930
979803
634023
723059
133070
898168
961394
18457
175012
478043
176230
377374
484422
544920
413785
898538
575199
594325
798316
664371
566414
803527
776092
268981
759957
241874
806863
999171
906997
497282
702306
420926
477085
336328
660337
126506
750847
621730
661314
925858
616125
353896
819583
100546
898815
233368
515435
990365
344044
313751
171088
426809
117277
947179
695789
393585
705404
502652
392755
612400
999933
95061
549677
993369
947740
210013
636227
698587
348095
297540
140796
480571
651435
960379
97468
66602
710098
612903
573318
570493
926653
260757
997302
560281
724287
209442
953866
429690
228445
346620
558441
744730
958032
108118
738098
905772
834482
890676
120710
698928
704568
777857
179498
872354
254587
276966
455307
964684
406220
28625
51529
332872
805733
48830
409504
530020
258271
363369
959709
486716
226341
518150
747797
700724
142619
2246
122847
493452
892922
243556
192380
597489
537765
888229
469842
792351
165194
441501
757035
87765
470125
324915
936988
275857
373744
346492
322228
148366
709860
281937
151433
452552
316438
899229
153276
975408
901475
276122
468859
794396
36030
661238
908236
573794
65819
894429
366144
231012
335929
639530
318777
322405
964444
255764
114614
854539
118607
436841
2905
344819
235129
670689
797370
67918
569918
466997
43325
987744
259471
512184
298491
295500
689773
206726
385645
755591
617506
268140
502955
469787
907670
338083
308543
388465
110198
939508
759356
228805
376349
278612
573623
127829
949300
887344
195747
35569
354341
755423
23312
613811
267606
321802
425662
473731
44879
811306
229321
178737
79445
248627
648523
503466
586709
473417
408283
213259
412925
167638
442063
305625
962601
532037
433453
911900
419380
145551
947469
290072
900974
487132
903882
684931
808934
845895
158661
370164
657200
387982
548900
252997
152960
713774
272814
739669
187191
681096
952927
116467
365085
911341
422091
327685
443377
855543
755937
379108
517446
219757
669180
418419
706888
89413
103349
32173
451660
262010
402337
625211
166343
467588
878207
319302
697714
667373
575322
401256
864820
44600
517722
229905
955940
939812
73941
915668
311706
346229
811128
829151
565985
996659
763921
789225
602423
867270
821397
54082
645631
740085
679293
811973
207673
73851
647626
905386
741223
739300
306641
606043
783899
340714
352299
256191
280525
942591
688210
108582
288820
499337
937733
371156
495995
218005
160380
614770
85274
981777
668851
247256
721861
348143
575580
445885
421994
223206
867622
679568
962505
690614
801962
262755
31327
154260
518945
828203
613203
723507
936785
902022
222843
390869
789529
235190
608873
949909
849959
210499
448037
518809
457754
686249
383304
33334
132134
321649
772891
999755
517568
251747
690369
319530
514501
238047
473789
549798
66250
86991
273304
3034
505364
12498
910254
294893
247687
519126
761153
613997
245976
209189
649158
703730
895437
32461
253415
543922
870461
26305
60029
388028
278051
266749
707557
308903
504795
697698
858700
571044
301040
132003
90429
806404
144501
682
617648
908539
36160
895152
522536
282135
104340
171693
502216
516128
720505
755630
60050
590965
298286
636430
495344
576336
903178
202901
885239
407972
416950
260290
495368
717989
392293
585796
40744
53145
102830
658391
961683
655341
553542
570
453827
174233
172262
956043
690361
409118
228024
266762
82
526310
903191
495426
618997
806368
214678
504235
730691
631627
764525
226058
349615
673169
328206
390359
726313
947387
565101
204347
602727
634995
204917
56553
325579
893530
528947
532291
302648
756971
799052
819081
799632
218594
830858
418628
541313
561887
439215
788356
193513
720091
14413
59480
909611
858970
966190
152275
806356
47642
356621
925434
198988
77889
498339
524567
487771
27285
56857
790418
300607
372261
125850
100238
107206
473060
35218
648519
34946
990784
436874
228459
710874
967638
804290
620484
826608
770479
772758
149315
334472
645730
591101
533460
723619
89439
58026
211389
633075
631234
518158
933682
3494
160359
550271
110700
633418
101840
275570
668364
92623
228795
413174
319848
196432
217463
456683
539391
504293
745792
205058
355116
391522
796158
888575
631492
401948
462952
359232
35022
610538
393741
485055
614031
554099
35326
241082
187517
653517
33003
372232
746140
261797
785405
582339
974581
519219
39022
513971
539863
784813
235380
894978
692686
31537
299905
324177
433484
279208
199760
984858
889745
593500
469912
20128
663951
505237
777561
367819
675106
810564
740050
421245
588712
41806
519935
563292
77376
558956
593615
133590
343769
828994
544919
552806
376883
844823
876983
326718
124031
593094
311575
530127
186594
781487
550254
850544
803075
327815
734714
478180
138378
474763
415776
727089
32920
935711
806733
110295
11018
400347
760236
871138
745692
305154
423944
122574
666329
300926
449292
306711
894019
277218
836837
596964
575056
387091
963859
378131
714905
698572
372662
369634
689686
304790
613074
722605
756852
419806
349251
767869
336504
109486
639007
82196
414640
62950
721121
80968
880227
686764
387678
290597
963982
740866
887561
539037
127956
367771
433519
359212
66343
322533
245197
272380
627322
858271
994985
384173
794428
344235
152041
647284
970073
307399
245831
901064
370348
966951
982031
250574
653715
886060
57523
134048
626925
945083
189436
271233
829205
622955
630444
411899
945487
875641
684279
89160
250263
679263
989684
561042
539849
141724
208325
26273
449123
454155
927336
335822
937458
909366
102748
591172
311777
160270
725219
938702
621704
914654
209934
450908
53960
356729
862807
515798
748721
547085
121309
515335
742699
110992
76377
798899
252716
801053
825172
218190
771560
752507
554011
709017
178225
173110
816540
490001
333379
58110
945054
955082
489115
671339
405990
59427
28068
785148
575224
776788
332232
696533
292123
591282
323876
884851
390180
576591
202255
215351
311132
973814
967858
381495
199182
146082
554604
15721
152434
887983
590182
97488
359416
79297
768826
765405
138723
796893
550552
230298
90033
399135
443182
898507
990416
767058
299709
380596
860000
501963
112298
687484
475777
80155
68978
191310
742588
139933
723383
895022
544267
313564
508861
903683
909212
277686
669087
564286
590931
735991
794584
197315
651477
754117
95821
641893
37526
395529
538840
897526
897491
651137
101361
889619
247644
170338
80929
506583
826622
804311
917956
370889
634226
426816
274571
543438
220854
460009
107723
811784
712351
418658
9098
363828
689127
621270
522072
726652
533150
60911
140529
430640
228399
241889
836611
992394
928578
433891
498977
755200
754553
416932
126088
388778
360100
400658
448567
580953
377018
72642
392736
89369
491299
918185
453196
696777
55806
975267
423429
588955
552529
80309
19594
297279
322198
372556
289673
250775
806446
305001
522326
560998
238284
648413
466128
598383
565422
