4289384
6930887
1692778
4636916
7747794
4238336
9885387
9760493
6516650
9641422
5202363
490028
3368691
2520060
4897764
7513927
5180541
383427
4089173
3455737
5005212
1595369
4702568
6956430
6465783
1021531
8722863
3665124
5174068
8703136
1513930
1979803
5634023
5723059
9133070
5898168
9961394
9018457
8175012
6478043
1176230
3377374
9484422
4544920
8413785
6898538
4575199
3594325
9798316
8664371
9566414
4803527
2776092
4268981
1759957
9241874
7806863
2999171
2906997
5497282
1702306
4420926
7477085
7336328
2660337
9126506
5750847
2621730
661314
3925858
1616125
4353896
9819583
1100546
8898815
8233368
515435
5990365
4344044
313751
7171088
6426809
5117277
9947179
695789
9393585
1705404
8502652
2392755
4612400
3999933
4095061
1549677
3993369
3947740
4210013
5636227
9698587
9348095
6297540
6140796
3480571
651435
5960379
7097468
2066602
6710098
7612903
573318
3570493
7926653
260757
9997302
5560281
2724287
3209442
4953866
4429690
4228445
7346620
1558441
744730
3958032
3108118
4738098
7905772
9834482
2890676
120710
1698928
1704568
8777857
5179498
4872354
7254587
2276966
9455307
3964684
2406220
28625
51529
332872
2805733
48830
8409504
5530020
3258271
3363369
9959709
7486716
3226341
1518150
747797
9700724
7142619
8002246
122847
9493452
892922
243556
1192380
2597489
1537765
8888229
7469842
8792351
1165194
9441501
2757035
6087765
9470125
5324915
8936988
2275857
5373744
7346492
322228
1148366
709860
281937
1151433
6452552
4316438
1899229
6153276
3975408
9901475
6276122
3468859
794396
9036030
4661238
5908236
573794
6065819
5894429
9366144
7231012
5335929
4639530
3318777
7322405
9964444
2255764
2114614
7854539
2118607
2436841
9002905
5344819
5235129
2670689
1797370
2067918
4569918
466997
6043325
6987744
9259471
9512184
298491
8295500
6689773
6206726
1385645
2755591
4617506
3268140
2502955
2469787
7907670
8338083
2308543
388465
3110198
6939508
759356
5228805
9376349
2278612
573623
7127829
4949300
4887344
9195747
2035569
5354341
7755423
9023312
4613811
7267606
9321802
5425662
6473731
8044879
6811306
9229321
5178737
79445
4248627
7648523
503466
2586709
2473417
3408283
8213259
9412925
4167638
3442063
1305625
8962601
6532037
8433453
3911900
1419380
145551
5947469
9290072
7900974
7487132
3903882
7684931
6808934
1845895
4158661
7370164
8657200
3387982
2548900
1252997
152960
2713774
4272814
2739669
5187191
7681096
952927
7116467
4365085
6911341
8422091
3327685
3443377
6855543
9755937
7379108
9517446
8219757
6669180
7418419
5706888
3089413
5103349
5032173
7451660
9262010
2402337
8625211
5166343
7467588
9878207
5319302
2697714
6667373
575322
401256
6864820
4044600
7517722
1229905
955940
5939812
7073941
6915668
5311706
9346229
6811128
4829151
7565985
5996659
4763921
5789225
1602423
9867270
821397
9054082
1645631
5740085
7679293
6811973
3207673
73851
4647626
5905386
6741223
7739300
6306641
3606043
1783899
6340714
7352299
5256191
2280525
6942591
4688210
108582
6288820
1499337
4937733
6371156
7495995
2218005
2160380
1614770
2085274
2981777
668851
6247256
8721861
8348143
5575580
4445885
8421994
223206
2867622
7679568
7962505
1690614
3801962
2262755
8031327
1154260
7518945
2828203
613203
4723507
2936785
6902022
6222843
390869
5789529
6235190
2608873
7949909
7849959
7210499
3448037
8518809
3457754
4686249
9383304
9033334
9132134
321649
1772891
1999755
517568
2251747
3690369
4319530
4514501
4238047
5473789
4549798
7066250
6086991
9273304
3034
5505364
8012498
2910254
1294893
4247687
5519126
1761153
4613997
5245976
5209189
5649158
8703730
9895437
5032461
253415
1543922
7870461
2026305
6060029
8388028
4278051
2266749
2707557
1308903
6504795
697698
5858700
3571044
9301040
5132003
6090429
4806404
3144501
9000682
8617648
9908539
7036160
2895152
4522536
2282135
8104340
171693
3502216
516128
7720505
3755630
2060050
5590965
8298286
636430
6495344
2576336
2903178
9202901
3885239
9407972
2416950
2260290
5495368
1717989
7392293
1585796
9040744
3053145
3102830
7658391
2961683
2655341
553542
570
7453827
1174233
172262
956043
1690361
409118
7228024
6266762
6000082
5526310
6903191
2495426
618997
9806368
4214678
4504235
1730691
6631627
6764525
7226058
8349615
6673169
1328206
7390359
9726313
6947387
7565101
5204347
9602727
634995
5204917
7056553
4325579
7893530
528947
8532291
8302648
7756971
4799052
6819081
5799632
4218594
1830858
6418628
6541313
8561887
3439215
788356
5193513
2720091
8014413
6059480
1909611
1858970
5966190
4152275
8806356
6047642
9356621
925434
9198988
7077889
498339
3524567
7487771
1027285
2056857
5790418
1300607
9372261
5125850
7100238
6107206
9473060
6035218
2648519
8034946
1990784
3436874
3228459
4710874
3967638
1804290
6620484
5826608
7770479
772758
7149315
6334472
2645730
591101
5533460
9723619
1089439
9058026
7211389
4633075
3631234
5518158
5933682
3003494
3160359
5550271
9110700
2633418
4101840
4275570
668364
6092623
228795
6413174
3319848
4196432
8217463
2456683
2539391
8504293
5745792
2205058
7355116
8391522
2796158
2888575
631492
6401948
4462952
359232
1035022
610538
8393741
9485055
3614031
1554099
5035326
5241082
4187517
1653517
2033003
7372232
7746140
2261797
3785405
3582339
8974581
4519219
6039022
1513971
5539863
1784813
6235380
2894978
2692686
9031537
8299905
3324177
5433484
5279208
6199760
8984858
5889745
4593500
8469912
2020128
8663951
3505237
9777561
5367819
7675106
1810564
2740050
5421245
6588712
9041806
1519935
5563292
6077376
7558956
9593615
4133590
9343769
5828994
9544919
4552806
7376883
7844823
7876983
5326718
3124031
6593094
4311575
1530127
1186594
2781487
3550254
9850544
8803075
3327815
7734714
6478180
5138378
474763
4415776
1727089
2032920
5935711
9806733
8110295
6011018
9400347
4760236
7871138
7745692
4305154
2423944
5122574
4666329
300926
449292
306711
6894019
7277218
1836837
596964
2575056
5387091
2963859
1378131
8714905
698572
372662
6369634
3689686
7304790
613074
5722605
5756852
419806
6349251
1767869
2336504
1109486
9639007
82196
5414640
2062950
7721121
80968
4880227
686764
387678
4290597
7963982
4740866
4887561
539037
127956
367771
4433519
1359212
1066343
7322533
245197
7272380
4627322
858271
2994985
384173
3794428
9344235
2152041
8647284
2970073
4307399
1245831
901064
6370348
8966951
982031
1250574
9653715
3886060
8057523
134048
8626925
2945083
3189436
1271233
5829205
7622955
2630444
9411899
4945487
2875641
6684279
2089160
6250263
9679263
4989684
2561042
1539849
7141724
1208325
7026273
1449123
2454155
7927336
335822
3937458
8909366
4102748
3591172
5311777
2160270
3725219
3938702
7621704
6914654
5209934
3450908
7053960
356729
2862807
4515798
5748721
9547085
9121309
4515335
1742699
4110992
7076377
5798899
1252716
801053
2825172
5218190
5771560
752507
5554011
9709017
2178225
2173110
5816540
7490001
4333379
2058110
3945054
1955082
1489115
1671339
5405990
1059427
2028068
785148
5575224
7776788
332232
4696533
2292123
4591282
1323876
1884851
390180
2576591
5202255
3215351
311132
973814
3967858
8381495
3199182
6146082
554604
9015721
6152434
4887983
3590182
97488
9359416
5079297
1768826
4765405
6138723
3796893
5550552
4230298
4090033
8399135
1443182
8898507
2990416
2767058
3299709
3380596
7860000
8501963
9112298
687484
9475777
3080155
9068978
5191310
1742588
2139933
6723383
7895022
9544267
313564
508861
8903683
7909212
2277686
3669087
6564286
8590931
1735991
794584
5197315
2651477
4754117
4095821
5641893
37526
7395529
1538840
7897526
5897491
651137
1101361
7889619
6247644
170338
3080929
506583
4826622
9804311
917956
4370889
2634226
1426816
3274571
543438
6220854
9460009
7107723
4811784
3712351
418658
9098
6363828
7689127
6621270
4522072
7726652
6533150
6060911
8140529
2430640
9228399
9241889
2836611
7992394
1928578
8433891
8498977
6755200
754553
9416932
1126088
3388778
3360100
4400658
6448567
9580953
6377018
6072642
4392736
89369
6491299
6918185
6453196
6696777
6055806
975267
4423429
2588955
9552529
5080309
5019594
1297279
4322198
372556
9289673
6250775
8806446
305001
5522326
9560998
2238284
6648413
5466128
5598383
3565422
