4289384
46930887
81692778
14636916
57747794
24238336
19885387
49760493
96516650
89641422
25202363
50490028
83368691
2520060
44897764
67513927
65180541
40383427
4089173
3455737
35005212
21595369
94702568
26956430
36465783
61021531
78722863
33665124
45174068
68703136
1513930
1979803
15634023
35723059
69133070
25898168
59961394
89018457
28175012
56478043
31176230
53377374
59484422
14544920
8413785
56898538
34575199
73594325
49798316
38664371
29566414
84803527
12776092
24268981
11759957
49241874
37806863
42999171
82906997
35497282
11702306
84420926
37477085
27336328
72660337
59126506
5750847
32621730
661314
33925858
41616125
84353896
39819583
1100546
98898815
48233368
10515435
85990365
74344044
60313751
77171088
56426809
45117277
89947179
80695789
9393585
91705404
18502652
52392755
74612400
53999933
64095061
11549677
43993369
43947740
84210013
55636227
49698587
69348095
56297540
36140796
63480571
40651435
75960379
17097468
92066602
76710098
27612903
30573318
3570493
87926653
60260757
59997302
85560281
2724287
93209442
94953866
94429690
64228445
47346620
21558441
70744730
63958032
33108118
14738098
7905772
69834482
22890676
10120710
91698928
31704568
98777857
55179498
24872354
27254587
72276966
69455307
3964684
52406220
28625
60051529
40332872
12805733
20048830
78409504
15530020
13258271
73363369
9959709
77486716
73226341
31518150
747797
89700724
17142619
68002246
50122847
39493452
90892922
60243556
31192380
22597489
11537765
38888229
47469842
38792351
11165194
69441501
42757035
16087765
69470125
55324915
8936988
82275857
75373744
87346492
50322228
41148366
60709860
60281937
71151433
86452552
44316438
71899229
76153276
13975408
39901475
26276122
53468859
30794396
39036030
84661238
5908236
50573794
76065819
5894429
89366144
87231012
75335929
84639530
3318777
97322405
39964444
12255764
32114614
67854539
52118607
82436841
9002905
65344819
95235129
32670689
51797370
92067918
4569918
80466997
6043325
96987744
59259471
59512184
80298491
98295500
96689773
86206726
1385645
72755591
44617506
43268140
12502955
72469787
27907670
68338083
22308543
20388465
33110198
6939508
40759356
85228805
89376349
2278612
50573623
37127829
34949300
54887344
29195747
92035569
35354341
87755423
89023312
94613811
47267606
69321802
45425662
96473731
8044879
46811306
69229321
5178737
90079445
34248627
77648523
70503466
2586709
52473417
43408283
88213259
59412925
84167638
73442063
1305625
38962601
76532037
38433453
73911900
31419380
20145551
65947469
19290072
7900974
7487132
13903882
7684931
76808934
11845895
4158661
37370164
58657200
73387982
42548900
1252997
60152960
72713774
24272814
62739669
25187191
67681096
50952927
37116467
4365085
76911341
38422091
43327685
53443377
76855543
69755937
37379108
49517446
88219757
56669180
57418419
95706888
23089413
65103349
25032173
87451660
69262010
62402337
98625211
95166343
57467588
99878207
55319302
82697714
76667373
70575322
60401256
96864820
74044600
97517722
1229905
50955940
35939812
97073941
56915668
65311706
19346229
46811128
14829151
7565985
55996659
24763921
55789225
31602423
89867270
80821397
19054082
11645631
95740085
17679293
6811973
53207673
70073851
14647626
35905386
46741223
37739300
96306641
43606043
11783899
46340714
97352299
15256191
82280525
46942591
24688210
108582
66288820
71499337
14937733
26371156
27495995
92218005
82160380
11614770
82085274
62981777
30668851
46247256
58721861
48348143
5575580
64445885
18421994
20223206
52867622
17679568
57962505
1690614
13801962
22262755
48031327
11154260
37518945
82828203
10613203
14723507
82936785
76902022
86222843
50390869
55789529
66235190
42608873
37949909
77849959
77210499
53448037
8518809
23457754
64686249
9383304
29033334
29132134
80321649
1772891
81999755
50517568
12251747
83690369
64319530
34514501
84238047
75473789
24549798
67066250
86086991
39273304
50003034
15505364
78012498
52910254
71294893
44247687
95519126
61761153
74613997
25245976
15209189
35649158
48703730
79895437
45032461
30253415
61543922
77870461
32026305
96060029
28388028
44278051
32266749
92707557
31308903
16504795
20697698
55858700
83571044
59301040
95132003
86090429
74806404
73144501
39000682
98617648
69908539
87036160
12895152
44522536
12282135
28104340
80171693
13502216
60516128
77720505
43755630
22060050
55590965
28298286
70636430
36495344
72576336
2903178
29202901
3885239
19407972
2416950
12260290
55495368
61717989
7392293
41585796
89040744
33053145
33102830
87658391
2961683
72655341
553542
570
37453827
81174233
80172262
50956043
41690361
10409118
47228024
16266762
66000082
75526310
86903191
2495426
618997
89806368
84214678
4504235
61730691
86631627
16764525
17226058
48349615
76673169
11328206
37390359
9726313
96947387
77565101
65204347
69602727
30634995
65204917
7056553
64325579
97893530
10528947
58532291
8302648
57756971
74799052
26819081
85799632
14218594
81830858
86418628
56541313
18561887
43439215
70788356
5193513
12720091
88014413
6059480
41909611
51858970
95966190
4152275
48806356
26047642
69356621
70925434
9198988
87077889
30498339
73524567
37487771
41027285
32056857
45790418
51300607
59372261
25125850
37100238
26107206
59473060
76035218
82648519
78034946
71990784
53436874
83228459
84710874
93967638
41804290
26620484
45826608
37770479
30772758
47149315
16334472
52645730
70591101
25533460
39723619
1089439
99058026
77211389
94633075
83631234
75518158
45933682
43003494
53160359
35550271
69110700
12633418
64101840
4275570
90668364
36092623
10228795
26413174
73319848
4196432
68217463
52456683
2539391
58504293
35745792
2205058
27355116
88391522
72796158
52888575
80631492
26401948
4462952
10359232
21035022
40610538
38393741
19485055
83614031
91554099
55035326
5241082
4187517
71653517
62033003
47372232
7746140
72261797
73785405
33582339
28974581
94519219
86039022
31513971
5539863
21784813
86235380
32894978
62692686
59031537
38299905
43324177
85433484
95279208
6199760
58984858
35889745
44593500
78469912
72020128
88663951
33505237
29777561
45367819
57675106
91810564
92740050
65421245
16588712
19041806
51519935
45563292
66077376
37558956
29593615
24133590
59343769
15828994
9544919
74552806
27376883
47844823
17876983
65326718
43124031
76593094
24311575
31530127
21186594
2781487
3550254
9850544
88803075
33327815
7734714
46478180
25138378
474763
64415776
41727089
72032920
15935711
39806733
38110295
6011018
69400347
14760236
17871138
37745692
24305154
92423944
65122574
24666329
10300926
30449292
20306711
86894019
7277218
51836837
60596964
62575056
55387091
22963859
51378131
88714905
30698572
50372662
66369634
83689686
67304790
60613074
55722605
35756852
419806
46349251
41767869
22336504
61109486
59639007
60082196
85414640
52062950
77721121
10080968
14880227
60686764
30387678
54290597
67963982
34740866
14887561
30539037
90127956
90367771
34433519
31359212
21066343
37322533
50245197
57272380
4627322
10858271
12994985
40384173
63794428
59344235
82152041
38647284
72970073
94307399
51245831
10901064
46370348
28966951
20982031
61250574
89653715
3886060
68057523
10134048
38626925
82945083
93189436
81271233
25829205
27622955
12630444
99411899
64945487
62875641
56684279
22089160
26250263
69679263
14989684
42561042
81539849
97141724
81208325
7026273
91449123
32454155
17927336
90335822
13937458
38909366
4102748
3591172
95311777
72160270
13725219
33938702
7621704
6914654
15209934
33450908
87053960
80356729
32862807
4515798
95748721
89547085
79121309
74515335
11742699
94110992
17076377
45798899
91252716
50801053
52825172
35218190
35771560
70752507
25554011
49709017
62178225
82173110
5816540
57490001
54333379
72058110
43945054
61955082
31489115
11671339
95405990
71059427
92028068
80785148
75575224
87776788
70332232
54696533
62292123
34591282
1323876
31884851
80390180
92576591
35202255
33215351
80311132
70973814
3967858
58381495
73199182
66146082
40554604
79015721
76152434
94887983
3590182
20097488
9359416
35079297
31768826
4765405
6138723
23796893
85550552
34230298
64090033
8399135
41443182
78898507
42990416
42767058
63299709
23380596
87860000
98501963
9112298
20687484
69475777
13080155
79068978
95191310
31742588
72139933
26723383
7895022
19544267
30313564
80508861
28903683
17909212
12277686
33669087
76564286
88590931
71735991
10794584
5197315
32651477
4754117
84095821
75641893
37526
47395529
51538840
87897526
45897491
60651137
61101361
67889619
26247644
40170338
63080929
10506583
64826622
89804311
70917956
84370889
72634226
51426816
13274571
90543438
16220854
99460009
67107723
4811784
23712351
30418658
10009098
56363828
87689127
46621270
84522072
87726652
46533150
36060911
28140529
92430640
49228399
89241889
12836611
27992394
81928578
28433891
38498977
46755200
70754553
9416932
31126088
43388778
13360100
44400658
86448567
29580953
96377018
6072642
34392736
20089369
36491299
96918185
76453196
76696777
96055806
60975267
64423429
42588955
49552529
45080309
35019594
51297279
34322198
372556
79289673
16250775
28806446
70305001
15522326
99560998
32238284
46648413
95466128
45598383
43565422
