797412004
787349996
1278948783
470779344
933444589
478239017
1021835562
2009394525
1779210609
840529922
875762064
1637747032
40395481
1413050118
157059015
1160442299
1050412255
1892292566
1606870465
1030275460
528035835
1591198093
1259589207
1283849668
1219660879
979120224
2142059096
1893735084
222396888
567345137
770553962
1019808891
1354695132
2049502744
1490588235
140656072
380258112
364940148
2566948
11985073
1205470070
878329011
1649732104
1245865550
143895481
1806791118
258824200
1194307735
1551600035
1865694664
77099547
2079635870
1309409109
1336688753
1216001889
381586339
168325328
1210577336
127837774
390722215
1777922472
898391736
1410531106
985133955
800410831
753635692
1125790027
1180668943
1118575839
1128356974
1192654015
176562260
2006685985
694902470
1422427809
3097817
354209940
1681252008
1197405551
1905809974
1399463024
1274505097
1837962195
561388484
463710202
906480435
942974822
632035529
2117057770
1070812595
1022757744
1747496593
1969204330
285805201
585146900
622131513
1039440892
1710936926
1802800455
10533082
691810251
847970821
187095342
551012587
1542873290
1609523150
554110403
1897083229
1143291510
1751515954
1655409555
395270885
878537402
1345888101
956659368
1342247603
104884888
1899634189
1974283132
74459009
822963135
849557227
1821955602
644683817
1135362427
259618853
1266815329
27319670
1970555778
922132135
37852751
514882380
1770102955
224948092
1065894967
1165492596
1834471242
1620005369
915092177
830279103
1224037674
423018083
1225549987
2102575076
1768906183
34725706
1297339030
1873791070
1934359894
1124138513
1948250079
609839380
1973695739
1622722032
1254523196
961574517
1882340884
373854876
988894186
1705413013
1295987010
1026746937
72811744
918606316
1251695028
1138706710
2084098912
938682621
611228431
851707440
1768961723
1835266104
1274725522
847028061
1790357531
896148056
881753766
940212913
622455478
668630011
2064351425
423221908
1278469391
1890563516
2045943939
385508938
704654384
1780801174
759363814
1693548570
1338730538
2055350823
572811858
1411542281
826473491
1824506885
402765343
763088754
615705858
1013993773
1614796193
237183932
701776228
742038066
1084211993
344650111
1638186121
1965965758
1284863023
113157950
487112121
1201730799
536379857
1765581511
944810666
434840147
3606800
1649465050
68157672
762970613
1195529971
1406888209
670837788
1768341828
670946842
1497311278
1445365064
1073712184
112916383
2061070921
2087705956
1727712575
150771205
641998535
322266992
1234983197
986648645
1960453112
1053465306
124028019
2073611062
1540577426
1325758818
462507270
1158675288
123085835
897347417
1162282088
1772550884
965505088
1925252700
820597206
224909649
448606839
441455385
895856490
1945918116
1886820449
1969568673
2058834498
1800407721
1909790980
1639063424
1951178925
404305866
1961330415
1038678473
1390954511
1774299879
2092143779
1514982529
1700427292
1485237556
693257698
15450913
496429196
816343533
912798329
1658711283
441410768
1878303417
1436480334
1262007974
2103213065
1885087173
1703463358
851585906
1683521640
1442800158
673670930
1594872490
1095724231
435978261
1086452265
899419507
840284126
900299032
1938097980
83754988
527115262
1882758110
1598737517
80058905
1220512017
144511566
95509817
1716941212
960855098
1008308146
1228168846
1402265866
739127914
517165532
516790191
694857330
254769056
72769900
1546443235
1938290695
1515570058
72630516
1385679536
463810640
508608776
324648153
1363230146
1348892901
1224947184
1153844477
1432647889
1752062445
889118938
883901757
1832121349
2109630955
1028413322
1927631165
1679088518
1989268420
788455662
759773716
1244050637
1527583575
1276939247
1760840827
74957256
1531708302
1833610726
1621400490
1322515348
1201697135
1694031005
560711236
1665507774
55156132
885359388
881254272
1404049033
2110306571
2035098748
689213273
1714885367
776734038
1573115029
1399523067
738881344
454044702
1179670583
270486213
295829473
1968126245
1030259928
1539880109
1348226171
159715526
1153237287
1423183427
1691423827
839364365
897100268
866455527
2041061499
443647625
1427166762
1559085625
498803756
165042501
292856248
1902852788
127865423
180471347
444582412
1842750789
957205384
2017697440
1094790207
1696086727
324258494
126977141
1966572940
620087966
2095103385
849349219
12484427
1295845908
1009064745
1165721713
571545686
553004923
2005086077
1468645953
1419460449
1898663928
1912293577
699143562
1310265904
263613685
864186062
1603122151
18982824
992051484
1783593497
463565236
687318624
593315233
333779027
1782108830
141918311
658037520
1909085971
2108491250
1278125486
1856705707
810356821
1290609912
1005067966
1819421565
308847976
1576613651
224942839
166450405
897775956
1644403288
2065114332
662585884
196063201
1227896587
926199568
1060249263
683535089
945182392
2052300746
319644937
1408747627
592135722
912960169
1742526653
226760903
1054878480
253080525
2135846873
1015886081
1531206010
1845068932
1826242901
674332273
702653249
1498180817
983180248
131783252
1723123656
1149630652
1029559207
1220043295
1067261335
1692145090
1416106495
147674273
470861010
328872109
831209361
1416043401
233689207
1150854298
677307379
825824928
2063814466
272350383
1052585830
971209297
525430907
1040949055
1987095378
2056636916
738534338
1665854630
583485540
1441187586
1016551799
1566665788
1572970837
592191806
568812791
455046395
1812235100
1636074126
2147191485
1080857946
1783748398
470568846
1409730055
467474111
1886612246
1643419261
1618328408
416435976
321760540
1534659225
688786358
1374346369
358384874
1214217265
267811775
197996603
1123370532
1006346112
1863851232
1706856072
300050050
732919382
1126038211
1873020886
1325111187
1694851001
180583633
989862638
1183441478
180291469
2070720584
819706228
650860314
1332966990
1287180338
389988911
828902602
758025097
806424886
1150663141
145200673
1495211243
377525861
503585546
561944859
645337636
701582148
1685315391
1651683747
417949732
1244687814
1951733796
1150869113
223242376
1677271034
328496652
1918093376
1857854666
1318359289
954051206
2038146134
1241596224
1773757433
541522799
427079565
913454122
931511709
1255982166
1671479218
1737936594
259161658
1816679890
1085664188
636687519
172781788
1647609047
1282025154
874363935
1185440789
786225252
1292313666
282644954
590475400
295699131
505887329
120262785
624195782
276497056
1978117450
1942555070
1230548261
1868779935
1036667646
856822045
262819085
1463747210
1770276166
1194330793
572245728
1294271735
784783738
831407385
963467977
1870447925
1468094903
1136249764
1370573323
602636408
2010613698
408530463
1388861660
1155443716
691175416
1979337059
1451142846
1197062744
2099599843
2075338627
1473559800
1930233644
1870410048
556624412
1651529930
759594045
1413446457
1914349014
75857607
1036238974
961196158
648103334
183027061
1745979895
1479510718
1146495037
1468944171
800121973
135261152
692033846
1402758380
2145874849
1100564308
644136391
1153834916
1791739724
475989801
457494113
841318819
428105995
385349091
167394970
210855990
108275491
724019382
1862385919
867869535
2137465838
1629251284
943727141
1026221163
442963793
1591830474
1209248223
41460039
923857544
208259611
1510404210
1723979516
343520762
54954407
979254247
341911963
1155518714
1623390638
1495746878
799774789
2099380438
1953240991
1641093608
380002785
191106433
1808488577
590858774
299381923
385024310
305761045
1167251458
375006499
1935012328
2110978598
1401227662
230492473
1555325424
462992236
271952511
331699319
671251847
1782356720
2055678834
1014772608
1837311126
887449432
1356684570
845346192
363356421
704947800
1645120980
315253211
510705142
1138730939
695255995
701811574
799735868
1286114768
1001193497
1184760177
1591875812
20961306
1559766676
1379404492
2131939903
813510689
1609896964
1539781678
1276502924
1881849474
1871480996
1947754770
1516722546
1779676181
815043730
1206550023
519641965
24244651
2051896214
882998385
729192450
1549533546
1198251595
1239897591
540780836
1893507589
1941709165
1340516703
1032138709
795419013
377793232
476530872
816380318
1937559907
1855935363
800836572
603586947
1318348678
193134602
1880089870
1052714504
2064615597
1680360992
421953401
1696808130
347921073
1628503423
68966446
372165723
1532915989
951964830
1101358173
934965886
2732777
193772115
1475746721
1896240365
2135481279
668779776
780895425
783416643
1046573007
1257426297
1599796960
836649265
965878011
253149884
1440236211
136743041
446284485
1172842432
1189457544
363416433
705719775
1611410944
2060224562
1053640847
1092430718
2129191007
1425806570
477863058
933672189
379681094
1412828943
936404965
573453208
741092016
685161681
561450839
1409871791
1466057106
1344867481
308961149
575999754
797180793
1145610413
1541877764
1050330676
438362975
1678620804
1496615160
1611205406
720594699
1860031592
169441533
184521994
1772772506
1223082379
1276952712
1754479864
501405300
1754815769
540668404
881086393
1020161064
1477073368
1454539601
1761253079
14751401
2015990439
1023641221
1480808506
1213374271
1332602369
2056808259
2010555063
330729133
1451202374
913402090
769092107
982339530
262533601
232813864
1702934228
2122565193
402255396
1887456222
1747854050
1625337775
1016925285
1354850265
2126743074
624257405
1895518669
860345819
1644418468
1225108388
167401771
1258187898
1239859788
35908561
134345470
573184645
1249282831
1466947838
482509255
1112354246
1797676970
1933711629
2025756335
419285428
768567510
140806288
652099292
324018089
115887832
1054354687
63990662
1863741881
532208813
1080915946
1071108497
511468239
1705173351
819143517
1371814057
1202108170
2044251905
1539215827
312812420
1136628044
1575124387
447157889
1709812689
676923569
1914105727
44838295
1789277814
1564299048
1978549923
1667550501
1983584476
599633784
1808356788
488200119
923651873
1924244619
1542554805
987642534
1640502851
2074763618
2068558480
564127699
438748208
1626248182
1383271216
1810562264
680872703
1280039472
1202294442
993685122
269183867
629935180
1440843011
1978996555
1306858748
1207465089
2023834850
948652914
624280488
1854901124
468719766
460381315
307051260
129592905
948581433
1230703132
2053837523
343652590
70862017
1546856725
270932559
2139420496
2110984423
709680766
1618185029
1346771990
372759381
151574084
479327813
1575053822
1145259205
748511680
57505353
438618567
580024586
1364364100
1646083655
456375787
165533365
122880495
163793263
634253130
583261809
470844522
763846034
1531843242
1701547653
670199908
1875495831
1772409669
69572984
2146428389
1764346517
33073759
708625506
1235047897
1379845748
1081384886
1386621980
1859173561
508955059
384397537
460201592
566460411
823016103
1040226177
