48
0
2
0
0
0
4
0
6
0
0
4
0
0
6
0
0
0
0
0
1
1
0
6
0
6
0
1
0
2
0
0
0
0
0
0
0
1
0
1
0
0
0
0
0
0
0
0
48
36
1
0
0
0
0
0
24
1
0
0
0
0
0
0
0
0
2
2
24
0
0
2
0
18
0
12
0
0
0
0
0
0
0
1
0
0
2
6
0
1
0
0
0
0
0
2
0
0
0
0
0
0
0
0
0
2
1
0
72
0
0
1
4
0
0
0
1
0
2
0
1
0
0
0
18
0
0
0
0
0
0
0
0
0
0
0
0
0
0
0
0
24
0
0
1
0
0
0
0
0
0
0
2
0
0
0
0
0
2
0
0
1
2
0
0
0
1
0
8
0
0
8
0
0
0
2
1
0
6
1
24
0
0
0
2
12
0
0
0
0
2
0
0
2
2
0
0
12
0
1
1
0
0
0
0
0
0
0
0
0
0
2
0
0
0
0
0
0
0
0
1
2
0
2
0
6
0
0
0
0
0
1
0
6
0
0
0
0
0
0
0
6
0
1
24
0
0
0
0
0
0
0
0
0
2
18
12
2
0
0
0
0
0
0
0
24
0
0
0
1
0
24
2
0
0
0
0
0
0
24
0
0
0
0
0
0
0
2
0
24
0
0
0
6
0
12
0
6
0
0
0
6
0
0
0
2
2
24
0
0
0
0
0
0
0
0
0
2
0
0
0
0
1
0
1
6
1
0
2
0
2
0
24
2
0
0
0
0
0
0
0
4
0
0
0
0
0
0
0
0
0
2
0
0
1
0
0
0
0
0
0
6
1
0
0
0
0
0
0
0
0
2
0
0
0
0
0
0
0
1
0
0
1
0
2
2
4
0
0
0
0
6
0
0
0
4
2
0
0
0
0
0
1
0
0
0
0
0
0
0
0
48
0
0
0
0
1
0
0
0
0
0
0
2
0
0
1
0
0
0
2
0
1
0
2
0
4
0
0
1
0
0
6
0
0
0
0
0
0
0
1
0
0
0
0
72
1
18
0
0
0
0
0
0
0
1
0
0
0
0
6
0
0
0
2
6
0
0
0
0
0
2
0
0
0
0
2
0
0
0
0
0
0
12
0
1
1
0
0
0
0
0
0
0
0
1
0
0
0
0
0
0
0
0
0
0
0
0
0
0
0
0
0
0
4
0
1
1
2
0
0
0
24
4
0
0
0
0
0
2
2
0
0
2
2
1
0
0
0
0
1
6
0
0
0
2
0
0
0
0
0
0
1
0
1
0
0
0
4
0
0
0
0
0
0
24
0
2
2
2
0
0
12
6
0
0
0
4
0
0
0
1
2
18
0
0
0
0
1
0
0
0
0
6
0
0
4
1
0
6
0
0
0
0
6
0
0
1
0
0
0
0
0
0
0
0
0
0
1
0
0
0
2
0
1
0
0
0
0
2
0
0
0
0
0
0
0
0
1
0
2
0
0
0
0
0
0
0
0
0
0
12
0
0
0
24
2
0
0
0
0
0
0
0
4
1
2
0
0
1
1
0
0
0
0
0
0
2
0
0
0
0
0
0
0
0
0
4
0
0
1
0
0
0
0
2
0
4
0
0
0
0
0
1
1
0
0
0
0
0
0
0
0
0
2
0
0
0
0
0
0
0
0
1
0
0
0
0
18
0
0
0
6
1
2
0
0
0
0
0
6
0
0
0
0
2
1
2
2
4
2
0
0
0
0
0
1
0
48
0
0
0
0
2
0
0
2
0
0
0
6
0
1
2
0
0
0
0
2
0
6
2
0
2
0
0
12
2
0
0
1
1
0
0
0
2
0
0
0
0
0
2
0
4
0
0
4
0
0
0
2
0
0
0
0
1
0
0
0
0
0
0
0
0
0
1
2
0
0
1
0
0
0
0
0
0
0
0
6
0
2
0
0
0
0
1
0
0
6
0
2
2
6
6
0
0
0
0
0
0
0
2
0
6
0
12
2
0
0
0
2
0
2
6
0
0
0
0
0
0
96
0
0
0
0
0
0
0
1
0
1
1
0
0
0
0
2
0
0
0
0
0
2
0
24
0
1
0
2
0
0
0
2
0
1
0
2
0
0
0
6
0
2
0
2
0
0
0
0
0
0
0
0
0
0
0
0
0
0
72
2
0
0
0
0
2
1
1
0
6
6
0
0
0
1
12
0
0
0
0
0
0
0
0
0
1
0
0
0
0
0
1
0
0
0
0
0
4
1
0
0
0
1
0
72
0
0
6
0
0
720
0
0
0
0
0
24
0
0
0
0
0
0
0
0
0
0
0
0
0
0
0
0
72
0
0
0
0
0
0
0
0
0
0
0
0
0
0
0
0
4
0
0
2
1128960
0
0
0
0
0
0
0
0
0
0
0
0
0
12
0
0
120
0
0
0
0
0
576
0
0
0
0
0
0
0
480
0
0
2
40320
25920
0
0
0
0
120
0
0
0
14400
0
0
0
0
0
0
0
0
0
0
0
0
0
0
0
0
7257600
12
0
0
0
0
0
0
4
0
0
0
120960
0
0
0
0
0
0
0
0
0
0
0
6
0
0
2
120
0
0
0
0
241920
0
0
0
0
0
0
0
0
0
0
0
0
0
0
0
0
0
0
0
0
0
0
0
0
0
0
0
0
0
0
0
0
0
0
0
4
0
0
6
0
0
0
0
0
0
0
0
0
0
0
0
0
0
0
0
0
0
0
0
0
0
0
0
0
0
0
0
0
0
0
12
0
0
0
0
0
0
0
0
0
0
0
0
0
0
0
0
0
0
0
0
0
0
0
0
0
48
0
0
0
0
0
0
18
0
0
0
0
0
0
0
0
0
0
0
0
0
0
0
0
0
4
0
0
6
0
0
0
0
0
48
0
0
0
0
0
0
0
0
0
0
0
0
0
0
0
0
0
0
0
24
0
0
0
0
0
0
24
0
0
0
0
0
0
0
0
0
0
0
24
0
0
0
24
0
6
0
2
0
0
0
0
0
0
0
0
0
0
0
0
0
0
0
0
0
0
0
0
96
0
0
0
0
0
720
0
0
0
6
0
0
0
0
0
0
0
0
0
0
0
0
0
0
0
0
0
0
0
0
0
0
96
1440
0
0
0
0
0
6
0
0
0
0
0
0
288
0
24
0
0
0
0
0
360
0
0
0
360
48
0
30240
0
0
0
720
0
0
0
0
0
0
0
0
0
40320
0
0
0
0
0
0
0
0
725760
0
0
0
0
0
240
0
0
0
0
0
0
2
0
0
0
0
0
0
0
0
0
5760
0
0
0
36
0
0
0
0
0
0
0
0
0
0
12
0
4320
0
720
0
0
0
0
0
384
0
0
0
4
0
480
39916800
0
4320
0
0
0
0
0
0
0
0
0
0
0
0
0
0
0
0
0
0
0
24
120
0
0
0
0
0
0
0
0
0
0
0
0
0
0
0
0
24
0
0
0
0
0
0
0
0
0
0
0
0
0
0
1440
1440
24
0
0
0
0
0
0
0
0
0
0
0
0
0
0
0
282240
0
0
0
0
0
0
0
479001600
1152
0
0
0
0
100800
0
0
0
0
0
362880
0
24
0
0
0
0
0
0
12
0
0
720
0
0
0
0
0
120
0
0
0
0
0
0
0
0
0
0
0
0
0
34560
0
0
0
0
0
1440
0
0
0
0
0
0
0
0
0
0
0
0
0
0
0
0
423360
0
0
0
0
0
0
0
0
0
0
0
0
0
240
0
0
0
0
0
0
0
0
0
0
0
0
0
0
0
0
0
0
5040
0
0
0
0
0
0
0
0
0
0
0
0
288
0
4608
0
0
0
48
0
0
0
0
0
0
0
0
720
24
0
0
0
0
0
0
2880
0
0
0
0
0
0
0
0
0
0
0
2160
0
0
0
0
0
0
8
720
0
0
0
0
0
0
6
0
0
0
0
0
0
0
0
0
0
12
5040
0
0
6
0
0
0
0
0
0
0
0
0
0
36
0
6
0
0
0
0
0
0
0
0
0
0
0
6
0
0
0
0
0
0
0
0
0
0
0
0
0
0
48
0
0
0
0
0
0
0
0
0
30240
0
0
0
0
0
3628800
0
0
0
0
0
0
720
0
0
0
0
0
6
0
0
0
0
0
0
0
1
0
0
0
45360
0
0
0
0
0
0
0
0
0
39916800
0
0
0
0
6
0
0
0
0
0
0
0
144
0
0
2
0
0
0
4
0
0
0
0
0
36
0
0
120
0
0
0
0
0
0
0
0
0
0
0
2
0
12
0
0
0
0
5040
0
0
0
0
0
0
0
0
0
0
0
1
720
0
0
0
0
0
0
0
0
0
0
0
0
0
0
0
0
0
0
0
0
0
0
0
3628800
0
0
0
0
24
0
0
0
0
0
0
103680
0
0
0
0
0
120
0
0
24
0
48
0
0
0
0
0
0
0
14400
12
0
0
0
4320
0
6
0
0
0
0
720
0
0
0
0
24
0
0
0
0
0
0
0
0
0
0
0
0
0
36
0
0
0
0
120960
0
0
0
0
0
0
0
0
0
0
0
0
0
0
0
0
0
0
0
79833600
39916800
1440
362880
5040
5040
107673865
8709120
5040
2257920
916006393
674358851
269017565
674358851
24
6
40320
479001600
743588468
10886400
24
96
120960
720
2540160
30240
724249082
2
600
24
40320
178290591
39916800
24
39916800
120
201600
211680
227020758
261273600
5040
362880
288
15240960
1814400
944536480
40320
30240
159667200
6
946982253
40320
2177280
25200
54432000
1440
6
24
5040
120
39916800
135103783
1080
39916800
3628800
496068260
5040
40320
816166057
18144000
39916800
178290591
720
3628800
874009586
480
724249082
116121600
227020758
179473092
5040
201600
131109669
6
30240
720
2177280
24
882726281
488114962
21772800
674358851
748019165
120
3628800
362880
317520
20321280
789741546
720
359251200
789741546
227020758
6
39916800
120
25200
425606191
39916800
4354560
5040
802406316
326592000
2
4
29030400
96
836922468
417947312
479001600
720
152409600
120
72576000
720
40320
15120
39916800
2
448498157
1088640
789741546
3628800
2
120
437004793
4320
1209600
425606191
359251200
12
5040
120
10886400
60480
1440
159667200
908083032
6
69120
2540160
425606191
20321280
939327986
40320
311014372
382527944
86400
592511979
1440
720
369224624
40320
20160
317777669
5040
5040
12
96
944536480
6
161280
561428504
3628800
178290591
20160
799720280
674358851
227020758
6
39916800
750548852
2
39916800
227020758
36288000
433315021
1440
3628800
36
24
720
3628800
1440
816166057
120
36
476898489
72576000
6
5040
720
660911389
24
15120
80640
108000
1440
24
5040
720
178290591
3628800
25401600
362880
362880
181440
40320
480
479001600
604615312
120
3628800
203212800
3628800
25200
5040
39916800
39916800
5040
592511979
2160
48
139487078
748019165
439084800
201600
120
362880
399168000
479001600
201600
584094678
674358851
1440
674358851
3600
120
627691851
2880
5040
227020758
100800
809699014
58060800
671789241
40320
12
5040
2903040
724249082
479001600
891452955
241920
660911389
35280
227020758
5040
39916800
5040
5040
48191979
227020758
724249082
720
34560
1693440
6773760
3600
604800
96
425606191
1209600
362880
653184000
24
227020758
120960
227020758
211680
40320
40320
152409600
674358851
39916800
961196494
227020758
24
399168000
24
2257920
600
120
479001600
976229924
789741546
370047902
6
479001600
261273600
72
832012779
120
120
120
239500800
25200
120
362880
245883344
720
3628800
39916800
39916800
674358851
720
789741546
40320
25200
12
789741546
322560
30240
3628800
211580682
6
10080
897415411
120
239500800
20160
40320
557316307
5040
69743539
394870773
476898489
399168000
120
399168000
425606191
120
261273600
8640
720
4233600
720
39916800
2540160
589145299
399168000
604800
319334400
6
3628800
720
24
3628800
2540160
2257920
589145299
3600
1814400
178290591
80640
24
60480
842730267
720
5040
12
2
5040
362880
5040
3628800
36
4
6
120
261273600
897415411
480
479001600
261273600
413234710
120
3628800
946652021
5040
120
178290591
24
178290591
8640
660911389
227020758
2880
789741546
824089418
360
720
5040
72
362124541
692645449
241920
48
362880
269017565
10800
20160
151200
12000
40320
24
806400
534357851
4320
182891520
24
120
806400
39916800
720
720
6
92306156
36
240
5040
720
24
3600
725439083
3628800
5040
178290591
25200
874009586
676505593
120
120
961196494
395007986
748019165
97349113
178290591
789741546
1
69229617
425606191
227020758
362880
3600
282240
184612312
676505593
6
681062274
178290591
3628800
39916800
120
425606191
96
789741546
45094393
211680
6
14400
120
72
240
362880
227020758
25401600
7257600
199980021
92306156
21772800
2880
425606191
227020758
5040
4
3628800
720
235340786
720
178290591
39916800
14400
733310028
36
8467200
80640
14400
24
2540160
362880
24
178290591
282107576
720
288
40320
36
40320
178290591
302400
199584000
72
270207566
40320
720
322560
120
30240
740095804
789741546
720
201600
3628800
145152000
488114962
24
720
39916800
178290591
40320
4320
5040
6
178290591
118067060
211580682
681668073
748019165
2
40320
589145299
40320
720
5040
3600
416804713
720
720
178290591
660911389
288
227020758
600
276818566
724249082
36288000
6
144575937
119750400
431868080
24
789741546
660911389
288
362880
3600
362880
766665007
2880
720
120
824089418
24
23076539
67737600
660911389
789741546
24
25401600
279417600
816166057
538968170
8640
3628800
807052695
39916800
211580682
120
479001600
748019165
120
4233600
6
789741546
240
120
227020758
359251200
441023851
479001600
1814400
21600
29030400
916006393
201600
219276793
120
230765390
39916800
40320
2177280
720
720
864
2540160
56381567
3265920
120
713162364
120
2903040
161280
7200
227020758
282240
479001600
120
2903040
1814400
674358851
635864652
40320
362880
120
2
3600
24
3628800
362880
323071546
1440
72
497228324
6531840
197503993
972283212
3600
425606191
13063680
158966163
720
40320
789741546
2160
479001600
425606191
40320
497228324
152140506
810622698
120
227020758
227020758
24
178290591
6
239500800
479001600
479001600
348364800
6
483840
40320
362880
36
6
33868800
399168000
1440
905638163
48
5040
39916800
950079839
120
241920
20160
317777669
720
39916800
178290591
120
3628800
916006393
660911389
6
362880
96
69229617
425606191
5644800
824089418
24
120
479001600
180670593
611964877
1814400
40320
987376516
40320
882726281
121927680
24
720
20160
4838400
56381567
789741546
24
18144000
720
720
227020758
120
362880
40320
386648021
362880
690175636
360
881149592
141120
39916800
23076539
14400
201600
120
591931947
748019165
234517753
5040
5040
612735986
789741546
846123113
160063867
832012779
48
6
201600
479001600
151200
24
557316307
362880
40320
425606191
4
3628800
96
362880
720
72
10886400
144
966739853
453600
264664207
789741546
120
227020758
288
1058400
425606191
3628800
211580682
14400
120
322560
201600
178290591
178290591
120
612735986
6
534871773
30240
40320
39916800
270207566
15240960
24
24
120
789741546
816166057
240
24
48
738449248
30240
120
725760
508032000
40320
39916800
24
676505593
425606191
720
6
39916800
557316307
5040
178290591
120
178290591
39916800
12
425606191
592511979
2
720
479001600
836922468
203212800
906666007
6
5040
2177280
720
720
720
600
3600
5040
3628800
24
2903040
4
362880
720
789741546
18
674358851
24
120
201600
20160
129600
362880
311014372
30240
178290591
25401600
20160
789741546
789741546
720
720
18
479001600
227020758
362880
720
92306156
6
897415411
369224624
100800
5040
5040
3628800
425606191
30240
3628800
537969717
5040
178290591
39916800
432
538369325
120
120
36
1209600
144
713162364
6
2880
96
311014372
790015972
3628800
163296000
161280
580608000
3628800
480
6
6
6
789741546
199584000
674358851
362880
7257600
720
966739853
29030400
24
353011179
178290591
248034130
720
479001600
3628800
720
311014372
282240
5040
72576000
2
3600
783820800
362880
199584000
120
674358851
720
269017565
118067060
360
72
3628800
48
30240
311014372
24
79833600
5040
766665007
6
720
5040
120
18144000
674358851
479001600
2
24
39916800
479001600
425606191
5040
2880
5040
30240
353011179
39916800
46153078
24
4
790015972
29393280
9676800
891452955
425606191
650768390
25401600
479001600
782905903
362880
5040
227020758
813332007
362880
3628800
118067060
5040
40320
3628800
362880
2903040
39916800
362880
120
23224320
94436913
0
0