799157373
527518247
425606191
657629300
0
387002137
125624099
810306345
0
949951228
719398792
5040
0
160150195
465024577
114436842
0
39973091
493841284
272485784
0
824492406
731443574
474468693
0
820981442
326927360
604800
0
800767014
522265351
120
0
472649014
325584154
35757887
0
595484846
641155133
518459441
0
705149548
891560192
372559648
362880
624489101
5659694
674989781
0
444985875
155931234
35757887
0
858536803
396136876
461952693
0
720
459042011
606683403
0
86804555
557549414
795046492
0
5040
480423093
853113356
0
925906312
690175636
697910969
0
517702024
726372166
791175153
0
427463324
965462949
959058457
0
490591295
719079521
96440802
0
715157740
665245625
553304703
948707709
133202664
425606191
467833573
0
720
957589536
812719020
0
623451087
1
788859192
731552573
233252661
706651132
959672540
0
287131426
2
816870522
0
5040
965871526
409319148
1814400
6
578969631
4354560
733310028
917060856
627068824
1088640
0
214552149
533819529
235036451
0
726372166
120
330807012
0
339264626
581470346
554303532
0
975637434
538369325
505388624
0
131540629
368050347
522466137
0
226549179
606219071
890557633
0
954636187
141053788
161660514
0
10082350
15120
459042011
0
368111615
962286056
84950526
0
593057456
310278018
799933687
0
248034130
518459667
728387671
0
859587408
214966725
562937745
0
240302739
1800
118788160
0
470021542
716273969
799434881
0
351753351
422796421
766523501
0
343013586
967209785
133549044
0
505457643
693657272
193975579
0
311014372
752528098
800128001
0
723525020
306147366
567457257
0
362880
892531745
440732388
454041516
856745377
421382876
216000
584340392
149939209
249058005
525892143
789741546
141336665
904590291
549164552
0
626855450
187359437
464044277
0
113188954
403027376
114209208
720
647635786
536698543
616803010
0
941096969
432398708
805798876
0
874009586
726372166
776829897
0
87423969
785871954
24
0
12
401680407
872439541
0
6
75195247
7257600
0
531060615
976416181
479001600
0
203884963
181479393
789741546
0
251499778
185556033
18562553
0
441619785
550067864
239500800
0
853325570
948125038
178293756
0
97205295
355993473
852295011
0
506615801
541744208
554532888
0
744445827
221297439
477450158
0
375196590
820981442
250191262
602684997
234321691
409620822
896952500
0
55118198
394134213
51525175
0
120
759311723
660857479
0
103817144
589606760
822832444
0
192516635
773781754
312183924
0
426801405
896237734
472948359
0
962320137
524946226
705113662
0
791612747
517360959
713162364
0
70664793
812187726
848709224
0
162014245
615548438
607238389
0
261524423
830292868
326592000
534210867
248243894
487850682
38548496
0
843398284
163172797
598752000
0
720058032
290469608
145346622
0
622180794
935356513
699188092
943272305
817542472
21772800
242490771
5040
956165911
47167651
701745292
0
471720886
659363941
247017548
18754014
911666706
35757887
362880
0
430196652
8167
14530444
0
4320
4838400
751334276
40320
845723505
720434036
496898452
0
2
209231107
781298798
0
674358851
916014303
492194469
0
427570962
144520850
414887037
0
317474441
948938775
936183290
0
362880
702595604
39916800
0
216666276
121728462
199481192
0
314560850
422842370
852525935
106605188
660911389
146203448
814647704
0
866840048
24
576739664
0
910672480
822275355
358013989
0
155154994
71817879
362880
0
106194772
632755532
741412713
0
21591321
904893303
539703214
0
660911389
612148150
462136312
0
223441447
167698172
562937745
0
325286053
447427350
47754856
425606191
171196767
774054063
753553128
0
364236510
713985458
374766314
0
545645421
279709062
390205642
0
654597781
2
191598049
0
430627018
887362188
521405053
0
705294211
40320
913256969
0
119199943
272188847
390205642
120
384092823
789741546
40320
178290591
252642392
72847302
488114962
0
732731719
968424228
152599305
0
6
236986218
187536545
0
777606175
863294921
579318426
0
221854192
433506112
432398708
0
479001600
194890931
262543999
0
990100905
612900273
937293563
0
208570294
333150182
354551275
0
404099687
742575657
525944503
0
213869853
661877767
523095984
0
575902749
278523336
434013333
0
54886437
987574552
939004847
0
713331396
108864000
510257170
0
713985458
573227773
158570668
0
90005132
96
639880422
0
799434881
480553526
602640637
0
845723505
72447771
657629300
0
81522270
771141306
720
0
123327272
982577709
713985458
0
714055788
331333826
250461304
0
568428851
394404601
528463352
0
820949002
279258249
5040
0
272481214
801630451
870263920
0
850516649
683722196
770145920
0
336890426
835589235
191350503
0
559821478
318831959
198725391
0
635057086
500095842
291926610
0
293139553
634567496
5040
733310028
602640637
907233009
262063465
0
765230467
774242097
458155864
0
886117237
796894747
847333267
0
499455495
31338505
954784168
0
557896253
626855450
376564323
0
418441932
362880
284792350
0
544168706
961669799
483503131
0
459562723
292376322
969963084
0
44246402
251418780
660911389
0
6
79628998
941363144
0
23226744
460071564
120
0
24
24
88403147
0
737732301
589145299
348094608
0
773107461
476898489
245005709
0
770048311
474134240
247819816
0
296772516
182891520
594069865
0
126609389
267426550
284392173
0
557316307
475994025
2160
0
24
77239706
304634722
0
67160047
178807924
524095993
0
670388393
171343990
373663882
40320
1440
285604398
456439139
0
735977541
589491127
822137899
0
557316307
958026701
817501035
0
43545600
550194207
994405495
444985875
463291657
440732388
491682908
0
904742800
191159588
428876693
0
2903040
118067060
397258834
0
782905903
760584440
722196846
0
843321860
12
172980994
848709224
632701823
40928694
762668338
0
36978716
153325868
30240
0
478306271
10886400
425606191
0
378525268
953513608
147265242
0
134547764
878649401
847555432
0
52012548
667639785
715867892
0
3628800
3600
602387747
21772800
179849698
149084477
648989272
0
109361473
382703426
657629300
0
140303784
905017901
276818566
837327323
610120187
456036081
350778139
0
978141594
486580460
958486639
0
255658213
797587950
893905877
0
243776690
957515248
158072567
440732388
368680118
460561139
451473143
0
916006393
493221975
576327240
0
803214699
243815172
626855450
415238003
638457802
321814180
720
0
770568787
603780552
811700323
0
801335300
178290591
894335304
0
422103593
284957109
966612261
0
580722825
148165353
932835860
0
496093907
237118533
792405570
0
383889088
883632854
592511979
0
227020758
484916051
661063309
0
575278003
517631727
994636602
0
498239769
513068070
390205642
0
228617497
6739008
492073342
0
414878518
186437011
754350461
0
40320
549405168
235305198
0
64028674
83512764
782063175
0
791659419
185991498
227020758
0
670952630
780146248
54866370
0
820169662
644671510
537969717
6
696536385
219609149
119711155
0
486129270
269017565
290230576
0
510923469
337396190
135750299
0
384098731
203878397
3628800
562937745
454017543
821777096
783369565
308359314
479001600
249058005
500405286
0
312395981
554303532
902744461
0
667213913
928600719
425606191
0
388223481
194986335
594104676
0
371217462
337380927
726372166
0
400512842
589812941
6
0
899980925
952715177
975467301
0
15767463
178290591
181296965
0
967230486
604615312
165556825
0
882194503
990126445
10250263
0
32659200
399168000
36423651
0
649353429
129941864
814647704
0
832012779
140899066
2177280
0
227020758
595484846
900064004
952910722
692246219
6350400
442290631
0
152718466
28292951
261151151
0
202431914
604401816
12
0
690935927
389781862
382206715
2880
103099859
680772947
683860391
0
206108158
1
177021470
0
203073631
713985458
296513393
0
804196580
26634552
24
0
904893303
288
321465893
0
308797197
722682372
850738835
0
925757906
741778192
631685934
0
362880
59287961
172980994
0
660911389
458833426
248531407
0
136612366
990953332
947014926
0
955959110
336904953
803475375
0
3628800
572884362
204304068
0
217728000
713985458
255051683
0
61740462
972529383
557344756
0
124017065
12
906450059
809078178
70118022
786022351
479001600
362880
390205642
402218278
679710278
0
769094433
674358851
56381567
0
564602940
959634865
137450769
0
444558478
286129051
6
0
480772723
794186373
699617229
0
12918414
26406328
318332148
0
612074836
847335844
863781475
0
472948359
272441262
240
779529863
919979353
574505520
873542720
0
187980171
120
249058005
0
377035380
534470758
813102463
0
596337482
128958199
160659875
0
24
418115268
843699954
0
626855450
35757887
741412713
0
318614867
282425989
39916800
0
996745124
381970935
849144521
0
967513094
24
807921904
0
595866630
103805331
773554135
0
363844918
789741546
106486893
0
107673865
459042011
201600
0
331108464
6
218697492
0
362475893
996579309
46364139
0
440732388
272481214
538968170
0
943480202
29264408
273194807
0
533838441
59812617
13547520
0
372559648
125735167
286427093
0
77755644
633390891
308051482
0
715534167
32639926
479861360
0
5040
318608048
331333826
0
615257821
18
948115403
0
202311368
751334276
640422088
0
954166395
733413029
181662319
0
353008617
734603378
143102344
0
454732053
660911389
477609835
0
210607184
392803095
559528658
954784168
905576274
120280950
468080097
0
252926286
256480214
87253672
0
587763518
748019165
2400
0
858001943
619065232
700145973
0
720
465223274
700173514
0
838343004
249942638
145694604
120
835488209
645237378
48607731
0
529084194
589293891
319334400
0
643645542
715534167
95060134
0
960607021
540482435
339468225
0
76838545
669005340
16340084
0
357578870
786288008
678830706
518459667
538369325
223432393
754178916
0
821782377
263002734
895901726
0
860734560
817306689
140469545
0
722105459
650135875
434946321
0
255459359
572244072
225080601
0
357201395
688004263
962931688
35757887
413119405
913432266
445161963
0
390205642
219203421
768415544
74217825
832161372
323617456
645457345
719101534
233254219
197595377
139487078
0
577577242
895843751
701124923
0
151486511
498982458
660911389
0
5040
648679346
240
0
282240
120108079
536698543
0
922706649
921571889
871569458
534210867
911121157
486199993
832687849
0
464974208
408250812
253368321
0
367236616
853355262
182118255
0
5706977
209567493
390205642
0
48845499
869244485
210654416
0
228243142
5040
919504897
0
5040
235493536
611317299
0
639353097
516962492
262761553
0
362123247
460605983
387002137
0
852270450
105172151
947476250
0
92417454
817621691
327985055
0
247024131
36420241
139487078
0
676505593
238404127
39916800
0
24
88403147
95866818
0
8467200
596963616
2
712389069
378254390
406852432
557316307
0
789741546
24
934016188
0
954274208
392653383
141988426
381134620
19862221
681927926
1440
0
280940535
726372166
604204817
0
3628800
263318786
861447806
0
472268240
453252821
722529283
0
552205108
36978716
80621005
0
973155337
425606191
173048376
0
859629796
144
750768300
0
13429119
900064004
44205541
0
892643659
215632061
626855450
0
644722579
958003200
57155068
0
682021862
110143699
562084057
0
644798795
715534167
640899595
0
96147459
816558002
720
0
523095984
425606191
265813808
120
362880
422857462
109361473
0
557316307
659333344
400123875
0
834119999
65628101
362880
0
541321003
871154387
838570023
0
819242340
945855152
674989781
0
599594573
321257485
529871704
0
13547520
669330071
813215055
0
475244645
947724872
753927539
0
394870773
896404925
118507535
0
362391144
266230000
955119934
0
510918718
797185001
976896690
0
597087265
114344201
24
0
286682079
24
801996473
0
480
68809140
440732388
0
999650350
331125750
943407019
0
466732651
425606191
874009586
0
633869120
864439437
478292750
0
860734560
199584000
359866151
0
79201375
814971283
24
0
718510664
518459667
29937822
948537388
2
119186532
193313331
927082051
187585020
538419276
440732388
0
646073317
282240
5040
0
746610991
845723505
573602637
39916800
364237685
947408693
205071475
0
459042011
252146680
862301584
0
221689151
269199917
17101621
0
594941521
158381261
635239892
154028309
674358851
834533360
241904842
784445451
218579768
419250486
630790815
954784168
13162949
417947312
362880
61470836
869047248
91268753
729412028
0
613997612
924545491
440732388
0
824203410
479001600
24
0
510624826
4726820
793431729
0
737578784
959551993
956691726
0
888100640
272481214
916014303
0
275666167
40320
203212800
0
146326063
845220524
4
0
103956247
798197261
484267478
0
167288003
465708262
427333870
0
217122996
184412508
990815887
0
20956036
948537388
464176590
0
367301689
120
2580480
0
992076646
908185862
469292466
0
674358851
153564045
24
0
2400
304970553
86400
0
909463138
572527065
432840925
0
857716619
667257046
63329053
69743539
498195175
620619059
120
0
872468853
956834017
725598504
0
32659200
263795557
721456522
0
186957658
643177724
109438571
0
932614679
412870021
5040
0
39916800
427002607
851098714
0
43513196
789741546
518419662
0
623516691
657629300
311014372
0
409227905
580685329
6
0
6
632953947
596803603
0
846397273
824081055
75195247
627068824
520202139
318608048
35879182
0
6
749462004
143101353
0
742852259
197811463
115973341
0
149826950
943272305
109361473
0
237667802
120
6
0
515135831
787787008
24
0
789741546
891391776
936412198
0
472081547
997127296
499488595
0
435456000
482008226
57155068
0
681746995
280853883
357670060
120
768353028
129345386
5040
21251189
600476536
112555790
140899066
0
358952645
459042011
990953332
38814215
501186350
724908817
499553741
0
470021542
660125903
174744389
0
658285346
2160
697910969
0
472948359
799434881
2
0
187229446
6
354551275
362880
541260572
996745124
626855450
0
333279271
248484892
703688893
0
417187831
18
376780879
0
2400
361765085
221385196
518459667
119721191
401660238
913734735
0
447037732
158801505
994880713
0
933439783
506542604
905400360
0
336270785
727929568
110703816
0
120
222594164
110561613
0
860734560
156180888
914307579
0
879208703
623708732
400195706
0
770105136
331809979
106475041
0
726161722
337875366
720511929
790015972
4320
381466170
217398020
0
959014603
19483429
120
435962962
604541064
523095984
938275241
0
454732053
288788621
2
0
120
239547902
13988670
0
518459667
425204675
775444794
108669496
72251711
120
952246620
0
356012951
589145299
72847302
0
30735418
725665488
412044709
323021595
249010336
993124431
999650350
0
758220022
426588112
9160333
3628800
24
472948359
69245042
0
309159079
5040
2
834533360
929194769
753889928
808103207
0
973491130
562908417
68101356
0
988108252
131666481
229623027
0
121369221
857656671
911353843
0
578394173
370207865
395449438
0
120
320977264
434076540
0
256402918
459042011
3628800
345643916
227020758
43200
178290591
0
373965919
724110541
40320
0
693137662
307640931
564823394
0
230207103
227020758
934525991
0
930801420
403325911
207332411
0
239356879
338289402
731062266
0
558964526
288788621
348657356
0
810215209
192351701
135103783
0
472948359
919323144
775772385
0
592199647
857527684
275907074
0
812728112
559855581
146809096
602640637
557316307
472639410
999600399
0
395777554
353616274
847555432
0
107274257
850061532
601550596
0
233144281
55963579
359251200
938823633
371360600
790015972
96
0
747280920
832663478
78037188
584616945
10886400
39916800
222855643
0
293366302
158214713
657629300
0
4223897
14429021
760010734
0
175931202
535768569
476898489
0
657448671
440732388
741412713
0
610531890
911332955
287535024
109361473
406180279
60480
457021992
0
90472251
355109199
801958841
0
557316307
32126513
120
0
973702308
757990875
365025774
0
324071432
889610860
564500383
0
97430760
674358851
799434881
0
284839211
754459323
601462019
0
922398139
544320000
40320
0
905484728
5040
887531852
0
737818506
137770249
488741835
0
864352490
908324047
40320
0
8170042
586379910
2400
394134213
861290496
354551275
797218925
0
459042011
429989610
180599689
172980994
600638663
131991425
516892158
435580116
6
985287204
151533316
24
129161901
282240
419058493
0
515691482
211580682
24729637
0
383018757
240619824
316364915
0
362880
458530428
493918684
0
499034810
46656000
529486942
0
582572753
862535422
546870091
0
473434895
749079870
687139408
0
486474675
269017565
154564598
0
201600
933553664
904893303
720
178290591
616000996
918233241
0
661063309
109361473
48
0
20494621
796894747
170053295
0
855949966
720
978930599
0
149610231
607471311
426267184
0
503040125
932614679
151329927
0
87555143
230035274
935335262
0
448031171
497228324
387345241
0
5040
753889928
955991941
4
713434539
794175986
603882287
0
666669158
4320
188041113
0
835883602
172980994
571550680
0
364013519
724908817
618766599
0
524117979
764991741
800582876
682187374
472173173
190061922
439688717
996745124
626855450
434519809
922612121
0
2
298168954
177309317
0
898738544
394134213
264114922
0
886912384
72171943
511496131
0
973102179
73195663
681668073
0
871393767
927016087
472081547
0
301944108
365521416
242722174
0
908744335
891555476
356186446
0
24
458981341
310900710
0
492350657
36978716
905332699
0
447493601
41275882
355853964
0
890451708
272481214
830593476
674358851
187359437
562937745
295211349
0
552140040
297742423
824967788
394134213
279308371
458833426
523095984
0
109361473
284760343
948537388
0
820082632
954274208
6
0
719101534
983362663
341530915
0
626855450
362880
740395253
0
463260623
502232586
282383510
0
104509440
569448351
413119405
0
318608048
910684111
747509651
0
296627743
459042011
272393872
0
954050015
948537388
290156406
0
479001600
36978716
177609148
0
950519085
745661211
362880
0
957188054
440732388
167670867
0
136393341
276078436
670986519
0
983046269
151783317
849772987
0
661376841
943272305
315990665
440732388
655822564
100800
6
3628800
178290591
64464491
14530444
0
334013353
447552262
119711155
0
401661482
527008051
834533360
0
519916520
908324047
582778416
0
286129051
311193820
868848568
362880
877812187
750861077
193219356
0
361258889
472948359
789443054
459042011
472948359
238883620
988610776
0
40320
94201620
482024597
0
500522474
44048711
10503098
0
710543777
265076623
398426495
0
131206551
908744335
697435390
0
633571534
11371059
334081962
0
830455698
346820612
23701507
0
284276475
833109112
999650350
0
751334684
516623517
119603810
0
432956852
170144654
110246882
0
637184634
659363941
949608792
0
479001600
940957331
610985778
0
120
786561320
3628800
0
4
400122764
799434881
0
766665007
450968649
671495364
0
236986218
121885784
313048038
0
92211832
2
793755578
0
206810137
635955803
312126562
0
225027010
831030901
665885795
0
227621630
39916800
19089036
0
488548349
457572894
931752199
0
718703494
426262390
29030400
0
288972210
440732388
914079420
0
143492157
293015588
874110408
0
904612378
608078782
249887676
0
505432524
1152
57155068
0
235493536
254757039
981025987
0
10503098
61038424
918252123
0
619051765
729158533
926952423
0
18144000
484081605
35757887
176346039
425606191
61470836
797218898
0
790963372
256410129
960375087
0
286427093
36288000
150285994
0
2880
617988725
13037205
0
752893527
949141864
939940603
0
948537388
805043588
296365773
0
783309098
904535565
24
0
30018670
583124935
937763063
394134213
875741505
820277336
366001261
0
6586161
667979837
44664662
0
331333826
894701752
642138241
0
109541431
242626389
603405072
0
146883338
733662197
537577614
0
495562564
309299577
324962443
0
726372166
85193137
142780989
0
874009586
554428897
455449308
0
725326352
315391461
64202815
0
708372767
362880
486580460
0
235717808
234036426
881224227
0
979243323
670514040
302280430
0
166267694
276546583
736064731
0
795090822
114632607
602640637
0
355214614
420006712
4640109
562937745
879569336
929765797
109361473
39916800
924037369
346971873
20321280
0
24
369224624
201600
0
498886288
635415198
824640462
0
864109790
6
661063309
0
799434881
798811934
172639440
0
120064497
80640
83815956
0
11927796
876436744
35941738
0
121535408
969343402
375995285
0
36978716
5040
468181236
0
249058005
109571762
385742655
0
637276585
720
57013841
399099829
267641887
6015776
968516751
6
10987461
383442697
74391274
0
919239718
464425325
524764858
0
65342017
134400562
72249597
0
887985473
233597244
567541619
0
890121205
290391208
3628800
0
802687909
432270192
333200133
0
110143699
165206305
431567167
0
263749387
592998614
135592272
0
805851174
2177280
120
0
755140987
394134213
66771386
0
256535203
75425634
908157327
0
68584425
178290591
982521043
40320
948202466
932614679
252759383
0
377678228
108466216
150117344
0
715534167
384853226
258522187
0
920464108
789741546
3628800
0
652035782
479001600
925105816
0
793770460
604401816
361717904
0
184563937
951799059
569842006
326344189
982145574
592062473
192134578
0
272481214
789741546
881576500
0
1920
228210759
108669496
0
557316307
720
3628800
0
96059633
192179742
486580460
0
460213510
165350378
390205642
0
948537388
304344981
565322683
669994234
24
625820182
88403147
0
565452030
587723866
109529101
0
42207419
999250719
279762687
773757705
818326571
345811988
592511979
0
999395820
145730687
139066303
0
789741546
209018880
929957915
57155068
866735091
82336652
950498552
0
227020758
432
390205642
0
143075727
425606191
508512673
0
6
524382718
1
0
557966183
165061929
240
0
28153113
24
682880457
0
632011102
714929162
748771911
0
325545938
746811932
4
0
397237077
108669496
188770109
0
424349191
937557567
425606191
6
3628800
60834924
676720495
0
978336569
341905253
13153616
0
708901302
107388896
557316307
0
916584339
956454714
910774902
0
194885019
362880
72
0
397493024
720
24
0
933177883
754235589
416019487
0
488204773
189429785
479001600
600
31159932
541338652
897434746
0
272481214
945318990
28043259
0
252045087
808834158
437984864
0
391215355
4032405
784850574
0
444985875
462552568
120
479104221
699025510
177777084
138325788
0
81804848
626212677
828804528
0
57596370
120
447362382
0
348061614
139487078
364237685
4
399376021
982521043
758448224
0
534592429
517676538
657629300
0
227020758
456952374
403596022
0
958666265
64801125
802587308
0
789741546
554890369
883701226
0
291368158
570761202
209689962
0
570979239
870642802
626402145
0
615357723
534135760
862595274
0
556338832
499738888
924884232
0
138575883
6
160148641
76204800
226065544
604401816
624355152
0
24
536698543
215316164
0
641823595
16340084
339386966
0
535517018
258455134
821812145
0
36441078
674358851
263968514
958010110
3600
227020758
71654132
0
312337669
21496795
895753945
10503098
350255843
40713657
159667200
0
95269982
476148252
257294133
0
194932623
404081711
385624429
0
737494329
771107078
870496796
0
765725963
4320
5040
0
10503098
579480533
234184734
0
415238003
892545443
21600
0
769114349
383634980
586339404
0
748981152
273106098
527450978
172980994
534357851
24
92892339
24
817483061
965416315
816680688
981277827
877942959
390205642
801552192
0
551613980
270328852
310092444
0
518931245
852667250
877473373
0
915515454
146326063
24
0
120
954784168
5040
0
194890931
412890442
557316307
0
32962383
183075853
569383087
726372166
468303738
798614269
390901845
0
421913909
806616974
109361473
0
146202602
222322107
214876444
0
579641929
602640637
16340084
0
868435330
84091176
983178069
354551275
947138196
668368423
372559648
0
166267694
843756147
240027693
518459667
222548699
14755417
719398792
0
362880
199980021
634899166
0
728312922
412277213
770250195
0
227621630
256535203
517631727
440732388
910773340
2
486950091
0
452567762
937545243
966338660
0
956362286
817358532
304227120
0
469670127
316236394
859546584
0
436733356
415045023
433484968
0
500294776
505311961
379375191
0
479001600
626855450
557127785
0
240
21050657
557316307
0
214810038
799846820
120
0
595519867
479951251
512458994
0
311014372
317529493
15925201
0
24
713985458
240626822
18
786673514
655453293
436566450
720
631860809
835179511
650754302
0
604615312
876084282
52697587
0
613322105
44806440
24
0
847248074
806677976
368562572
0
459042011
227891659
456290037
0
633826342
630733628
493679764
0
24
370573506
190715561
24
362880
963207931
102036499
0
695256220
249058005
425606191
0
621129497
789741546
627838167
0
660438112
543593990
16751538
0
449858722
302519936
265134114
0
799434881
226175260
383516084
0
104379182
182759304
309163050
24
1693440
600
138162528
0
373405598
70784433
729610528
0
461602006
240302739
166888592
0
378919986
434478457
951269840
0
418461234
713262132
148186649
0
371736073
277607233
170253390
0
541853186
479001600
550002724
0
618876419
557316307
489896520
0
955391364
285871958
240347358
0
486580460
620688734
359251200
0
800689231
85295240
785888834
0
967492692
661465057
48877345
0
5040
24
569718945
227020758
137672329
394922617
860734560
0
339468225
946652021
897415411
681794676
3386880
57155068
398086195
120
944544422
532956264
746448032
0
130404421
553854772
726372166
459042011
131043056
965468313
720
0
902238812
36978716
198681295
0
789741546
426201096
6
0
524699583
129228301
249010336
0
110143699
129524086
430700592
0
647735033
830746091
125899825
0
885058329
467844502
167212661
0
402478344
57155068
746776447
755684802
39916800
550909199
120
0
288788621
146326063
74640394
0
30240
15441423
850170031
0
394134213
611964877
290283648
434489239
39916800
644462573
345707014
0
822431401
362880
227020758
0
96440802
309108098
109616253
0
717770298
165747854
860734560
0
661063309
402831687
960035717
120
257354538
932363540
911332955
0
905663754
835105031
307570540
0
324894434
295782991
600
0
841544954
88403147
63310244
0
26127360
286129051
515313865
0
238787054
944686732
277611294
0
404891339
72847302
934847358
0
57155068
931819454
927445782
0
26127360
598309005
24
0
6
390205642
354551275
0
120
626855450
349576159
0
357578870
602640637
390915858
0
595246529
575023877
734371090
6
65244146
377011365
173839803
0
297933315
858287350
674358851
0
211578971
866684135
178290591
0
749079870
7671323
473518857
0
441645619
534871773
784446259
0
238569118
161452443
901214128
0
602792198
951269840
660438112
381731733
220330581
860734560
728473020
0
984739779
6
43609932
0
326442215
390205642
887416768
0
782072641
6
158631007
24
788418269
449817669
564119496
860734560
840928209
158876574
619178983
626855450
601305435
146326063
178290591
0
504423601
513894319
4788355
0
14515200
186015490
169210254
0
300322888
562937745
57978235
0
217482270
81037610
992546112
0
89725253
549630723
952759757
0
102632116
615275816
660911389
0
280940535
36978716
225505786
0
860734560
537249723
151361125
0
283296222
48191979
16215366
0
435913320
470301618
294939031
120
432518817
345118819
703526374
0
629009014
316957889
145234804
0
965814575
120
199334651
0
479001600
598041925
5434818
2
486317067
805825044
166267694
0
21600
6
40320
0
724249082
170376682
36978716
0
4
777507086
394134213
0
119758989
834533360
455393397
0
472081547
255746820
99374676
0
307213
6
331539505
720
923250736
589145299
600341897
0
269199917
459042011
707927548
0
924683071
620455189
884162831
269199917
917794621
440732388
674478546
0
57155068
46153078
559622529
0
768888667
817316882
12587939
0
476898489
99391260
5040
0
522728373
751367088
335476315
16340084
795522384
861603474
245028677
0
381779322
834533360
779363204
0
39916800
311908021
515447595
0