633395429
819783977
918497247
151200
6
692944805
821549797
316663691
0
921267259
279815588
25401600
766523501
966739853
392333590
443304684
0
714873331
57600
207920330
0
361189076
606429391
355751388
0
9290415
40320
40320
24
604401816
605019443
151281603
0
739574320
270319386
789741546
0
279417600
1440
362880
0
248034130
865152845
878426276
0
766665007
168236222
2
0
34118403
126676568
382188432
0
824089418
336751164
458327140
0
870843130
440732388
860249446
0
5040
607345544
963717822
0
798336000
913285272
803265572
109361473
394134213
56265416
78285153
0
590652807
170656550
407559461
0
479001600
230785888
367145117
0
743889732
431910385
555689717
0
20321816
5040
409620822
0
283074841
249058005
35994326
0
178290591
152275742
967404597
0
336787788
227020758
595167786
0
395007986
961575765
36978716
0
943272305
371794234
249459421
720
586774817
680608354
130495186
0
527704003
846397273
445915163
0
178290591
156386767
893183908
0
674301349
819450387
456946033
0
719386134
304589842
649888105
0
99526389
6350400
751643864
0
301415429
329353537
918684530
0
250609181
13112748
941343290
0
708987181
457163017
847555432
0
5040
565274935
885193526
0
924808189
44789936
951269840
0
974376743
101541847
270925612
0
64289380
592511979
1728
0
432518817
85408903
115867004
0
613668482
319669768
404863520
0
36109032
184507612
747605160
0
5040
657629300
94396313
0
618762019
823222285
2
0
845723505
795795596
463260623
0
398359238
531605341
201513688
0
522065383
627544292
679747417
0
36978716
12
122711712
0
40320
948707709
844796271
0
492298341
239361022
999251436
0
17008187
221250763
611511496
0
878750880
211580682
720
0
79358540
534357851
486580460
0
518459667
966297680
908273329
364886279
120
35280
860734560
0
160261341
964266691
2903040
0
866861287
698301663
852162989
0
696112473
285845067
445748046
0
373649809
515313865
643257589
0
76204800
1
592974898
0
750066864
4807267
5040
0
877812187
676505593
229973244
0
931818345
178290591
684578368
0
452557479
57155068
518459667
0
274578373
171205778
318608048
0
35757887
431174609
674788083
0
965468313
120
633624803
0
290803920
756000
557316307
0
40320
822198172
617541969
0
346616273
537508451
366866660
0
678377615
5040
536698543
0
318050050
715534167
193187921
0
240522685
452947924
425606191
0
967546108
346225807
661063309
0
355632907
776092244
750636999
0
702147888
595484846
682923677
0
133605669
785412155
249010336
0
4640109
212197154
790371904
0
40320
657629300
151200
0
109361473
242936609
829169671
0
371187781
984095534
712762453
0
24
231330744
538788752
59035907
843930630
895409908
6
2
304545676
789741546
660911389
0
85300081
24
108669496
0
50456393
914547078
81438764
0
654160205
196443948
347676906
0
232305304
301619594
965011919
0
440271729
408233504
286129051
799434881
394565334
847555432
430695460
0
692879415
582523276
950162788
0
362124541
987376516
882684211
660911389
75195247
340348372
472639410
0
620403462
562937745
299807314
0
529966107
180039885
891452955
0
20321280
611287261
740114785
0
377469924
805309473
72
0
222095366
25548615
322010777
0
917402339
480230003
659806802
0
821724720
724134334
736515415
0
909219032
372080463
713697617
0
228696857
216
42223868
0
36997149
557316307
88975732
0
967755442
963670016
120
0
960035717
636792908
752638997
0
57155068
393336757
627998839
0
680595171
347382230
623518669
0
261441344
280940535
682198580
464170322
322560
660911389
439084800
0
35757887
720
726619683
0
692879415
761089764
211644520
0
674358851
250270968
249010336
0
990858818
439084800
10886400
0
449929977
597474887
726372166
0
11494351
322739136
881356031
0
440732388
303881053
451775139
0
273406435
288051225
967833094
0
755137844
985130711
24
0
5040
90000
322297768
0
674358851
59388935
427416414
749079870
595484846
848056240
171729697
0
673722133
103956247
815430644
0
731403015
333681244
602640637
0
492087713
612784348
269317421
0
158200353
728333452
752843182
0
441290839
715502320
619800526
0
376682232
902937618
259583755
0
607630968
837491834
799434881
0
95044727
98122372
317777669
0
914099013
897415411
76936983
6
34118121
530060999
9574928
0
984460699
20321280
852726217
0
723562469
956669236
297461023
0
918571796
932176241
834533360
0
76158729
24
849258670
0
425606191
978062614
990127078
0
399168000
22706818
835589235
0
133605669
578566349
466520147
0
518459667
582433703
155147199
0
459221049
4993228
951794845
108669496
178290591
955027266
765725963
0
430280254
341877689
749274732
0
831823623
518459667
894510377
0
472639410
802948831
75868100
0
120
620327648
760213136
0
86855675
111082994
425606191
602640637
856254092
320886183
930594073
0
609529364
609638400
40320
0
331333826
249058005
319083624
0
355599687
552362552
765725963
878715114
191350503
905638163
5040
0
861078816
486580460
269017565
0
629338198
241610028
922629215
0
602684997
84166673
808718272
0
943272305
474979408
402360433
0
701664388
897415411
1209600
0
490860563
400745135
98788591
0
759193311
1
890519583
0
859629796
493679764
334547850
0
518459667
997504175
682021862
0
290657215
259120848
269239997
0
36978716
282240
482870066
0
673477089
422103593
516831534
0
715310642
697723869
772934581
0
803936547
579850913
187359437
0
851212382
178290591
250273906
0
742572798
421614836
315963541
0
472639410
860734560
779822371
0
688297518
734438837
265883519
0
146326063
769373263
790015972
25200
193240632
725420797
178290591
0
466854386
283530301
794775976
497228324
691654528
112664072
993406475
0
966931832
417872166
674358851
0
518459667
459042011
561697430
0
227020758
39916800
632973323
0
604401816
298168954
557966183
0
706848914
676768750
602640637
0
5040
182329090
985557715
720
120
417071621
832834042
588668000
319103822
309576830
860734560
0
626855450
775429557
809699014
0
789194231
85101042
418461234
0
69523961
411040191
49244119
75195247
588008176
490780500
935419371
0
986061473
249058005
388425230
0
992366670
269055711
285871958
0
3628800
99303342
700635404
0
111204037
1675918
238130268
0
690175636
534357851
895048165
327458370
260758260
171159491
211829381
0
333373220
180785765
762133686
0
345087818
195246475
43230171
0
5040
172980994
847520848
799434881
796923024
460923937
610413541
0
383693215
390205642
14400
0
140603849
394134213
244488773
0
424975454
362027113
425606191
0
495324827
5040
304968073
0
5040
688343672
873059341
520133813
400161299
425606191
808888497
0
481693825
494062009
904460466
0
486580460
976822245
107667159
0
174819848
790926495
358359494
0
452899969
362880
186100746
0
557316307
422103593
434573688
0
294356311
831051426
628232119
0
954186383
3628800
406247890
0
345494464
455157441
479813540
0
897167232
3164472
344672127
0
876503427
337790494
628745944
0
143574467
245468193
779550857
0
899235018
281103636
674358851
0
124926160
195277501
295461093
0
472948359
807143870
255754334
0
828640009
430002536
789741546
0
244488773
899753364
69743539
0
480522796
120132010
724535853
0
856717273
70669924
14530444
0
387002137
639335564
632467369
0
824089418
518090152
771590973
0
828352853
119259512
452088784
0
190180260
937341924
559502215
0
389351520
61613551
187359437
0
444088995
339574826
720
0
778143383
594732751
304706411
0
394134213
369478884
2
0
797002565
262577450
333965290
0
394696704
797100317
23224320
0
801765256
133605669
720
0
643573359
910280635
511422673
0
641338868
448632247
486580460
0
92305405
651246787
622070983
0
45098918
602640637
227020758
0
425606191
502028407
322560
0
264203819
645257857
478308697
150743411
30964113
742755995
390865421
0
771753514
284971147
685732868
0
404658825
208836131
899198375
0
88367539
85211292
51431504
0
127301509
799720280
50400
0
472948359
413546063
581973454
0
178290591
533187547
459042011
0
604615312
444726338
765725963
0
3628800
595484846
20484263
0
60223531
755912749
269199917
0
459042011
669106310
720
0
217341032
596991556
198722227
345618519
212722416
1209600
214476729
0
493122323
821157761
40320
0
709494145
888446819
736622722
0
159014463
306147366
713985458
0
557435664
495900225
597445469
0
371637586
602387747
484440024
0
251812700
719035517
514029850
57155068
709024121
245393875
604615312
0
943272305
636381272
566808227
24
3628800
16089364
5040
0
837821912
66867193
230261572
0
237754044
15283040
872903868
0
479001600
674358851
6
0
967751918
909031287
379777912
0
833946535
159667200
315963541
0
492579691
769627443
844125073
0
121628816
341023976
789741546
0
172980994
2400
824089418
0
57155068
10503098
138331853
0
249959610
335992514
731718668
0
741412713
942460231
935130422
0
1209600
257106208
227020758
0
187692075
394134213
388716932
0
684277081
600
787746377
0
458833426
869591138
6907684
0
72847302
481549644
67492341
0
471066794
396658797
211680
0
943272305
625459705
112071474
0
74282648
13034629
120
0
120
743588468
837344738
0
5040
411560463
571032950
0
215278065
4989645
561183632
6
815761047
626855450
459042011
0
4320
12039057
376569506
595484846
6
931747415
5760
0
423714710
541444494
640422088
0
6
630040404
552354549
0
40320
710354824
283192868
0
741412713
801452144
35757887
0
3628800
602640637
286886454
120
280038359
874009586
973491130
0
116482011
1728
798706227
0
105487039
607295742
24
0
287943011
972560278
939019605
0
241291768
737650808
961196494
0
792646912
389623131
130131933
860734560
354405923
610400357
834957576
0
24
151200
985034433
0
930849992
959371986
480297991
0
472081547
909766510
681668073
582203666
838965485
370049356
855656861
0
12387220
444985875
820506939
0
268381052
411180207
407565727
0
72847302
450947875
203730943
0
706301315
263987108
694422197
0
432141470
951741778
779579209
0
120
110330159
652448378
0
255909119
107673865
624675338
0
632355084
187359437
112462765
0
362880
3628800
797074864
557316307
83263419
494695423
602640637
0
109065769
718266344
245111942
0
991822530
172115422
146326063
0
145238039
952280747
85614749
0
857978413
119711155
694247702
0
69229617
193926732
249010336
0
280940535
46679073
543042479
0
353771107
783483122
147529679
837821912
120
8964348
225390243
0
959569301
479001600
225244677
0
979585318
741661454
371794234
0
43513196
447362382
2441658
0
4269315
444699827
172980994
0
849569305
453577775
802247104
0
460797966
714290924
621347833
0
166267694
362880
847555432
0
720
220380498
744960959
0
237391533
628877503
311251429
0
32939148
789741546
146326063
0
65670970
967209785
120
0
289899198
401040054
628705748
0
73195663
43545600
36791750
0
490035192
6
690175636
0
133605669
991089455
479001600
214591659
615252434
674989781
700478999
0
547811023
267595503
244890759
0
537579014
76738643
986005907
0
522615074
2880
535855596
0
720
387581925
249010336
0
839019984
486580460
720
0
477143917
932614679
317701988
0
521978475
708261290
965807516
0
825678539
255857396
674358851
0
915690565
525010540
559234423
0
54886437
595484846
6
0
983775186
571765389
148337708
0
990109709
651797230
369224624
0
151200
1209600
332607776
0
432398708
846397273
882824219
0
489104469
191193745
432518817
0
627068824
180016820
163092658
0
444985875
809015742
454732053
0
406852432
683386364
57155068
0
674358851
618098840
387799821
0
862538138
918891921
74914339
0
6
98032268
390344093
472948359
661740724
100903673
5040
0
838198136
640917273
43021104
0
105065141
6
10415247
0
657629300
383386855
294287027
0
517771126
653538243
584851875
536698543
348045820
59824364
97810452
0
182105319
149124896
280071356
0
22861440
4700216
202572360
0
435218346
178290591
868848568
0
266092047
10332861
972508262
0
587996969
977392085
337196280
0
518459667
434126996
26717182
0
526366729
542697072
376138450
0
810014236
4
203212800
0
617824710
92805021
595060893
0
953164841
646476250
594961242
0
473887221
496068260
437737676
0
93638070
24
187359437
0
544010267
681063764
631346489
0
406108705
504681546
117665223
0
6
844040994
423025635
0
445433834
2
1440
0
47016076
286129051
770999897
0
57012940
806133178
94464834
0
741412713
484409007
307290675
0
638468624
660911389
598378413
0
460326223
660911389
140095085
0
269199917
913904166
537581985
0
474650351
181901042
868136567
0
146326063
262527787
500324104
0
816166057
564326212
744157918
0
290608880
365178664
12
0
123754950
458275508
331451160
0
450923679
943272305
362880
0
650689543
735956148
414530854
0
990127078
720
885405057
0
74636357
401618149
16340084
0
24
512668820
850955374
0
437293007
286129051
965876103
0
239500800
394134213
714229736
0
659706899
460700915
618855752
0
349884196
523845582
163400840
120
756392414
379273822
207106192
0
853725153
224667060
464610507
0
24
529793335
576536845
0
2
767813378
776829897
573349125
288
404849507
345639778
0
738353491
637361544
452788137
0
2903040
646945896
946321833
0
570334895
793998488
234675055
0
240878392
306163811
178290591
0
882799140
809323641
107601665
0
643448762
148846745
233056136
0
466520147
119658557
402222306
0
722788003
472649014
822284800
0
657629300
19595520
332808444
440732388
3628800
202882663
4
0
52812656
394134213
265976216
0
709036930
182891520
517051073
0
697054853
406765876
783048824
761132679
479001600
335527409
267945969
0
779563724
858283599
761263986
0
620796574
119711155
674358851
0
1088640
69975306
486671090
0
39916800
479001600
525079762
0
390205642
590335300
171047586
0
397258834
26717182
210329496
0
244890759
480347177
740104493
0
213711646
734533900
159409119
0
624060609
739093962
132206275
0
582786745
24
103096412
0
439146126
432880935
724089866
0
35757887
674192335
518459667
0
692246219
199680315
373962784
0
443970395
116697800
531796602
0
72847302
429295091
885058329
0
394134213
301041258
708602031
0
315933854
789741546
103099221
0
960297461
589890025
359251200
0
515289454
735098197
871639992
0
595866630
40320
139487078
0
112785511
984609865
605149450
0
10608406
108669496
80640
0
36201255
178290591
1693440
726372166
82255708
693871755
706610491
0
311014372
728197863
362880
0
731439480
243237511
3628800
0
237511938
620923192
529794309
0
720
10886400
341216994
24
362880
798279392
384298570
0
205807634
57155068
40320
0
409234176
3479437
627068824
0
92373446
429716331
443744592
0
74351459
296627743
750715130
0
945683525
988938031
36978716
0
394134213
944791892
614773004
0
178290591
572369654
536368305
0
24
882953742
256061882
0
178290591
39916800
835605186
0
713090306
348248344
454732053
0
693625159
4
377663140
0
144
111176541
120
0
605792299
650741072
871276102
0
989871153
314759401
782614377
0
531060615
21953870
933194225
0
660911389
842230617
954784168
0
3628800
272762537
983429204
0
228471789
18106433
721134312
0
853636614
665151850
769973415
0
144104539
396943465
70690865
0
715534167
949691789
877107172
0
13063680
14530444
970178770
10503098
137329409
526290301
878996880
789741546
592520360
88459066
876924852
0
2903040
982066795
555952457
0
21772800
92669995
811793412
0
777201417
563076225
980156923
0
288624576
225526268
878715114
0
140047320
143797943
120
0
425606191
10503098
829552745
0
967725146
779073586
499089164
0
3628800
430156919
311251429
0
448065306
3628800
753936040
0
665620489
92306156
120960
0
35757887
764900220
1
0
65109011
487176929
384092823
0
330128219
968134527
39916800
0
180310444
896541823
459221049
0
24
655055693
460556518
0
807362453
43110932
449856871
0
88609720
943272305
239516026
0
932614679
281545224
80640
0
600
951851112
806313887
0
631206577
434803411
201600
0
249010336
325780339
789741546
0
310979318
52531353
906569438
0
184512649
932614679
926871707
0
557316307
759229837
657105496
0
82561578
277102647
249058005
0
4726820
3600
628481903
0
472948359
673041914
161280
0
444985875
667865270
548713477
0
971774917
479001600
315092940
0
275316508
470310031
453650503
0
965515899
913990578
633751872
0
404377378
39916800
76204800
394134213
126370770
739281424
120
0
85898420
103956247
445156056
0
695262868
177143031
807607216
0
24
640953921
249058005
0
301225040
178290591
126783755
0
201600
886071943
332859985
0
400957991
812984497
362124541
0
56381567
635864652
132453451
720
35757887
306903
2177280
0
795836403
288
724305172
0
535235842
247489468
393897829
0
35280
826573016
271867764
0
200865865
223908833
809477476
0
929705062
6
765725963
0
497168060
150497358
626855450
0
444985875
359999242
877701975
40320
847375752
676217299
649087159
0
2
674989781
931243037
0
303932528
886408752
809888701
0
705325761
119711155
48
0
444053473
720
488310917
0
49687738
850510468
823296555
0
320398319
306147366
804645700
0
8
720
18
92306156
736194016
6
5040
0
7257600
297644751
174698379
0
228885195
230615537
3600
0
176869137
813332007
202781038
0
261317319
353956528
42546513
0
286427093
70118022
103330755
0
757519919
204505187
466109861
0
648055088
681668073
239859237
0
557316307
173920087
861790458
0
130124683
210599845
43513196
0
181820063
820560726
523914641
0
283583646
298168954
108669496
0
774379317
960984232
492184621
0
414276003
120
5040
0
129194487
49651671
248243894
0
869749053
40320
954431645
0
548151953
3884108
659866205
0
549173596
816942400
534357851
0
280940535
96
845960252
0
99942402
12
178290591
0
832430388
459042011
810100148
0
6198529
157585604
765725963
0
890032642
425606191
337657757
0
317777669
658071576
824302426
0
603876124
508550814
451052536
0
657629300
807259782
708402360
0
568894444
46063085
772124275
0
88403147
241919419
479577115
0
332808444
120074058
452326352
0
60480
229333277
258851012
0
340193387
856349296
627068824
0
421023438
187280028
847020506
0
5040
597005546
450172026
0
968426909
957847968
360
0
172980994
926721605
269829906
0
72847302
551952481
799434881
0
228222462
725568247
332262528
0
184412508
538786800
360085743
820506939
989957847
35904744
823082970
0
565805000
835700282
13203164
807543057
311251429
59968937
404891339
0
84956953
127243557
181080551
0
23224320
459042011
149586816
0
446917578
963221897
69017286
0
817981306
128412445
10463574
0
12
554532888
412006157
0
617703058
712818484
751617388
0
470141879
39916800
378215677
0
627068824
842367565
394134213
0
46153078
398404402
333886761
0
24
757864028
846311451
0
479001600
109825394
371721625
57155068
972037523
360101346
882047702
0
258851012
6
759616257
0
10886400
557316307
491072824
932614679
164955351
234297258
175046700
0
647662439
922991285
481534081
0
967128437
748025662
731057477
0
978108795
609752988
796335234
0
774785458
510953213
372559648
425606191
816166057
206100238
16424174
0
858189288
108110089
38701058
0
6
168597510
787066464
0
390205642
362880
460000568
0
144312288
224984348
484817041
0
681668073
415712651
789741546
0
614184073
741412713
462073280
0
719611266
919631019
413803175
0
3628800
364935345
776829897
0
150102301
616606406
35757887
719101534
24
98851255
776938709
0
762048000
195895837
331333826
0
261301622
250091156
972340446
0
775305867
24
495562564
0
275902960
918252123
425606191
0
69337979
45985968
507584063
171563041
388934209
391347949
335212625
0
860734560
858994026
444053473
0
517669892
873555656
924184505
0
132502557
790015972
789741546
816166057
324997239
133549044
224107193
0
375406452
394134213
662894942
459042011
976870741
3628800
649957630
0
79448884
618359960
939813938
0
573949145
147419540
190583336
0
749240819
188498496
119310455
0
920018356
481280430
257411489
0
35757887
370554627
27333856
0
39916800
965468313
993000650
0
406143782
144552435
507683858
0
513631162
91292593
518459667
0
445634990
760256181
335556518
0
629471367
478306271
2
0
479001600
815289562
893947175
0
978587184
824628734
904467824
0
415523818
255684094
741412713
0
824447577
820008021
706468660
0
799434881
553637132
252848493
0
321465893
142991787
743588468
0
781650018
314000751
50640560
0
742705993
670822546
365709718
0
199680315
367236616
660187567
0
584524068
753404446
413497872
0
546152603
893606923
40320
0
557316307
1
863218484
0
255122805
691823298
328290967
0
208577999
254082408
610788993
0
793418437
525291594
2
0
390205642
616805092
80640
0
772463810
153677090
926048535
0
481286507
143200522
39916800
0
512229050
190632006
358798403
623300781
887416768
354551275
158689550
0
669352493
291636206
596810353
0
943272305
953107574
594133006
0
613698408
657629300
593057456
0
557316307
983255916
731506327
0
284276475
968938628
629662217
0
236986218
516597042
467363102
0
526892880
489450689
767801373
743015884
498972870
536698543
201676632
0
988407409
528538102
967495764
0
709697655
685475531
696279858
720
280940535
159032912
337148584
0
119750400
10363357
442126896
0
151592103
368903178
23195751
0
95955953
177309317
188608725
0
1451520
343102296
661971920
0
72382757
587594326
959227282
0
40101765
557520451
439084800
734278542
114693326
228135684
661063309
0
907077522
493463730
932962251
0
595484846
412044709
227020758
0
550739538
601934811
591848001
0
583313886
203212800
301870060
674358851
952280747
166267694
459430097
0
134472003
874009586
278300857
0
931579227
120
477585232
0
650676522
716889586
837327323
0
396445715
969141964
743851342
0
539300088
178290591
54088784
0
440878351
203030233
62843224
0
39887404
641819327
825602756
0
667955181
59758956
674358851
0
317646769
267161394
595389799
0
204537762
362229400
577668685
0
990194958
199980021
255843278
0
72847302
5040
255789834
525079762
590957024
423985950
225258358
0
286427093
472081547
256535203
0
472078925
80030881
201600
0
128716641
163109569
399168000
7809859
4
318977750
995796349
0
500134417
661063309
29299896
0
782939097
560129952
428671910
0
13485763
727425630
109448160
0
523161300
945400417
133625511
0
907463738
349290208
272110551
0
238593965
205321297
910076538
0
936668668
855791974
190333252
0
39864318
741412713
647505940
0
892631672
346938817
498479414
0
227020758
541121442
193520467
0
528980700
248059682
717890802
0
270511229
88964846
178290591
0
731896652
806818655
851234206
0
241145974
192974085
178290591
0
476050198
681668073
308348843
39916800
844916176
857031514
14530444
0
626855450
642700079
920716281
0
95522351
472948359
472173173
0
4320
360
461975625
0
666963219
720
18663856
0
657496965
350473380
440052375
0
472081547
60480
15122418
0
263318020
448045971
660911389
0
974252410
457522352
3628800
0
425606191
6
737640628
948537388
161386532
14530444
930234063
0
523095984
582778416
40320
0
678715996
535492257
948537388
0
222794265
241206041
750915627
0
846397273
890375357
459042011
602640637
167243100
578467206
932614679
0
237649853
564589024
888358859
0
36978716
122570002
203319242
0
513850943
855763188
24
0
72061746
773769910
630220452
0
324892624
407044268
362880
0
221228178
204931066
291558203
0
319931435
818305121
479001600
120
635386426
941632312
660911389
907115109
1
184054962
376371646
789741546
188957251
162260354
994456648
248216382
622078007
400757730
747224637
0
626855450
241479753
802124181
0
997699744
836328603
205465043
0
979551029
686308720
325370740
0
696112473
719101534
1200
0
184861126
76738643
5040
0
243237511
104040700
665126964
0
791508897
243776690
286129051
0
484008684
247489468
776164558
0
859991402
372912254
47250906
0
574788171
557316307
310548173
0
495075893
721181356
837821912
0
39709599
114031918
90259677
0
85126695
151281603
59523299
0
507556499
298562804
726372166
0
423269933
6
17922469
0
144480845
559744093
12960
0
912277048
81380854
120
0
111498773
351639851
937990635
0
678335411
434020407
902056399
0
289673285
726336549
6
0
6
338528983
610985778
0
10503098
310018562
868802666
0
6
980530245
2177280
0
79833600
974192725
251280278
0
916553329
865184696
734679024
0
42912264
338420508
30376031
0
418463959
359251200
789741546
0
150793941
382594374
322344495
657629300
984446449
2
375177127
0
900608779
240036304
673591916
0
720
882684211
249010336
0
134347383
657392843
6
0
993276626
594922467
948537388
0
381329890
178334032
2400
0
910253473
954784168
538987236
72
160630906
456844973
878861904
0
1257008
143800227
488816843
0
393279509
498128669
35280
0
961409516
381951731
272879432
0
155831702
89143262
362124541
0
565179069
330789385
288
0
458330672
54716415
602640637
0
981910108
40320
108669496
0
674358851
59368349
114385756
0
390205642
972788973
349823036
0
836168037
523095984
741412713
0
26319391
168689460
30963178
0
670895001
75195247
343338000
0
586768489
23701507
767485851
0
586379910
273785017
387096093
0
303346240
726372166
372559648
0
377297921
674989781
783268326
0
164407325
720
4838400
0
883589468
172856458
689621514
0
627068824
523095984
32734847
0
795926246
627068824
479001600
0
434487876
1451520
380338642
0
4
866549804
260562683
0
961960334
902238812
120
0
328887627
821034820
902644818
0
716828656
456163888
3628800
0
594093611
178290591
671814275
0
5683548
425606191
50672330
858189288
18
372359745
86373616
0
440732388
943065322
661063309
0
995693879
726372166
43011459
0
4354560
116434209
965297368
0
820775342
657629300
893546088
0
573156749
6
479001600
0
915763186
395972953
135028373
0
947171575
249938213
750548852
96
40320
602640637
1
0
195762005
1290240
922019130
0
931818345
803889373
943272305
0
648141274
247313801
836144090
0
846979092
35757887
765377939
0
40320
101131533
269052321
0
864893570
505408490
81584676
0
272481214
362880
309355795
0
151281603
102087231
440732388
0
633714707
587858393
657629300
0
249010336
457219865
485096519
0
249010336
642360576
88173026
0
94922185
40320
660911389
0
480
327013971
103956247
0
197588844
251640357
190997725
0
422624599
173389906
615259922
0
850510468
674358851
28043259
0
457109783
967417492
490860563
0
674989781
466619361
425606191
0
2
602640637
218258520
0
120
861277163
166945623
0
327755788
57740536
577248324
331333826
3628800
770219842
412251092
0
79221516
594437789
594149135
0
319941084
369807264
69743539
0
798197261
15124665
420364807
0
6
301768562
2
0
875408950
2880
20678044
0
972739281
171225444
213947967
0
993100930
182878070
556708895
0
404830420
379362790
974578158
0
48564868
117678681
240263338
0
588593648
227450695
536698543
0
72847302
194751559
301221723
0
236087405
635878376
408033634
0
6144
546399827
252128974
0
322546706
657629300
600
0
766523501
12857876
580879580
269199917
16340084
54432000
992749113
0
397878806
990050451
206648193
834533360
184713550
200515936
344148759
0
860734560
472639410
119711155
0
935944228
24
772188927
0
109361473
397792957
2
0
445624351
8170042
169725002
0
5123795
443079657
194750623
0
204304068
45925310
5040
0
922317571
657629300
234994337
0
120
991232705
472081547
0
543186829
286427093
436114842
0
738192603
318079447
5040
0
862801362
627379320
356581182
0
690320053
273909919
170376682
0
193625834
622872753
692708843
0
557316307
846397273
577602025
0
683201240
980585229
518294620
0
385467359
301146892
557316307
0
304641117
425606191
395249404
0
821877544
798446171
312337669
0
597873387
447316771
57155068
0
449806691
826719324
336766156
0
151892016
661063309
39916800
0
104256272
109361473
629811708
0
986681893
286129051
118067060
0
434752865
578714341
486288220
0
977061004
24
801958841
0
676720495
57155068
801515460
0
815587816
178290591
198041584
0
579480533
865598333
328804445
0
414057738
557966183
678981106
0
293806988
791878769
750778104
0
754998066
144628612
300491520
0
7974143
863546927
468388237
0
952759757
72
199499087
50017770
456946033
792434531
833344284
0
39916800
983737187
713742572
227020758
323943833
120
216376952
0
798197261
371007558
616894837
0
334526685
16340084
388401686
719101534
269199917
351522064
121409211
235974921
543186829
604401816
782905903
0
133605669
994446489
229321665
0
720
425606191
808888497
0
711727519
846091079
40320
0
320132107
165438975
834533360
0
911910207
318818238
461952693
88403147
479001600
459995759
611964877