691385206
17669447
720
76973343
0
301870060
970747634
132154096
0
210848091
147023970
24
0
404849507
643619381
362880
0
6773760
300286951
248933846
0
857462120
328814650
168916638
0
20321280
482421436
1693440
0
711551132
394923470
69523961
0
857662069
156732129
816103412
0
732116833
697255366
21028437
0
968246525
903741308
272481214
0
276986104
109361473
316934560
0
654166234
830455698
883039343
0
179473092
2540160
430348455
0
913307966
637395876
943272305
0
813531752
501925520
503237330
0
432707571
382541800
453642217
0
784475879
590420082
305139324
0
242195726
977622988
257974508
0
777769326
59374260
1935360
0
933681743
953826270
362880
0
22081670
709932221
386560204
0
893562518
479001600
270514500
0
102977056
916855811
302400
0
24
76627824
613866983
720
715186202
230829644
688130936
0
318608048
836499494
35280
0
652572481
801071063
627068824
0
803513082
519220643
147588861
0
354823835
3628800
900924048
0
989576637
894161624
78670333
0
35629073
354551275
40320
0
238968974
761402147
811958210
0
720
660348746
315963541
0
449858722
756349172
682956318
0
36795996
700942370
689273052
0
900975894
387495196
166267694
0
28224692
36978716
583292019
0
272481214
272481214
24
286129051
572126192
734329579
432135458
0
916006393
5040
614908422
0
24
825275194
948373949
0
151925177
74435205
789741546
0
496661400
628839214
665641831
0
107673865
2962470
630100750
362880
10503098
597100425
476516017
35757887
227020758
403931770
336307835
0
629989696
774342614
402156151
660911389
29030400
847555432
660911389
0
3440457
295085043
372229810
0
954784168
519824636
684524924
983369930
906734435
332071805
120
0
362880
705339323
605068338
0
478280169
39916800
35757887
0
461107729
616239182
999851290
0
740095804
295342652
36978716
0
377299487
422103593
3628800
0
259013678
891934769
39916800
0
523095984
602640637
860734560
0
979243323
64646011
683370385
0
113144175
377483879
466109861
847870638
6745761
254545035
713985458
0
724249082
749079870
209658415
0
487505959
641573068
24847557
0
765861086
133605669
409778303
0
262539881
321181994
496068260
0
922924251
660911389
390205642
0
886071943
557316307
874310704
0
24
719101534
24
352375033
135699705
146938833
720
0
287843482
5040
819082447
0
45272226
688790036
120
0
177244034
651058191
996745124
0
419563593
798197261
441554571
0
199980021
848818065
582856821
0
562937745
443660802
24
0
64826972
680916422
790015972
120
789741546
915044704
674358851
0
201506380
126478791
313258533
0
73740392
88403147
213382369
0
979961538
6
653507043
0
756505207
381611830
298328602
0
446888470
657629300
422103593
0
24
710251180
61642739
0
80633305
609586686
591028067
0
544846581
902385822
715534167
0
399861008
159775866
892479374
133605669
19862221
543278730
532233715
0
355823243
288
751224611
0
62775735
24
354378912
0
396629286
24
766523501
0
664501423
24891166
228724127
0
164080755
943780003
602640637
0
61847232
39916800
698132423
0
731609137
397076762
532154833
0
422103593
879354003
523095984
0
600346353
770639060
716445260
0
195133442
893287466
24
0
421382876
563340276
538518921
0
562203471
144744036
401075234
0
362880
304425444
225454812
0
272481214
873890267
626099728
0
291211040
75560708
149945
0
24
3628800
689490233
39916800
433761188
671272975
472948359
0
893090200
824266142
400733418
0
4
187359437
793127796
0
724252911
927791888
28800
0
419328013
944608693
433244699
0
10503098
73719249
216990081
0
39916800
449906740
238883620
0
662251500
582778416
519600630
0
444985875
313070493
26055279
0
674358851
549180844
2844977
0
616961129
681013560
300594883
7089955
197958701
845951223
118397084
0
418932072
385375834
231687595
0
573277730
740095804
419373829
0
898924449
86920328
709494145
0
24
629015300
331333826
0
225127190
279505679
511060409
0
301415429
671814275
24
3628800
228210759
491694007
863324757
0
269199917
4
91802410
0
469318876
753971578
530475163
0
26717182
893416676
721181356
0
292288841
107648171
201068049
0
72847302
57155068
24
0
578457344
73503745
261113897
0
686229710
466000090
954784168
0
763845816
472234525
619413427
0
674989781
484280214
676505593
0
512675221
744162201
943272305
0
647630645
127525219
876450587
0
853325570
254016000
697301410
0
821587442
853588183
362880
0
878781741
337331869
479683093
353011179
254016000
867455622
269963419
0
15120
200371618
200540749
0
64470833
5040
921518623
0
743588468
411655926
966085384
0
5040
465366795
227020758
0
394134213
948202466
845639283
0
458967117
72084033
776829897
0
589145299
542914328
847555432
0
599749547
30240
123597704
0
610715045
740536182
720
0
847219733
301564003
869947029
0
175944239
465507097
862417648
604401816
737271175
741412713
406247890
0
346280209
725011730
827601496
0
269017565
944512067
39916800
0
733310028
774636230
872862177
0
354551275
592511979
36978716
0
369193270
239657906
790490518
0
14530444
843586468
674613695
0
52812656
466289380
567173695
0
472821140
249010336
514504411
0
249010336
562937745
189915298
0
29160792
146326063
511060409
0
394616036
97728733
477832394
0
7620480
678254365
479001600
0
259120848
638757367
765432128
0
187359437
24
6
0
554634273
39916800
228617497
1
285871958
654707515
719101534
0
829589327
338794326
39864318
251756158
521826571
102358282
9545152
0
874167624
286427093
48564868
0
139487078
177090997
181073215
0
774591296
445759363
615244216
938253177
156292993
33831182
459042011
0
710354824
719101534
810045506
0
857480777
336304449
89783044
0
552713437
391174101
84973533
0
14530444
266640028
153286232
0
147050932
990127078
714291334
0
161280
991886822
960546084
0
85540544
359944733
681765235
0
412003398
126406578
693159432
0
629309780
778905381
133605669
0
596224538
837255857
860734560
0
311130137
253564963
914142404
0
448602565
459342265
35757887
0
600
650783978
681532210
0
327768741
751197422
329330934
0
536773290
8547320
690654210
0
534756338
889643
923061560
0
81927079
657629300
437394984
0
189691687
707619005
466217316
0
401543319
615767897
996132086
0
700754060
2463085
975133115
0
6
10503098
940014717
0
954784168
578259634
84946768
0
990953332
145888027
407610545
0
40320
187359437
386160631
0
758635696
165713635
628638172
0
722788003
486580460
424120778
0
184301810
479001600
337519015
0
994752073
812507375
294353133
0
828915193
523095984
40320
720
224984348
719580493
750051434
0
627068824
721456522
556568554
0
529414440
848518115
38580578
0
562937745
895581075
133403579
0
486580460
103096412
145544135
0
626855450
695379702
201600
354551275
374130986
895075541
858508264
269199917
228572386
1080
526922689
0
317923325
304556924
302837514
0
665126964
364376139
954784168
0
554370750
952121115
75543232
0
261962769
328465622
959860607
362880
142537309
24
92356775
0
103956247
359944733
780374747
0
577106438
982197917
448997491
0
150520480
367602738
362880
0
160852027
442751475
587263975
0
486580460
498558970
127126286
0
21600
103956247
194478754
0
184757658
504471396
919217949
0
789200784
249010336
1440
0
380998450
858189288
10503098
0
743510736
599876693
518459667
0
71601363
81092788
922998541
40320
284734679
735302933
777201417
0
676480557
448424699
707171145
0
800218511
337921618
931818345
0
846397273
720
317777669
0
486580460
586379910
687035709
0
879845107
994405495
169279624
456655576
697770246
835549604
797419399
0
349164944
334782843
108669496
149629569
444053473
191229244
996035161
0
92356775
634853466
39916800
0
853201528
326592000
69851132
0
860249614
432398708
904893303
528828209
103096412
52812656
973508979
0
6
814802856
417334794
0
592653239
472081547
476890677
0
884756082
456946033
974204005
0
102430917
781562308
534871773
0
103956247
709260596
270025230
0
597672813
25200
417433390
0
723703543
593634472
727210893
633869120
119042266
3600
40320
0
557316307
995197125
896483195
0
953899502
595484846
596363167
0
1
674358851
201600
0
54872939
451198533
76991626
0
308359314
190646888
57155068
943706645
153677090
204580821
245376206
0
906157720
149397794
402270048
0
469163405
102325054
343866835
0
660911389
595126819
951269840
0
387737450
2880
435239275
0
12
971148964
197802431
0
6
115844691
131712006
0
249010336
912935814
998161638
0
108864000
776829897
485593449
0
311014372
832012779
802177389
0
275417893
582778416
286495859
0
336486799
800247750
479001600
0
904926801
566538554
187667468
0
867307368
161051356
355031473
0
668107968
47915529
275005344
0
191339612
394870773
187236658
0
761242959
745529425
5040
0
128679468
33228416
178290591
609098245
9257166
332924756
146202498
0
6
419877024
21791312
0
3628800
6
535118365
0
198050519
170427247
855913547
0
687742755
998425332
475319308
0
999600399
192756177
40320
0
994282735
938814581
948537388
0
514726010
918724472
720
0
227020758
841761413
518459667
0
5040
822718517
794964778
0
24
10503098
692246219
0
227020758
425606191
654537134
262852728
447037732
153826943
1440
227020758
546335823
720
425606191
281122296
111633552
24
946704235
0
795705442
6
696112473
0
420766830
243776690
120208360
57155068
241920
523095984
556762726
0
736116163
699393296
932724479
0
10886400
426324721
559094605
0
14728908
45073843
719791523
0
364931835
483018642
27699584
456946033
8723483
851130789
862128016
0
311233279
276292792
992447788
0
789710974
870234832
909127074
0
6
154361214
123591470
0
862439753
655122870
604401816
0
60724503
351040555
6
0
574582154
376300215
3265920
0
450968649
663376759
62527691
372559648
890182498
338192388
129788139
0
917060856
295741136
472496463
0
277823675
544553956
734835067
0
597707164
906057558
821125068
0
835962625
479603595
486580460
0
343354347
348891929
15120
0
352385025
146326063
255291191
0
637134783
950934595
933040294
0
384092823
431868080
996897063
0
187359437
87877019
6
417947312
674358851
395784340
120
0
487330446
554991256
260365643
0
8640
804187632
16969632
0
556638384
139041597
40320
0
227020758
350777987
10363357
0
542461394
846397273
961196494
0
10503098
394134213
182028273
0
789741546
860734560
50283756
476898489
525285994
634742046
320339869
0
14530444
254743231
634388240
0
627068824
235493536
1
0
6
790819809
649654388
0
77474302
440445943
178848295
0
24
925137698
5040
554303532
233789114
484216467
311030952
0
696830632
417298580
2
0
101532428
479001600
468159748
0
18
747553193
168680777
0
2540160
306147366
43024137
0
170904771
815785185
776829897
958486639
557316307
992910441
123306668
0
67909540
822635859
832965080
0
386610431
64580798
527902345
0
576741762
56101534
96
0
860734560
753889928
573216119
0
159667200
158200353
900887528
480
6
12
206255606
0
283641916
763429930
135933882
0
600
171272796
2
0
962050143
837529070
425606191
32659200
634299251
142513507
14530444
0
882684211
895161371
123383562
0
726372166
749783561
231687595
0
147202382
41310666
127622138
200860709
749754595
408984822
789741546
0
15846728
146326063
261441344
0
872385806
653255411
701073275
0
432266993
282240
563732898
0
458944445
256535203
886266729
0
337203026
963304609
171729697
0
346779812
449840570
288793081
0
118254875
621813158
394578317
0
331809979
440732388
937760690
0
384476788
199549347
682774147
0
440732388
587567263
274995650
0
545512729
897651474
429429845
0
92714285
420906338
967173840
0
5040
479001600
36288000
0
202269580
210440971
40320
0
11918683
421452006
695769179
0
726372166
783305892
661985753
0
474460193
236705879
111449256
92709523
660911389
35757887
833344284
0
6
550120976
641122519
0
252654191
472639410
29865423
0
394598752
170290711
786276448
0
595484846
317855617
30240
0
442828192
579318426
674358851
0
168296557
468839704
75195247
0
780115558
640917273
14530444
0
110143699
456668153
853355262
0
272791791
967897353
735098197
0
438978189
813777829
402222306
0
12170870
2
258275423
0
665773636
720
343578475
0
192351701
550592068
473443636
0
358045359
992957880
82996524
0
199780217
985895496
941081767
0
543154419
849088096
820742333
0
63716853
187229446
892077993
0
258204585
479001600
674358851
0
494956616
951032099
814396213
120
478292750
978712722
447033099
0
229217021
419972348
518214691
0
286427093
481925915
227020758
0
794174022
39916800
6
0
52101327
755016279
166267694
0
611003936
674358851
66360865
0
276505738
674358851
789741546
0
441250674
104805356
952759757
0
849273281
765725963
242385214
0
107866213
39191100
626855450
0
789587014
977917900
626379695
0
262124389
811236099
466320343
0
814492962
487630344
938440284
0
3628800
46328433
444985875
0
706559706
107274257
390205642
0
687156950
467570636
459042011
0
416885619
511528314
286129051
0
39916800
178290591
708523617
5040
444985875
129033747
211680
0
197571319
868831710
526146612
0
151035563
109130501
484533723
0
124197982
110833242
406112597
0
362880
108669496
590833860
0
75195247
521346939
358575850
0
15733919
241120962
350745971
0
510722700
239500800
39916800
0
645085611
102622710
179473092
0
439888791
6
418887481
0
203862426
581121336
289151874
0
2903040
478504895
688299930
0
4390774
973425267
432903848
0
57155068
974741291
954784168
0
422103593
479001600
242626389
0
318601892
178290591
262714132
0
815985173
217864048
300139930
227020758
290014700
370657337
295970131
904329006
610956851
835894624
172980994
0
873604026
682215594
243685476
0
225755453
14731142
12
0
312174330
374130986
275274458
0
782074204
504777362
472639410
0
38164532
640917273
857283231
0
233152148
343762393
224831346
0
10503098
697162284
462073280
954784168
133605669
667402954
598986899
0
272419319
185837953
6
0
775774970
949297172
384288746
0
2
677273014
180016820
0
40320
302306535
590709232
0
24
336070479
88667571
0
557807663
257561468
714881338
0
707354899
584222610
674301349
0
24
423271616
467850020
0
489008378
362880
598598565
0
75195247
115818112
194890931
0
104126654
765725963
286077548
0
166645043
1088640
156627470
0
86435181
609321893
270758603
0
240860815
78616939
4
0
349774732
652751
720
0
165170803
24
478331690
0
683541446
207776425
713985458
0
83139689
559528658
799436804
0
602640637
45179225
109361473
0
870233278
4
67390151
0
973960943
399168000
159862
0
847741386
683209081
853340320
0
83506488
611964877
131447215
0
30093866
120
98924172
0
739875424
512123764
741412713
0
95883111
884021637
234269098
0
151200
696999019
680595171
0
58343630
512741220
731285647
0
424341812
311097199
817726559
0
862293805
746154939
255380085
0
884174641
14530444
269094753
0
911383764
625726302
40320
0
536698543
534116491
113857589
0
328562386
2257920
668206960
0
302129399
286029963
454851253
307627169
737977932
3628800
466620049
0
492279790
354870170
35324193
0
65162208
965476262
206753645
0
614421003
573163035
328121058
0
689091805
108669496
332859985
0
639549800
33337381
190614671
0
734565886
969377094
394528326
0
21600
523095984
766905088
0
493830699
630257152
802177389
0
741412713
305261096
877852916
0
42177385
540508061
46153078
0
448946672
775084735
194890931
83706365
959517676
580884673
996033524
0
523095984
65866138
882953742
199584000
771979109
241920
24
0
300417007
881898616
733312890
0
10503098
546952388
458944445
0
208601867
619039465
720
0
145459006
482950073
324299031
0
307574975
91518004
674358851
0
997659413
274590422
832012779
0
286143986
31932207
482352616
0
836922468
873286388
406518070
0
187359437
677273014
988697515
674989781
461782401
568334858
220330581
0
441023851
253157785
39916800
0
20559440
884247200
311251429
0
548908992
139241865
440732388
0
870257531
753889928
213378199
0
915515454
769373910
51718159
0
798197261
336653145
620939262
0
536698543
6
223989944
0
130665130
112430866
761774273
3628800
813961586
681974571
55027207
0
275542194
592765459
420050163
0
163109569
410897329
109361473
0
161892801
389355240
280940535
0
436280303
823653411
576
0
720
405535641
959918442
0
944094443
997164730
483122844
0
258620765
633686230
586232012
0
2
232428915
54692237
0
60480
363261100
427788698
0
26140805
799723314
392783190
0
168852198
249058005
698735957
0
200066522
284451754
82002104
0
146326063
912013160
5040
0
789741546
926521246
2
0
65417265
500294776
72847302
0
960045665
399168000
863505578
187996766
301225040
124457709
536368305
75195247
724053247
935011378
40320
0
380945565
510667607
169158774
0
5040
709227928
646687454
0
403027376
475612705
711968887
0
152140506
719101534
109361473
0
928123431
438553586
43200
0
618214230
107950104
567310295
24
5040
199498134
6
0
354551275
561950984
825485125
0
665024
440732388
957523452
0
2
893650300
405856465
0
675380273
108748011
168327624
0
861260187
151200
178290591
0
10503098
812197573
115417279
0
203030625
660388100
854672553
0
133605669
830578427
936160194
0
841672701
933182935
687795180
0
64750403
639270177
116025667
0
2605554
596075935
954843330
0
719101534
764412422
590331078
0
834533360
166485219
496068260
48763802
194277820
663137349
360
0
4
316934560
688182871
0
713985458
720511929
602640637
0
178290591
439084800
741412713
0
86294587
754459549
571560081
0
274430026
828915193
243290230
0
351120878
617727267
832439050
0
349740630
710055832
98788591
0
479001600
944741229
209135353
0
889745710
612113082
24
425606191
874009586
294471150
95172625
0
620619976
491365739
490530865
0
874574810
95447959
142272769
0
757380292
616143837
3600
166267694
681701839
713624977
701073275
0
688985548
347625677
50400875
0
953603211
214063689
151935191
0
557316307
89256334
671814275
0
812129717
384773519
362880
0
39916800
389355240
883443050
674989781
954912982
394134213
753335458
0
30480916
857379509
780691796
0
924715852
480526148
749079870
0
173130837
242650957
852087575
0
580136592
264623530
2
0
2
961196494
583897904
365463606
146326063
480
186137340
0
989500234
444985875
558726401
0
112541764
120
5040
0
931986823
702539632
674358851
0
101008565
997506547
847254044
0
538518921
714560072
749079870
0
757759050
959784859
387002137
0
794489619
8640
946909761
0
190995298
708465229
3057802
0
814237946
627068824
431868080
0
172980994
296447849
720
0
886027956
923967780
352798344
0
247489468
870138161
720
0
898310294
277876587
227020758
0
590174692
40320
753889928
0
336099136
182143734
897415411
0
361373444
576300188
24
0
980970678
713985458
430659412
0
40320
36978716
732899463
0
674358851
359251200
990365132
0
557316307
62603533
140616659
0
380766880
789741546
287291077
0
917232777
107274257
395007986
40320
134009515
597195143
910012933
0
311745459
776430644
552704186
0
12
948832479
861921649
0
109361473
401600486
118402583
0
843397792
719867439
900332355
0
478306271
40762024
286427093
0
785749630
648932225
755912749
0
687368489
472639410
5040
0
394134213
518649482
534135760
0
353578726
762422537
996745124
0
646497559
109361473
496068260
0
655366775
974613078
657629300
0
674989781
215041233
1
0
764095397
743588468
233903389
0
277970598
390205642
9902373
0
352060158
210061960
971453562
0
234564393
871378001
750532208
0
57155068
280940535
719101534
0
21600
891452955
876436187
0
635555338
192390273
46153078
0
819984302
853094594
200858578
741412713
10160640
194890931
323908534
0
83753128
173682898
160057513
0
196352924
84931259
674358851
0
446923197
40320
120
0
81005297
996821829
584686775
0
749358012
146326063
373281768
0
900159671
75486918
602640637
0
187359437
865960175
280878082
0
92306156
739724332
674989781
0
19501875
172980994
38807769
0
621255142
252074352
824089418
0
633665529
660911389
165556825
0
861185130
362880
535833956
0
2
144911513
373045324
120
948019212
534357851
220090590
0
4838400
3628800
799434881
0
720511929
55464236
403001305
0
362880
174365328
467041984
0
766523501
62446042
194226871
0
87715830
440732388
230157759
479001600
120
607236820
213171202
0
654037831
821947788
724249082
0
440732388
630484423
990953332
0
423142032
486580460
54743266
0
738353491
395082487
877812187
0
432398708
812395907
824388200
0
877991571
476050198
275417893
0
998452573
269199917
432398708
255667723
233459859
282107576
604401816
0
785392377
734392515
94631274
0
88443004
258481246
145507010
0
538369325
911534464
674358851
0
727598123
857416210
796855751
0
432398708
905020486
574824861
0
43537349
122967726
289558703
394134213
739174852
627068824
595484846
0
719420059
873016642
755912749
0
833920540
120
30617437
0
496282615
523095984
57155068
0
269199917
427888939
677307365
0
954784168
985144149
362880
0
714291334
378504043
560643837
0
427450667
310690967
432518817
0
425606191
294774457
283580651
0
3628800
254016000
6
0
501553553
987376516
10007797
0
891391776
88079901
425606191
0
486580460
351579395
576892337
0
40320
592671379
287291077
0
589977935
800210682
6
0
323058672
776829897
35757887
834533360
24
286427093
847555432
0
870835461
331333826
659363941
0
860856952
292822156
399440784
0
258069771
994405495
509484295
0
408100172
233717990
769911624
0
120
475223123
780474288
0
298011965
240
823708379
0
340218646
148896600
789741546
0
85858162
952561923
35757887
0
3628800
487174400
25200
0
120
518459667
335476315
0
160261341
430645248
349963090
0
721802210
357378223
146238355
0
72847302
991744151
97934938
0
390205642
366834413
227020758
0
39916800
690257635
258208873
0
227020758
996745124
823033301
0
847555432
917716841
175953168
0
830455698
117379668
3628800
0
472948359
480
796983764
0
12
120
713985458
0
244928264
121493489
276383823
0
394134213
146326063
181673668
0
384098731
726372166
262801381
0
600
406496284
457522352
0
817803089
765706185
999700301
0
623179419
897808222
42594176
0
234886715
273506092
557316307
0
115184453
728878867
308510757
0
601717447
146326063
360
0
999800203
221219600
841531362
120
537902442
627526668
901246036
0
3628800
536698543
442928767
0
833699237
979147893
5760
0
472639410
59516321
935944228
0
542441676
4320
765725963
0
501075626
529793335
954784168
0
35835637
85718816
74037833
0
634756990
6
657629300
0
860734560
261672149
821075746
0
479437719
354551275
887489184
0
85491734
466900819
500003450
0
500670793
262988400
333104488
0
3628800
249058005
674358851
0
352404615
272481214
892358759
0
579100180
697723869
238883620
0
460326223
660911389
141818109
0
297933315
281291498
458365122
0
133605669
25200
884492234
0
43011459
566317675
854630843
0
585619679
597681424
278097758