608126127
857547307
493082037
744114923
0
405573432
907429399
652598568
0
745592882
12
584741640
0
877004499
603431108
187229446
0
338500869
994957811
628638172
0
362880
270294634
372080463
0
745752182
658537742
392627376
0
215855643
682215594
400957991
0
14618541
242474429
112714208
0
362124541
674358851
315303818
0
479001600
623733521
120097406
0
750636999
244938680
186230318
0
621927011
272562954
857379509
0
121955502
30240
978745017
0
196278015
179121869
529429418
0
275417893
472639410
876019335
0
454912891
272481214
35757887
0
858556536
316607091
502624914
57155068
863885824
480
582347673
0
415963269
338722357
980909964
0
3600
245540616
764658789
0
215872982
486833867
5040
0
164733204
447546674
456716133
0
851212382
558726674
440574796
0
627628559
790015972
313704128
0
151539809
660911389
432839805
0
632306385
863781819
562393500
0
207081292
533433600
257998384
0
450057076
291241395
413907149
0
778468941
362880
883853564
0
954763703
860734560
464477263
885058329
889678913
703485715
472948359
0
384831428
10080
308210905
0
14068873
845723505
496068260
0
776847183
507333305
47104166
0
72249597
414152984
819370315
0
67577784
4320
316934560
0
557316307
72382757
353011179
0
44864847
472948359
479001600
0
351543
525000176
532233715
0
847555432
712381102
169345579
961446616
295440816
207879151
3628800
0
39534733
988039942
464877859
0
580946576
24
275255942
0
807916670
493443748
2
0
741412713
23990677
26113917
0
225526268
720
306147366
0
886408903
912678021
777905530
0
407504602
428876693
136993665
0
777606175
192982825
404112221
0
169323930
622159148
888043470
0
729997883
565619401
612180372
0
755253422
223908833
596549636
789741546
798197261
197416454
65397813
0
523838759
37863532
325070651
0
74366095
391724086
400070206
0
30136682
3628800
46357456
283398023
655122870
985924878
334320625
0
679131345
286427093
109361473
0
639272167
780169815
67825905
0
487260967
830283431
611964877
0
785244463
120
222455143
0
765725963
763856260
283398023
0
398303163
522163648
456285492
0
483593576
108669496
160745610
0
268964743
437004793
787615132
0
225080601
579887809
657629300
0
72847302
109361473
898457399
0
674358851
2257920
934811780
0
27873223
627068824
480
0
482008226
491894646
942407279
0
272481214
616340346
784410219
0
930402295
449256981
76204800
0
115745753
605128106
530069025
0
867965568
300375094
930797260
0
473828191
384818837
221174839
0
331333826
3628800
422410967
0
453600
24
932614679
0
867959828
362880
95683227
0
974578158
5040
130106662
0
318995297
359481848
980519404
2
721798153
151150010
71515774
0
291136691
218962839
984422376
21772800
472639410
269199917
516256495
0
338576625
412715939
496349290
0
479001600
548436420
955623555
0
580666707
502625778
802615137
0
705196867
136806611
5040
0
762181448
878715114
394565334
0
605068338
519535883
191596057
0
662251500
390216044
761367055
0
282240
51491566
986803020
0
39916800
698850531
823712686
0
385522449
486580460
365084324
0
486031761
298627623
559655231
362880
4
418263742
486580460
0
651418146
793637809
989283360
0
757329981
472081547
428875303
0
261054369
531418780
16792409
0
874009586
108669496
107918036
0
27503070
782905903
425606191
0
607332358
354551275
611949994
0
611598572
496544170
693286740
0
817443642
459042011
676505593
0
400496866
885606334
178076702
0
272481214
260426604
486580460
0
354408313
133170161
860734560
0
765787998
849861168
103956247
0
63517191
213460882
786345894
0
884512855
472568902
24
0
354551275
574582154
372281585
0
508512673
15240960
2
0
155931234
9350374
107105740
0
380312863
931915476
840126400
0
760423476
849638047
874009586
0
898847455
169783431
799434881
0
486580460
267047665
601051398
109361473
445992709
873608873
706169183
0
318608048
839537629
372559648
0
375871225
944132133
99779322
0
3628800
315040183
242306993
0
789741546
6
54334748
0
713316608
159727609
156181460
0
479548622
923010814
695496156
0
653688828
177459691
372204792
0
868116174
405434588
960445785
0
282107576
680041771
32456594
0
313899805
172501903
838724914
0
139325569
4565828
498265086
0
586364997
777814266
119501781
0
382886600
53670447
1440
0
707615507
327976435
553393638
0
858189288
354602272
334886173
0
352060158
224315012
18404668
0
515111399
75997454
394134213
0
469684718
609269444
323131990
0
482352616
14515200
93849896
0
39788556
960297461
560563963
0
881777271
345643916
382752142
0
15734869
426324721
938341745
0
731087440
857821390
246587462
0
804752669
640649103
544432962
0
184034405
156546110
893619724
0
494560503
202982921
405725764
0
867682608
604401816
854052839
0
32490706
755369672
17781748
36978716
351518804
110833242
535537848
0
304793343
943272305
40320
0
487176929
77399509
261273600
459042011
425606191
648457340
504673880
0
824904639
909818051
213238538
0
928990746
440591392
778659971
0
347843038
217200346
446214176
0
111817792
161357259
12
0
253474492
51911982
237258867
0
258093923
14886249
800170952
0
3628800
547761179
974324107
0
648440428
59388935
616803119
0
832012779
308625543
935289257
0
639983801
151140383
368890572
0
964834503
496793246
13547520
0
534210867
5358934
425606191
0
249010336
390205642
14515200
0
252553325
995463294
740907151
0
542178737
39916800
472639410
0
460003174
120
425606191
0
191733253
330141545
575208870
0
609113848
602640637
21772800
0
404849507
38979344
369281467
0
830850867
639033733
441476800
0
808818456
324905131
5040
0
467314127
42159470
867188155
0
318608048
72847302
979675290
108669496
798296884
685238402
12
0
488671455
814500305
544675402
0
932553949
362880
301183426
0
83570998
561996141
429653899
0
726372166
630105618
467269258
0
360624507
488549998
2658359
0
805671354
457181182
20513568
0
786892212
233862940
24
0
327458370
923250736
638738503
0
420766830
414085281
2
0
24
956185166
931817279
0
21600250
947014926
674358851
0
968729311
983046269
656082369
0
813332007
920353701
2
0
677080663
389436895
16340084
0
954784168
728516160
965714932
0
185789165
446117287
944791892
0
122017382
24
183055637
0
312337669
555549638
4
0
503844735
674358851
425606191
0
562393500
522634903
109263801
0
981160072
718060793
2160
0
841229015
67369984
14530444
0
234675055
633907951
6
0
763913012
359251200
618732254
0
96145267
146326063
977494211
0
454847394
542379238
780448001
0
958319715
861535835
321385333
0
6
766523501
579270196
24
481443137
590343824
133605669
0
74782024
301396004
523191677
0
775774970
768762412
928938211
0
6
39916800
881031444
0
621193710
209542004
343554176
0
14515200
147043372
823208584
0
793432167
339180746
444985875
0
762400950
869749053
423043933
0
497228324
269941645
277355531
0
743530235
478906167
424879933
0
20160
846397273
655453293
0
850516649
586379910
6
0
187051658
20796770
212913455
0
318608048
791680191
720
0
476306663
425606191
667398467
0
191366454
363937645
272485784
0
169144701
24
927477680
120
277684239
509931114
700311747
0
109361473
75195247
435456000
0
856845217
697953949
536698543
0
92709523
753889928
369907399
549143858
154870169
80532747
161280
0
332068401
523927501
746370821
0
402360433
527338689
604615312
0
458833426
454636320
736756167
0
304098072
90479183
926364316
0
80741974
736153312
120
602640637
400936652
89660042
115584676
0
788132389
121681344
1440
0
738099018
257914260
133160082
0
16087549
88403147
529393698
0
111665516
586379910
986421921
0
199339480
332614753
550287751
0
280940535
151281603
339546824
0
893947175
600
228069033
0
6
276818417
61464127
0
660911389
980088263
547536229
948537388
599683743
210024141
679567024
0
178122780
51262217
776829897
0
139471583
240610163
286129051
0
177811200
440881849
52087946
0
175585153
340810169
858762579
0
534357851
137541578
364935345
0
438553586
408196488
755216163
0
811460247
523095984
503405403
0
354896656
127307636
911305782
0
231334244
12118941
354551275
0
784144681
593545032
349576159
120
343088581
18
120
0
5040
790515775
595484846
0
223579975
536698543
631863002
362880
323499361
792763959
556976323
0
91395327
991011242
2
0
12005256
423045512
227020758
72847302
715361704
337203159
55168543
0
674358851
757920362
345494464
0
683726732
274862780
33194501
0
227820198
461919610
942635991
0
119711155
156607489
140691556
0
50283756
608680891
339284958
0
4
739394237
44275703
0
18404668
5040
592986905
0
239713895
642126679
331333826
0
409983644
602129778
734193934
0
974578158
31456085
683509626
0
5040
61470836
218209809
0
120
2
823765971
0
824471783
657110907
566503248
0
528538102
853530272
674453333
0
510160243
450172026
458530428
0
895390581
362880
323467497
911778424
450172026
107032604
81584676
0
827106471
481839067
24
834533360
426869071
974729710
21772800
0
660911389
860481325
840118708
399168000
3265920
944703122
99106533
0
688531767
487346674
574472414
0
72847302
899334485
401278618
0
230629680
226823671
360398632
282240
52567510
234659032
720
0
326592000
891452955
184745262
867965568
6
269613835
354551275
0
644127674
16340084
878790093
0
942220718
860734560
793538850
0
394134213
318125489
683795456
840804006
604510190
937079354
322560
0
724212353
360
679149591
0
816884492
716724417
155478394
0
85620093
166870918
833673709
0
5040
737475548
660879775
0
72814027
823293305
922836881
0
360
526501225
292262034
0
660911389
227020758
986018765
0
951545699
632487422
215537628
0
731623348
646895072
783187430
0
1
689214761
591690668
0
519535883
40320
217055523
0
326592000
277151766
205807634
0
58060800
580790181
556577004
0
279602317
123260536
650304981
0
154000249
696112473
172980994
0
829270141
258451244
370988462
0
42806570
633869120
822368272
0
796894747
103827322
454732053
0
713985458
887246954
181440
0
222322107
1
75195247
0
367608430
28537574
198175218
660911389
340763717
622734402
833433078
0
437980116
860734560
161052902
0
250792078
156114537
257680369
0
6
1935360
359251200
0
39916800
32659200
626855450
0
713162364
65709784
486193595
0
51152532
863229252
404891339
0
80078026
151252755
907233009
0
192974085
743498113
505113128
0
933402260
431910385
80410896
0
625031278
576536845
602640637
0
262559208
347160175
355570227
0
573047896
609371835
743216829
0
297880544
865020541
327496968
0
259497191
274951619
661063309
0
538120830
621765104
836379543
0
431868080
716989935
221898973
187359437
243881944
951269840
425606191
0
853212918
286129051
932771405
0
192984937
85040935
865445974
767983948
90138214
415238003
850282322
0
524658428
938778542
860734560
728473020
657629300
891560192
897241093
0
352267197
14530444
187845978
0
457991748
834533360
993606279
0
5040
781424276
361426257
0
551060148
914032568
699125625
0
674358851
56734692
468860989
0
671878412
219376745
220174521
0
85098751
175046700
459042011
0
340246227
657796016
281798132
0
120
547373816
591848001
0
20160
729200265
223922012
0
4838400
501310558
847821306
0
821532007
24
986799132
0
466289351
847555432
27815993
0
40320
758448224
650553371
0
540339611
812318535
39916800
0
97357538
336099136
491422691
0
372093065
193896630
92306156
0
106004886
127779303
249010336
0
597413702
743823845
455419354
0
472173173
935688509
902238812
749079870
875241075
713985458
249010336
0
971418066
546807365
326122615
0
687795642
35757887
654447492
0
480
362880
785287311
0
314956187
459042011
120
0
682198580
467217182
559594783
0
370531425
553082195
296668960
0
146326063
24
152897289
0
756820584
115114918
547565179
0
363473729
932959548
857822848
0
6
893295035
205400772
0
953064294
176674810
280844169
0
40320
790015972
505432524
0
21600075
3628800
756953081
0
845217777
72
762221290
0
831482570
633869120
557172304
0
973140335
918353254
858771625
0
3600
946600341
12
0
20678044
14530444
726672278
0
394134213
52580313
703638460
0
536698543
502987943
755414558
0
414878518
177960142
632719547
0
444985875
6
954784168
0
318608048
24
457282426
0
583822114
432
93982780
913503057
582606327
557316307
208927495
0
283922334
390728143
670971764
0
256259914
549597319
933734919
0
996745124
343578475
569504776
0
660911389
241172046
816166057
0
362880
584161441
657629300
0
36978716
633300206
39916800
0
27370396
403051957
753269810
0
445797856
403361917
275417893
0
745810810
627476842
196283823
227020758
390205642
497228324
901765974
0
2
120
1
0
135902280
804056153
355553338
0
474497567
2
822431401
262392239
472948359
706559706
993842530
0
6
628063122
353000644
0
425606191
316535433
348303298
0
451192911
589491127
862199800
178290591
120
566796046
418174128
0
662061583
328428222
31061816
0
560813260
687968937
57155068
0
14530444
556819204
439084800
0
790015972
390205642
370108653
0
24771759
221088371
699258794
0
746031537
715534167
198081531
0
607233528
20606667
463644049
684533777
524808307
714771126
751400582
0
182794355
25401600
146326063
438746398
449132179
506654165
319012805
0
39916800
223929747
435456000
0
224072169
180016820
782905903
0
327991076
17182764
704308851
0
173295632
397156098
1440
0
135933882
667512113
3234128
0
360
720
724021143
0
280940535
457240544
578273166
0
518459667
635040
110143699
0
781971586
353720306
1814400
0
33598378
978492949
895836883
0
789741546
260039319
286129051
0
161117498
608541772
359744549
0
502953254
459042011
242553961
0
83037768
487346674
254251847
0
602640637
948537388
898320356
0
720
564423251
427224517
0
227020758
257921628
534875204
0
462685490
729070298
372559648
0
148691289
295782991
734126963
0
75195247
828962169
719101534
0
592481101
513128601
146326063
0
587823097
472639410
40320
0
249284341
980187547
120960
0
155222139
641790329
902666957
2160
168783958
172980994
303549109
0
10503098
437233298
1209600
0
705167108
460850973
286427093
0
487347962
132723226
158421116
0
349971240
250270620
833099864
0
720
847494915
14530444
0
513312829
762048000
448699552
0
282882317
318608048
225254693
0
600
55736950
557150282
767896555
30481920
178290591
180076350
0
841229015
707589632
339677693
0
518459667
604401816
831030901
0
327894471
78938231
700252286
0
35757887
392653383
985380391
0
667296547
65494550
353407846
0
396391040
260496142
146326063
0
586379910
681668073
210654416
497228324
499202364
382527944
112241168
0
24
248575787
529793335
0
371794234
476721823
946486864
0
514609423
789741546
700883362
228210759
412194100
426324721
712299729
0
459327155
163984855
173491002
660911389
394134213
720
773880593
674358851
269613835
480
209423706
0
33390498
213409698
92715571
0
543186829
966739853
717216526
0
656190317
440732388
295866735
0
639024898
360
196283823
0
799434881
624060609
206108158
0
6
270598265
306920360
0
154257024
315077360
990953332
0
946154999
35319354
394134213
0
318375047
403437123
58210682
0
190377857
611685973
120
0
400465820
518459667
868004965
0
856785155
851222840
270025230
0
371217462
771005893
32659200
0
824159433
431438196
789741546
0
202431914
227020758
689140068
0
589106956
805032020
671814275
0
754280821
212185488
784911396
0
524907248
720
349316385
0
227314067
54103752
943272305
0
191168528
876252654
513718053
0
120785627
863340148
73457341
0
249976662
905800667
339180746
0
860734560
908908361
857984139
0
57183716
69588840
777801602
0
496099110
828350738
113295627
0
241920
459607094
270343000
0
29758342
147339906
117437529
57155068
426588112
47109800
810215209
0
503229745
602640637
737097700
0
704947552
239500800
24
0
753021169
311251429
820954044
0
955670746
446662064
932865863
0
603376826
883256394
440818348
0
556797356
2
286427093
0
39916800
16340084
762408307
0
75598462
954847702
546308374
765725963
242626389
2880
2
0
985015594
858431958
734283231
0
618755113
599992124
615581023
0
369599444
17280
858102452
0
52812656
2540160
798197261
0
180662149
417234560
18461081
385700174
930799364
24
257063146
0
954062606
903584586
460447003
0
277558255
544824502
663107706
0
557316307
761529889
709821609
0
935966082
231897962
178388333
0
8499858
255273154
149050138
0
642131381
2903040
387985884
0
2
805202638
425606191
0
39916800
242144070
124387926
0
416162949
700221064
860734560
0
531060615
474203592
272481214
0
67737600
314483124
160512293
0
440732388
204205054
781862999
0
525045414
741412713
278974156
0
676505593
636449443
288587290
0
585257739
984357111
109361473
0
853355262
119773951
707622593
0
70732817
48
273838965
0
456654392
178290591
674358851
0
977494211
272481214
35757887
0
865694151
776295344
868263582
0
877899553
924495014
499815456
0
464786620
2
120
0
280940535
548788904
55510089
0
72
807980422
847555432
0
919305807
858457241
266922338
0
269017565
130595755
227020758
0
245453734
345679047
316934560
0
379224112
70187947
460326223
0
395082487
476898489
732960371
0
937063953
627068824
479001600
0
275417893
968658727
766046004
0
160438857
943608233
3628800
0
340506780
788132389
53059718
0
531005812
53942615
759767945
0
4320
896683048
331288130
0
210696351
384738699
887740995
0
656508317
30240
431287277
0
395007986
807557119
405952392
0
930200551
630725984
331333826
0
882562031
485422816
6
0
96589631
782721415
460326223
425606191
120108079
180016820
132722539
860734560
227020758
11015435
523095984
146326063
1220829
286557720
37523622
0
429939645
542242723
531924495
0
983311593
459042011
772464484
0
561950358
656281993
270302848
0
584094678
490768393
507630762
0
478906167
227020758
661063309
0
94896070
666819899
727157432
0
487092255
240709980
14629763
0
220320938
215390180
81285120
0
130479335
36978716
52812656
0
794986048
683942404
748279976
0
752586565
883918428
110298911
0
75195247
557496481
502157311
0
272481214
261974435
408524279
0
725484328
57862807
362880
0
88662718
243579825
103956247
0
537653832
24
9577515
0
246258416
799434881
120
0
650087201
472534016
263936945
0
672676779
62459427
784816340
0
43912972
742550451
847531396
0
165050234
394134213
2844977
0
478267229
39916800
653746043
0
551978127
374949317
120
0
464536381
24
507314885
0
954784168
312652805
582778416
0
279902098
300011068
482024597
0
688728584
164188254
520830582
2903040
763952143
513631162
199887057
0
873604026
448887338
84821132
0
559685743
825835597
394134213
0
821549797
383587503
288079342
0
926521246
120
44698876
0
657629300
955432440
451589182
0
432398708
902233479
192885832
0
317329511
671814275
157110042
0
539533325
240
133605669
0
253128203
65784615
265037420
0
45073412
261441344
296627743
0
7324974
166267694
343088489
0
187845978
48067994
296627743
0
361391230
720084212
13532798
329353537
257641714
270025230
536698543
0
30047277
252759383
208323673
0
924886497
359568806
534756338
0
187359437
124652042
52101327
0
532880448
846439711
102902002
0
499336563
286129051
32677707
857361198
725218367
426731963
458898773
0
182098689
830958614
589009763
0
39916800
346619492
816166057
0
730624141
202757250
964834503
0
43545600
442438814
165556825
0
472639410
821002813
822224551
0
120
771607104
120
0
354776120
89899953
72847302
0
269052321
959674110