595420665
581123796
344205099
810336162
422103593
14530444
37940116
985015594
0
640136336
354634495
671814275
0
539222772
877223452
36978716
0
240
583821750
943272305
0
878367456
82788750
425606191
0
776829897
57967322
460326223
0
177607307
660911389
43200
0
697435390
265373370
993309269
753889928
769735441
359699396
906530870
0
720
139350923
428836872
0
718186147
35330238
585285018
0
121474295
72847302
674358851
0
951269840
769605609
354634495
0
486580460
312121336
987787573
0
652888560
2
39916800
0
700145973
903753213
492737203
720
565105467
423832750
23669062
0
172980994
303466813
141532556
0
954784168
408033634
819012606
0
720
753021169
635040
0
354551275
29160792
754985459
0
713985458
289320108
120
0
425606191
308170739
249058005
0
247763001
2400
656004504
362880
36978716
627068824
690181984
0
331333826
32780969
523095984
0
468732262
504866944
6
0
595544027
857874673
24
395007986
547373816
234564393
165850898
0
226045690
560132390
24
0
605051013
142913207
719101534
0
359062038
2
929365587
272481214
913256969
2
444985875
0
302541011
574427737
103956247
0
973527555
880746442
70160179
0
140571029
40320
6
0
24917981
278814915
660911389
0
397804658
133605669
720
0
24
671814275
12
0
478442032
868599633
549180844
0
416151893
236986218
468080097
0
654727146
221717283
728097508
0
979776000
922062540
63658741
0
158200353
477317064
318608048
0
270207566
366378834
812519336
0
425606191
987075124
36157153
0
6
287681536
146326063
0
499395911
660862194
94570091
0
271716643
282673906
152409600
0
319334400
395778075
178290591
0
943272305
697312711
479001600
0
606828912
724249082
256479382
0
799434881
229358833
900680203
0
704965245
954784168
146326063
0
6
528190787
14515200
0
290803920
196088433
747364442
0
81873791
822438863
313581762
0
99905397
312910788
746653079
0
72
913689946
276933168
0
438191524
465463431
40320
0
814647704
24
809544635
0
198976770
824963899
750654573
0
790819809
362124541
829760539
0
965909176
435626791
681668073
384283602
75195247
390205642
30735418
0
37721324
451587712
81469758
0
110143699
74062663
128030941
0
293040562
874436693
782074204
0
386686983
896585551
985862411
720
714473089
3265920
328814650
674358851
733260077
18143111
891706406
0
382393207
296657250
679659786
0
146326063
560486925
626204165
0
799603356
926288282
431892554
0
297446736
57156883
748317080
0
671814275
10503098
977304474
0
828098817
253328007
907089049
0
289151874
847555432
713162364
0
318490360
701002825
424035874
0
620739880
301547964
426324721
0
295159260
745686475
623927022
0
503365308
674358851
239633329
0
555847321
666444688
990097064
0
744691098
236368481
753889928
0
6
475658838
682626200
0
750490116
16340084
422103593
215934040
781457796
647720162
301225040
0
189549203
859219712
251382990
0
777820761
298706851
184713550
0
24
995804123
764883147
0
352063769
637998672
71298397
0
454358852
125053055
109361473
0
799434881
320423252
584510193
776829897
403870404
3628800
92206254
0
167992619
218484431
717617258
0
406143782
479001600
664383032
0
123591470
199584000
314566557
0
252719714
466757692
44193958
0
445452420
402873570
438505754
0
912882058
459042011
606815058
310385854
607238389
498348754
882684211
0
18309623
803714138
718440068
0
159667200
802020168
136468091
0
40164410
138403605
46315795
0
171482696
124461015
317777669
0
652922719
812719020
362880
85011896
532880448
209923973
657543939
0
986008152
359358841
184673510
6
243290230
929671957
973574466
0
309131169
892091940
720
5040
635431618
118278998
32659200
0
921595932
743588468
648566641
0
640760858
893824028
110588325
0
444985875
30240
70783539
0
154611383
858457241
39916800
362880
641850904
561302144
696662402
761858600
665245625
150746879
668815166
0
701973362
422103593
106169151
0
148176000
159030964
862530625
0
64456032
186716292
274128499
0
996877233
72847302
90720
0
367624215
279003893
40320
0
987934701
515028996
117939119
0
84953231
362880
480270009
0
570696804
720
570527912
0
918002020
313521398
63665919
0
323590141
572240548
239952307
0
713985458
717073754
126787581
0
270207566
10367664
353190341
0
146326063
187359437
242400213
0
649413768
46993896
718367219
0
434848561
986923143
238725079
0
219182161
471071704
34274294
0
632298126
534937544
6
282240
220291912
479001600
384909403
0
860734560
848350183
582337266
0
353011179
577577242
832012779
0
850383636
8640
440732388
0
834533360
746039987
729610528
0
976514684
754256340
40320
0
242176281
40320
377299487
0
249058005
701032142
376291847
0
205096544
395007986
18
0
810173477
595484846
678926842
0
996420962
874009586
679975860
0
225067121
39916800
81726639
0
6
6
965970280
720
958272738
212177608
309542506
0
417947312
443733453
227277697
0
845639283
333886761
33228416
0
822595583
164839598
337087990
0
249010336
4
503040125
0
14192092
499876572
45066013
0
227020758
657629300
839680345
0
699352654
741412713
462644773
0
302284350
432784183
589450353
0
834533360
2177280
24
0
602640637
557316307
213378199
0
963026611
770400323
66295511
0
142389301
456946033
602640637
0
580965257
985287204
854825191
0
137397291
840128993
158966163
0
672553519
274580867
720
0
855593852
249123950
703775337
0
614021421
657629300
83994155
0
507093789
384081206
36791750
0
990127078
882441577
406012733
0
682759235
269226482
458530428
0
992908571
34566991
246064201
0
517201077
327347210
168244315
0
823116708
611637744
890385782
0
572819589
588116654
89355036
0
415359935
844125073
875041222
0
24
585619679
401623507
0
362880
889742583
885535222
0
710190366
854774363
370336372
0
604364529
782202832
102175963
0
107673865
2540160
293947011
0
943272305
451402626
961704083
0
431308667
492242265
990127078
0
804313013
251414580
1440
0
993425913
716445260
228836891
0
425606191
146326063
861244127
0
746320453
111144268
72
0
965462949
523095984
921738413
0
943272305
100075500
678867792
0
586704559
703872044
706590257
0
602640637
370689994
563058064
0
657629300
10366538
208662085
0
431910385
632725538
211580682
0
154745745
500968530
504227763
0
586600612
753657446
588365424
0
196345548
670952630
217748881
0
945059177
508944330
823960383
0
609638400
325122870
600
0
362880
5040
362880
0
890445436
205860130
576779330
0
160158332
752429770
440732388
362880
526109655
272481214
536698543
0
166884557
669382660
178290591
0
320096760
671814275
707888685
0
345218680
799434881
970084518
29030400
233732611
577577242
655926075
0
657629300
583124935
966704722
0
100912786
655165289
787118419
0
918663665
27070750
109065769
0
570324742
974407079
626379695
0
480
40320
384832768
0
919500845
108669496
533524614
0
40320
909220087
430556130
0
657629300
524113181
106793231
0
75195247
373457498
60375371
0
896120553
563467727
996745124
0
13608540
72
203304598
0
438228043
627068824
343154360
0
359251200
394134213
427629282
0
695279926
35280
911212502
0
574402316
738449248
726644399
0
5040
780541092
115409497
0
493771389
537969717
739400862
0
856733206
620429369
473444362
0
827491208
706084963
35757887
286427093
767677796
53165880
341346836
0
674358851
26400185
458677858
0
602792008
11685689
346749234
0
170968054
698988634
111326654
0
753889928
662076205
654813262
0
305014522
685138407
394870773
0
733310028
219418815
799434881
0
146326063
766665007
227020758
0
6
555629729
425606191
0
72847302
82304744
684535826
133605669
784209056
6
559589543
0
609659707
147672183
419507398
0
228437420
2
5040
0
759801530
561934203
706169183
677930963
641131409
233616937
557316307
0
198081531
755520358
93601543
0
565811799
11829430
525079762
0
187955414
799642276
530346750
0
932614679
6
724878775
0
232487104
6
14618541
0
318608048
765738752
159667200
0
145547545
223814884
101606400
0
683985897
752492180
480
0
961575765
91188111
668174221
0
416431201
187359437
227020758
0
146326063
286427093
472639410
726372166
440732388
696404446
354551275
0
190323606
6
48
0
956501921
21772800
674358851
0
708637022
187072976
460860803
0
24
10503098
799434881
286427093
5434818
2
244037473
0
240894124
883242306
754021472
0
929174057
520386965
686566056
0
362880
227386996
426010416
0
208164104
822431401
133605669
0
867455622
989880016
835584384
0
2
216208402
570600382
0
820808714
459042011
444985875
0
57353021
295775325
720
0
635040000
787367619
803958806
0
120
761974691
727898270
0
174443562
816304523
677855318
0
103956247
885943581
288624576
0
98285712
601561976
663129111
0
259783494
715376628
720
0
720
67061921
523020070
0
776991521
888863037
261273600
0
40320
569835908
685758232
0
2160
528472107
446393571
183611388
23226744
148089340
272963661
0
149240904
504158098
73342421
288
39724442
931279149
907100083
0
792187242
282240
719101534
0
674358851
789741546
35757887
0
2
954784168
902471851
0
781258603
670126839
203245240
0
936147230
741412713
491239705
6
74589065
635670630
494804241
0
660911389
911018316
770275710
0
5040
156356579
758465229
0
152380002
897146135
289487058
776829897
746463869
948065083
194459303
0
528748052
846397273
190512237
0
721468604
595484846
79833600
0
910253473
168750059
713985458
0
848056240
240425736
332068401
0
932040441
133605669
900979011
394134213
381922908
693254655
806527771
0
801600093
1800
594526018
0
404578652
326686446
802873043
0
986924414
444985875
205718978
0
315889956
265793756
340915203
0
691839256
882638670
304564896
0
3600
272481214
279345997
0
191572672
69898035
497243562
846322728
958164189
720
178290591
0
619775983
6
680156338
24
178673618
3628800
965417900
0
589812941
664490350
6
0
554532888
749079870
24
0
446442112
549729018
990597448
0
479001600
700707308
990365764
0
133605669
479001600
40320
0
918943575
741412713
430463475
0
525000176
894993314
36978716
0
472081547
935759354
67690058
0
406309384
459083921
303609696
0
736474183
455667552
45051856
0
527944476
846397273
84050244
0
876791069
251826266
487143174
0
333831883
372559648
720
0
551191322
774050853
809078178
0
935933234
847531396
753971578
0
39916800
462661488
435452269
0
1451520
809220631
498700919
0
313781771
748052007
464755044
0
618049324
356889977
591974851
14530444
931819454
370589202
497228324
0
652948960
674564986
219276793
10503098
322543100
1411200
422979147
0
885630123
6
860932568
0
487201256
909629898
604401816
0
172980994
284276475
961715495
0
6
72847302
163964359
0
154399600
903564370
675430936
0
12748337
23211682
24
0
638309394
856466080
377299487
120
485745024
119711155
557103780
0
241522031
307364767
773525754
0
631130730
354551275
501863473
0
582833460
847555432
856331878
0
477585232
332859985
279500324
0
548721980
555730176
819120067
0
480723308
844583702
288
0
689374326
325780339
630733046
0
287291077
635867465
756333520
0
913777116
338872155
235493536
0
836940377
21810964
670351333
0
969302983
755912749
417796017
0
441023851
354551275
916014303
0
707835390
743135032
842991598
0
466520147
581843987
222322107
0
746733637
723279030
902952747
0
10886400
13547520
339281986
0
233395600
945799755
95797651
0
254202241
472081547
607973122
286129051
854651790
308869737
882684211
0
472838869
479001600
906551235
0
720
998367634
564872852
120
272481214
749079870
742468404
0
542401788
966591471
715534167
0
175702540
661671867
874538477
0
918684530
720
398120801
0
935011378
916736503
232439046
0
905668948
105621158
484908399
0
210195101
43200
719101534
0
789741546
557316307
886942602
0
346727060
564203293
221106292
0
617925412
404659438
876087694
0
829704104
604401816
629760258
0
827204010
726372166
498048879
0
122603411
724249082
600341897
0
846397273
315835965
991235759
0
472081547
362124541
687156950
0
75195247
491694007
459042011
0
120
6
145272217
0
102883679
24
523850229
0
675313041
901214128
227020758
674358851
479001600
882713147
681200802
0
126000
983897793
567298434
0
431567167
343172190
782905903
0
626858737
462661488
467844502
0
204505187
450328633
744122149
0
557695601
392321988
390205642
0
109361473
120
810082535
0
273309812
2257920
160123154
0
891336186
4287024
571968894
0
346249767
976317060
159732507
0
75195247
637670445
172980994
0
832012779
943272305
9290415
0
508111571
2160
645848580
0
69956258
839601464
167033849
0
34623531
172310001
400307885
0
178290591
193473735
815143411
0
395743151
394870773
711398786
0
911000874
185832265
476898489
0
595926909
319880837
414694991
0
119750400
120
324229046
0
286427093
44431621
12271806
674358851
248400980
280940535
989749210
0
587320676
345115726
695349302
0
118397084
864109790
680505966
0
616804685
440732388
913960168
0
944504141
994275617
567587524
0
873356826
860918480
632257377
0
7302522
440008747
354785209
0
858189288
643187360
12
991504696
584467228
789741546
508026255
0
616018637
39916800
638908322
0
142040201
39635899
25382856
0
36978716
909250093
424349191
239633329
16170043
794004495
456312627
0
187307057
921641819
799545641
374832696
260069639
385796274
860734560
0
362880
3628800
667160316
494956616
138000997
316220073
491755110
0
479261718
610979098
787518967
0
860926950
615262598
360
0
24
519824636
293780641
0
12881840
396560144
695736618
0
149752089
989541574
274125927
0
523095984
927319420
397974262
0
312752524
810215209
356537439
0
309411736
771521243
5040
0
486580460
282011499
466854386
0
2257920
404891339
288
0
189403371
838500972
809013940
0
184109494
645928594
178290591
0
31693456
604800
76110371
0
231374439
995600140
146326063
0
110439848
830938009
15120
0
729386839
157681203
108669496
0
178290591
975928340
479001600
479001600
133605669
574137122
576583704
0
440732388
674358851
608541229
0
325596038
245952692
405272785
0
60355638
1
362019751
0
972583012
20321280
14530444
0
362880
708836472
131785811
0
619197394
749641651
4
0
450178968
43200
42866301
0
6
855797455
999703643
0
857271329
648134564
970085025
178290591
756182766
559856664
523095984
0
537020347
423765698
6
0
473393498
217795268
34567203
0
392654544
441091707
949449119
0
398928507
447835095
910253473
0
664774314
5806080
394186575
0
593567630
100179908
474712750
479001600
155478394
609166547
868435330
0
6
119310455
154679269
0
655417014
703795335
133908554
0
822687089
742468404
663649365
0
270235153
8467200
863821323
990953332
726118946
965876103
75195247
0
341411221
322560
472639410
504000
178290591
8640
120960
472639410
922874076
432931865
275115629
0
258275423
852639287
243655158
0
28531371
973211083
765296838
0
697435390
145579654
475680649
0
634567723
77332932
409092568
0
362880
678801764
130201517
0
667928390
603866855
975051532
0
14530444
278396437
116642226
0
120
557316307
951867587
0
180840120
878715114
243377233
0
103096412
946421118
431909995
0
597793821
225466299
595484846
0
490011418
2160
847841315
0
406211275
120
700811757
0
641135434
764161083
549325238
0
765504284
5040
378215677
0
601432190
587386995
620430411
362880
430875228
948537388
269199917
0
40871877
395007986
14530444
0
727099266
240
257750693
0
64027626
43200
178290591
0
374417124
904372853
658951145
0
8640
140227457
368903178
0
36791750
109361473
270966477
0
103956247
480522798
450172026
0
236292789
472948359
661063309
0
305110465
2
996047971
0
353956528
225585741
881464776
0
146150615
239114855
754942984
390205642
384098731
705113662
46201895
0
3628800
555939547
997602359
0
425606191
674989781
196483451
0
719101534
194051725
655970110
0
696112473
953634383
799434881
0
536368305
40320
262294996
0
888547413
945775779
371857180
0
562937745
557316307
816525377
0
694881529
981109816
44221780
0
241561422
318608048
146326063
0
217835674
903324993
52754686
0
54573478
282240
508341605
0
638850341
120
308075655
0
39098406
17426347
609614370
0
465430495
894958269
188369303
0
722611385
440317024
797737578
0
10503098
944257709
270176017
0
1440
916944133
290271364
0
860734560
860734560
479001600
0
932614679
282240
39916800
0
620421505
734036811
562084057
0
479001600
486830560
367923646
0
943272305
504702125
816384325
0
470894227
120
362880
0
905080717
841172892
14977929
0
318608048
733413639
291228241
0
865196162
674358851
159735992
0
197866927
362880
877643996
0
726372166
877861920
102230194
0
56113578
932614679
6850802
0
913670772
541125812
93507986
0
357378223
297864758
444985875
362880
195729243
949658495
837360433
0
887370504
329368612
719101534
0
421997032
26127360
861085621
0
249058005
10696051
604800
0
923710969
789741546
948537388
0
155227060
766523501
68208033
0
1693440
72847302
275417893
0
608125016
2
776829897
0
850262008
520004405
120
0
421306261
120
565862589
178290591
48191945
612815319
120
0
39679358
9200645
769088077
40320
42869274
13547520
792770958
0
704770050
156769599
465186512
0
40320
523359474
154865561
0
354301980
776744151
303874445
674119750
377969461
361981362
368434533
0
590490582
197630429
743588468
0
6
96
525944503
0
24
10503098
288788621
0
893670509
39916800
80244094
0
3628800
483840
235018499
0
649745195
700287239
720
0
736754293
777600
878715114
789740270
566529431
382727407
795059437
0
586961943
638535166
879089828
0
905576274
593864953
559418124
0
199121660
453726185
43902968
0
39916800
706171065
803102874
0
758416306
269199917
2
0
249010336
491808405
227020758
0
720
33112575
795632166
0
408477722
720
231043300
0
213294056
35757887
981456183
0
294518463
249010336
178206908
0
659001806
14723038
389355240
0
12
103023895
24
0
936160194
801246115
362880
0
298241588
748981152
255380085
0
342972285
450235336
921786624
0
274764005
536698543
394134213
0
817627547
769787283
784756821
432000
878956223
108669496
41410128
0
237467897
479001600
390205642
0
100800
410641914
208544930
0
444941727
166267694
949494820
0
661063309
194677620
308126826
0
602640637
410917042
736510749
516967196
205532212
367145117
838965485
362880
595484846
113996181
862173057
0
269199917
274590422
604884992
0
425606191
129181643
657629300
0
600831275
87364829
3628800
0
279417600
1
725309366
0
212810933
741412713
920115195
0
272481214
611710580
876594005
0
922708646
370927438
424919732
0
36280284
448386062
26604295
523095984
159667200
120
225790232
0
899621287
140456024
875162167
0
3628800
673124376
742446924
0
1058400
579875942
426010416
0
385051318
120
795335766
0
720
291274258
981910793
0
922112804
98788591
240
286427093
883177857
331333826
523095984
523095984
605373788
520905790
830682775
0
304326575
247080571
479951251
0
727583544
479001600
178290591
0
656770475
24
660911389
0
459042011
672608975
558311508
0
71000804
292608189
813454782
0
562253833
493221975
367835149
0
872903868
904226131
661063309
0
472948359
964372040
984181155
0
290469608
571013493
768943529
3628800
24
178829717
106478196
0
279072660
887557035
630733628
0
491136944
755620359
6
0
95547108
992859070
536698543
0
505488471
940350932
373988884
0
444567080
789741546
120
0
242667119
24
162732463
0
6
597413702
489850941
0
602640637
865539891
990267649
0
6
592715302
314034201
0
197111543
56381567
2
0
982856008
566928310
87959829
0
221264158
16340084
40320
0
79130511
12960
234220620
0
227020758
636238139
187322498
0
222827538
457509625
7257600
0
741412713
400986524
683201240
0
909752297
763612862
846123113
0
24
336787788
6
0
537108916
105390589
881323841
324524822
40320
314479750
752030108
0
874009586
155478394
720
0
609723893
425606191
997542905
0
918930742
542356277
354378912
0
425713788
789741546
529999772
0
905080717
205066592
621465166
0
660187567
904661824
810636105
0
371820644
779000729
428363657
0
362880
595188932
215975392
0
424715238
990993471
2508978
0
816166057
331347544
265750679
0
702287955
509720533
464334497
0
676446911
850516649
492403363
0
593742600
554680498
286964923
0
146091739
87038339
230085220
0
834533360
120
157844286
0
227020758
483554034
905354852
0
415252467
354551275
787304256
0
672523590
377517638
719101534
0
96
759822567
290608880
0
206147085
91975091
169102645
0
39916800
426530814
966071959
0
554141572
450443764
166759991
0
472268240
6
702006035
0
95324998
812031727
493142894
0
367604181
260183414
480
0
486580460
825721474
398786591
0
564480
459013375
726372166
0
199584000
504245273
280940535
0
150793941
627068824
428215994
0
576
472948359
397750833
0
362880
600655196
72847302
975130160
536698543
33125307
555032263
0
282240
107601665
728473020
0
106786035
796017701
117553138
39916800
126801611
336691104
600
0
239217704
467137146
10216480
0
878014545
152409600
479001600
0
452245211
75195247
479001600
0
815575715
533262333
325554600
0
948008849
240
966739853
0
605537965
146326063
11432218
0
874009586
58654667
120960
0
304556924
224107193
91529599
0
24
595484846
24894129
0
866361134
277470913
604800
0
24
765725963
177677473
0
63823817
461877704
22780187
0
72
472078925
893619724
0
2
440732388
145485126
0
277508781
578969631
120
0
924467900
895533202
318608048
0
803191851
797186321
493221975
0
107274257
753889928
253901669
0
799434881
922818370
471789132
0
928486496
679399853
524957677
0
383847945
977920516
120960
0
896438868
215975392
662534640
0
147146250
120
754393465
0
10448175
5040
870731539
0
143269526
414277176
120
0
284881228
393599029
285775340
0
176668302
41511577
125585135
0
153677090
55748858
421699142
0
762647675
241530488
844246381
0
710435425
212143652
435662079
0
970262358
278054318
298494319
0
188316837
588726664
622362189
0
194751559
369224624
48
0
85946285
554532888
196270285
0
784573269
856431988
557316307
0
258305564
812373544
24
0
585304252
759923422
3265920
0
223566524
63856428
864439437
602640637
951269840
573003611
601914204
0
974816821
65466033
710170593
0
674358851
680772354
690032585
0
720
724710188
897415411
40320
824765568
2943571
205812179
0
24
534135760
354551275
0
40320
518459667
569729730
0
5040
172416331
602640637
0
103956247
6
961446616
0
193353541
541744208
479484780
0
390284529
283434858
431264490
39916800
834533360
846397273
384785972
0
102523587
946536695
980220646
0
255187113
296069717
715657322
320290888
39916800
475372390
582992948
0
343578475
159992971
582292322
0
148552571
695785704
3628800
0
295440816
282240
312235633
0
136844854
426939811
29030400
0
89579450
50987549
72000
24
17182764
137818068
822431401
0
575967510
728993802
183611388
0
24
21600
97406888
0
393432421
409016403
602640637
0
535614481
399027330
844796271
0
647863234
2
642126679
0
40320
741676184
981019085
0
626855450
892731940
69743539
0
273502313
392929814
814471676
0
456316868
509156221
609113848
0
831379489
385499543
994405495
0
724249082
642250129
422103593
0
996745124
583949316
598309005
0
408033634
763845816
120
0
444985875
267459857
659633795
0
24
486848910
457477773
0
39916800
508549205
720
0
410562534
103096412
838664862
0
24
591848001
390444906
0
381699389
288
370784182
0
888290582
557316307
586379910
0
243237511
490391040
865540689
354551275
112041043
296627743
627542979
0
36978716
542312177
282240
359778763
445386603
172980994
118254875
0
636915535
339457435
510685204
0
373074188
362880
390205642
0
211442769
120
660911389
946704115
150670687
32381815
194318426
0
24
846091079
603903555
0
402868862
444985875
434958024
0
909792214
32951880
657629300
0
987257650
112824624
994836205
0
823033301
765783454
522147497
0
35757887
139764666
199224230
0
961924923
274911493
444969009
0
4
177955270
789741546
0
2
363791772
729483562
472081547
32778844
374799821
394134213
0
269199917
825354703
595484846
0
184327159
753726897
431868080
0
482024597
969137692
29030400
0
865863730
227020758