693156687
543917505
692567091
0
8890029
923957805
2338
60312443
384241655
813453100
0
284419622
224785916
735510406
318259703
576520761
1434
935647639
383864357
911945463
278041166
246
358334528
824186344
2631240
904964109
311238123
60463181
19569
849481495
335210659
891848265
569096328
147
10
554523535
2049
486452
240423616
985280455
3540492
273010625
560742617
21974783
157660486
442202107
90
522864132
1366310
596051945
207708045
54423
212586405
999908172
813724515
683132739
21216
522889408
5587335
482334887
728841398
307977633
337403469
779671374
898573134
2725
5377599
651020971
417621
346069832
120
637398409
791236343
42810
376501722
2076
628435550
90248360
71692639
552453738
938051081
364726652
126
126963160
479293162
497774180
1
561941499
320075581
6922170
911379427
603017609
693372377
1805
292939
855305541
3014
51857911
162314227
141
991443996
6007682
2028
709787933
475653626
894782213
72835004
560525
464344687
244994216
900982103
860952556
58206367
283596039
36726
236930191
370301139
33277694
55835058
1825
339323117
24767205
42837566
418856686
122390191
128128400
319545537
200063491
130421307
941443127
24296411
2496
616171989
332226
47937
627720478
996483923
252491011
153
577514355
63144565
794293961
198480366
224807263
5626431
273
4375845
1691
683002633
667008119
222596467
2018
16555208
354433
263945982
554301872
254784075
0
985038219
834408526
338178833
152400695
198056302
596948679
570790391
195838113
12
351649732
672102818
218800111
604971477
950788370
401444251
114665257
414994
801208731
2384181
33733873
600948994
158833663
0
479719662
696090982
893602000
989435385
131059418
637411974
695810249
0
968
611448074
20394
444107721
538704271
65093631
858595841
607517
392089430
553169557
771931291
645189
192938766
713607589
591651223
838517889
166208135
796028900
1034181
29927938
430200005
62116817
291
57248393
40842
41220
64889239
2
86786788
873183917
391364056
953202366
2757879
325629604
648315615
898255438
2996
843942075
206605108
586316458
49323
281966025
426665508
490932117
230397
914055087
418330955
663300544
325838613
432635899
685678631
75369703
576903675
323263832
520218378
242263867
505704536
291875816
6
7
569081279
140353676
0
110519902
72424111
991346341
246650124
1569
258168944
608593807
268302800
355297758
797081224
987855516
991523714
218127785
757890636
40482302
265987546
788610784
827441444
759491346
211767263
732300324
705727214
346005282
852183460
69700219
123
547874524
8261208
457647204
385205109
734619284
6535170
825512468
287640791
197690919
367755499
931587888
13
967071067
283167936
211220
434262149
821651386
968267563
6963462
6875091
813184874
808233036
3484422
613588290
841691694
8
381495157
73588385
0
222253053
8
11
131335943
12
375394383
650033485
490340228
715615141
779110066
844304941
68341178
452318433
74178024
657288864
3007
491734543
147266717
71395181
153
570361091
3
213976795
523685310
896207378
888737394
942276477
5996529
305492191
782710665
445340479
772910382
867752123
243
548626295
944836632
623380261
0
1
396586575
472954841
820307529
436808717
798361065
589544259
99
137282
14
361705331
237
957097965
0
891735425
399618982
790026911
130280442
0
0
174462172
0
426851437
390225583
961054583
254662775
374384937
609761781
972026048
460500324
52170932
560223
166588752
639360865
179328171
212256208
303739647
836763317
535938084
849885461
998821067
0
39
846796734
592072341
72283016
38441824
174
522686728
900741114
325744279
23532
21176733
3923
710120976
229844760
64886119
0
368027248
225
300545133
601367579
880918027
529221916
386181161
56326515
0
867545163
11
484539500
982073562
756066620
0
747681010
490052790
759624419
145674057
23829
891587969
2049
315258562
581470598
0
14
992287279
186876663
7370388
562024541
399184267
799495265
0
345566361
23444079
123246724
634585990
3152
0
854881181
39735173
529617231
7476688
108
81976947
95552531
835405164
884296084
311119724
83383895
593786146
2066168
73794883
682012217
658950671
149244
20937
164241068
363814
32344378
12
330427586
391587663
414269774
917164734
207580724
998681192
644342773
308818495
140031318
8247420
324049160
243
346601824
636241527
216384400
909898649
938938497
498594173
607500114
7575070
697526086
3013
17035417
489922074
219215444
309286977
13
12626108
234
48200908
47568
765344632
487765578
0
384380075
870911981
417969817
44217
510064250
398536998
346982383
78196740
8490402
110848394
149117397
4304844
104557165
8454600
666507254
720756656
5518071
126743163
2738223
588062654
897940695
290293907
121270622
613435517
223406927
3967380
994902627
288479737
75503536
398013850
319196404
10
369582366
351353025
483983476
123377824
692461983
216096101
600888896
426648497
0
130586647
611648454
535914816
451977932
741883646
859581430
303233100
201
3603
527195182
573764790
593486068
354590042
635824440
0
178045271
688558
343343520
16763439
614095158
85465691
23491095
231306323
958023653
442184658
293648530
760972808
1989
14357970
668719074
921566057
20610
87
358066301
70884839
954075393
659208515
500099309
76718569
7266577
759360057
99972791
798648292
20751
318267855
148116228
110496160
680530406
579348601
660993916
310120414
248435678
0
697921613
35322
10077260
327088905
99188153
522602248
258
57
117
650493972
899685614
24048911
824426180
895562737
2490633
285
564521640
494772036
24128863
591985688
9
23832
1638
0
0
2305
948743329
126
527972663
10
205911035
47877
107121132
800029724
788927259
384479776
0
551819723
5652747
358347992
41197888
2
963880194
607317867
107528825
246
588193622
3663
0
43425
35316
44924460
14943
449054634
2196639
313151841
827934739
26529
895183686
2988072
4477
75769438
650551551
58680878
770033390
844555668
150
122808422
263322
314351038
58835222
749656435
90465923
664488001
127474456
3061
146450439
350881535
177
595785606
497488052
574406417
52217840
881624914
844627220
213
865268852
647986304
277977830
296765027
992268066
648568569
593347467
827723572
8930808
749652409
30469111
861574159
364235447
0
773499394
78760119
261750863
57759
58731057
957354133
5424327
218704607
415734846
8766306
793124618
0
90011465
63158192
427042912
3247911
0
774656018
999956934
498500775
48917631
441613996
8
134263
802351009
18120614
615950611
267474859
742016850
4309290
546239995
544421227
235676768
702207695
277820776
572564752
386371109
874967027
59689468
532958698
534231279
60387982
412887820
32814734
720959931
36348
2
183442539
886130730
681939524
786405433
577540552
818851561
697361814
94470671
16
56509328
9
2720241
462020507
268734240
88774498
424785917
828793788
1
0
30168
710038504
169992965
607606219
0
868649625
602110428
13
857052023
264813542
137611318
980477188
15
286603882
652411656
63461403
188658813
195
5813525
446291862
724217747
515332345
876702986
0
361070015
68257403
776677275
3525381
183856244
16866
306337700
890847843
966062606
348148601
49166186
808738108
484382459
520414470
801430940
342691220
53331684
279537215
682541867
8
748719326
521570371
41352699
405356552
168226194
503225320
827396197
412541177
525340704
968261905
165467316
258244661
3463398
12
23242325
69487913
194827336
712579654
20344966
615670
987441914
295485717
79908411
331071166
75535395
994052397
544168882
567006270
222886258
347664188
3861
383638026
8
41581655
129377833
305631670
534150815
202643209
943380663
21343278
497670700
800709843
22677172
13
67942549
33923775
990849429
943543602
764129223
65880322
65777277
15927
379846019
970612998
85245048
126
321857440
516509422
894932095
485101
3439944
200237338
343920356
673836729
52853260
208976173
720236827
500808166
1536
205299878
3942
282320785
945578386
144
0
770880991
127670921
136085874
573359874
842736152
4841865
664486194
819686203
3460806
518409200
362282115
895959006
0
722845012
216086850
66923016
48789
0
267
474659813
263107345
920
543237968
422635215
240548063
742237592
664230424
586099832
739846190
473699023
282601
24057
55644433
580223982
964605531
58375774
664317788
1603
10
762249025
1477
38739859
790397619
974851257
704720949
4
630690048
891298020
567457646
5
96512449
129609780
266435640
385007194
5649
615088625
516764472
22230
102
697655086
628999971
538319954
884232276
264178268
709246839
5
26910
471315314
880525132
584002218
617702820
525580251
267
636428169
937890426
901485060
828658666
368387820
687122347
324189972
448088453
854733379
468246007
847569347
51054174
623798851
107694923
173743246
55233993
309
118933214
591910220
507592575
4398976
219635093
12
6081012
598595620
316755698
825799390
89647428
4246260
4
489324
113144935
6329310
918960792
431199778
919540859
8215911
80018616
7847460
270310212
34152022
136233627
777747315
10
2671974
0
27115282
9
192530325
863614463
477163643
833585023
399088774
323309
1995
210777326
248514761
986561822
690371311
654885315
335329
3013
62097764
768728049
25581576
737304400
800948727
953572833
366774916
200500933
568797705
456474710
222
414042515
152876596
527913498
839815669
11356842
892928440
782650827
12390
829800514
781573576
10
96
727678435
596822426
470114651
606282
90813291
49571618
534987752
8957511
759317214
237
1226
261
0
700980887
96797316
153
641165981
352487019
16
240447720
857164391
627504396
662165904
922130465
208600558
979904963
463425875
128635805
129825078
28352120
385291185
651598588
47976
803057221
2835954
21474
2011
470063484
8
0
198256213
171796488
715207152
170763894
49070833
12983246
557027544
0
872871143
234191538
263584659
223311742
407367211
162
530068795
447495260
974853594
634629415
791933599
32743420
17578870
337826012
4762944
210
395977
63781726
613338250
969498274
594493892
659814677
250200
986285839
288642064
47784784
343165403
506860891
603801077
814939022
691624899
368949726
709625184
638165470
48777691
96259491
166404601
282302472
2985444
36225677
122190338
21238950
536054
143826469
859796968
77955915
4710546
191578504
373485746
909494599
845435811
620065153
455870480
0
41145037
806618709
187296220
61490750
857541241
398764985
988176861
147
502004565
516045429
9
83553807
143981169
259874875
728804294
7
79380679
335890677
627258507
725119678
619734337
131954637
59650482
892221144
33711
107104165
53392353
686058321
316535995
159
501839385
176336402
825087086
2704
36653948
75471812
79385537
904276974
13413476
14718
419769920
0
639992842
454996606
853958213
48427636
0
19103909
186286971
911631251
43542
614048102
228
149820641
607419136
81032383
534264414
9
99
666690139
211060839
556758033
0
25942404
987139747
956065847
406076
28941
663942588
216742642
66687469
273795918
901892732
0
336246048
123
1738503
1460799
86531835
2388
11
980500178
489361
102499948
889567224
92589831
278567086
298827440
168
191640656
725763403
793053537
10
925897666
0
807475908
734284793
32961522
32898
149042257
727690500
386612154
309495231
7
873206348
696456869
788507641
417443555
0
705483202
590556679
173485742
906897654
4850604
258
627125177
893093954
403364848
600283728
14742
105139414
269711775
5
7650144
284044392
515477377
3336651
100511716
10
690195669
124464227
373853792
1530
485851748
242641879
39882
161169815
6
539437397
877947633
35544014
240169580
68306216
379443775
28820322
0
61746303
480580378
122795265
150110271
177
2710
43089472
104640077
641872
956993759
249
55848
81856912
173059749
8
984980184
990933826
3121706
364291709
809139588
85103141
540647630
344447715
388267
811232073
8696061
271014972
193291062
69428525
100014887
585656336
351636622
887690541
602982852
186353298
65952512
62866875
818409182
188429580
0
917283173
744731994
1413
289877553
634765803
16
204
13
448525779
105
218138103
68456848
9813587
4523661
36256133
291004184
396283033
521980428
683275492
0
397455933
300792344
476964576
917912327
93
982030674
254818891
509354931
307546254
2501586
926769340
967445485
0
238468
5243535
32445615
456209634
920899290
630853817
153697204
98664307
767795001
909570717
2278
327000799
169355017
672312006
922964039
922806173
674567251
716552100
682648209
47874
13
8208
972678143
987105400
423656433
46052115
657677477
85760244
233956805
6307668
740751887
385699718
958661668
102699662
200628507
0
717980460
89554353
184917378
135
276319170
46965
95436156
270
632016627
544964606
824813930
827866962
586073267
103187438
983430028
0
990748692
822746094
97660151
688255631
233476729
754396739
550517929
675992592
709376697
0
15969508
27678484
36412570
68521001
485134374
387700436
675878436
294718474
32112994
722685514
369759659
24708
782968871
493438796
688707721
81227116
947588536
13513094
457132489
552859241
168519173
704356586
859084555
751303103
665842225
716856192
196655383
890532341
325413499
993316732
31746239
13210233
806583583
71020825
0
32685
531255864
827336264
792520120
109127911
432508209
818111529
324293249
541041916
39669
456328140
81665250
549900742
637683888
455228
16032
570827960
500207618
787939252
219
564529313
397975741
395142948
33300
627184871
616103919
931731345
16
970422285
525017
737047286
346575096
2435
227895934
3
885078406
5470573
805382147
605986054
486848227
36380444
249
883425639
934530043
887672967
870973645
8
425770370
630205806
804814474
258377857
98386387
726691741
125827
631165649
775688798
235225998
608031114
2624
921570502
249648938
110564
238665499
42
1597
716275646
366050530
701839990
59051479
182089565
564379196
13
136647549
363738527
858912841
743346166
209240572
85065599
309062360
203112388
526667083
103934284
372056
817984430
287334
87610139
817418115
934064395
419195853
12
862507726
150344594
135622858
106329859
16
858211795
3759
302106281
561671674
495691604
226410446
375604177
465934355
20247378
601999004
267
732411826
920239659
170609851
77898811
25743571
428909097
235762216
215873545
556805
0
646861372
524119602
11
2
760213487
6
706585124
573415154
58617
0
337169174
345564943
697434513
699369370
8
826192388
4815792
130527238
205776184
579549
229090217
924289389
934315422
581370
886969968
1703597
1819
2794
816455059
881159049
905300299
574740468
708591389
541506044
641688794
731317141
53306714
195
329919950
340269
0
13494
254987861
344041332
96823531
12600854
963819890
714670595
628620747
233977366
844525449
593193660
20928
0
204865458
563589754
0
457328325
186086211
492593387
153
199994016
3258
581138933
345169028
675368207
186
14319785
652223430
367244192
489536881
460485252
843253423
570099899
326654255
55822007
746044360
483618348
611249517
391322091
24974836
726217090
445179833
67298777
882668376
42120209
691139658
924823606
939217433
273480
323178
7357023
760697558
570934817
2986893
136534110
29097
281311004
2469996
307635249
0
452659381
294830697
14693861
370008294
789705706
0
2468
55632
1455
402911163
8
3354
149519620
436948318
704848950
700290867
703097
717172581
65466450
658967
708744666
7686
388994017
138589094
289167824
84039432
733942423
368105574
440334535
487714699
626719525
634883140
375804388
791156177
108040172
826809081
474442191
76966621
967934631
80961909
458626902
263551908
771236247
847414133
842378724
84507299
988902665
13368
696985521
681650472
179848202
659406120
414069282
234308269
648609743
99
662162818
565018730
34620
449225702
529881285
171
565504707
184109
794684787
717028
603614505
715841437
45846
4260
990046456
92167661
112103963
799095028
12
372966
679922854
894384461
348930012
0
26091
199995571
470670366
794606114
503521771
1
510590953
249128055
55719995
105580002
1699
66469350
858648962
0
774688609
599544422
228060113
0
319678177
91180049
422278188
834449617
782009477
945829976
860414284
983624611
0
134852034
33495
38634
550456431
204
245273911
246645497
261926
42850901
725240413
758097160
640616445
213689936
862044505
33939
760961053
1930338
0
460537
181173706
522168386
478955363
774320062
863938797
217638874
511452688
87462647
3482028
177
412304372
463688582
804980215
51382146
9
163967375
955182987
150273354
325100116
940487937
505054698
489552357
215516665
160025644
69
51546
387206784
207
830051340
55497
711916026
564753351
238285977
936443973
163471174
757003281
255194177
45412690
416384815
33836606
989190082
645422428
517944091
544325265
3791115
506671588
5478291
14
744258141
27585904
533527965
888442293
270364548
43557
233865553
820133833
54201510
84
50181111
635214601
706805790
559738689
105197596
44098952
217987312
226878225
72966927
129
866169544
917359406
126181765
131643690
600481840
0
201
285
244150694
177
712653725
186
111782517
596649726
60731213
204981268
20943
781175750
842669388
982953112
447608748
424052943
853502216
66474263
737869836
13
76968534
910815711
171
17641907
0
332423702
907331779
662532676
104231552
10
698981108
651673730
168687
99
655624842
171609320
205276498
499364305
377909466
947033528
4099507
0
278190040
13
0
7233183
443611439
761509150
247684339
412371972
460179967
604339591
0
357705855
928329596
993882669
153
153
83141893
55191069
235682527
686237107
379183252
966233649
448459129
7
150343984
990641915
408021692
0
276816263
488408223
676770402
792417029
65452234
152541
612368208
60558
35713966
43350958
120513193
696922469
258067
919449692
979702863
820234367
193449996
41957410
675177760
495912077
197859255
3744
797494359
12
30682875
793134828
243
0
0
850222030
231
63246859
12
426787
242664146
10
886451362
861349550
141458378
722779071
2862135
994935396
432789115
61540596
557344890
82882673
732045007
612730482
200165580
5563350
221499
46296527
1530
50241
11568
467107152
339213959
8
138024515
626493189
189537404
296140069
187375152
131485234
442087865
907896181
133890649
774368552
185766651
656783735
491431995
879462678
247741442
227884493
975556183
99
3311721
828413452
790620402
287079190
27168
240204309
258682613
597335497
412602
760277979
528933161
52466146
3462
421519620
105320665
1597
72390189
633764
3485538
676689046
592009614
463418270
653878144
4482
3226
0
18071835
105644541
367627880
215934202
702939046
780399561
521175744
161394
0
942094927
410319182
798500936
0
491951407
650612
618178611
869604140
524447079
12930
2158
36630735
492697329
14663039
518455418
4010778
192084534
835803358
608708
601080606
614359275
148596174
993734893
837088789
25747033
186182631
0
132585178
603460511
30150
553096258
0
378364017
401667041
403267384
878536322
7
772688406
0
952115731
44445
656668303
54244890
261011762
0
121349614
380889
16626
928536434
294057
65688024
979330132
0
646551549
2914
112939358
70574668
3070
93785689
828593404
238379710
0
73798987
735925197
681503109
746245507
192
949383873
10
424926663
762212771
530489638
529656079
11
54511853
958832631
308217931
343067433
502553909
303
891412727
19293
250414181
1644
90060035
717239799
738590644
326101272
509318039
232082897
16197
291182086
80530822
163958
891927489
529257927
956320371
48115491
763612596
552012945
824425170
772030912
300
3715011
630496468
237486565
0
868786320
41684281
40755
734026769
161607293
5718969
496991377
323131013
962338615
319135391
346243634
606807647
567143125
573044347
3205
41146651
516774229
427121325
25851288
4374477
844242976
387853756
0
895737515
855853082
727538167
189443748
693813147
925448068
753254864
33831
61183721
552401
110192409
709379
927838155
959974623
502676922
955203425
311962148
627550129
129
164873146
383897341
532692662
144387211
628546245
748320956
237
842672065
8311392
478304387
497217657
394970443
277642949
534134362
322623866
222
6
299552041
258485712
453414158
47499
980531817
9
199984744
460215986
326174864
792759419
59330261
726660409
803903997
108289551
299535
588763492
127162341
925968276
1457694
11498128
701592409
973938514
719177118
259240534
608892678
768672496
559541355
442210323
864013204
87325971
651907289
18351
799
7366923
217356767
944625215
0
2
98329
984466775
324109053
314220688
3407472
376773318
303222415
93326192
0
788915486
946417557
406107422
639537
215110798
80384188
237865322
0
49916612
700488222
30591228
382745128
294432841
434216041
421859619
312133588
856113284
631454334
0
283071
888019776
50022370
0
635114339
12
226478597
884915096
493251346
531188691
2085642
551582010
0
250847118
250858608
279643989
924111495
688735568
4172
150
395109926
326640265
425665552
569106328
778215338
708980
254872322
190808880
507221940
72
611618265
402691339
8
383962220
587699281
3198
277636759
12
714920131
34208656
285220584
92271069
761222214
966946932
513237071
475942669
15276167
358822170
3158
71886728
16
279303691
20103358
408115701
478897697
14348985
0
892989261
159
3084
932860804
51608365
872570764
0
3573117
500558249
0
521652
961174283
463791619
995264971
184277862
551156877
368252262
732959028
241987203
14575991
26895
466866339
2655
122629315
659824149
406949942
328578801
862871679
288
812438107
207699173
829997836
545667463
502140721
921667364
319290979
730044395
299112698
362178198
198
839933296
0
623157812
220710633
875700855
353374366
545351497
483712619
358730904
602929241
26353898
683908
323760716
360431779
144739205
1503
651893367
957077654
645962
480990258
0
560157665
13
620728306
592075030
25273864
841221483
59799638
295476491
1083
32563759
215287977
258
534496952
455521767
254291698
709096572
768862773
431245770
258
610232556
906445287
548363132
910151592
122154216
26712
226657974
624610890
31919248
491324641
914092855
11
19096026
13596965
751188271
339169554
70557899
245637126
252998085
47983635
74847350
836367031
630917596
6
478954134
809192307
438827075
618280
160968432
337710554
828597339
77412289
0
15
2853504
788529137
288237293
238803549
146159
817222662
759186229
586681501
97879909
203199098
657581544
502635653
123951169
113969258
0
679559017
3516
732344645
267894
735209112
48840788
535845795
328703475
29352168
825203401
713196201
945684042
241902705
665135768
793355255
942610699
2020221
712522707
3535
278901086
1972980
890568151
922505558
443457914
864127949
455385
2129
684284666
92474098
831175863
567031115
127209801
2238
995271786
0
640928076
453353022
626612766
566028888
202136258
416062857
0
1394
147
193062025
31169836
150
2456
252454137
648295347
436975875
547294608
275011406
579458392
678627767
548028954
30674434
93
718241669
68757256
7459569
360096810
320996168
1103
171
68922971
858701096
4992777
743040070
144895232
439525381
851911103
175182116
709663597
2487
683673114
0
101142766
353898461
205109680
8889
756380557
624950577
238466059
932994482
314411611
543466457
918163915
696256596
45346614
702242572
805948192
39045
29174082
362818100
190302479
524872999
92672922
48668989
234839633
11
691895767
717532277
174565360
134368830
927129865
1771
820829725
499198524
19668
228749881
89269157
85176654
999036809
52089938
78
288287567
5780264
700031
804607794
0
803508276
51506013
555924430
474650510
6284241
0
1742112
134163502
161703510
221595017
88729051
503411512
1692
3205
157489644
142968688
455612015
789238640
23081447
350508786
186758160
847809124
520955500
226458437
488262589
238916427
794
51541607
243
15622694
177131760
364575651
19506
408642556
356661187
650047903
952964334
20739
691464391
85336049
105
282
253269796
9122580
769774973
550326719
223553225
957498137
232336478
417473223
793528366
598059604
317543
42082471
280576113
323017931
874188093
44499
139740514
150
387309732
153091519
404384922
712604693
613003189
816015621
6
762503624
6880428
572260144
0
667185236
904769822
95019614
744566851
77527584
938251842
987478432
572987539
405737176
6238809
150
419018648
249242499
268910266
0
40764899
735027022
377777207
179651359
91483231
2597712
176579176
979922180
9
235267491
242556626
838925686
624544693
544854275
933571475
363347128
708709098
533201452
25482
110106281
382960485
10
851134593
63017522
486031879
591235235
478759145
919729493
474690277
7
936232151
156095809
448905485
39623739
548584197
97943951
111774674
716929590
667944184
437498032
787283530
57504
24096457
68995186
10
980750609
106149970
99739489
55633655
2648637
449235863
57748026
323668870
519870544
522295
812290419
460711110
369132495
40545782
5
80216193
31191236
40472181
143604327
793427519
855221389
250367684
899116326
154773927
3537
704385218
0
569964985
13
48904015
522681768
44577
32688801
1
456513903
239569958
725316456
0
213347873
838470598
684064
47407975
748607858
399944508
28708894
296954191
497052946
461599526
9318
142534764
0
65032327
570481313
346561005
637
246358946
201854028
764637613
533109756
85842691
398407861
991224369
537538335
358737360
145772734
35817022
880607991
25935
0
580432018
965713315
69935390
651803
879876503
294
414188841
985096425
225
31971
982967708
9300
526873187
411428129
645112
81653717
601206144
925909085
824033818
742463392
539655677
72974013
362752457
358299683
707705
14904699
703949847
914833735
33697590
266378573
126
235248165
895299074
996976832
762828250
66337921
63454828
606267405
562811644
176091777
976952077
2088342
553066488
223159318
4622508
536580972
946535658
566687405
779646147
208440753
0
0
321604656
9
2408913
6233274
80526755
132350942
299029797
330346821
19602023
850764567
335986418
36303
107184820
892099487
610238386
33396
725565784
640057306
641045031
0
837605500
306868300
971534533
1861
608801501
598032460
0
956458753
627945700
704834320
386358033
850221776
738610579
586257331
153650870
927373614
436477878
1400
2667663
8326485
566024326
756185481
185635796
654136827
17
352493701
312
22004710
39492
733478856
82458303
48978
589001171
907768802
91285407
26277
297
542061716
228263180
145170198
2468
616779528
0
509604599
939402854
57048277
554156277
537361199
835941500
8785116
641278721
755571840
678224728
252200944
5480802
523729372
505669616
148898124
659530191
105470309
46212
119544823
193334137
684930153
0
132
791427867
221824
28628834
577
57734284
3430797
654290058
542940665
344601
687847107
783899289
646989252
2947
487682913
879278217
941128910
14335746
487580307
843496348
628932036
40156456
471037255
786663341
94428019
18144
259622387
872240808
721122700
690026588
500643136
132
350257275
818556583
477148803
0
618370007
326121691
386305040
31202286
441131873
8756307
2813
0
942636505
15
472809911
649277005
201
165
764324078
1350369
251592753
386170861
477316161
212077872
399529895
881
697866
219
592199453
874492506
30879244
42254417
276
661100757
186838129
0
309285
134473170
141
0
805041150
6
6951438
78620107
154380290
1535
3826008
407750018
783481310
56051134
306308867
2326
309685833
325195
722666199
3380
588271924
174943577
64234796
905299357
611327
0
112584446
146108768
467564659
523018817
839537922
696560523
508070688
517996088
594661581
784221908
539602256
602207591
542390430
2524302
168820094
603
554332880
558041269
324204150
38529
846010618
760635780
332913758
849323268
3681306
36650423
30139130
206954132
135
50760697
315181686
322040624
204562098
220203924
351872237
841065488
584847110
286068041
0
304167036
0
303536265
0
473116
664904525
416680150
296412924
342336866
160651389
648570381
849532009
955907155
13695684
86447656
2825
102175153
393711287
793557232
183
265830490
685427480
198793318
393967548
2355
385173572
280737344
994991931
597057432
578049138
223941
928004786
29679305
3349017
300
241126212
494434419
847290786
151942977
0
17064
759327764
739226435
233799556
389677655
63806569
668053331
0
870179957
486559136
117906374
472872765
579697778
593883911
134455644
411144
5061327
939726910
804624468
282615558
818190744
7926390
866899675
26987837
74093004
400910398
342608165
0
466483563
0
6574473
584397599
17421443
372105600
0
94935
257020500
36331811
683312664
153617
58395191
737247533
537437501
642997190
595326802
104844611
44142
559244978
1848
144755223
517678636
525688710
106976966
374993597
84498223
0
499256122
362624539
0
323274382
87992532
295610894
633489224
874146813
251387154
150976192
552953
831866119
361582507
7214814
809025533
269120298
566577373
11
320166666
659722377
63346542
4368
959248933
350073789
424066050
845572249
869152765
352004609
667112270
5215473
282096390
87023069
202396376
924973411
969758319
11700967
166898696
759938582
479117625
0
12
711086068
498454382
89128371
72778317
316432142
98008066
596667786
122405886
498669025
2834
28647
319378205
357246410
142091402
38412
84114922
116633380
29074835
23576281
675533879
644779199
520176476
795864358
996111384
276512703
851069946
154870495
169315561
496578
27462
7
671801726
636784788
956719646
270897496
42297
871879318
48617167
14
971608065
452618623
338207711
429585
876984084
234744003
652277623
52095
4
943980704
916055817
604519021
845593401
16545
286907507
961
328494641
267737929
51240
725335447
16701624
357941282
297006461
2
686445354
33906490
2373
760858841
10
235695972
195421115
216
449876925
450833140
514760100
252123011
290620058
105315330
863555167
70065953
844330420
204
784521666
501371880
33163006
17
238511493
47889
716911509
234215646
976187374
204
113118627
347712926
1403
427345247
324491978
969033586
658542851
181157985
482841368
622039516
15834
892847170
1719
6
603251911
78
571775786
648883648
57896542
755584729
0
447633
22062
761973698
876079421
2
647902985
0
498189373
334680370
3347
738658610
201911649
97277023
819923915
445538303
171
655067036
0
710274174
984668954
290699151
497679326
737442385
6355404
49919171
175865748
407924709
974866520
104981785
337048651
301530020
184135615
544076884
812200539
901854055
283750974
7
250484240
61033325
0
533114
6249015
384184084
143055685
75
63944867
576448906
4422717
156914570
130380199
840430974
36596449
781102453
211860994
569873313
2786
4434444
652120172
923258361
73645039
228064258
375068852
926859555
817567860
905309720
130101833
382890647
734530453
961250884
898145327
42140546
143614559
305686097
974747589
555592181
7373268
44799
888847423
180
105879696
3766
10
675102462
375973638
11
528702562
5381253
4955238
572003444
616728527
0
731459547
225
735458401
162
827244071
649258155
510141731
194884765
9910550
230477417
366070761
401155122
601871123
415095949
296036
153
0
0
11
150361051
0
7251939
0
8
434181995
48984751
89106099
41649
912062526
657491734
263201874
546047920
123
481445969
818022996
840044745
404527083
165092
43545
298681438
80314715
9684
720111277
4091
164588216
916372778
46464
222275554
3529
656790045
12
388285743
282834934
189
779291084
8065809
339494964
10830
219
159736027
129027502
750293402
755584168
688519587
319849321
528695896
201351545
3873
504891204
546405005
81963273
0
705566479
829866080
84215091
6517305
679063
29361
231
0
154101535
5
90637331
736089654
477897512
337882782
337451791
300000527
362153853
248286371
43842
8370306
177
201480759
601819835
185858856
189181084
338778175
512408417
58489919
446360876
560772
272305218
517573358
694856963
494676286
51004918
298743897
32913
537312372
224099426
49719
866631652
678405968
447554574
525966
167307348
394281067
938061752
478034
99
696134239
129683881
2951325
998556660
313688921
963239614
282
98962248
378956058
142136634
596726985
334567760
39863912
78352383
975032891
398022858
583025154
133300915
2904885
289614
81331718