980485841
196818639
913229202
760256371
355768212
962686469
598458179
329944211
51756638
12547763
46248674
205190398
129
484093406
99760482
460489736
973500507
802304506
200108
77744474
809046818
568474718
448261511
627063782
176975638
501448442
580995233
649877802
784822611
835101783
587689467
831696912
48513907
0
112093261
299474176
524186375
357851701
168354102
960242267
466281514
83167103
599820113
735524953
995183169
157170969
745052988
43203072
1904073
409830365
82434808
899597241
51096954
238768051
749874524
782297444
269068212
848367243
258710230
932752143
826974171
384462740
595581
414766143
482821234
850647031
590606948
709028292
548789361
136141221
852366721
203656162
424271
312804452
168685006
204982703
753950277
2131
397093599
170746049
419383034
219737635
781355506
973494669
383569126
57259797
470735676
123118350
562760172
293977013
576641564
166329397
755753214
7523793
212750800
136779686
902737194
626231800
128082706
413133236
121265284
639887390
945772930
295590087
942332309
236502334
340454197
937624174
197116204
228
939929268
688257589
613545279
913920841
831863957
193975185
1455
136668688
85723923
679749505
451735623
151695094
70193804
813760640
810479829
648475463
244629578
111213956
200288841
765541974
925024428
625897226
8
100285840
221910561
67462468
528302398
258082037
833689895
139720649
474342609
980503126
526151890
453530738
563438624
919145536
166057567
919895973
203666224
159512209
934836068
748119533
444503487
116074501
501485656
299301692
166689935
958589861
415145720
110463399
119247754
898102084
224505793
679829855
129
683525747
803404482
88667557
138409840
197779392
676681774
783943618
923774991
41069131
169855360
765471813
193199590
625308971
651018835
257103060
517903256
820066089
336386099
909871187
630406493
710293458
658548065
121176464
451041919
645625601
25338464
937890448
543489264
944794205
673358369
68487950
55512
899592904
125678622
841853928
794661837
781796797
873414047
348525000
322651198
468762710
478008018
914464588
624534830
595951006
12
335651363
872004185
248812576
534422841
573369747
716656811
932190755
235130180
782442688
554421488
702205
781333636
261215335
878575872
279306278
84293264
936191335
655192067
299068951
565750816
795954713
670656887
429045696
457973498
567072681
31687292
220341696
655612049
654896302
288248631
679690430
716605638
673361358
314523615
315847811
311069240
781394319
826115295
487325380
217064871
803834728
475559773
382124925
442382970
459270712
639760731
98459566
549506638
656984791
560722067
473557421
687292373
193926054
13863530
657729518
471233409
984588459
322705874
966486331
691862739
51647856
673659519
342104658
39147570
354083844
524847721
470523985
474553404
71184980
303234097
124559714
594464864
136765966
495389513
299743669
87132853
248874754
937440475
12145226
174
74222105
521462014
345694008
988385159
574421511
807714119
237504523
117
481038748
477371502
871953734
663940384
411633194
102166402
386919712
124187678
3062
159035358
275943801
450782940
525578218
278841333
925792935
791138075
169593685
111139177
645796400
990409685
892378987
972307842
180061824
469230494
428019668
639034273
861296819
344570374
105153474
1984212
792220220
513878
966816906
153335823
410611412
32079
366200290
75866240
618640953
1583
730316452
991159677
715190641
330181035
682082523
239458294
576388714
862683090
194823732
248090131
590142638
145959440
513521978
154602736
628999055
490439561
11
473995683
80458625
348297928
75067097
88576820
68806142
91428036
238026984
227714460
159302986
818814904
881537623
993519154
48789834
77256299
606141234
13909623
335952802
177890475
813930582
333496256
593719912
14
83383480
465632131
696195697
608776789
141
475601
777207987
7
292888180
587479523
14
16263297
114912107
287035022
603970016
996722915
346775036
548856228
939053448
276541367
216582942
131501645
423932596
98093473
312882617
59249447
918961134
8070957
967903623
320680738
945820955
949300842
828128849
976537895
579977259
531168304
301204116
684219159
499226611
546240814
931686335
477243242
150186119
1441
851891676
44514
762950497
173943303
114324098
825591693
253549859
105002182
575284632
12372192
301034232
638017897
629507440
430418106
753218392
964548540
228
275559394
866378779
922940208
238535964
82673297
291114714
60316913
271080739
364301747
107629547
3645162
504714705
610751153
737533654
108429057
536744900
79407312
467406648
208941762
447762264
281528983
497893351
729154182
159952341
229409678
766954820
183600502
982823856
655871456
935324120
353372873
875048280
993593075
897539605
865894463
346688389
413056185
920912728
638142863
597633924
31977
858210315
952379726
689580951
649911022
2577519
832826394
617632587
840120317
756880330
760871058
117922994
739507691
250480229
783448621
743112794
420711254
653950396
906688297
821076683
601050122
331322472
983233584
114143863
193137023
989208085
647044827
154005846
964996721
610272518
44067188
52282404
15291
951945271
237369386
19485
250858576
988856017
172695669
1866
800015243
957930204
236224660
890209218
295982896
29504561
906204873
134855359
750354459
405115331
439092331
293199778
147545753
476284522
749789773
299917337
200362855
39315118
579231472
380650026
202949025
486722771
288162297
780956275
833838963
959342225
503849958
924374723
417252700
461755312
390657632
418702573
6953445
718403118
76721261
560448368
111
662117828
0
837857450
951386842
414940014
290639681
542055587
884209283
241512091
511677955
428253599
203122781
287355534
628902258
168719938
44742257
122424206
631242750
685372605
143554602
0
957698650
659640720
145205256
721954510
664394214
651529287
282557625
894438705
688524076
440058628
141535615
911691413
78021652
797464389
490411064
463144
304045134
635641692
759413720
983139710
12
609395904
589125588
961117719
483964923
907921045
483881693
28383987
417692715
721281828
742243985
386232370
575581219
993682211
850408682
320519463
458417399
17547
490699522
989108691
997103255
971894043
482082826
789188627
412135519
170294310
878144806
113761541
657725104
216917303
167971466
15
561849122
955420904
11781
961788787
849568831
335299844
611233007
33676760
403272051
365831970
308067295
754348124
313207030
320308
325622039
874256915
690076128
326753398
909440328
322726598
320801979
281382330
70855675
211680107
782457377
801840305
437294957
189404022
854263475
623367317
353509531
446378229
660671143
645445235
358443799
18039137
622399470
595492106
6
427460428
572744808
204334417
903999796
223370
792507063
46332844
441970755
802298580
58850374
742859643
824032513
652447824
932411113
370604511
793547158
0
222002212
81233668
376892491
173534356
699590782
446057754
17593125
0
361517187
518588182
14
938727025
139772667
3286
96718673
319269460
8214669
1495
510527341
251984014
395741036
453040900
397729129
652018880
279151314
374474112
544244171
716810602
683598344
40986
269511294
945970007
230216541
478290427
929122670
599897259
68014365
384701613
280052925
686792511
102714797
723291166
177071372
153809982
751389447
59208857
248096310
829628771
722215727
0
27145322
307689219
857444230
929604463
8169974
672319267
304257454
937742044
405043423
57776755
536678912
294979377
794813982
43599653
0
782422181
44684609
271877797
708258452
947413046
470117167
18377766
724106574
751135449
448679
621236823
567201466
284802283
377034405
28740240
308191409
466590663
72177913
310580244
351724006
816772272
66316244
706337836
123370723
181151264
712506904
589039680
836997896
31860
436995041
882248101
410232042
673683076
2448
479570468
37317
965475990
836089992
147916407
607286023
943361347
257521845
23383888
730548053
208956364
989133520
68507697
825740356
4306
23325
719235000
5827118
862419220
145949549
515714253
806470911
808639438
824746517
133796303
183173128
195198490
611090225
218990821
388708515
954974240
732884126
932696019
69499254
882554640
429423752
368183399
742919681
81722462
665560606
511799022
806590367
767178657
550601140
288912225
781734590
465308752
290220596
670802204
388706591
110233098
358839827
508991971
314117424
25130352
665760975
919228626
0
689869588
116610016
600560663
218929636
632536232
637754348
341696891
949966843
429918779
165406848
410787501
228411834
520220509
776632092
729044281
939677583
564435965
385719822
50801997
873122185
851262272
63982839
189978747
0
299782294
363176854
115698248
604419275
737165286
386601699
432594
814984483
862544069
295622216
269277191
983988805
994852844
833433951
319002543
949803963
513158823
516766112
868287320
442650137
231
480008563
923552184
788249256
473751478
42747
693800440
588210694
157429721
448309285
566955456
226574170
664226274
238491343
757281979
880874519
714256837
939391943
952776631
827471772
193145316
399475428
650971843
544876
342531978
298648732
939311097
855855603
626728371
71538735
313415054
251735509
558491201
378487350
426173730
68580023
116188938
591322276
626833414
981923725
711040952
777177085
103083854
569598599
283945330