568023866
225671418
471941278
669353755
4703562
824807949
826760883
219807146
693515384
997760055
806995239
88970809
229535733
636288448
179745920
41922590
189921741
122739446
195539857
946539399
773397213
873162355
825063818
768339735
81217430
170052288
908335049
213804225
97598974
44562428
254582858
511713820
701424043
847354831
679861886
816704492
266115144
977562926
325571669
252565215
597741890
523364124
872476268
378120144
831354841
87980389
94120252
284382378
115332225
985750199
0
811374119
108672855
621491793
924427494
417981315
93513591
143759824
161058634
887242755
172650901
193555481
2705
879124644
721357028
293554756
996967006
865071754
523688629
518382759
85059970
145893262
957548881
554449854
879118466
910716160
34174479
875337135
74417588
124701416
201305616
618564716
73367358
882414597
358146210
563959433
345449205
463220990
686538790
544027717
762162445
414051804
942750621
527387599
259362645
917255115
283530467
612530057
176978055
906477976
832606952
308934318
791481732
392452306
491541
825262517
283769436
644951242
614375723
695031960
207994370
77707953
280255958
838719655
986926216
907610812
669823880
182803195
172594772
669560802
820067722
297446485
178084890
428735642
104086764
35481178
292105824
418282816
901368908
57077996
283128354
785281921
738745701
806360049
426073331
812076756
513975838
703859528
186995123
736680118
386646042
856440479
6515214
472136472
296654931
317790139
9
141149803
293315409
533251607
75287404
489355908
742224939
765912565
878544729
766110740
27704078
405482570
52319653
923373858
509596071
909664466
435137591
237570950
47433
263968539
44658
386819279
599402865
919636917
156904428
377783681
373557238
2077
71755793
907676145
985527979
305513278
575682193
643348698
200878820
814046950
837767588
831544691
461175301
287111258
431145690
866477916
904122524
115978785
488375617
659276026
609277395
505680708
762989927
896145986
743165111
49822143
393228144
678341205
709257631
962927984
351431445
287162195
248389868
488273415
415259134
616940745
14028
757859348
265365214
862366069
23329809
381096411
107356452
952942209
767522983
943453659
262800676
247132971
380876858
277167376
342587339
922473678
815545812
451095172
95999887
212944683
835899614
4817061
989407264
489896445
762050260
811031182
62648746
433466718
33454479
443544523
727712274
332976323
441530450
409749464
53667123
426845195
341817685
757958780
606628647
576955344
582722965
573282519
612583777
510407561
922931463
389060308
730026669
433304613
368424313
117491285
438351117
559676202
40281283
757350409
733576508
587709314
696312716
919921889
414669625
141287261
449658111
110936110
990939548
16356757
946318545
402485900
800169767
753533166
83318021
469747885
47577279
237
321600916
37090495
862342107
695480911
1944748
510690826
202923449
20515653
185029482
310553638
51944506
9596462
591843025
763140777
858220263
111410557
744971771
638094274
576633437
869220089
672904060
633363310
863446268
634899586
850917456
322535694
301855769
559890818
1537674
952577742
785571169
644299226
170174890
457464991
157580972
276705581
754704692
367472695
235981431
430897223
976194446
357886578
900403924
248819320
836593869
381889361
10335067
7861878
128444861
22405493
607152446
543664170
99728889
637913390
215725362
470483067
969341979
888646005
908643389
816388050
507037180
295187540
749153718
716627869
13360940
950442503
862107260
237399778
631588310
69012366
901746485
920629881
487130795
199861363
631835972
145854566
550792743
699942533
621143323
74195216
745616545
27253139
523969440
63057113
978501773
382542227
205170175
94293161
947753264
505953828
333845007
923461736
194142816
908232196
825717136
183495406
456693408
205528329
325486674
237460205
701152488
529383149
189348367
564782098
530009147
298928498
20220277
903364069
769284620
750042885
313317503
69314947
217992785
7453158
315070092
12450
598757878
963168107
805162655
518830507
362758204
171257472
78530553
390294333
9295758
933298311
579341588
250488099
419792388
955478120
450967012
3282336
866217159
897197404
941927103
962149043
980399475
252141295
15
852055707
113229032
637663
990641568
977648901
835885403
571628227
960208110
980576225
103139793
352618002
461428777
395967554
748493309
559122195
216162938
371441552
519796246
51019816
118593561
678537341
515962633
520477398
822375066
771370141
1130
247550808
84194963
287379298
512404375
185342088
841798611
172425300
0
697746942
879748019
675267926
481906936
184880989
355223032
44749574
492411287
540152469
243658909
190569533
496868216
711004455
517751813
210126181
720189326
293841927
206468559
340242177
25199982
0
934414169
668816420
272659897
544902223
996196710
718964023
0
764156419
153718453
461439065
472847700
496583724
54401960
177
728950706
818079982
290038136
484204228
991142374
9907616
318030548
248017127
327942144
758342354
385856302
939213684
417133401
725004189
773875999
870495162
150165391
228861819
331680708
400739010
665448466
172868286
78382637
218432534
912979008
632283978
970376028
381031850
834453656
485795334
849219598
423796713
29641759
101932861
770238821
230888588
487593543
362785212
862788174
636634910
414152803
115139275
3090
196598547
687543956
374618474
56487443
384659163
703056639
63318141
856339832
100051502
215779500
748249304
437709194
0
194993810
434195827
198640325
775728319
429449466
537067832
789874505
96777182
368666393
953223541
250035414
978882697
253643107
629361516
890079541
864860061
985704880
881586206
381429328
777231469
878852480
401275303
812664898
474551440
271684570
378555935
164023059
661483926
878419931
232062157
380471540
353622791
27038495
908503939
837612055
907301207
916502697
604640508
969918185
209884685
133155009
823227987
606626543
64752850
193983030
754796125
197565947
519187667
936940085
412268479
264074470
620797109
813184852
994882137
497416484
696792538
835998415
627425416
578095226
584389137
510956
557276172
890494163
433762776
63218288
231813046
317956689
753204037
180919813
516295910
353748109
728038615
340867215
903900380
169480407
725037348
518284050
341441520
724867155
574183240
430450547
960673267
532374739
645404685
394592876
595352852
293010814
942642432
650945277
310122945
638415939
703160816
634244538
945314518
574845545
227829893
39784620
810703557
697791187
239750434
1954296
892016979
665821074
791184625
572370460
384387314
726483011
676910436
572822062
635895799
592912989
231826701
393239891
660893175
406670288
957751965
276313172
777897376
35801005
654459397
818237874
227943569
755388655
372800136
904343832
1423633
282807427
524103759
927612961
568049528
944017601
2026170
319541209
93519553
30860655
900533120