631674410
163726753
166564963
115472357
176158314
191029037
3164112
330526541
142116436
963849870
94602039
565971084
612568617
54845421
545657993
717906256
149377564
358769685
210092471
50352014
361144845
11456629
531261
970712379
92590946
222616601
961737575
843698799
149067221
845146789
762681055
241591865
72935711
683823330
533816939
346828390
897860064
135782216
624296821
2354
710173746
315259219
930735016
255466707
189
197550802
536368046
557929507
695703077
540614762
196328269
2543
453133676
545512346
88123314
616149025
576327787
562183677
65380804
726311058
740551762
170261236
197518422
678188487
372595399
179234760
33361854
95332897
281443001
779087759
43244767
223836522
689996422
701004334
748356014
543993569
0
344249223
11060027
813828232
971683496
810543658
718567729
826137759
262524084
43310854
324835039
99013004
163410251
554015620
113362982
690315948
369931439
663268737
221806518
388073734
247445569
433592011
531437428
484068997
302613369
276863666
436626939
590384521
881450288
876220657
89968418
397758260
558788716
648774858
719707688
263715332
172522568
176554057
904611882
942275238
210507261
466706516
890776221
628487469
237145141
858722202
361248389
852395652
682524742
455159909
8231922
175869033
669207871
655337457
625521146
654846302
479135868
729015673
645626974
157384878
91213452
122903753
43044233
428276395
596851914
807025817
470419792
883907175
900211790
719246768
1416705
932248290
543109402
370441024
352358731
474567412
499473116
186891856
625407
491303272
296588487
449728628
633929557
737102723
546839946
22826721
194086531
53622603
805964607
824571980
88812980
456046791
76934111
716813412
103305560
782858666
148651311
108127722
682760493
328217580
661204961
712772482
104462974
362899606
847461381
791923895
299234836
450838324
311977597
499885580
14986913
2657
933680544
113154139
477721564
147505528
2799145
204825498
146472958
786537596
999133322
642598519
23411477
572405486
170561904
749022282
249632996
489675967
540999691
191955121
444264208
935543870
55596001
262907042
971548131
671729832
212441783
670059713
477130155
27814954
429859902
875777707
811682766
215099926
771675996
244932150
11
266879024
753867739
264352955
724028233
817559472
643028994
643585746
268222007
960748840
706138660
492396660
548888188
52002854
99237625
893194416
549632901
1698
523543826
322179227
938684140
675064812
173024069
210578304
799940372
32948172
420043860
506061342
407763889
545693589
475889617
452474393
25899498
430629340
0
922720659
786241023
432990124
800777685
128255729
957954414
489932158
369922848
99280768
513341677
206863065
432179176
465302426
463048451
530989370
226574349
478822237
65989901
93733331
286554704
605501637
849849051
221707002
169252084
865664154
593412201
99397780
906184114
385874546
33186819
773241184
973387289
499357817
945040818
449486570
766407849
6
538772247
159473027
557488806
570071781
841741862
626863228
485055623
946323304
233537124
235378227
774444557
615892993
874323038
609914845
794993403
648132590
255000349
248138932
755514126
354299238
925465628
142968328
359718628
644151471
310919586
829544888
784364675
9
740298090
780807277
37579177
202516754
112660570
123766056
373714973
62801898
305942742
95413651
795401551
936936271
748229410
706754092
579202238
527288241
798348453
260147354
634704633
990504113
139421192
179053246
426319795
243243241
522437480
23982
511985124
43481775
474628476
523394456
94896221
964292206
287242020
860409616
0
789866914
581323089
214154662
252282732
577185511
795688660
517223826
964084218
599151493
226080961
169878547
396452314
744123816
753937252
781604865
411430191
482493666
3405960
294003441
162435601
618536422
39795452
522989673
13165090
473305271
658171945
388417454
344474985
988681027
928679551
990380208
933309544
661985048
506525690
53668945
532548853
826336698
723366232
715043773
762969748
328721298
101101890
741512879
473914546
41988587
654688949
254653546
902270479
102545259
239428699
533773558
792222255
947378145
221001962
812445018
0
870886964
255141829
928124004
948761530
695858444
535947136
603402101
780128237
208896730
670571
227474849
744536955
6520048
393183003
204550425
780305904
5291835
371759714
554679917
824126336
933117678
989778177
67361725
59125445
842736878
119958027
412144314
50100586
521606271
88275292
518090973
205453832
431743608
661259512
76416592
528112
99107464
241454635
143593880
983094247
537754507
549727527
949095499
295361885
721191888
811523364
10
64014547
923292168
741893005
89512190
243813019
912236747
230494876
723428378
377110308
661611846
34056121
217038578
204018863
362410899
367363284
85185807
723152333
782515641
334909311
604845234
135645116
192981122
575869925
946577559
187966488
805724402
582441543
56304489
486666352
696293298
263597209
688791994
406846531
940818177
584691201
36726735
850422164
118178963
672456961
94761476
68628390
832037691
814930223
895624268
212442028
161265489
77741431
985347954
857081802
245401315
944403319
788718118
881409655
827116341
139246067
881678926
837476936
384275074
8403897
852604801
933290496
814122262
673698772
942433131
380792301
461783406
621502298
627673924
245924485
82987246
751391930
606994995
551672029
635104380
98883540
123835626
707258513
209210896
157834611
604448571
359835137
424103149
461715705
208499336
548
802381694
297724988
935277083
541433552
944747099
880937690
312804340
711932723
361241678
914069391
214727201
630356882
524494945
603959725
967449634
35736
467013597
213626992
115253739
244597901
297
79399132
556022819
815980029
962075109
900835161
982923177
253020848
58929346
883957904
649727069
487336703
653000847
741814193
603389963
436290186
12409859
237046397
646560610
169072022