275245610
886673288
155994028
528701778
670230243
285109394
440422900
502030796
296659655
975898606
332171612
993263040
555339652
691694590
825545002
99318283
913804883
255156770
968106924
937197675
491152967
399613148
338980611
177575167
560658127
338736069
373309825
232810288
727200387
72339693
642834591
969732029
933510971
849218124
556141015
878016287
37046010
458738916
832175934
579624614
62008826
15077623
101918793
804835721
517831467
990775115
182354623
3
660489737
951257203
513619856
488762369
2490322
429936049
108929920
122044963
177865991
669954916
167199253
305283235
73556377
457375646
84717071
571338627
717752564
866135371
0
150786469
255960014
740572180
392343149
330138157
183
573941371
178220734
761369160
756852530
215941545
477200487
878717899
885459544
509065055
696300933
910668812
812048145
853669752
377862409
528106780
402562652
766092169
145798245
539435317
836245605
85405673
480817286
283601576
413371475
362904012
662581392
583064716
181122476
964676608
959844624
289285146
315343243
320193732
262774862
980538998
907119510
483620313
665747412
205007898
959132737
215974076
226441632
746141373
557993740
261610000
493287152
992477973
317394940
263182589
824479224
597306667
6
570829652
480182595
677930941
171341092
31182694
873826580
181667613
665146221
748671828
743966701
760914173
481639300
315658337
644730059
996727740
374352488
207000433
226285838
755088368
10204744
439024023
998492168
875717768
415940144
671168368
273828817
658579591
404069679
632413013
88111030
350596387
534557801
875617093
827350868
276877
833950005
250976135
840544798
817939677
946107577
779174875
22841190
669732787
750534188
292901052
585180701
782848593
678251646
381715979
697679772
591724764
282747516
135468464
240046575
13570209
765381221
170627722
944329712
637389170
775446091
96739616
384226
31584004
252430644
764175913
381743130
151380386
509532137
624606261
125277414
7136423
249010243
596172181
898356757
152988889
670584957
559190559
223726273
86512230
221762449
291148842
229736949
60987439
55242972
678200451
538072981
253880039
623303690
680074309
680197275
736541316
503066803
0
509963247
20751756
981019890
196883723
651294907
382903101
183180252
419108168
88328390
995367955
165027751
870056196
333822623
124884593
285629080
521059792
225324795
748900251
0
914883228
283905072
429471490
584440347
274636803
614499785
675294825
408935984
566507356
242302997
207327323
999440273
701134133
885417469
919838352
999943359
749894046
816946994
669746250
950825509
25070110
550070831
983788943
835841493
715850699
45344263
960966491
845543408
48864569
341822726
725821360
888900843
389252268
600251949
102438013
67146969
69280822
761645254
248531556
179522201
241238343
476791373
556180007
329563575
493707304
788574153
264867970
74496764
923916424
592418976
58849173
565246780
59692466
412500779
12903424
985584785
253560190
225484653
660538209
742770991
153349101
759571415
91205576
572378904
635454841
543612789
416065342
643211253
952405749
946209434
341664032
788788937
513947707
447429451
641221092
395154504
549992584
137299262
266487209
906266159
968253036
33380425
144404285
849564313
263329093
46423664
832892050
934261698
860070049
379742005
165020155
931714365
257505030
977722623
204204981
663755882
97105012
469544094
955380175
936887429
540687312
391810121
951637172
272308423