3
0
4
251
1
1
1
1
6
4
274
1
49
25
500000011
48
471967889
452250013
149370651
432848703
366558936
477562502
416439536
482676917
442406142
441981970
460286423
254333631
430349139
466955854
449183637
491588261
437268832
468219336
236473847
447081071
384358905
455575000
431882731
480997098
480051951
488554293
485452372
56358427
480608048
484270227
463462121
217316283
433381007
479318542
397235679
459005989
469796158
448856315
466593350
487079997
496759777
463706309
394401842
455061398
387247172
452513911
4088397
444961884
451920903
423595587
441319340
27853910
90026573
224730375
203543640
410600460
343554529
33787735
326771321
237314881
500000024
500000004
5
275
500000001
473083973
500000017
500000021
3
3
500000023
500000024
5
465548219
499999894
500000000
15
485395398
4
117617637
499999995
28
2
500000000
1
5
500000008
500000000
6
2
499999954
3
497224
500000016
14
4
3
500000024
3
3
469311989
5
3
500000001
1
1
500000022
2
4
3
10
500000000
17
500000015
5
2
1
6
500000023
1
1
8
51
472803009
1
36
500000024
500000024
3
26
261500009
486
27
112
1
6
96
3
3
7
1
4
2500001
2
500000000
6
4
49999999
274
2
2
4
500000005
2
5
4
40
13
3
1
3
2
9
0
4
6
500000023
1
2451
50000013
3
49
5
