482494
453072
441757
452782
458133
491719
464273
468536
454903
455699
455129
477143
463979
476913
457307
473683
470316
457431
448049
481800
458185
439288
449107
461479
468820
465071
473592
470160
483690
479014
471203
454425
471167
465390
480673
454819
463175
476316
467366
467078
457775
446790
459409
445763
455999
474873
453685
458208
477649
474780
478696
460785
490696
460095
468352
459701
453542
454196
450866
472268
450862
462789
455016
462884
494249
445397
439315
459280
465653
463491
471758
457657
425929
474199
471170
476267
467274
446435
438902
455722
466106
468283
452778
452436
474543
470026
474385
449911
470721
467307
461828
443710
475540
466888
440763
444527
464567
446772
467515
470083
479382
461372
483138
428408
448122
448522
451675
477381
474231
478337
445125
450952
463535
481920
456937
468906
449098
473950
473605
449169
457306
445621
473522
465096
468283
466614
447036
460411
469422
483106
467620
464751
477762
471749
472458
458889
444136
445781
466399
456166
443486
446853
458965
464409
477495
451593
477133
453461
470896
467928
462278
452616
486625
463653
457145
465468
484902
466396
473208
471713
436490
462572
471972
435996
460176
483530
463469
444125
451441
477960
473101
447381
477253
466298
467626
459439
458497
450713
445012
454215
482273
464504
458494
469351
452626
452957
457887
444191
463623
457934
474263
444845
473349
457886
455583
467096
447926
466735
468989
459235
