46394890
47972090
47847049
43901501
45789572
46641134
45003669
44924597
46911824
48520546
46527481
46617685
46556672
47439965
46733825
46117225
48055060
46014688
45815718
47934227
46442240
47464009
45636106
45312199
44473654
46868471
46729773
44911078
45330845
47177149
43074527
46875872
46480663
48086272
47703350
48290491
45334337
46465713
47240043
49097932
47835443
46094943
46241341
48237540
46016093
44198636
44984968
46518002
47994885
47565424
45013023
47617003
46148574
44249697
46111225
45585356
47372902
44674305
46705172
47095089
46576240
46085391
44382235
47555860
44773229
46231465
48594016
43024235
46799956
46681094
44734705
47005213
46580981
45849115
44610910
47044639
45676158
46828987
46488747
45486680
46359778
47182338
45700168
46846244
44923086
44644528
47087263
45698155
44596780
47326608
46881407
46403384
46847133
46762708
47388284
46706790
47533499
43865256
46953651
45973855
45323970
47213656
43714525
44417396
46909046
45072892
47120618
45797724
47458495
45188134
45579240
48446835
46175061
47892802
47363334
45713384
45365739
46041977
47524683
45505741
48072395
45426576
45426610
45100284
45678638
47901798
46374144
43388993
45322414
46667597
45242765
48161142
46828902
44680994
46268864
45420330
46019558
47602321
46187890
44667374
45638295
45315335
47178083
46754884
47173408
49318723
46431072
48521891
46037977
46464345
47914965
47439537
45171628
46038884
45138532
46799777
46873178
47274306
45113888
48699551
46261797
46263292
45647435
46899905
45700955
43245057
47223026
47645723
44026161
47691430
46837683
47038866
45248292
44891465
44866755
46550758
45843116
45059245
47216181
46255815
47757444
47059584
46706832
47930785
46250704
46004203
45789421
46985001
47498862
47345204
46240572
47005938
46058716
46363055
46518557
46677460
48435502
48203727
46670413
46372604
