4719
4387
4619
4692
4684
4637
4596
4350
4620
4730
4723
4500
4663
4760
4540
4661
4790
4912
4549
4589
4631
4624
4655
4406
4395
4622
4630
4752
4608
4738
4587
4597
4620
4644
4493
4669
4557
4704
4760
4592
4491
4639
4649
4655
4580
4662
4820
4498
4715
4388
4711
4377
4741
4429
4615
4533
4588
4708
4706
4593
4595
4469
4680
4565
4762
4679
4650
4597
4672
4605
4571
4446
4522
4607
4638
4643
4358
4846
4598
4703
4748
4711
4664
4511
4598
4695
4496
4613
4390
4737
4514
4480
4563
4420
4771
4584
4507
4577
4519
4702
4773
4620
4489
4597
4777
4690
4703
4539
4508
4468
4603
4727
4509
4684
4704
4566
4757
4676
4752
4685
4764
4890
4627
4691
4723
4668
4603
4631
4490
4712
4506
4636
4480
4473
4430
4609
4550
4667
4637
4482
4638
4658
4734
4676
4643
4660
4631
4383
4398
4703
4612
4607
4749
4696
4647
4697
4772
4681
4664
4603
4596
4710
4519
4560
4856
4527
4465
4710
4607
4476
4632
4693
4837
4642
4625
4780
4573
4822
4641
4787
4670
4748
4808
4574
4676
4305
4447
4493
4831
4510
4526
4676
4561
4573
4799
4935
4785
4395
4616
4771
