468564885
467642752
446887105
467707350
464917136
458912704
438841453
460422652
442586524
458659302
475865724
470607154
445885957
474382637
460698873
459109766
479510260
480680427
451275914
447670154
476654717
476532684
461710402
477131060
472851764
458981367
474929065
464334649
460965005
457331266
472796229
441713726
473981960
471011518
472422485
472537811
468551091
470223700
474226796
477786185
468687561
437967013
457186051
475542596
452138844
470970686
470715019
443629660
466805932
476563415
449537576
439802682
464799886
461588728
443457501
460957927
470683068
445219221
465006793
459062393
453087338
458914589
471668672
449724715
467919169
481043804
461216193
454579200
477659181
482701288
440053857
430206155
474389618
454771228
454592453
454709449
468393047
446861238
456386547
476002466
479974813
460025738
480712777
469026196
472339472
456305521
458022419
464846264
438925944
464372107
474502076
460037166
463163342
451135532
453355561
462998276
453591353
460771032
475533534
457425322
472461223
473672894
471566594
433973566
475891736
481423777
458139425
472997614
480126362
476852760
478848061
445707913
446054750
455108299
449637811
463871354
458798996
464563240
449219655
468420311
462928153
469678194
458813633
458768568
458306783
464837850
462843936
463476682
482403536
470818478
471804472
477840798
482111402
458958859
456956072
452454357
458103370
461327869
471846427
463721930
455543418
457199221
455745804
481976617
478664286
449246051
467012884
462960013
459114616
470220606
458963878
437443638
471327480
475200395
451282909
437577669
484583168
444615907
457746036
475482736
476866654
465640001
474617411
465652411
465556115
454461686
463457316
464703869
455939838
464706869
463274756
452105185
478434005
455673370
461391509
468530361
460264378
445593063
462636355
461034617
466281394
449601801
438809650
457779109
461783794
481216971
451937180
461764545
463990275
451548918
444636348
461632865
478833363
472168294
482285146
452741693
458474616
477522134
470076245
448607809
