46715573216
54020441829
55116610109
55259449776
46119415710
52435100144
58863219392
53474542212
46349202466
54236266745
54785218991
53228795092
55244094109
40127138680
52826765324
42516746632
53226518445
51737103267
48743648515
57600675
56328768398
28393265812
53211080214
525094163
36241151248
53328863244
40266032027
55201268458
51505720515
51823035032
31807107796
54240374904
54415396308
55118363201
53722368360
49888389567
54375843052
48546723508
54700156038
50520403936
52468743382
53354090818
53459866198
26643531809
46581337174
30479225701
53705813404
46836075854
810869
56153839114
