29518
28773
5346
11911
0
32863
32007
3620
116482
30264
39
116
77425
417
1406
71389
2562
21282
4673
71315
17041
17
37297
150
70
3820
348
6
8451
5540
0
19485
152955
13006
200
4082
21662
30786
0
0
59373
3502
1789
814
3000
89
69419
11666
17876
1075
98
272
3181
75080
15420
43254
5954
21983
26221
435
10
4375
187
26836
592
30734
5110
2416
8132
31827
2422
9890
35506
6
121269
149546
145100
79175
60669
44241
3333
10
2074
15235
5922
77
88233
1841
29563
167
71787
17455
9066
3
29009
33675
8891
2279
65464
63980
2501
80863
23145
14080
29673
1100
21572
3917
357
429
46
22638
94
2986
24369
33211
9666
133229
1130
10022
17632
26932
743
44843
52728
2276
34982
97
8941
4892
15252
10
1160
252
24711
114677
1385
26938
95258
9948
26545
67861
729
771
12234
11391
186364
18
101831
31
113153
31312
49885
117682
0
319
10900
1548
75
41065
1
1537
41577
11850
160
7597
6984
67843
7792
1050
82911
47995
220
0
11143
1142
29
1
217048
288
3728
0
66393
62829
8544
163
74884
31883
137280
4
5083
2623
68220
29674
521
72773
5100
64526
0
1130
138368
6143
6319
867
3996
16640
619
1523
25180
10543
5048
134767
13346
1652
44643
15286
5247
4559
1390
17571
20976
91479
26737
44814
2
271
87461
11833
26373
732
464
13267
15229
3636
38288
16640
7471
17765
29652
178
99679
5617
7
59860
145617
10867
39405
108
245
1879
625
296
5584
14486
83204
45
940
2655
6994
21
8077
42729
70
87
1821
30666
11882
4682
0
24899
95
4693
28616
5958
4871
68401
364
2212
5557
5
23935
3207
5312
80
16880
1015
5644
51618
10327
4870
114750
3319
15240
69515
8887
4286
13812
9180
92848
133
17769
7632
41254
1444
1048
15690
7056
152239
40
68775
34
63515
168
21176
46038
81235
30857
21
6
8
94999
96609
1281
27403
90373
101493
81189
61523
14
18870
18419
27173
39638
102178
155536
92759
66392
2793
4211
2175
12466
4751
32800
4494
2678
87992
163
9508
706
38252
7661
2775
142
234
1
58
27727
925
72226
5638
121236
48640
40
2854
190
12646
144
15591
332
25395
5139
16655
6307
142273
1927
5164
3026
37209
558
4
310
24030
27387
835
33259
49361
59661
22697
34776
4525
93843
49333
5289
102318
1
44476
5826
56151
2352
8703
4582
70
1
43465
2443
320
182376
76
16294
6977
81105
58
1486
35
2032
89745
12736
93857
5452
156119
17199
21057
957
99265
68885
481
3
12332
49
241
5
82
6551
1376
489
70121
2724
74842
53717
685
18352
7773
2026
37263
42786
1943
86
62641
147336
589
9822
103428
13703
337
4821
1289
584
667
816
76846
24428
38755
75354
5694
219
11811
18951
635
55752
20384
15
52918
4
19706
19043
8057
11182
5
1109
65226
7421
409
1336
112465
138170
27759
9611
45169
2877
0
2289
600
52549
737
17657
330
11939
61219
42820
475
141443
48961
206400
18254
36734
11527
1082
19684
71102
115206
5569
521
160255
32559
34325
11137
6
95
10312
2967
12029
9
4131
2232
4565
2005
65218
105797
7302
0
97835
1781
901
2889
6752
842
23091
4093
1886
6808
1270
11436
14597
5992
88914
89249
357
10
2009
64856
8246
85690
8801
2030
92639
14373
10230
389
5462
26915
13456
306
11736
0
14824
1444
211
150930
535
198951
23992
68426
86682
14523
32464
26162
16438
45145
90549
19
13
49
2349
69
941
30577
29056
28173
81929
10364
17927
11197
0
15530
655
11568
2457
3639
11201
2822
804
12130
37278
17679
24670
2220
6785
20151
75011
18
46
45203
344
93674
235
114
18790
51226
24318
88
90
8742
213256
75170
1386
68229
27929
5143
53595
29477
3944
17246
526
30
904
16580
241
139
279
46694
74958
0
13630
13128
42969
4785
1127
83103
0
8746
0
8196
17071
14124
35039
43869
156007
50447
7460
104259
866
18
20693
17
71553
9617
103917
6447
5140
9066
7017
8770
6689
166384
793
21493
19
19892
211
5501
2158
60
4
20397
26722
7
675
5
457
14661
162
11780
23851
695
3524
15323
11399
80180
15896
573
29016
1702
24791
79590
97006
84067
20374
19271
3131
41928
900
13571
320
76615
31389
146701
15555
1589
29513
34491
9664
8926
29848
98054
4074
1662
210
34340
71651
8428
23744
15177
2
453
75430
36
54834
445
39363
40902
2492
9321
6914
19155
46252
5314
9947
346
5646
103836
468
12670
15640
16
14
27954
150658
63876
47476
7214
16900
20737
41876
16
8
33822
41399
56787
145398
16474
4724
9705
59339
44
102450
41436
230
41846
280
126
1253
285
12353
45132
4793
3
84
15784
13502
114403
75730
162
143
79083
174550
155210
295
48685
3686
2
44
32
25
11185
267
15361
10
58156
49
70145
106458
74
69
1802
1947
21231
108203
2767
10298
15970
28907
61
10402
88897
63963
11485
76
11010
161360
6226
3
12
4065
10098
179036
2146
25
44574
19260
201
1355
3783
341
189
58459
7
82534
128
7233
83023
14566
1331
3
6433
117
555
19
23377
110898
258
4138
8389
12569
1782
223
107084
12286
6977
1033
12056
342
52
28529
28767
4005
41608
45838
2911
6581
36523
2163
63560
3082
1351
11457
59
8667
33585
19446
15903
84505
49373
3582
564
2741
285
2886
86
4227
21105
10514
102319
0
168465
4410
7505
12471
9068
1954
106111
11457
10564
131823
869
20866
45
82335
46202
24604
27086
43583
1637
6467
3
18337
2713
2790
155
26995
24209
13230
1440
4250
1937
13226
22654
30108
20
29237
36533
34996
27644
14653
104359
2264
31196
0
73396
5600
103812
4917
23260
8246
8040
40451
19108
179
7789
4231
1395
5163
2079
123034
4723
2805
21671
20164
1073
112478
2092
70201
18545
58010
2363
466
169
200381
55059
1437
819
1
20177
26805
77523
265
42952
7
12470
24996
105174
84486
0
145431
21293
39
193
74338
1889
2491
4806
