491536
3
495510
491536
10153
491536
4186
253
293761
1891
36
493521
39060
13203
11026
4950
487578
493521
496506
491536
490545
113526
491536
486591
490545
26796
13530
485605
54285
494515
63190
22366
46360
1225
491536
496506
481671
491536
15753
3160
2926
491536
489555
488566
67528
340725
111156
486591
81406
23436
491536
10
481671
36
50086
36
489555
483636
47895
82621
320400
25878
494515
1770
480690
18336
2145
7626
1953
3916
485605
493521
45753
1035
140185
4753
10731
491536
486591
496506
492528
861
51360
32131
488566
32131
79401
4278
492528
486591
25878
495510
861
141778
489555
45
1485
480690
486591
489555
78
190
123256
101475
5460
5356
946
5253
490545
493521
485605
90100
50721
69378
55
238395
486591
10
486591
495510
37401
15576
490545
495510
2211
276
2628
120
41905
136
495510
484620
488566
491536
135981
489555
136
489555
491536
492528
703
488566
491536
492528
32385
495510
488566
666
488566
488566
17578
28203
498501
486591
49141
528
90951
332520
485605
4560
150975
10011
489555
491536
482653
485605
10
495510
231540
1596
498501
486591
69006
491536
483636
486591
486591
485605
488566
4851
491536
378
499500
486591
3240
8128
493521
21
483636
496506
77421
493521
3741
7381
488566
488566
480690
2278
5886
490545
481671
3916
6
496
44850
497503
487578
253
93096
485605
4371
499500
496506
488566
8256
8646
151525
3
66430
325
167331
493521
153
481671
84255
156520
192510
3081
490545
4656
497503
487578
3003
28441
16836
153735
82215
496
493521
83436
482653
14365
158766
8128
489555
492528
3570
120
3003
498501
482653
12246
487578
7021
491536
137550
490545
12403
3916
28
56616
487578
484620
96580
483636
493521
55
5886
19900
2211
327645
2850
10
28203
1653
485605
492528
496506
486591
489555
496506
5253
494515
3321
64261
210
11026
4950
484620
3081
482653
488566
2080
101025
11026
194376
481671
482653
79800
490545
491536
780
493521
1653
494515
465
278631
0
493521
491536
195000
144453
488566
595
489555
0
485605
497503
498501
15
128271
495510
492528
485605
3081
488566
489555
4851
34191
15753
43956
10731
490545
481671
139656
351
488566
1326
292995
493521
92235
38503
359128
4950
489555
16653
19503
250278
4656
166753
487578
153
488566
494515
493521
498501
484620
489555
483636
5253
3828
498501
1711
218791
8515
490545
36856
487578
183921
485605
494515
136
46665
487578
107880
487578
490545
488566
212226
136
255970
137026
492528
8385
1081
498501
90525
487578
11935
8778
179700
490545
487578
105
39621
488566
490545
484620
4186
10440
490545
7381
18915
6670
69378
20706
483636
210
325
78
487578
483636
487578
5356
492528
1128
160461
66
484620
488566
1035
490545
1378
490545
486591
8256
75078
81406
69751
48516
487578
495510
427350
489555
496506
81406
131328
487578
486591
4560
485605
489555
489555
487578
28
6
493521
497503
16290
66066
3081
495510
490545
489555
2556
499500
487578
152076
491536
528
487578
493521
1035
2278
528
482653
489555
1596
10
487578
492528
487578
210
487578
486591
498501
53956
17578
482653
105
105
484620
491536
493521
494515
492528
491536
486591
38226
15
490545
491536
485605
8128
494515
96141
1540
482653
15225
493521
487578
280875
24753
21
485605
32640
21945
2278
8778
496506
490545
69751
21528
489555
491536
489555
6555
114481
351
29890
480690
528
140185
486591
119316
491536
488566
495510
104196
105
488566
492528
164451
493521
489555
495510
24090
491536
8256
494515
2485
116403
491536
946
485605
299151
491536
1176
34716
492528
43071
488566
484620
2485
0
490545
2278
11325
489555
494515
493521
487578
496506
493521
141246
485605
493521
490545
44253
490545
498501
37675
94830
7875
482653
486591
3828
491536
193753
107880
39903
495510
488566
488566
484620
493521
10011
2775
6216
486591
111156
492528
4753
489555
3
493521
491536
1128
489555
488566
495510
487578
485605
487578
494515
494515
8646
491536
493521
820
490545
97903
496506
3
489555
488566
493521
496506
20301
480690
175528
0
22366
2080
492528
1830
485605
299925
490545
23220
481671
485605
153181
18915
488566
482653
166753
493521
491536
499500
493521
486591
0
147696
60726
42195
488566
6903
29161
494515
111628
10440
123256
21
186355
496506
490545
487578
498501
483636
162165
491536
86736
493521
488566
490545
489555
484620
497503
7503
5356
45
485605
494515
741
195625
485605
491536
491536
492528
490545
481671
4095
1128
490545
490545
490545
16290
492528
14706
493521
210
484620
490545
57291
490545
71253
4950
492528
486591
495510
77815
378
494515
491536
489555
946
484620
86320
490545
490545
58996
496506
19110
7750
489555
2278
87990
435
174936
493521
310866
780
27261
489555
14028
1176
13041
44551
4465
486591
14365
114003
820
114003
488566
171
490545
490545
492528
36856
490545
21
492528
490545
34980
487578
490545
491536
489555
137026
487578
485605
81003
63546
497503
486591
493521
55945
486591
487578
492528
490545
485605
487578
494515
157641
25878
482653
486591
494515
491536
1128
229503
7140
124750
494515
595
141246
488566
2346
481671
488566
487578
486591
483636
491536
499500
0
491536
496506
493521
484620
483636
492528
486591
1275
9591
210
481671
140715
136
489555
11325
210
85905
490545
231
120
110685
489555
8911
397386
491536
490545
8385
78606
494515
489555
493521
34453
70876
94830
482653
480690
66
499500
496506
481671
494515
234955
167910
497503
37950
29646
147153
253
66795
487578
485605
483636
35245
495510
492528
485605
16471
22578
5886
163878
44551
24976
171
490545
45
35778
488566
490545
8001
485605
493521
493521
276
48516
2145
21
492528
28680
485605
494515
127765
491536
486591
167331
45
49455
488566
257403
494515
481671
5995
493521
482653
7503
496506
1830
496506
1378
497503
482653
32131
43956
15225
485605
111156
499500
481671
1275
487578
493521
703
497503
31626
487578
490545
5460
10731
485605
237705
861
496506
495510
222778
488566
55278
5460
487578
271216
494515
30876
222778
150426
487578
493521
481671
488566
494515
498501
946
490545
491536
488566
492528
62128
494515
184528
493521
490545
1540
493521
490545
490545
9453
232903
484620
13366
69751
490545
489555
21736
493521
488566
435
489555
493521
1540
494515
41905
1225
528
8778
493521
490545
37128
480690
489555
490545
487578
491536
488566
494515
666
1653
14878
487578
483636
5356
491536
488566
330078
3
486591
595
55278
488566
486591
318003
497503
491536
12090
481671
488566
482653
28441
2628
0
496506
6216
2556
2485
86736
