244788
244819
3518
990
54929
244726
244819
132773
244819
26078
131469
64194
1222
244819
56734
244819
244757
21531
244819
244819
146146
29104
244819
244819
390
244726
10474
244819
244819
10102
34883
244819
57877
34736
244819
32323
231183
3
0
188400
5390
244819
244819
244819
12026
7051
244757
244819
244726
244757
34755
76168
244819
164145
244819
244819
244819
0
118333
244726
4271
22044
244819
244788
244726
244819
2555
12131
244819
176574
45697
244819
76692
244819
244819
102805
244726
244819
1908
903
88147
244819
244819
7736
244819
244819
237055
244757
244726
5059
244819
2688
85827
49415
244819
27586
105561
244819
244726
20647
244819
976
240559
244819
147471
244788
0
111192
0
2955
244819
0
244819
244819
244726
244819
51
244757
1779
244788
244819
244819
244757
244819
8633
115649
244757
39277
244819
244819
244819
33815
244819
244819
244788
244819
244819
65471
244819
244788
244819
495
128940
73073
3939
24783
120766
40424
2232
244757
244819
244788
244819
244788
244819
244819
244819
98153
133756
7120
244788
244819
10788
244819
244757
112619
244819
244819
224
244819
244726
21377
2415
244819
244819
244726
244819
669
54568
244819
244819
227918
244819
244726
244819
244819
244726
0
5060
244788
244819
244819
100739
3449
2100
244819
244819
172136
58
5088
10434
4031
2773
18356
0
28327
103838
244819
244819
244819
244819
244819
244819
1654
244819
1
67829
244726
244819
244819
144109
177
244819
19100
102637
8946
244819
244819
244819
111712
244819
0
244819
244819
244819
6
244819
90410
5615
244788
3486
244819
29546
244819
45
108833
244819
18138
244819
244819
244819
4588
244819
244819
244757
244819
410
5460
43573
244819
61873
244819
244819
244819
32458
9479
244819
244757
244819
11587
244819
244819
244819
244819
0
244819
117573
244819
244788
231184
14891
17571
1455
244819
244819
1035
432
244819
0
13527
46378
244819
122943
244819
21
10050
244819
244819
38288
1362
544
244788
31449
244757
244819
110352
244757
8971
7292
244788
5725
5410
28769
741
78710
3032
244819
244819
244819
32329
244726
244819
7542
244819
244819
244819
2840
12067
6932
244819
1161
5700
244819
213831
0
244819
244788
244819
244819
220528
244726
37763
244757
244819
244819
105563
15225
244819
244726
244788
244788
244819
244819
244819
244788
1540
244819
244819
244819
244819
360
15064
1435
8705
244788
244819
244819
2120
36
96235
244819
244819
244819
244819
4268
1065
244757
244819
244819
244726
167359
82722
244819
14373
92729
16248
102691
114465
6
638
244757
244819
89117
244757
183249
39570
244819
244819
4851
244757
244757
4387
244726
244788
156
244757
107223
244819
47209
0
244726
244788
244819
0
244819
244819
244819
235187
26350
244819
483
67495
35778
1540
11748
5294
244819
244819
244819
244819
244819
244819
81146
244726
103227
26665
24539
244757
218968
244726
244757
244819
23556
25671
244757
244819
244819
4136
244819
244819
3189
24365
244726
244819
244819
68445
244819
244819
19258
42618
5188
713
205585
6441
41120
0
244819
244819
0
3
244819
718
129382
244819
244819
244819
115179
244819
9056
65249
244819
5006
27707
244819
1161
244788
244819
244757
0
244819
12403
1653
244788
244819
244819
17114
244757
8833
0
43701
244726
2066
244757
616
244819
244819
244819
1060
11935
6943
75170
244757
3985
244788
183359
310
70487
740
244819
244819
2176
7750
194296
244819
244819
244819
244819
244819
244819
44911
2967
244819
244819
244819
19601
56018
244819
244788
114836
244819
0
0
244819
244819
52409
244819
332
84663
244819
169778
47411
0
4483
244819
244788
1656
244819
244788
244726
280
3052
244819
244726
244819
244819
162425
13125
244819
0
244819
244819
79678
244726
51
1053
244819
2541
18146
115616
0
244788
21867
244788
0
79010
55
21
1862
244819
244819
244819
3080
359
19090
244819
244819
30839
244788
87218
244819
244819
244819
325
9461
0
244819
244819
244819
154
244819
244819
244819
1345
244788
15
52560
244788
244819
29928
244819
2847
244726
244819
63
4240
244726
244819
244819
8515
6
244726
244819
196837
184209
244819
244757
3003
0
798
0
459
14706
244819
244819
244757
2891
153
244819
69523
244819
244819
123139
241
12867
229752
6350
244788
0
29568
9704
244819
244726
244819
37099
244819
244819
13646
244819
23151
34025
244819
5386
82233
244819
0
244757
30101
76723
244819
244819
244788
244819
120
244819
90786
1528
1720
119274
244819
276
244819
244757
116693
19051
244819
38924
1073
130281
244819
244819
57284
244819
244819
536
65000
3
77323
244819
244819
244819
20796
91176
31145
244819
244757
11659
244757
244819
1394
244819
103
244819
1540
105
244819
3572
244819
2133
9730
39928
233035
244819
9685
244819
244819
244819
244819
244819
47765
9944
40579
244726
244819
244819
244819
244819
244819
244819
244819
11497
0
244726
108530
0
244819
12611
244819
190
27183
21330
550
119565
244819
11831
244788
2278
244726
8075
244788
244819
66598
61822
113103
465
244819
2539
27260
741
244788
17813
0
1891
244819
244819
244819
192
42028
244726
244819
98733
244819
244757
244788
244819
66385
244819
132874
244819
59977
42108
244819
244819
244819
120805
244819
244788
1512
244819
244726
244819
121089
244757
244819
32463
244819
17620
244819
244757
12915
106107
0
244819
244819
244757
10793
244819
28178
244819
244819
244788
244788
244819
60974
244819
73822
244788
244819
126858
68633
244819
244819
5896
6457
244757
244819
227228
244819
244757
3
10153
0
244819
244726
244819
244819
184262
244819
244819
244788
2211
244819
16019
244819
68484
244819
8516
244788
244819
244819
244819
13204
244819
244819
244819
0
2485
0
1925
244819
244819
847
244819
108795
2029
4737
87455
796
124677
45665
244788
244726
244819
83852
70801
30504
193230
244819
94247
3003
2847
34741
244819
7750
244788
7928
182931
244819
175707
244819
244819
244819
244819
244757
70906
3261
0
244819
27716
244819
0
40023
244726
244819
21049
7406
188705
244819
67
1926
244726
244788
244819
0
16568
244788
6
83623
244819
244819
244819
11237
244788
244757
1540
244819
12665
65142
102855
244788
0
5023
5446
232245
244788
244819
14457
95687
0
2150
168566
517
244819
244819
244819
40569
244819
244788
244819
244819
1642
2279
4950
244819
244757
244819
58162
7260
244819
11916
956
244757
244819
13436
244819
0
57773
244757
244819
67554
23438
244726
4753
7787
244757
17397
244819
244819
65741
0
244788
