6 11 5 6 -9 12 13 12
-6 -12 12 11 9 -9 -12 0
-9
8
13 4 13 -6 7 2 4 3 7
8 8 -6 1 10 -1 -9
5 2 -8
-11 11 -3 7 10
11 2 13 3 -12 -12 -10 11 4
6 12 7 7 -10 -5
10 -8 -3 -3 -6 12 -1
-5 -12 10 1 0 0 9
13 12
-6 11 -7 -2 1 -4
12 -11 -6 -9 -11 12 -10
-2 12 6 8 -8 5 2 -10
0 5
-6 5 -11 11
-2 11 0 10
11 11 -2 -6
13 6 4 -12 -10
12 -12
6 -7 -10 12 4 1 -10 -10
8 -1 -9
-2 6 11 -8 -11 -9 -6 4 -4
-11 4 -9 -4 4
-7 -2 -1
5 -2 -5 7 11 5 -4
2 8 11 8
2 9 -4 10 12 -10 9 1
5 9 11 0 10 1 -5 -2 -11
6 -1 10 -3
4 12 -6 -11 12 11 -11 -11 -8 -12
5 12 -8 0 9 6 7
12 12 1 9 8
8 4 8 4 9 -12 -6 -7 12 -7
7 -6 -10 -5 6 13 2 4 -2 1
1 -12 -5 -12
5
-1 -12 -5 9 4 10 -1
5 -5 -9
-10 7 7 8 -10 1 -1 5
-1 11 13 -5 13 -11
2 11 2 4
-12 12
-8 -6 -8 -12 -1 -9 -11 -1
-4 -4 -2
8 7
-9 11 0 8
11 5 -3 -7 -10 2 1 -3
11 8 -11 11 5 -1 8 0 -10
-10 -11 -3 2 5 -2 11 7 -6
12 -6 0 6 -1
9 12 13 6 -7 6
11 9 -12 -9 -3 1 10 12 2
-12 0 -2 1
-2 -12
8 11 -7 -8 -2 13 10
-2 10
4
-6 6 11 1
9 13 10 -2 -6 -5 12 -2
6 10 3
-9 -10 -7 -5 -10 8 10
5 -7 -6 -12 11 7 8
-10 6 0 -12 11 -2 -9 -11 -11 -3
-9 10
0 -8 -7 -10 1 -3
13 9 4 3 -11 -9 6 -10 -8 -12
13 12 -5 4
-5 -12 4 -12 -5
-6 -7 8 -2 7
-2
6 13 0 -6 -4 8 7
-6
-12 -2 13 13 4 -9 2
7 -3 -3 -10 10 -3
4 -2 0 1 12 -7 7 -7 0
-11
10 -5 -1 -2
9 12
-7 -5 -10
1 1 -7 -12 2 5 2 1
-6 3 13
8 -1 -10 7 -6 -5 8
3
-9 -12 -12 11
7 -3 -8 2 -4 5 9 -3 3
5 10 -9 -3 12
-11 10 -2 11
6 4 6 -6
-11 12 -1 -11 -7 -7 7
2 -2 -11 -5 -10 3 -6 -6 9
-10 2 -7 7 3 -5 1
2 -1
12 5 9 -4 -6
4 -8 -2 -8
-12 10 -10 2
0 -2 -2 -11 8
1 9 0 -2 3 12 4 4
