1999906148
1868443072
1915935477
1907166494
1344887411
1760171759
1830568160
1920309109
1843040934
1941953116
1446911701
1958480572
1374322981
1946368889
1942666251
1917166197
1447849205
1616899092
1795362890
1819962685
1880585379
1901719230
1854139172
1952627788
864726990
1983171968
1920639720
1785604128
1877453323
1740648146
273365455
1906668773
1933584436
1973080143
1390879057
1934821964
1858378563
1953182302
1902444367
1922864575
1946997531
1903045162
1718071770
1894471301
1977536720
1898241969
1797605353
1976858953
742591864
1780198199
1917368970
1813926931
1809126317
1881976486
1958661923
1688369410
1900885614
1900587792
1832907538
1782471987
1722026287
1838670606
949024265
1910871105
1825870239
1949897703
1893363689
1988421689
1720227371
1648500038
1895028440
1781017979
1948673112
1927279263
1918698436
1843039441
1904022838
1877589660
1863555195
1879494292
1896124030
1974725772
1871567096
1850473322
1956712510
1925139185
1936139269
1770909241
1821818774
774985470
1834719886
1950616170
1636468117
1768941331
1782028695
1974423335
1901540753
1776871726
1794007795
1939935422
1565170971
1947881821
1636986083
1633334874
1748183492
1895254800
1948497659
1952206100
1875336269
1481460697
1684124359
729325507
1936347698
1918870907
1753263755
1938553537
1895048916
1973268422
1943585151
1902218434
1775183242
1841151681
1918843822
1692082756
1494802857
1219538739
1869443156
1926674668
1836913332
1901780716
1446910696
1712381602
1163082686
709176024
1927975560
1906788586
1495393945
1845525541
1202341277
1921271534
1809031611
1944668050
1973759353
1023368279
1938203617
1952529381
1955089192
1796536789
1778635138
1906334887
1842236885
1886775302
1913329530
1863980193
1932032399
1890617945
1883182527
1560537103
1919628964
1240343882
1818771151
1948912040
1842801744
1927725865
1907708896
1717556706
1888712754
1897100133
1667821700
1917306257
1060416330
1208520897
1943468608
1741245231
1861437769
1974986815
1818340866
1869077952
1877714393
1599899680
1883294072
1935693594
1958918145
1807591612
1807632235
1852731720
1592843510
1954123488
1957482407
1861184618
1158711012
1894847834
1960760437
1763784096
1898603816
408025649
1919787884
1971865940
1768926590
1959041992
1968782342
1201108435
1518042450
1932988669
1853411621
1967147776
1623064711
1910753956
1509861457
1929720801
426505329
1917590043
1987215073
1590399529
1697512155
1853539314
1932701955
1939306822
1804400192
1716631268
1908870659
1647549147
1892628715
1963282533
1918653130
1925534249
1920314500
1935342991
1939039195
1897930035
1946292377
1978562456
1782671628
1889136312
1968442185
1886180362
1927793394
541462579
1963741461
1759131268
1094240713
1895621986
1925554161
1952312230
1890990267
1966979409
1979817580
1641074107
1807433380
1903481788
1871142503
1941974766
1933476369
1752228139
1964306720
1832604470
1904525539
1960409523
1936417048
1921649992
1279407291
1910055760
1917263883
1941899988
1971476070
1772949625
1632079450
1964818263
1986270309
1924792630
1089021058
1964105306
1963669063
1697908196
1927510882
1879337500
1894570116
1822663115
1639531979
1898764667
1822360485
1965157289
1924785870
1860915763
1885346394
1400260371
1698342428
907551058
1917030707
1562461150
1923241400
1919601753
936026992
1869905578
1907250235
1919921578
1941691539
1962437869
1971210466
1941062198
1904025897
1841783478
1904518642
1828913831
1937665121
1847462117
1898026832
1972406462
443339987
1890334525
1901568863
1930825186
1862497868
1874058146
1328561855
1856848866
1958478233
1761444735
1944159079
1772618922
1919636667
1978730705
1920285550
1937198522
1874163753
1215660129
1808081704
1927000204
1810243252
1959026319
1969463220
1934581638
1794520632
1944607841
1951311088
1837936537
1932716150
1955014659
1907731327
1912918373
1925715448
762665368
1923186329
1943967686
1953485477
1966068402
1970149736
1865758579
1836826141
301734461
1983882278
1403711280
1971938061
1906104674
786881627
1827975209
1931314044
1638917801
791347354
1816170888
1837915887
1812865736
1866483104
1938801603
1750009616
901789033
1118280963
1941698188
1780632253
1062120670
1939620771
308861655
1810058480
1984742949
1927825997
262135774
1891570753
1600105518
1865244566
1859996920
1828335584
1902557302
1972588699
1881679884
1902059444
1960073776
1947346971
1946996846
1800125490
1760017104
1965204863
1968379621
1936399656
1788244368
1507775179
1501596127
1954237863
1867771141
1978951114
1888845637
1933836194
1880453067
1956337847
1894212024
1911287644
1864463594
1848820674
1804341416
1900059854
1906112380
1699128762
1588789476
1878039656
1960783835
1875471421
1962192833
1936683710
1954824816
1880757041
1884225858
1858833788
1034421587
1869529601
1881395228
1966265139
1960908988
1971603337
1853850339
1915916979
1875882885
1984721429
1861066864
1895950069
1920357503
1933118461
1899489626
1959241123
1939204177
1219279760
1841695961
1945225634
1829476720
1919064007
1902321502
1907733699
1923425746
1991714076
750342633
1933670102
1929095353
1916198435
1882912905
1958576680
1936042142
1902794616
1968740551
1940488839
1900321833
1946685419
1958049938
1705606846
1931311588
1794820542
1891350665
1720021955
1804430052
1951481010
1682079241
206068922
1874925727
1802370578
1951058549
1953515882
1796120166
1922320995
1980480110
1929659222
1924172943
1798783647
1152408116
1977928820
1962735852
1580880757
1974920500
1831297857
1968670920
1827247965
1954471347
1904226162
1883550316
1960683569
1953516526
1781981184
1943785908
1976062373
1943695968
610136718
1959451823
115935608
1861256815
1629180697
1835645576
1954807395
1944060261
1775051624
1158633827
1746735003
1962667041
1837869904
1919655114
1721630798
1545120610
1793079555
1835373761
1826602943
1917281029
1945870819
1968179507
1839095857
1897428985
1757123305
1933344625
1961327324
1928921579
1928449074
1929069351
1838508238
1943555761
1891484438
1347812571
1912991537
1788779073
638521087
1451826027
1841003408
1944917546
1983372370
1719471400
1959969528
1833384336
1927231919
1843388788
1452727894
1888341754
1939042137
1817263974
1970466320
1501578693
1669847469
1970280681
1938949701
1913875702
1937800749
1851869690
1951484238
1724723624
1945634287
1523047901
1404682062
1779309971
1975772677
1876476024
1940099272
1881969096
1045247812
1171257933
1880623693
1691269937
1591141704
1573835244
1968248453
1827627234
1876963824
1850649188
1881894010
1845360424
1722628372
1849849765
1852211828
223021497
1965353891
1922552239
1929666499
1806944040
1753854016
1901298097
1940754075
1952094111
1620059123
1948829205
1812607753
1004519471
1930067982
1789356598
1751529436
1219542249
1976027154
1872685644
1898724274
1875989401
1855510642
1962210293
1870510797
1941385803
1834904493
1841090530
1956288241
1968582014
1962376538
1843403659
1910501239
1910903169
1789813578
1996990649
1906552882
1649265647
1309640723
1745507015
1601451459
1927766287
1911387328
1964476858
1907691038
1910155737
1870827038
1828188246
1882197070
1882364332
1935361816
1390865336
1862922925
672400757
1968940494
467821757
1944768163
1720642176
958437149
1940649355
1945434068
1947791962
1836052606
1945643037
1901764188
1861682747
1817141636
1803288829
1945153216
1950679036
1873318080
1906826483
1649090805
1668751324
1909384070
1897782875
1666718059
1756957346
1885796146
1920884275
1954999014
1912081986
26534513
1774176375
1889213442
1636325489
1896092299
1956910323
1559662976
300642565
1948711502
1910501159
1773169665
1935769555
1593945220
1936109780
1761011200
1802108029
1915019354
1875045035
1947188416
1857015738
1590359489
1942314886
1947134597
1941696161
1936822333
1926769133
1780104820
1950435440
1949769430
1947938302
1952641818
1881902404
1523791642
1408511182
1874711235
1949494182
1927850106
1927109912
1939676671
1963542799
1716366150
200878822
1775067096
1915321275
1835036389
1858071965
1886454210
1803648647
1809957345
1858889690
1959267172
1903279695
1787756944
1636499617
1730040643
1936783452
1751284852
1907532218
1672496156
1920503731
1859675459
1900258140
1892613650
1928596202
1853505012
1655836760
1986116033
1942395947
299060847
1794274870
1891672691
1961078544
1357613860
1928771813
1881751819
1859507528
1965780461
1905011632
1569247754
1817525231
330425034
1832257341
1876458904
1841788442
1962292202
1911062218
1841938872
1975786533
1898188243
1867116540
1846895614
1456297728
1965930126
1512171505
1136805244
1685866656
1914259073
1900196671
1947015672
1901519345
1901327448
1591930223
1171010020
1749211238
1892266636
1965947341
1851046889
1019306830
1719733858
1980592941
1963577302
1950766221
1908045124
1526157190
1210329832
1909129510
1893983325
1802346549
1796364580
1959683840
1897380909
1918804483
1981528010
1926977523
1014385454
1931007384
1565368535
1967706149
1932716779
1960417664
1897755420
1959403266
1973657957
1851301681
1934830732
1741980767
1943204653
114189499
1667195497
1159983048
1946104515
1968968706
1929488958
1914832883
1941312761
1613303245
1332643598
1704567231
1869140965
1749657578
1910914824
1957250774
1971913439
1821264150
1827985551
1884421341
1864364135
1424965071
1964721930
1774904485
1927219092
1930642135
1974395610
1882038474
1936578714
1914417279
1637595136
1939466746
1860897213
1836279158
1258941960
1841984666
1954493984
1940009439
1855096936
1939249092
1884968894
1867593240
1803455927
1885457111
1908049173
1889788261
1936409366
1912460835
1974897704
1899503133
1924283419
1462628588
1654251997
1834734105
1653931748
1942646861
1470656296
1983813217
1952851844
1936860448
1893364794
1788315137
1877178061
1890690622
1974979075
1232373408
1575102495
1773404285
1111937483
1491847011
511591000
1953246849
1806342043
1563099248
1945397429
1931599417
1909145079
1897431120
1988194482
1973553215
1497515825
1586867764
1959837908
1875094919
1767259777
1736272589
1888281208
1482430292
1955186027
1925119938
1932281911
1929424816
1852422071
1959485794
1669970585
1778471643
1950467501
1440100320
1966792367
1937737667
1918437323
1903481868
1959542843
1924936883
1848335736
1949452368
1495615919
1871740267
1952810900
1575417406
1971578181
1964996159
1718775251
1963131138
1942744332
1834829279
1884977269
386297724
1945399060
1915816144
1981229783
1940177260
1949567799
1950496699
1922287314
1805283336
1913472561
1754148000
1896637273
1635194338
1806705497
1581816408
1911040397
1841230262
1958149552
1905993129
1927781377
1667330660
1977377289
1953940716
1640326386
1933772847
1779171426
1733564887
1779616355
1778959535
1910812940
1947362445
1918624598
1666537538
1850215530
1858307918
1920398369
1981387817
1817408272
1914699614
1922797509
1928343266
1584087374
1962984601
1740345666
1808433032
1666444778
1813378593
1971700969
1718607961
1813091510
1906584256
1893226896
1626352852
1933609092
1981001421
1909252307
1962956059
1391507536
1920954781
1918695171
1969237889
1951222650
1879535001
1814288303
1962283651
1896803592
1877539945
1923928936
1976000567
1949277775
1915471345
1517960521
1885635136
1174033415
1726650072
1903175968
1882580016
1891940938
1967583927
1921587634
1835516176
1982670792
1700212523
1875180838
1871308529
1826795182
1946216603
1878827632