1999913393
15
18
15
18
18
18
18
18
7
18
18
18
18
18
18
16
17
18
18
18
18
18
4
15
18
17
18
18
18
17
18
17
18
18
18
16
18
18
18
18
18
16
18
13
2
8
18
15
16
18
13
18
18
16
18
18
14
18
17
18
18
18
18
18
17
18
18
18
18
18
16
18
18
18
18
18
18
18
13
18
14
18
17
1
18
18
18
18
18
18
18
15
18
18
18
18
18
17
17
18
2
2
2
2
2
2
2
2
2
2
2
2
2
2
2
2
2
2
2
2
2
2
2
2
2
2
1
2
2
2
2
2
2
2
2
2
2
2
2
2
2
2
2
2
2
2
2
2
2
2
2
2
2
2
2
2
2
2
2
2
2
2
2
2
2
2
2
2
2
2
2
2
2
2
2
2
2
2
2
2
2
2
2
2
2
2
2
2
2
2
2
2
2
2
2
2
2
2
2
2
8
8
8
8
8
8
8
8
8
8
8
8
8
8
8
8
8
8
1
8
8
8
5
8
8
8
8
8
8
1
8
8
8
8
8
8
8
8
8
8
8
8
8
8
8
8
7
8
8
7
8
7
1
8
6
8
8
8
8
8
8
8
8
8
8
8
8
8
8
8
8
8
8
8
8
8
8
7
8
8
8
8
8
8
8
8
8
8
8
8
8
8
8
8
8
8
8
8
8
8
1925455366
1906170200
1949437797
1945316813
1764299323
1785546774
1906514622
1772254012
1788912891
1901489813
1776571385
1954688921
386809769
1928638984
1549352240
1905785870
1751271489
1932998402
1958717118
1911533185
1849072624
1944667789
1941004572
1804824743
1892684935
1952392644
1958513789
1830161037
1938372830
1662064594
1962434797
1947380339
1896491205
1932778381
1631609453
1914496197
1946126861
1927134575
1907148420
1966697160
1895217695
1258429500
1912170693
1833184898
1944197814
1928516737
1952600196
1717497553
1921331544
1822968876
1682012438
1889284361
1888269078
1982332229
1834508490
1768185963
1973838292
1830512941
1923977785
1970085818
1946029542
1924941428
1903917456
1930323576
1870411131
1954258298
1972425907
1709108256
1923516463
1540976920
1958340519
1943339234
1907284867
1896181662
1924962342
1736181294
1837295410
1963456721
1926251917
1825825678
1803556290
1925830029
1662364793
1927898770
1898308479
1907816707
1805461359
1912646032
1913083531
1813371866
1925695877
1034610656
1137755363
1788249575
1874367147
1882841758
1905651207
1837787306
1836316991
1567692784