1.000000
0.000000
1.000000
1.000000
1.000000
0.225279
0.000000
0.000000
1.000000
1.000000
0.854138
0.000000
1.000000
0.000000
0.000000
0.000000
0.000000
0.000000
1.000000
1.000000
1.000000
0.002160
0.999974
0.000000
0.000000
1.000000
0.973959
0.000000
1.000000
0.882316
0.000000
0.000000
0.000000
1.000000
0.884593
1.000000
0.000000
0.000000
1.000000
0.561134
1.000000
1.000000
0.000000
0.000000
0.000000
0.002459
0.511617
0.000000
0.000000
0.000000
0.020536
0.000000
1.000000
0.000000
1.000000
1.000000
0.000000
0.000000
0.000000
0.000121
0.000000
0.000000
0.000000
0.000000
0.000000
0.728060
0.000000
0.000000
1.000000
0.000000
1.000000
1.000000
1.000000
0.000001
0.999735
0.000000
0.018681
0.000000
1.000000
0.999998
1.000000
0.000035
0.294694
1.000000
0.776492
0.000000
