0.000000
0.000000
0.000000
0.000000
1.000000
0.000000
1.000000
1.000000
0.000000
0.000000
0.000000
1.000000
1.000000
0.000000
0.000000
1.000000
1.000000
1.000000
0.000000
0.000000
0.000000
0.999822
0.000000
0.000000
1.000000
0.941532
0.000000
0.010540
0.000000
0.262396
1.000000
0.000000
1.000000
1.000000
0.000000
1.000000
0.000000
0.707730
1.000000
1.000000
0.000000
0.073100
1.000000
0.000000
0.000000
1.000000
0.000000
1.000000
0.999999
0.000000
1.000000
0.000000
1.000000
0.000000
0.000000
0.000000
0.000000
0.000000
0.000000
0.999950
1.000000
1.000000
1.000000
0.000000
1.000000
0.999802
1.000000
1.000000
1.000000
1.000000
0.000000
0.000000
0.000000
1.000000
