0.401160
1.000000
0.000000
1.000000
0.550996
1.000000
0.621398
0.000000
0.000000
1.000000
0.555790
0.000000
1.000000
1.000000
0.000000
0.000000
0.913394
1.000000
1.000000
0.000000
1.000000
1.000000
1.000000
0.000000
0.000000
0.000000
1.000000
0.000000
1.000000
1.000000
0.462840
0.000000
1.000000
0.000000
0.519856
1.000000
1.000000
0.000000
1.000000
0.000000
1.000000
0.000000
1.000000
1.000000
1.000000
1.000000
1.000000
0.335877
0.000000
1.000000
1.000000
0.000000
0.000000
1.000000
0.000000
0.000000
1.000000
0.000000
1.000000
1.000000
1.000000
0.000000
0.994244
0.000000
1.000000
1.000000
0.000000
0.006450
0.081980
0.000000
0.000000
0.001497
1.000000
1.000000
0.000000
1.000000
1.000000
0.000000
0.000000
1.000000
0.000000
0.000000
1.000000
0.000000
1.000000
1.000000
1.000000
1.000000
1.000000
0.000000
1.000000
0.281723
0.000000
1.000000
1.000000
0.000000
0.783283
0.000000
0.000000
0.000000
