1.000000
1.000000
0.101977
1.000000
1.000000
1.000000
0.000000
0.969317
1.000000
1.000000
0.000000
0.000000
0.993977
0.763612
0.000000
0.000000
0.000000
0.000000
0.008531
1.000000
0.000000
0.000000
0.000000
0.644324
1.000000
0.961823
0.000000
0.989163
0.000076
0.054028
1.000000
0.003374
0.000000
1.000000
0.756721
1.000000
0.000000
0.000000
1.000000
0.566421
1.000000
0.000000
0.000000
0.089157
0.967896
0.000000
0.000000
1.000000
1.000000
1.000000
0.000000
1.000000
0.000000
0.676818
1.000000
0.000000
0.000000
1.000000
1.000000
0.000000
0.000059
0.000622
0.000000
0.000000
1.000000
0.000000
0.000000
0.000000
1.000000
0.147833
0.999999
1.000000
0.000000
1.000000
1.000000
1.000000
0.222636
1.000000
1.000000
1.000000
0.000000
1.000000
1.000000
0.000000
1.000000
0.000000
1.000000
0.000000
1.000000
1.000000
0.011652
1.000000
1.000000
1.000000
0.257847
0.000000
1.000000
1.000000
0.000000
0.000000
