0.000000
1.000000
0.000000
1.000000
0.933323
1.000000
0.000000
0.000098
0.294872
1.000000
0.000000
0.006716
0.000000
1.000000
0.000000
1.000000
0.000000
1.000000
1.000000
0.000000
0.000000
0.000000
0.000000
0.000000
1.000000
0.931551
1.000000
1.000000
0.000000
0.000000
0.000000
0.000000
1.000000
0.000000
0.000000
0.000000
0.000000
0.000000
0.129924
0.000000
0.000000
1.000000
1.000000
0.000054
0.000000
0.205229
1.000000
1.000000
1.000000
0.000113
1.000000
0.059510
1.000000
1.000000
0.205432
1.000000
1.000000
1.000000
1.000000
1.000000
1.000000
0.000001
1.000000
1.000000
1.000000
1.000000
1.000000
0.763576
0.349265
0.000000
0.000000
0.000000
1.000000
0.000000
0.000000
0.000000
1.000000
1.000000
0.000000
0.067118
1.000000
0.000000
1.000000
1.000000
0.001058
0.000000
0.000000
0.000000
1.000000
0.023521
0.000000
0.350269
1.000000
0.000000
0.000000
0.010099
0.000000
1.000000
0.011472
1.000000
