1.000000
0.982336
0.999347
1.000000
1.000000
0.000000
0.000000
0.000000
0.939683
1.000000
1.000000
0.000000
1.000000
0.707340
1.000000
1.000000
1.000000
1.000000
0.533322
1.000000
0.999998
0.000000
1.000000
0.000000
0.999995
1.000000
0.000000
1.000000
1.000000
0.000000
1.000000
0.000000
0.949837
1.000000
0.000000
0.000000
0.000000
0.000000
0.000000
1.000000
1.000000
0.062957
1.000000
0.000000
1.000000
1.000000
0.000000
0.999503
1.000000
1.000000
1.000000
0.000000
1.000000
1.000000
1.000000
1.000000
0.000000
1.000000
0.000000
1.000000
0.000000
0.000000
0.067174
1.000000
0.000000
0.000000
0.000000
1.000000
0.000000
1.000000
0.000000
0.999999
1.000000
0.000000
0.000000
1.000000
1.000000
0.000000
0.000000
1.000000
0.413122
1.000000
0.000000
1.000000
1.000000
0.000000
1.000000
1.000000
1.000000
1.000000
0.000000
0.000000
1.000000
0.000000
1.000000
1.000000
0.000000
1.000000
0.001905
1.000000
