0.000000
0.000000
1.000000
1.000000
0.000000
1.000000
0.000000
1.000000
1.000000
0.000000
1.000000
1.000000
1.000000
1.000000
1.000000
1.000000
0.000000
0.000000
0.000000
0.000000
0.000000
1.000000
0.000000
1.000000
1.000000
0.000000
1.000000
0.000000
0.341182
0.000000
0.000000
0.000000
0.000000
0.000000
0.000000
0.999110
1.000000
0.000000
0.000000
1.000000
1.000000
0.422195
0.000000
0.000000
0.000000
1.000000
0.000000
0.000000
0.000000
1.000000
0.999423
0.000000
0.000000
0.103336
0.000000
0.999773
1.000000
1.000000
1.000000
1.000000
0.000000
1.000000
0.182844
0.000000
0.000002
0.000000
1.000000
0.999803
1.000000
1.000000
0.000001
1.000000
1.000000
0.000000
0.000000
0.000000
0.000077
0.000000
0.000000
1.000000
1.000000
1.000000
0.000000
0.000000
1.000000
1.000000
1.000000
0.000000
1.000000
1.000000
0.999953
1.000000
1.000000
0.000000
0.000000
1.000000
0.000000
0.994463
0.000000
0.255680
