1.000000
0.100722
0.827939
0.000000
1.000000
0.000000
0.001267
0.000000
0.000000
1.000000
1.000000
1.000000
0.000000
0.000000
1.000000
1.000000
0.977283
0.000000
0.166511
0.000000
1.000000
1.000000
0.000000
1.000000
1.000000
0.000000
1.000000
1.000000
0.000097
0.000000
0.000000
0.000001
1.000000
1.000000
1.000000
1.000000
1.000000
1.000000
0.994152
0.000000
0.000000
1.000000
1.000000
0.980267
0.002994
1.000000
1.000000
0.749871
0.000016
0.000000
1.000000
0.000000
1.000000
1.000000
1.000000
1.000000
1.000000
0.999754
0.991666
0.000000
1.000000
0.000008
0.000000
0.000000
0.304380
0.000000
0.000000
0.000000
1.000000
0.001481
0.000000
0.999880
0.000000
0.835175
0.000042
0.000000
1.000000
0.157492
1.000000
1.000000
0.000000
0.699738
1.000000
0.000000
0.000000
0.000000
0.000000
0.024459
1.000000
0.000000
1.000000
1.000000
0.745419
0.000000
0.000000
0.000000
1.000000
0.000000
0.000000
1.000000
