0.000000
1.000000
1.000000
1.000000
1.000000
0.000000
0.999999
1.000000
1.000000
0.999999
1.000000
0.000000
0.000036
0.000000
1.000000
0.106823
1.000000
0.000000
1.000000
0.242122
0.000000
0.000000
1.000000
0.000000
0.493902
0.000000
0.000000
1.000000
1.000000
0.000000
0.000000
0.000000
0.000000
0.000000
1.000000
0.000000
1.000000
0.324143
1.000000
0.000934
0.000134
0.000000
0.000000
1.000000
1.000000
0.000000
0.000000
1.000000
0.000000
0.000000
1.000000
0.000000
0.859543
0.000000
1.000000
1.000000
1.000000
0.000000
1.000000
0.000000
1.000000
1.000000
1.000000
1.000000
1.000000
1.000000
1.000000
1.000000
1.000000
0.995815
1.000000
1.000000
0.128470
0.999982
0.000000
0.000000
1.000000
0.000000
1.000000
0.001402
0.000000
0.000000
0.037906
1.000000
1.000000
1.000000
0.000000
0.000000
0.000000
0.000000
0.000000
0.000000
0.000000
1.000000
1.000000
0.973453
1.000000
1.000000
1.000000
1.000000
