1.000000
0.000000
0.001425
0.000000
0.797635
0.000000
0.048970
0.000000
1.000000
0.000000
1.000000
0.000000
0.048160
1.000000
0.819598
0.000000
0.000000
0.000000
0.000000
0.016462
1.000000
0.986102
0.000000
0.000000
1.000000
1.000000
0.348975
0.003720
0.999993
1.000000
0.102592
1.000000
1.000000
1.000000
0.000000
0.000000
0.000000
0.000020
0.000000
1.000000
1.000000
1.000000
0.000000
1.000000
1.000000
0.000028
0.999972
0.944512
0.000000
0.000000
1.000000
0.000000
0.000034
0.087637
0.000000
1.000000
0.000000
0.000265
0.000000
1.000000
1.000000
0.000000
1.000000
1.000000
1.000000
0.000000
0.000000
0.000000
1.000000
1.000000
1.000000
0.000000
1.000000
0.000000
1.000000
0.000000
0.202746
0.999990
0.000000
0.000000
0.000000
0.000000
0.997714
0.000000
0.000000
1.000000
1.000000
0.000000
0.292412
0.826766
1.000000
1.000000
0.000000
1.000000
0.891421
0.000000
1.000000
0.000000
0.000000
1.000000
