0.875429
0.000000
1.000000
1.000000
1.000000
0.000000
1.000000
0.000001
1.000000
0.000000
0.000000
1.000000
0.000000
1.000000
1.000000
0.000000
0.000000
0.000000
1.000000
0.029177
0.000000
0.000000
0.000000
0.126305
1.000000
0.000000
0.000000
0.898684
0.000000
0.000020
0.000000
0.000000
0.000000
0.000000
1.000000
1.000000
0.454122
1.000000
0.000000
0.524784
1.000000
0.023583
0.000000
0.999999
1.000000
0.000000
1.000000
0.000000
1.000000
1.000000
1.000000
0.000000
0.000000
0.000000
1.000000
0.405063
0.000000
0.000000
0.001563
0.000000
0.999999
0.000000
1.000000
0.000000
0.000000
0.148811
0.000000
1.000000
1.000000
0.000000
1.000000
0.000000
0.000002
0.000000
1.000000
0.000000
0.000000
0.000000
0.000000
0.000000
0.000000
0.000000
0.000000
1.000000
0.000000
1.000000
0.000000
1.000000
1.000000
0.000000
1.000000
0.000000
0.000000
0.967691
0.000000
0.000004
0.000000
1.000000
1.000000
1.000000
