1.000000
1.000000
1.000000
1.000000
0.000000
0.000000
1.000000
0.000000
0.000000
1.000000
0.000000
0.000000
0.000020
0.000000
0.000000
1.000000
0.000004
0.000000
0.000000
0.000000
1.000000
0.999997
0.000000
1.000000
1.000000
1.000000
1.000000
1.000000
1.000000
1.000000
0.000000
0.000000
1.000000
0.000739
1.000000
0.000000
0.000000
0.000000
0.000000
0.000000
1.000000
0.000000
1.000000
0.000000
0.000000
0.999965
0.000000
1.000000
1.000000
1.000000
1.000000
0.000000
0.000000
0.000000
0.000000
0.000000
0.000000
1.000000
1.000000
1.000000
0.000000
1.000000
0.000000
1.000000
0.000000
1.000000
1.000000
0.000000
1.000000
1.000000
1.000000
0.000000
0.000000
1.000000
0.000000
1.000000
0.022246
0.000000
0.000000
1.000000
0.000000
0.000024
0.000000
1.000000
0.891620
0.000000
1.000000
1.000000
0.000131
1.000000
0.916126
1.000000
0.000000
1.000000
1.000000
0.999486
0.000000
1.000000
1.000000
0.854839
