1.000000
1.000000
0.000000
0.000000
0.000000
1.000000
0.000000
0.000000
1.000000
1.000000
0.000000
0.656649
0.000000
1.000000
0.004935
0.000000
1.000000
1.000000
0.000000
0.000000
1.000000
1.000000
0.051979
1.000000
1.000000
0.000000
0.000000
1.000000
0.000323
1.000000
1.000000
1.000000
1.000000
1.000000
1.000000
0.000000
1.000000
1.000000
0.000000
0.000000
0.961141
0.021217
0.000667
1.000000
0.000000
0.000000
1.000000
1.000000
0.000000
0.000000
0.481406
0.000000
0.000000
1.000000
1.000000
0.000000
1.000000
0.999327
1.000000
1.000000
0.000000
0.968859
0.942926
0.000000
0.996024
0.000000
1.000000
0.000000
1.000000
1.000000
0.000000
1.000000
0.000000
0.305807
0.000000
0.000000
0.235294
1.000000
0.000000
1.000000
0.000000
0.000000
1.000000
0.000000
0.000000
0.994411
0.000000
1.000000
1.000000
0.000000
0.131975
0.999997
0.096416
0.000000
1.000000
1.000000
1.000000
1.000000
1.000000
1.000000
