1.000000
0.000000
1.000000
1.000000
0.000000
1.000000
0.000000
1.000000
0.948762
0.000000
1.000000
0.000000
1.000000
1.000000
1.000000
1.000000
0.000000
0.000000
0.656462
0.000000
0.000000
1.000000
1.000000
0.000000
0.999976
1.000000
1.000000
1.000000
1.000000
0.000000
0.917498
0.230519
1.000000
1.000000
1.000000
1.000000
1.000000
0.000000
1.000000
0.000000
1.000000
1.000000
0.639344
1.000000
0.000000
1.000000
1.000000
0.000000
0.000027
1.000000
0.000000
0.088436
0.000000
1.000000
1.000000
1.000000
1.000000
1.000000
0.997514
1.000000
0.000000
0.000000
0.005822
1.000000
1.000000
1.000000
0.000002
1.000000
1.000000
1.000000
0.321541
0.000000
0.785602
1.000000
0.000000
1.000000
1.000000
0.000000
1.000000
1.000000
0.000000
1.000000
1.000000
1.000000
1.000000
0.000000
0.902808
0.000000
1.000000
1.000000
1.000000
0.000000
0.000000
0.000000
0.100569
0.000000
0.000000
0.000000
0.999829
0.000000
