0.000000
0.000000
0.000000
0.000000
0.000000
0.991882
0.000000
1.000000
0.000000
1.000000
0.999999
0.999217
1.000000
0.000000
0.000000
0.000000
1.000000
0.000000
1.000000
0.000170
0.091026
1.000000
0.000000
1.000000
1.000000
1.000000
1.000000
0.000000
1.000000
0.089087
0.000000
0.997667
1.000000
0.000000
0.000000
0.999640
0.000000
0.000286
0.000000
1.000000
1.000000
0.999773
1.000000
1.000000
1.000000
0.815962
1.000000
0.000000
1.000000
0.000000
1.000000
0.000000
1.000000
1.000000
0.000000
1.000000
0.000000
0.000000
0.000000
1.000000
0.964340
0.999938
0.877907
1.000000
0.000000
0.000000
1.000000
0.000000
0.000016
0.852875
0.001356
0.999967
0.000000
0.994263
0.000000
0.000000
0.000000
0.999912
0.000000
0.000000
0.303895
1.000000
0.000000
1.000000
0.000000
0.000000
1.000000
1.000000
0.000000
1.000000
0.000000
0.000000
0.000000
0.000000
0.717053
1.000000
1.000000
1.000000
0.000000
0.000000
