1.000000
0.000000
0.000000
0.000000
0.000000
0.000000
0.000000
0.000000
0.000001
0.724502
0.000220
0.201683
0.000000
0.000000
0.774959
1.000000
0.000000
0.000000
0.991346
1.000000
0.000000
1.000000
1.000000
0.000000
1.000000
0.000000
0.000837
0.000000
0.000000
0.970403
0.999990
1.000000
0.000000
1.000000
0.000000
0.999617
0.000000
0.002290
1.000000
1.000000
0.000000
0.000000
0.000000
0.000000
0.930757
1.000000
0.963787
1.000000
0.000000
1.000000
0.000000
1.000000
0.863174
0.000000
1.000000
0.000000
0.000000
0.945022
0.999912
1.000000
0.000000
1.000000
1.000000
1.000000
0.000000
0.000000
0.999782
0.000000
0.000000
0.000000
0.000000
0.000000
1.000000
1.000000
0.919676
0.000000
0.000000
1.000000
1.000000
0.000000
0.000000
0.000000
1.000000
1.000000
0.000000
0.999993
1.000000
0.000000
0.022660
1.000000
1.000000
1.000000
0.000000
1.000000
1.000000
1.000000
0.000000
0.995959
0.968221
1.000000
