1.000000
0.000000
0.596614
1.000000
0.000000
0.000000
1.000000
1.000000
1.000000
1.000000
1.000000
0.000110
1.000000
0.000000
0.000000
0.736955
0.001112
0.000000
0.000000
0.000000
1.000000
0.000000
0.000000
1.000000
0.000000
1.000000
1.000000
0.000000
1.000000
1.000000
1.000000
0.000000
1.000000
1.000000
1.000000
1.000000
0.000000
1.000000
1.000000
1.000000
0.000000
1.000000
1.000000
1.000000
0.000000
0.997506
0.000000
0.958841
1.000000
1.000000
0.453177
1.000000
1.000000
1.000000
0.022525
0.000000
0.000000
1.000000
0.000000
1.000000
0.000000
0.000000
1.000000
1.000000
1.000000
1.000000
0.000000
0.000000
0.000000
0.280751
1.000000
0.034705
1.000000
0.907109
0.000000
0.000000
0.000000
1.000000
1.000000
1.000000
1.000000
1.000000
0.999992
0.996393
0.000074
1.000000
0.990445
1.000000
0.000000
0.000000
1.000000
0.000000
1.000000
1.000000
0.000000
0.000000
0.000000
1.000000
1.000000
1.000000
