0
194333
185546
188551
192001
183550
188985
190733
188002
185635
144116
191895
69551
61738
190281
185919
171912
181232
193971
162422
156457
194228
156961
662
196218
192866
192804
193432
161002
180696
185377
191760
181737
185434
145686
196967
195526
194814
186446
184386
190272
165478
108107
185801
187677
192827
188023
189581
194979
196899
178347
193746
187044
194515
186119
195604
169770
198370
195243
185112
181545
176389
190272
174952
186129
175453
195548
192848
196170
142622
196920
193548
189831
194143
177759
187540
171591
180573
191955
186165
186742
183873
195606
193517
184304
188031
194884
182073
188592
197792
186496
194492
194137
167549
158263
183001
188300
64935
99222
187160
192793
190358
193824
192230
184328
193096
175613
194296
156997
197606
185306
185597
186117
141238
197447
183908
181822
193469
179031
198679
193183
181448
190646
196535
192079
193154
178711
174433
196925
195577
187446
190037
88918
133076
191779
186287
125773
191010
191264
195249
193637
142251
17646
159509
192963
192453
186936
196927
179942
189959
195351
174514
191916
186260
191299
168176
103771
186149
136334
181446
185440
191694
174144
179801
196242
189524
191762
193569
149864
117066
153721
178965
188683
196513
188301
188742
170818
179382
192928
195092
196846
195720
54486
173085
198508
188636
194140
11618
193247
189707
112966
192500
194029
160110
33426
188904
190458
191360
177469
192979
193016
194735
171622
180688
198375
194932
122764
62081
189837
194336
174638
191440
170042
192802
194874
108368
196275
188309
182522
188221
194435
186593
193539
189076
190017
77790
165935
157238
28684
188539
191982
176809
194744
184286
193887
149243
144758
183287
162031
192409
110159
184313
191641
161862
191891
195811
180798
192407
154259
192872
195575
182313
191570
194872
191482
193128
193767
195201
176394
193876
182564
108515
184488
188028
192515
183299
188066
183681
183666
191306
172840
175350
81924
166983
4153
191300
191681
192740
194899
130403
195621
192814
197837
194397
193352
196084
181184
192501
175911
183295
181647
193812
194576
183772
189758
193744
190260
196027
189309
194365
194435
179340
186808
190729
195653
177913
195684
195759
194923
63493
172396
185917
196341
190968
170660
190174
183413
124430
186523
186460
177396
82401
188415
194951
191127
196124
185985
196186
188619
189142
187559
153553
172887
185468
190765
132457
172096
174429
179877
192958
192132
189421
195172
186792
194332
190221
156065
193640
166066
176362
192969
193780
99623
172805
188054
190468
191712
180937
59998
184174
195350
191526
127018
199221
191126
196991
151933
175792
160317
175361
190627
194262
174672
191663
191289
151053
190025
188663
192467
184449
154270
188551
193427
190185
174601
179748
189356
190584
168246
191487
108529
196891
170639
172243
189789
158271
176990
115743
195916
175833
193553
191990
185983
175380
173751
196728
186169
197190
177475
145602
194118
194856
188736
172887
169945
189676
113463
165579
177834
104431
129740
194994
195776
141855
189207
187805
167398
177458
196751
181942
194484
192705
196362
145567
133045
196886
193800
194973
143305
192786
195409
194154
186300
26052
184286
190978
182536
93347
175511
189201
191036
188058
191056
187485
190778
104565
193644
195460
188177
194106
166677
174894
158771
10575
187343
172385
191159
193575
185755
171072
185234
195602
188842
136727
179799
179160
194987
140710
180970
181476
190730
198379
189379
194569
186372
192926
193050
186331
196714
185521
191180
196254
181186
196185
190880
184202
174253
191991
188281
177538
193302
191468
195594
192747
178872
193419
195015
100550
194407
194390
113997
192438
189840
83657
193851
183501
160934
191645
178578
186065
173248
177502
196333
189189
191617
142919
193452
190058
179650
187065
24777
196302
183724
184590
191070
188101
192963
177137
190740
197472
144026
196826
182027
87768
192322
189479
193031
144623
188993
194676
196889
189908
190867
185292
188282
197493
186083
194079
18049
195200
132355
194028
81503
190716
143187
191247
159210
187800
190731
194170
117030
196233
185484
89165
191856
186820
185236
149539
173508
190651
177045
21970
191572
193234
121544
193080
196769
190233
193171
190772
172814
192654
175687
185047
194937
193021
193044
196434
196208
194956
191512
170902
192825
179058
189242
197089
159783
192281
185087
171475
174463
193576
175840
168600
191660
196964
25339
192570
192051
187789
185839
193398
151718
197260
193395
32404
187652
194768
195355
184107
193027
188936
181590
192888
186073
181529
190712
192034
196515
162289
187776
193746
190920
194812
166602
188349
196393
175098
166975
185357
173254
196105
193003
186252
181600
193861
124515
186904
193139
165001
189936
184626
185367
185373
193351
189983
141897
197433
143332
191881
189532
193148
183953
192001
168769
166380
185637
185043
189604
196297
186283
141425
166405
164312
184006
190977
127451
177491
189797
119917
194062
194204
182432
191651
191566
196640
192713
188890
185977
181692
177838
194589
192549
187994
189763
186772
182191
177806
194513
194347
197613
188566
195529
177590
177439
198054
184071
155206
188960
161733
187439
197872
172829
176397
187649
188681
189902
187218
191386
182963
127722
184339
191403
187824
133837
179191
192090
193829
189024
192353
188188
189509
192746
150618
181282
93591
189112
183232
192067
171638
189102
192130
193564
193764
190425
191185
180147
164438
102479
197528
133386
197552
154573
189167
162253
197497
192312
129875
191244
181315
16393
182853
194319
180825
157802
188770
189795
176815
190744
58542
183873
171886
193281
193886
189434
99933
174485
193905
188906
191168
184996
196970
163212
193448
195752
191578
173494
182713
47956
189545
198982
160371
194745
197139
183294
187925
194597
188553
195922
185574
193998
190221
158782
155364
187028
164406
183605
182518
197530
188934
187227
194070
183923
188882
196020
171992
121107
194246
191636
166524
183999
190380
193036
190559
156285
187763
178275
190525
168565
192717
192484
180581
164497
176771
191975
178388
185369
166581
182802
195804
195239
159106
193361
186641
188303
192426
179934
172002
194781
195142
179188
152026
194904
162815
184739
185994
174674
174944
152310
177281
191890
80161
172802
109608
195790
192171
180952
191549
183515
176211
196611
194349
195381
172961
185077
196386
188640
190867
195086
195043
195177
195598
192691
193455
183793
195676
197386
193998
193579
191822
181244
127027
190513
194714
188600
193208
152193
190019
189494
165176
168554
190202
174515
187226
189468
188173
196634
195169
192155
175645
192453
140392
189579
183854
180756
194957
177335
171748
171732
190912
129480
195140
189313
180750
124964
192448
186235
195812
195560
66961
188209
189480
191502
174292
182708
192526
182253
189038
104836
192852
178135
198646
193571
190717
180292
189342
189681
158764
190627
153680
192936
180611
186597
190319
181313
179736
197214
172956
145473
48532
191096
175444
187758
191605
194450
18649
187505
176983
189883
195352
194837
187113
96489
47916
188361
163996
174014
193901
188219
195881
195228
192199
153725
196283
6514
193491
179590
185739
154210
192093
181067