2400
2480
7200
2400
3600
4800
4800
3600
4800
7200
2400
4960
7200
2400
2400
3600
2400
7200
2400
4800
3690
4800
2400
7200
2400
7200
2400
3600
2400
4800
7200
2400
4800
4800
4800
3600
2480
7200
3600
2400
2400
4800
4800
2400
3600
3600
2400
2400
4800
2400
4800
2400
7200
3600
3600
2400
2400
2400
2400
4800
4800
4800
2400
7200
2400
2400
4800
4800
3600
7200
2400
2400
3600
3680
3600
4800
7200
2400
2400
4800
4800
2400
2400
7200
3600
2400
4800
7200
2400
4800
2400
4860
2480
4800
2400
2400
3600
3600
4800
3600
4800
2400
3600
2400
4800
3600
4800
3600
2400
4800
2400
2400
4800
7360
3600
7200
7200
3600
2400
2400
4800
3600
4800
2400
3600
7200
2400
4800
2400
4800
2400
4800
3600
2400
4800
2400
7200
2400
2400
3600
4800
2400
4800
2400
3600
2400
2400
2400
7200
4800
4800
4800
3600
7200
3600
3600
2480
4800
3600
2400
2400
2400
3600
4800
4800
2400
4960
4800
7200
2400
2400
2400
4800
7200
7200
4800
4800
4800
3600
4800