13
10
11
25
11
6
0
6
4
55
4
0
30
2
20
1
14
59
45
53
6
29
3
29
10
42
52
36
16
19
8
17
22
12
13
17
17
0
26
0
24
7
32
0
1
8
49
48
25
0
0
0
35
4
42
6
8
29
24
0
0
9
30
36
4
17
3
10
33
8
11
44
36
64
16
38
3
3
12
5
47
1
44
11
36
15
20
3
0
33
32
27
1
0
16
24
14
10
14
45
325
1027
314
311
0
676
11
195
7
792
865
698
238
121
445
516
259
307
1203
1
1030
1117
316
250
25
784
212
353
0
2
360
198
910
534
614
161
451
13
105
437
462
733
714
566
732
376
168
132
349
1045
3
1
176
47
864
426
155
327
282
1121
432
524
408
445
1021
469
166
12
1179
911
377
560
563
149
639
222
74
292
337
1100
1171
705
14
800
168
688
1255
13
101
392
63
1174
1065
517
53
971
100
213
1006
250
0
0
0
0
0
0
0
0
0
0
6892173
1474242
8057710
4851129
6865895
2653879
33881024
5160095
21988312
26913040
279441
987424
701151
935261
873212
4075701
6734268
856734
824678
979272
133812
216826
57798
108440
182200
101916
211552
275386
3348
61044
42067
67578
15918
20318
35474
6506
5497
9031
9147
15331
5294
888
807
2080
2187
990
965
7395
1640
222
802226633
3909423
7410404732
5011096057
5577452690
1063421125
9561497431
3046950059
4232328886
2188185042
519342191
4942552874
7920627677
6368522511
2776506784
2230004631
4543615560
2916078302
4407066411
6302751149
27718642818
3266933913
4869532037
25343864549
3738765662
1239427084
5015099949
2503603430
12866553753
4923137451
3456392902
17401662702
2541654716
13268715034
2014194861
6528947196
14905282636
897616176
2452369221
2628227336
7161181379
4642714176
7243541769
5075265356
6089157813
9763161677
34208186979
6808845399
7317818257
207352236
3154349210
4497379229
1102686676
4938880967
4055227346
7152527939
941443314
12802521604
11600714645
2899838256
2376216805
1654360319
3581715108
26555795607
3970599163
4964840187
25945453660
3345313855
6917874229
8561967789
3304993412
15670983681
3316371590
1614004491
3422780252
42092376515
2763968462
3899260690
2357568932
6242516206
1834854622
4246271610
5757440328
20260956057
5364487682
3382238256
4936710269
5875250747
4181222721
8162014469
6898217227
1122561313
8172948024
735453628
4451755381
2130663759
9733028239
6284747100
5795688382
25088140278
3901404611
3100807248
7168153633
2337366467
2389824799
6065566910
15907749442
5210077725
14009182231
1648491332
8480585908
1921791768
967814520
7628386996
21321315089
1747466550
6322155356
2425341301
4323038139
2833509943
179789434
5640211160
2241374143
4476152893
1799742536
5630461691
4650435809
39656980098
1032626886
739148643
4926939201
34125708600
2478026894
13587723302
3181153444
4945937645
2372376546
4648825446
17659071932
5421780551
7993073564
5435492263
2902032882
1852827646
3272279050
10321324995
25764606751
28395552396
405451316
5981655064
24416171808
1851107487
4110083155
2459552110
4241079770
6382694677
4228547521
3753379477
843139507
574728409
2889216139
2850036304
1736230440
6008342366
4492111606
4396944378
28581473828
3785101350
912905185
4544768672
1902598637
2241296199
9022756738
1463349222
12059857664
4054323095
1628556854
856260833
5414360506
1063392307
2651672416
7162435233
3615791197
7773299849
1707050453
6009109684
6433018465
18533140448
407954304
3672306694
1885835843
14964659719
1626898507
3403949402
5674915092
40375586812
18505457361
8432913215
2508586074
44791997434
38670545080
975979643
3463679424
10013476907
25551646733
5312617439
1221833753
3468016576
1056642423
5878623233
6000950278
5436677294
2390291869
9367925344
1758305663
248165702
2823565830
5287689178
37277189526
2599625975
2677277091
6137056603
729337390
10440981987
23394044731
3737409430
3393859490
13079515201
6741159057
2403338101
16377750255
1253345947
5802208260
6593445190
18377133313
6002478238
5112320243
24252639667
3709224090
1922197913
10414160843
3156637238
1872555006
10968076433
5118028688
13890627844
2671995358
3512687849
4211602916
2542542570
22706171
1606176278
3489201623
3750417802
4296384223
4693626569
468201141
583399738
3701736426
1100979770
18154707794
2222699903
4202459421
2207359250
13655918455
1818006487
7297756708
4788201853
4822492436
10609286921
24980256
4342312250
4948355127
9590316231
4507069642
19769997326
3411335610
4327281612
11438422812
1021825185
24115114181
436509988
222580906
6373661260
1973325609
5085162242
2142134470
665338221
6195938089
19907465774
12615399325
15752468779
1264201985
401809626
2327380702
10996125095
10003370790
6209531078
5994200895
3685890819
1685048173
52236304374
1827040351
6887836242
3938166166
9512368235
6178190568
3514705607
4531456404
11802691600
8146958758
2988899212
5327400158
6974557638
6173294379
3725198312
112798549
6274153317
3791193167
3813086445
3760034390
4757282819
5707754664
8722148856
813764378
12683027360
3609230998
4774890865
3279258651
1487753968
3204160756
12287687767
44392847790
3392272430
14639495818
16688829803
3743834358
5281718952
6439903971
1878418035
4730117416
8683581207
2321325144
7245074332
4665362793
7849235376
325856613
4118503673
1255348339
5158197331
9979414709
4654721896
4579207755
10718762132
3911416336
10374259927
2982665260
11905991596
3146216634
3558638393
1881721694
7752518478
5532913842
662371747
1296771817
9491166464
5193181943
773676402
10593546775
3051840249
1504005545
3337049216
3897657412
9372106183
13651968499
22899985605
4638074312
2201337345
1438337797
4856370201
979819503
8466704681
11383114067
1465537082
1587484299
24701845750
6799633340
1422279390
10848356441
1602381722
8259459902
740957788
8966652290
3603596509
2611160307
4463057042
6169580936
1233955439
8036816885
2244540718
3994368021
768389360
7385121072
1303443931
3537477893
10086204098
8011078931
711401491
7654480171
601960093
4045911575
4522558791
3550434608
24517475672
3020041072
4338759049
2460544083
175981551
4172384555
2572742192
8575645511
4200491777
4049531958
7666468724
23267334222
11662578054
1635173225
131243109
2916503298
4178338904
462255043
1376944135
323696358
780542656
108752022
7692073485
7410973128
5470930304
2326807720
13287286251
4072153318
6831578940
6424715626
15116035572
764198761
515768650
16525777
3553578300
12942463082
4786050151
16272113187
895043604
8460504875
1484214308
6413830373
42628838888
5140808608
231786559
2790058404
4460377739
3035939638
6735025450
4580040216
2750561297
3451649867
106259164
7279352160
454521894
4542403306
1723478179
2042172058
2221087152
1052923100
4173706754
364637354
2804676563
6486743737
2492346856
4302450351
10519006309
11918663865
5444324178
3145472949
5456593199
7968653140
7085088105
510091896
3363757387
8443444278
15076372439
3216335027
3669609203
4045461979
8497332978
13855723534
4313695848
1450505410
5591241274
1314221653
1987588165
6737690700
2567196245
7207119888
3466119024
1817043377
2410281147
37548624899
7262105304
15242303848
8546319961
5621469699
40167097874
20741103009
3290289306
2093448115
1997617531
3721941187
27216684461
5411356568
1428148938
4248261188
5892553661
2037628791
725782238
886540984
4007736912
4131569520
1639720399
8024120049
4483029380
857366587
12405045474
2046184175
3586828985
6040640891
4513625349
3053302649
4268189649
2554895886
5765757515
7666941362
372470128
4756146838
2255441027
153231460
3887778988
750908595
1287116278
1841230274
9678032096
5121804213
2114785131
1065275424
6416592781
2445348313
6494065279
3011528286
22693778546
8548148132
4783543336
7444331894
14158578046
13765818267
1428199513
8027881327
3731763797
618940266
4513982621
44812795756
9004887857
44592645212
2477721572
857641185
6139788085
1432351357
26622422338
4426960587
23858719691
11746841499
7195694498
31358067482
4753286795
7231749375
36752442331
9328104249
13893285995
1448802455
324820725
4831859700
8038136843
4159252449
16739878960
7510214683
1167341977
4377570313
8758514455
7134050539
522591675
3308406688
2211591109
14335318391
7920506062
1910492914
3446047479
1856437239
7673317932
12629484663
8647245222
3746799740
1313835359
5267452612
1387510749
14796092038
6415818225
3193299806
7613478657
943852283
16096228814
8252479040
1329985858
3193208167
9950378445
5332156432
4866756541
389181829
1109047735
26583212298
3212576014
3780615901
468010175
6247790757
3546767710
4088915375
3628623239
9988837651
12741645420
688387568
549299155
7179886610
6736424524
1225497045
41014006064
75710525
13900877060
7722486226
2391085414
2329027024
34540640373
8850004653
2441607433
9393504865
16687793191
10536454131
42355391557
16676278606
3617354523
2657557168
9048216910
5694709224
1305014874
6316060484
21596012369
7180167911
4742326372
3250963591
13167088666
3350882335
2223378394
5250669803
6798085239
5713404647
466941557
39290169660
1810864606
24819100953
1176740196
2178784844
2751875014
5725232451
7269754499
6605484047
7597813920
5124435796
3850429442
3422108727
40841452706
17213136119
3323630833
10529181591
4872214314
377992081
1600540666
21415714555
2292638455
974427121
21338282425
11960932907
8528059335
1941363058
539628865
9197794503
1738991845
20562487015
9308462926
5698901578
2930119529
19497914655
6571705091
48879521428
16985300761
4968272791
13463801590
4503189566
2009279523
3738955162
5425654096
17047734276
245501107
17098712392
325358621
4135268496
7481023128
7635578166
6913172144
4169954006
11361931486
39806729711
1205749976
3629572455
1454120885
3216654926
10831185923
4324328783
940051606
1876314036
9225066809
1485717577
5211786386
14602452246
5752284176
17606200390
3879720248
1052524210
5374006145
16842243610
3425444246
10741876963
1867633134
2739078342
5006161865
11233057792
5947029830
4902021452
9186676705
5144533291
12410564280
2424252631
7067171812
3911285594
9314821282
8189202147
1613702543
6231061014
2490130127
8479342294
1185950080
5942832591
6349190944
7930921897
35593811171
15166373475
7444438242
7071750788
6648156249
2857051727
691286027
81958902
8362574282
32476465446
5019267895
28880564190
14397268219
6045178033
759155794
3130171822
1925806890
2256461072
5578248502
1088900441
4757220552
1300492077
5237499189
15060042463
7447950531
24506377108
4332256856
18795240373
12512217746
51960840511
6166985831
8405426508
2926320347
3427486937
883950521
3273533705
5399900417
9207606221
3916265067
806408961
1787828747
3117603003
2360435004
9925341044
4211211887
5168877792
523308936
10724109674
7173427096
4060038429
1247083580
2431164000
1110119778
5487521497
2785597370
3861643605
2030214212
613363319
3232941921
6074040018
6894297832
1344137658
888661269
2279576265
6462506378
569719237
9970524085
636152796
8198294785
539986432
7027327700
2936297437
3443870604
2456912891
3546171441
3300934495
357306194
4273600239
9855988449
977451364
3902475695
7517965388
12708657400
14367326688
9753710764
11411865515
4764328880
2667016437
26166762715
4998935013
5484163048
7505890674
5104411477
2053960994
1702815569
44453333495
4481055562
6826065635
4699079865
7174290023
4546447879
2428500497
4405269912
7266791202
980472100
1340876330
311239494
13680999364
27838987468
7732215506
16665657144
16935683171
8339022185
2937073653
1125890950
11698785443
8282991687
16704840421
2119054793
2611515567
45220150187
4963271569
13128371552
1038887719
31882258261
924583332
15331204484
1800934714
10249965805
39386644069
3282595094
4693321804
2488335321
310419843
962623591
580864375
3409952810
12090468220
4279633750
4978893784
4925536426
3752392334
2395459523
13427630837
12805392868
19400295250
4704213514
6679510484
17182067833
5149475512
5030797465
21179395190
2284433536
3506531190
2527912246
1441718014
6251399802
4228853733
666397755