20
1
42
25
0
2
1
19
1
24
8
17
50
1
24
37
11
2
1
24
4
40
7
2
1
24
7
25
5
29
0
42
10
14
17
7
56
2
15
22
11
39
0
9
19
4
6
11
35
20
27
2
35
55
41
6
0
4
3
1
28
22
37
2
1
14
8
1
45
14
53
5
4
25
31
5
35
21
29
2
4
39
17
5
3
21
2
3
4
24
29
2
17
6
18
38
5
17
8
21
46
223
7
222
149
857
137
57
648
742
695
419
12
11
733
469
407
934
27
41
1129
889
1181
533
280
171
11
172
734
320
218
584
163
202
677
649
998
727
131
149
807
171
192
7
2
365
993
658
16
497
226
779
229
38
33
161
457
329
9
74
58
55
1092
712
294
21
791
361
633
35
7
176
1165
58
725
636
240
43
765
1084
353
10
0
800
973
842
470
289
406
749
920
19
78
420
1273
210
449
306
72
41
0
0
0
0
0
0
0
0
0
0
10356374
6249506
1101069
55928353
7343166
9202988
3128326
46337182
9577060
244657
4366300
1964602
4766203
1590116
1063574
830852
1084541
1085083
842324
2411825
30966
9866
79671
123436
9508
142835
40618
89414
54098
45604
53853
39076
8723
10192
14856
8413
2088
13728
8557
13667
455
782
582
3327
1375
1520
958
592
4591
234
487921651263
78686
531583094
7988204861
6886429662
6827470038
11919050553
6432156797
5783381848
3867653682
3779686517
3964430199
5181473169
924306218
22078935904
1404418515
5626909565
604105803
882870363
48687396014
185530500
2645165020
46601805295
17995086471
4541580006
1543057283
5198314500
4271555740
4797176064
7591713033
1554271169
704593155
6361619548
4456100563
20282911720
3713764103
5111086735
7378724196
8851213473
4680667756
3796315908
2027006821
5689338167
8778924080
7130833202
32659442665
7354421078
8608817097
1062564201
1785677156
806529845
17380900415
2436383521
6562145161
7983415469
854517876
3300482867
36752092270
7299247237
4139191000
23885849519
8710903471
821520735
726269881
1806113363
1556288392
1385101830
8525461139
9320880768
4195895090
3445674249
4369199558
15432193143
37766373532
4841417193
1065723518
4091212644
4011406002
12247324665
4575454550
3036483122
3120595116
7360126605
1943844600
18483416908
7118678721
3036087646
1585442484
949510458
3468083156
4871881250
15892404905
4740104873
12790178974
5409797856
5256211862
6696893487
2409585106
8087257461
2661291293
8497321019
6056134323
14875969178
26145499886
3342090167
12108636462
7922470205
4624180552
388335021
996158470
17987167935
6734797935
7092353725
431429179
64259002
4674221678
3576369798
5455252048
6739155453
1909521284
3512117723
1135668999
5209474583
8384237614
10961548094
1725751123
3720694160
762454685
1775336937
2789355265
32484354028
6130241765
671132856
12003376986
2557224317
8964481796
13801714683
10669789038
8631220419
22234654647
36707325385
4578553365
1629434467
993091056
5003969022
6820529223
5456307351
2074454971
1375184126
5540310651
7513354850
11319130685
1058523621
2057629409
14726299845
2199289310
6507653076
1944659489
1137364096
2805336023
7081115335
2540576070
6276105893
5821455388
5563434282
4718298825
2922839925
9967556221
3284856019
3814036332
7999859872
4047456698
3319962399
3915836387
1444248523
4886562530
702973744
7912726327
1592731419
4109218163
3073710557
5067228101
5299131674
7645870748
2823699797
10737255878
836783543
3688623870
1179643281
3768766898
1874516319
928600943
524462022
22091365414
331164191
5283985118
727908098
2260394907
303922656
4862364547
4821421951
210442849
3984441918
1701494872
5935172074
4493636089
7233915935
9071656275
4644512927
4661955243
44165778633
6916394575
7121591843
3227187077
2712275360
27942529712
2963905360
1632423662
8111667849
1079110810
6034037022
866311297
51736831879
17040512926
1532258210
8441643561
4264199919
3314742351
994625218
371763280
3579216328
6402242584
1934915759
31121301551
2802756655
2900390638
4669589427
3332420465
3705397234
7619536870
7457260878
15762585817
5184398848
10230235103
5656638540
14944977135
5352864524
14751822258
5213559866
9605961793
3861310799
5314544371
6675101806
7719659028
4575630442
20366328628
2761254789
1891219265
1135973018
1575436929
5956240732
18871438887
1123255730
1746625132
6483887681
6183640251
2398608275
15024366449
3602036674
2043445699
6716152120
3815679614
5493034826
6154589522
5143952284
1581210821
2861628284
5019024998
3069927571
832073877
2701757981
2005799459
11482754140
2799947325
22947367967
43955373560
15277482138
43572838270
15939835533
1357151548
1773416169
6509415232
7007263619
5171371411
9345805671
2833902986
3976435263
13167271387
579839033
2806838209
7364802533
10198304318
1503689966
22167138759
27021880199
8010488685
8182857420
973659463
35857744907
4500988805
8453229233
6130648350
5444785681
6517535381
2363756203
2083829656
2512748588
2099289590
493317497
5861237026
4625164487
745316251
1124423630
1811441955
47531624517
309085977
3731567015
14852199782
5544896920
4433666165
1915582862
4008691873
5541702072
2053312810
2436722902
3085536251
9507404940
13587938809
4622099706
2416622670
1451812862
6579546445
1772419237
15069305461
2555910927
7928275616
14445629758
4879989532
2670835568
11873556260
216630152
11053227793
1081387352
4780086010
3973680388
3170509041
6690962921
1862796145
7565688701
8975700045
1351045413
49182157582
4800498427
3695818659
5245178258
9214309062
4442711299
3434755235
2561672492
9153263180
17433492002
37486578373
995584561
1903313190
4894223796
1332416339
4355415873
3658632048
11481444646
4053751779
1751537435
2714510958
1914941104
3583656770
4688951942
1314694105
4558314467
31352593406
860464728
1316086085
8998086878
261395765
37418203107
120719159
4434883509
3092875407
1398723856
8606725207
2831064028
4056663851
11514223854
4514138419
39076776641
8041911805
4643876636
1507146469
11394503342
13076399094
12981497003
3268619455
4907545673
4167061040
5013529624
4426604676
5160758792
2086966004
2293989869
6405746865
1272549361
2441392570
13372574994
32301966294
14193355998
2467607547
2976523594
10482383009
1459994906
50680363641
11411262110
5057515196
1410374868
6357685904
1249035009
2738834977
3087151487
7469475120
1121382031
5982260230
5458416043
5770178444
6583511273
11786887425
21977519809
6752894231
1635698215
1631830724
674249402
1531821828
9915080783
6248390316
7560244473
9381182956
7987000695
4451903760
6983238741
5563163194
8005363433
16224443507
7972827996
4901347063
3039666431
3940916160
1539728871
3933449544
6696446901
40009860569
1908392097
20312781274
1841264657
4741498655
10508175690
17267759942
19624324352
25114861632
6243292834
10060259594
6527489945
4452898289
9215333770
1323202264
965211806
7435678155
4486642059
1008608829
16705522296
4690381965
3238619519
7832391950
8948468366
5743281526
1225409826
11021097641
12842315722
976773569
3354470091
29625324332
9560487162
3170808595
15992284502
9448312480
4084985183
5873996064
1871211440
4964256115
486671948
7654440715
8925111671
7043167798
7423674685
5855276351
1727560086
2348712444
3515826866
1788817184
3194724571
35087192272
4895040037
6593736090
11475495783
3825821389
1576807247
9689023716
2618713309
7443360789
9013831801
1737892458
1274082308
6602284081
3586008855
2319902879
9072489114
7994410308
2944355408
7037426215
5300474840
1461252882
5994811769
2897854297
10722966015
3763669332
49313988944
14549539202
161600485
8979346000
9281645394
2438791075
806542268
4246540818
3397181534
3873206494
8537194159
5464351157
983380938
15338996708
2426685808
7374601305
9817212810
501756209
7183744834
3551486607
3071087386
4710344762
3106697870
881373016
6089868615
7279653942
8769965891
3975082265
2092487808
3537768062
13141923217
11322268348
5147886545
3270945118
30469074313
11610847717
3507141668
7026337744
9773754558
2958275273
6009468797
4073378861
10794466249
1747910458
10662041244
389128081
4124455072
6319996975
29298670957
4840555634
2573664989
6520304530
8964875625
3653104365
25350159179
4284726340
2104460461
2027940582
14236832690
2524627717
9007431552
12297560751
5164441146
2666799296
5530477972
21841557076
39601610705
2868002581
5301048889
1150684643
5422930049
5680131854
6771073517
3447593080
2811120477
19152567836
4497205577
1916788136
2119360508
1028010017
588466198
26199459308
1097211755
465102918
2464908779
7574221388
644853498
10368781890
3938954530
16580557597
16830957971
7826358179
3478592662
22091762052
2899457220
8734465492
2586111162
6794952004
7254053916
5364585102
2234092193
750249306
1840041871
1532010149
1329509494
1762823306
20825143570
42780709536
3793528848
8640736705
1721301384
12674007035
2455254908
3576983151
1042189537
30411099799
10127184918
3234910759
1261714258
5228586104
4152278998
8485928254
4269592293
4836393432
10433776307
6538773039
5882683384
3166809528
2930529461
10374273037
6890374712
381879566
8492656414
3815646680
6892582975
875890715
2659759058
18315448706
4510770635
8762343993
5230781326
3016642290
337316321
4173427738
4099328081
4477994316
8864407594
28893787346
3605306203
2997738077
494376899
7692143676
958559413
40096572648
2295750648
8071510798
14516243293
4129071490
4187681698
9029145249
5536759303
8897294985
5690891475
6713409940
3370328213
1158277042
25693191763
49491838051
2088439694
982632819
8229208233
6464797789
5203733252
8153799219
20470232
21529833405
3088819331
3407432375
174741879
5509097151
16270853565
13455708864
470129745
1701645536
1929439779
6870158368
2103795926
24920898014
4450975734
4740407970
1546427944
1642993159
1132294141
9202974653
9415540750
3019974652
5989827736
11254773118
4653881424
29365274810
9060490116
25224789228
10773641790
1384198218
6058474330
973578355
7572622531
5146908742
2618043750
609072210
778325094
1476096084
5343254922
3455091001
7093083990
1798032178
2331286955
8833418518
5532277140
2682684487
6068670343
3521979532
4580935403
37905643445
2351073595
4993892148
6185161527
1481068677
4932882090
11038092668
3168260414
9614807960
1969669153
9751255178
52036254553
4597070747
7281817094
39426865913
11518700356
22505382221
14947304301
12450944538
15714808765
13289730328
809849586
292031694
3378110341
1085130951
4564775083
404502819
3899036475
1941575530
978514042
4735633191
4592997247
4888341416
6109176041
7924356778
21453247168
41630413925
3282308313
1299618609
6104103971
612144164
180040831
2852944804
6239502417
1476990119
1016981776
1504632376
9290154262
6766025878
5775276563
1432166362
6916976100
4720932471
1116944863
1265483029
3538915359
7790423084
725038456
5455026365
7621378905
5121782389
23458978247
2466042596
18872151250
5617028239
27818757764
2724400827
15678891375
3790984767
3574787243
18592199507
6037016688
406479115
5809782403
5729270746
3948379473
11151781928
23595163395
1127788877
1395130034
45217187995
6487523940
11257777436
6738053522
2321461840
1839741922
8780122053
5389579551
6779336466
3902107827
1219975436
505545748
2738695663
13019032713
2971148063
3832336931
4366483350
6714901090
965559616
15539468637
742129823
5698715317
6157197018
37275203757
1387198954
306096739
21743162489
21115496871
17595901501
3320745745
950012326
3569103540
5996141133
3726237866
10540976591
2401363001
1916147228
2704690501
38322111736
2332733072
25143880819
23964379136
1098423549
6404718250
367112943
1731031410
7481246087
4363821689
3453826665
14169781706
7171174063
3261296870
1344410121
5343252287
4993938297
42922383847
12365788693
8745585958
1100752201
5764294575
7110817427
6676621834
1685278607
3718548043
11970173955
1309607108
1220562126
30248898408
3738123826
15762490966
2748788911
4277312836
31024460286
20767852632
10743312438
3128546496
4535858620
447319568
30264982358
3083398137
2168850730
1792348653
21890389965
6896929162
8309635906
4997197610
2224053905
7620910500
3357148529
1011995281
2601926888
3447329198
1747614217
2924680293
4475692942
9443341759
9644313596
2687674966
3587938745
9192703999
5137734536
1980120359
6874955444
1893027093
4974462643
18998933873
23335457861
10537824320
9638432274
10074455581
2445177857
14485534895
9210395811
54866245507
3835755907
4069603828
3308231223
5160211621
850116817
2697932894
2672899457
6112599395
29276777399
754923937
4851918011
11744754028
5037394043
40604429377
656493666
18379045624
25245788423
22596940072
4578390459
7715632585
14031004198
1930371289
10283601093
4493586992
11769295666
3184713541
5341602657
9221611306
4427889544
6239058308
1547708520
2351806604
1139524025
3703343688
485253303
3698206101
2016511356
7842309503
11448163844
653785734
11814062566
3565737457
382171930
11047708326
5066123034
1935219491
1318799609
3927848817
4431614372
29714430898
1959625742
8144207513
1392984422
4983750673
15149239362
3856314574
1067636605
3997038982
6628758655
1097981180
4603817281
5509179550
75537359
1251801903
12714477334
7979712026
806157395
10279685755
19964621391
568110457
4858518466
8604295156
22634487029
3280616540
4546218353